#
# There is insufficient memory for the Java Runtime Environment to continue.
# Native memory allocation (malloc) failed to allocate 1072032 bytes for Chunk::new
# Possible reasons:
#   The system is out of physical RAM or swap space
#   The process is running with CompressedOops enabled, and the Java Heap may be blocking the growth of the native heap
# Possible solutions:
#   Reduce memory load on the system
#   Increase physical memory or swap space
#   Check if swap backing store is full
#   Decrease Java heap size (-Xmx/-Xms)
#   Decrease number of Java threads
#   Decrease Java thread stack sizes (-Xss)
#   Set larger code cache with -XX:ReservedCodeCacheSize=
#   JVM is running with Zero Based Compressed Oops mode in which the Java heap is
#     placed in the first 32GB address space. The Java Heap base address is the
#     maximum limit for the native heap growth. Please use -XX:HeapBaseMinAddress
#     to set the Java Heap base and to place the Java Heap above 32GB virtual address.
# This output file may be truncated or incomplete.
#
#  Out of Memory Error (arena.cpp:184), pid=14752, tid=12104
#
# JRE version: Java(TM) SE Runtime Environment (20.0.1+9) (build 20.0.1+9-29)
# Java VM: Java HotSpot(TM) 64-Bit Server VM (20.0.1+9-29, mixed mode, sharing, tiered, compressed oops, compressed class ptrs, g1 gc, windows-amd64)
# No core dump will be written. Minidumps are not enabled by default on client versions of Windows
#

---------------  S U M M A R Y ------------

Command Line: --add-opens=java.base/java.lang=ALL-UNNAMED --add-opens=java.base/java.lang.invoke=ALL-UNNAMED --add-opens=java.base/java.util=ALL-UNNAMED --add-opens=java.prefs/java.util.prefs=ALL-UNNAMED --add-exports=jdk.compiler/com.sun.tools.javac.api=ALL-UNNAMED --add-exports=jdk.compiler/com.sun.tools.javac.util=ALL-UNNAMED --add-opens=java.base/java.util=ALL-UNNAMED --add-opens=java.prefs/java.util.prefs=ALL-UNNAMED --add-opens=java.base/java.nio.charset=ALL-UNNAMED --add-opens=java.base/java.net=ALL-UNNAMED --add-opens=java.base/java.util.concurrent.atomic=ALL-UNNAMED --add-opens=java.xml/javax.xml.namespace=ALL-UNNAMED -XX:MaxMetaspaceSize=2G -XX:ReservedCodeCacheSize=256m -XX:+HeapDumpOnOutOfMemoryError -Xmx4G -Dfile.encoding=UTF-8 -Duser.country=US -Duser.language=en -Duser.variant -javaagent:C:\Users\USER\.gradle\wrapper\dists\gradle-8.14-all\c2qonpi39x1mddn7hk5gh9iqj\gradle-8.14\lib\agents\gradle-instrumentation-agent-8.14.jar org.gradle.launcher.daemon.bootstrap.GradleDaemon 8.14

Host: Intel(R) Core(TM) i7-10750H CPU @ 2.60GHz, 12 cores, 15G,  Windows 11 , 64 bit Build 26100 (10.0.26100.7705)
Time: Mon Feb  2 22:08:06 2026 Sri Lanka Standard Time elapsed time: 5.767884 seconds (0d 0h 0m 5s)

---------------  T H R E A D  ---------------

Current thread (0x000002529ebc9a50):  JavaThread "C2 CompilerThread1" daemon [_thread_in_native, id=12104, stack(0x00000088d8b00000,0x00000088d8c00000)]


Current CompileTask:
C2:   5767 2695       4       java.lang.invoke.MethodType::makeImpl (109 bytes)

Stack: [0x00000088d8b00000,0x00000088d8c00000]
Native frames: (J=compiled Java code, j=interpreted, Vv=VM code, C=native code)
V  [jvm.dll+0x6bb95a]
V  [jvm.dll+0x8485fa]
V  [jvm.dll+0x84a1f5]
V  [jvm.dll+0x84a8f3]
V  [jvm.dll+0x280b0f]
V  [jvm.dll+0xc2b11]
V  [jvm.dll+0xc2e35]
V  [jvm.dll+0x3bb17c]
V  [jvm.dll+0x1e6e39]
V  [jvm.dll+0x24b3ab]
V  [jvm.dll+0x24a651]
V  [jvm.dll+0x1ce491]
V  [jvm.dll+0x259e1b]
V  [jvm.dll+0x2584f0]
V  [jvm.dll+0x3f2895]
V  [jvm.dll+0x7f4b56]
V  [jvm.dll+0x6ba5cb]
C  [ucrtbase.dll+0x37b0]
C  [KERNEL32.DLL+0x2e8d7]
C  [ntdll.dll+0x8c40c]


---------------  P R O C E S S  ---------------

Threads class SMR info:
_java_thread_list=0x00000252a0c8a590, length=26, elements={
0x00000252f9b958d0, 0x000002529a70efc0, 0x000002529a710610, 0x000002529a7164a0,
0x000002529a717140, 0x000002529a7194a0, 0x000002529a719de0, 0x000002529a7203b0,
0x000002529a72a760, 0x000002529a6d5ae0, 0x000002529eb4f940, 0x000002529ebc9a50,
0x000002529f903190, 0x00000252a07735e0, 0x00000252a09fcb10, 0x00000252a0a708e0,
0x00000252a0693db0, 0x00000252a0692dc0, 0x00000252a0693860, 0x00000252a0694da0,
0x00000252a0694300, 0x00000252a06952f0, 0x00000252a0692320, 0x00000252a0692870,
0x00000252a0e42050, 0x000002529ebc9fe0
}

Java Threads: ( => current thread )
  0x00000252f9b958d0 JavaThread "main" [_thread_blocked, id=8800, stack(0x00000088d7900000,0x00000088d7a00000)]
  0x000002529a70efc0 JavaThread "Reference Handler" daemon [_thread_blocked, id=21288, stack(0x00000088d8000000,0x00000088d8100000)]
  0x000002529a710610 JavaThread "Finalizer" daemon [_thread_blocked, id=20664, stack(0x00000088d8100000,0x00000088d8200000)]
  0x000002529a7164a0 JavaThread "Signal Dispatcher" daemon [_thread_blocked, id=12904, stack(0x00000088d8200000,0x00000088d8300000)]
  0x000002529a717140 JavaThread "Attach Listener" daemon [_thread_blocked, id=4796, stack(0x00000088d8300000,0x00000088d8400000)]
  0x000002529a7194a0 JavaThread "Service Thread" daemon [_thread_blocked, id=20276, stack(0x00000088d8400000,0x00000088d8500000)]
  0x000002529a719de0 JavaThread "Monitor Deflation Thread" daemon [_thread_blocked, id=17504, stack(0x00000088d8500000,0x00000088d8600000)]
  0x000002529a7203b0 JavaThread "C2 CompilerThread0" daemon [_thread_in_native, id=11056, stack(0x00000088d8600000,0x00000088d8700000)]
  0x000002529a72a760 JavaThread "C1 CompilerThread0" daemon [_thread_blocked, id=23276, stack(0x00000088d8700000,0x00000088d8800000)]
  0x000002529a6d5ae0 JavaThread "Common-Cleaner" daemon [_thread_blocked, id=22364, stack(0x00000088d8800000,0x00000088d8900000)]
  0x000002529eb4f940 JavaThread "Notification Thread" daemon [_thread_blocked, id=17096, stack(0x00000088d8900000,0x00000088d8a00000)]
=>0x000002529ebc9a50 JavaThread "C2 CompilerThread1" daemon [_thread_in_native, id=12104, stack(0x00000088d8b00000,0x00000088d8c00000)]
  0x000002529f903190 JavaThread "Daemon health stats" [_thread_blocked, id=6848, stack(0x00000088d9100000,0x00000088d9200000)]
  0x00000252a07735e0 JavaThread "Incoming local TCP Connector on port 53796" [_thread_in_native, id=12460, stack(0x00000088d9200000,0x00000088d9300000)]
  0x00000252a09fcb10 JavaThread "Daemon periodic checks" [_thread_blocked, id=6176, stack(0x00000088d9700000,0x00000088d9800000)]
  0x00000252a0a708e0 JavaThread "Daemon" [_thread_blocked, id=11792, stack(0x00000088d9800000,0x00000088d9900000)]
  0x00000252a0693db0 JavaThread "Handler for socket connection from /127.0.0.1:53796 to /127.0.0.1:53797" [_thread_in_native, id=18416, stack(0x00000088d9900000,0x00000088d9a00000)]
  0x00000252a0692dc0 JavaThread "Cancel handler" [_thread_blocked, id=15116, stack(0x00000088d9a00000,0x00000088d9b00000)]
  0x00000252a0693860 JavaThread "Daemon worker" [_thread_in_vm, id=5080, stack(0x00000088d9b00000,0x00000088d9c00000)]
  0x00000252a0694da0 JavaThread "Asynchronous log dispatcher for DefaultDaemonConnection: socket connection from /127.0.0.1:53796 to /127.0.0.1:53797" [_thread_blocked, id=4180, stack(0x00000088d9c00000,0x00000088d9d00000)]
  0x00000252a0694300 JavaThread "Stdin handler" [_thread_blocked, id=3412, stack(0x00000088d9d00000,0x00000088d9e00000)]
  0x00000252a06952f0 JavaThread "Daemon client event forwarder" [_thread_blocked, id=20876, stack(0x00000088d9e00000,0x00000088d9f00000)]
  0x00000252a0692320 JavaThread "Cache worker for journal cache (C:\Users\USER\.gradle\caches\journal-1)" [_thread_blocked, id=8980, stack(0x00000088d9f00000,0x00000088da000000)]
  0x00000252a0692870 JavaThread "File lock request listener" [_thread_in_native, id=16432, stack(0x00000088da000000,0x00000088da100000)]
  0x00000252a0e42050 JavaThread "Cache worker for file hash cache (C:\Users\USER\.gradle\caches\8.14\fileHashes)" [_thread_blocked, id=16776, stack(0x00000088da100000,0x00000088da200000)]
  0x000002529ebc9fe0 JavaThread "C2 CompilerThread2" daemon [_thread_in_native, id=21220, stack(0x00000088da200000,0x00000088da300000)]

Other Threads:
  0x000002529a6eba90 VMThread "VM Thread" [stack: 0x00000088d7f00000,0x00000088d8000000] [id=20456]
  0x00000252f9b965a0 WatcherThread "VM Periodic Task Thread" [stack: 0x00000088d8a00000,0x00000088d8b00000] [id=19940]
  0x00000252f9c06720 WorkerThread "GC Thread#0" [stack: 0x00000088d7a00000,0x00000088d7b00000] [id=3960]
  0x000002529ed08390 WorkerThread "GC Thread#1" [stack: 0x00000088d8c00000,0x00000088d8d00000] [id=4664]
  0x000002529ec30cb0 WorkerThread "GC Thread#2" [stack: 0x00000088d8d00000,0x00000088d8e00000] [id=8572]
  0x000002529ec31250 WorkerThread "GC Thread#3" [stack: 0x00000088d8e00000,0x00000088d8f00000] [id=5196]
  0x000002529ec2fea0 WorkerThread "GC Thread#4" [stack: 0x00000088d8f00000,0x00000088d9000000] [id=8624]
  0x000002529ec2f900 WorkerThread "GC Thread#5" [stack: 0x00000088d9000000,0x00000088d9100000] [id=18288]
  0x00000252a09bc7e0 WorkerThread "GC Thread#6" [stack: 0x00000088d9300000,0x00000088d9400000] [id=21744]
  0x00000252a09bb160 WorkerThread "GC Thread#7" [stack: 0x00000088d9400000,0x00000088d9500000] [id=6568]
  0x00000252a09bae90 WorkerThread "GC Thread#8" [stack: 0x00000088d9500000,0x00000088d9600000] [id=14776]
  0x00000252a09bdb90 WorkerThread "GC Thread#9" [stack: 0x00000088d9600000,0x00000088d9700000] [id=14032]
  0x00000252f9c183b0 ConcurrentGCThread "G1 Main Marker" [stack: 0x00000088d7b00000,0x00000088d7c00000] [id=22788]
  0x00000252f9c19490 WorkerThread "G1 Conc#0" [stack: 0x00000088d7c00000,0x00000088d7d00000] [id=3440]
  0x000002529a5a7060 ConcurrentGCThread "G1 Refine#0" [stack: 0x00000088d7d00000,0x00000088d7e00000] [id=23244]
  0x000002529a5a87c0 ConcurrentGCThread "G1 Service" [stack: 0x00000088d7e00000,0x00000088d7f00000] [id=22288]

Threads with active compile tasks:
C2 CompilerThread0     6682 2656   !   4       java.lang.ClassLoader::loadClass (121 bytes)
C2 CompilerThread1     6682 2695       4       java.lang.invoke.MethodType::makeImpl (109 bytes)
C2 CompilerThread2     6682 2769       4       java.lang.invoke.LambdaForm$Name::replaceNames (175 bytes)

VM state: not at safepoint (normal execution)

VM Mutex/Monitor currently owned by a thread:  ([mutex/lock_event])
[0x00000252f9b82a80] CodeCache_lock - owner thread: 0x00000252a0693860
[0x00000252f9b92a30] Compile_lock - owner thread: 0x00000252a0693860

Heap address: 0x0000000700000000, size: 4096 MB, Compressed Oops mode: Zero based, Oop shift amount: 3

CDS archive(s) mapped at: [0x0000000800000000-0x0000000800c60000-0x0000000800c60000), size 12976128, SharedBaseAddress: 0x0000000800000000, ArchiveRelocationMode: 0.
Compressed class space mapped at: 0x0000000801000000-0x0000000841000000, reserved size: 1073741824
Narrow klass base: 0x0000000800000000, Narrow klass shift: 0, Narrow klass range: 0x100000000

GC Precious Log:
 CardTable entry size: 512
 Card Set container configuration: InlinePtr #cards 4 size 8 Array Of Cards #cards 16 size 48 Howl #buckets 8 coarsen threshold 3686 Howl Bitmap #cards 512 size 80 coarsen threshold 460 Card regions per heap region 1 cards per card region 4096
 CPUs: 12 total, 12 available
 Memory: 16205M
 Large Page Support: Disabled
 NUMA Support: Disabled
 Compressed Oops: Enabled (Zero based)
 Heap Region Size: 2M
 Heap Min Capacity: 8M
 Heap Initial Capacity: 254M
 Heap Max Capacity: 4G
 Pre-touch: Disabled
 Parallel Workers: 10
 Concurrent Workers: 3
 Concurrent Refinement Workers: 10
 Periodic GC: Disabled

Heap:
 garbage-first heap   total 260096K, used 66688K [0x0000000700000000, 0x0000000800000000)
  region size 2048K, 28 young (57344K), 4 survivors (8192K)
 Metaspace       used 17168K, committed 17728K, reserved 1114112K
  class space    used 2357K, committed 2624K, reserved 1048576K

Heap Regions: E=young(eden), S=young(survivor), O=old, HS=humongous(starts), HC=humongous(continues), CS=collection set, F=free, OA=open archive, CA=closed archive, TAMS=top-at-mark-start, PB=parsable bottom
|   0|0x0000000700000000, 0x0000000700200000, 0x0000000700200000|100%|HS|  |TAMS 0x0000000700000000| PB 0x0000000700000000| Complete 
|   1|0x0000000700200000, 0x0000000700400000, 0x0000000700400000|100%|HC|  |TAMS 0x0000000700200000| PB 0x0000000700200000| Complete 
|   2|0x0000000700400000, 0x0000000700600000, 0x0000000700600000|100%| O|  |TAMS 0x0000000700400000| PB 0x0000000700400000| Untracked 
|   3|0x0000000700600000, 0x0000000700800000, 0x0000000700800000|100%| O|  |TAMS 0x0000000700600000| PB 0x0000000700600000| Untracked 
|   4|0x0000000700800000, 0x0000000700a00000, 0x0000000700a00000|100%| O|  |TAMS 0x0000000700800000| PB 0x0000000700800000| Untracked 
|   5|0x0000000700a00000, 0x0000000700b9b800, 0x0000000700c00000| 80%| O|  |TAMS 0x0000000700a00000| PB 0x0000000700a00000| Untracked 
|   6|0x0000000700c00000, 0x0000000700c00000, 0x0000000700e00000|  0%| F|  |TAMS 0x0000000700c00000| PB 0x0000000700c00000| Untracked 
|   7|0x0000000700e00000, 0x0000000700e00000, 0x0000000701000000|  0%| F|  |TAMS 0x0000000700e00000| PB 0x0000000700e00000| Untracked 
|   8|0x0000000701000000, 0x0000000701000000, 0x0000000701200000|  0%| F|  |TAMS 0x0000000701000000| PB 0x0000000701000000| Untracked 
|   9|0x0000000701200000, 0x0000000701200000, 0x0000000701400000|  0%| F|  |TAMS 0x0000000701200000| PB 0x0000000701200000| Untracked 
|  10|0x0000000701400000, 0x0000000701400000, 0x0000000701600000|  0%| F|  |TAMS 0x0000000701400000| PB 0x0000000701400000| Untracked 
|  11|0x0000000701600000, 0x0000000701600000, 0x0000000701800000|  0%| F|  |TAMS 0x0000000701600000| PB 0x0000000701600000| Untracked 
|  12|0x0000000701800000, 0x0000000701800000, 0x0000000701a00000|  0%| F|  |TAMS 0x0000000701800000| PB 0x0000000701800000| Untracked 
|  13|0x0000000701a00000, 0x0000000701a00000, 0x0000000701c00000|  0%| F|  |TAMS 0x0000000701a00000| PB 0x0000000701a00000| Untracked 
|  14|0x0000000701c00000, 0x0000000701c00000, 0x0000000701e00000|  0%| F|  |TAMS 0x0000000701c00000| PB 0x0000000701c00000| Untracked 
|  15|0x0000000701e00000, 0x0000000701e00000, 0x0000000702000000|  0%| F|  |TAMS 0x0000000701e00000| PB 0x0000000701e00000| Untracked 
|  16|0x0000000702000000, 0x0000000702000000, 0x0000000702200000|  0%| F|  |TAMS 0x0000000702000000| PB 0x0000000702000000| Untracked 
|  17|0x0000000702200000, 0x0000000702200000, 0x0000000702400000|  0%| F|  |TAMS 0x0000000702200000| PB 0x0000000702200000| Untracked 
|  18|0x0000000702400000, 0x0000000702400000, 0x0000000702600000|  0%| F|  |TAMS 0x0000000702400000| PB 0x0000000702400000| Untracked 
|  19|0x0000000702600000, 0x0000000702600000, 0x0000000702800000|  0%| F|  |TAMS 0x0000000702600000| PB 0x0000000702600000| Untracked 
|  20|0x0000000702800000, 0x0000000702800000, 0x0000000702a00000|  0%| F|  |TAMS 0x0000000702800000| PB 0x0000000702800000| Untracked 
|  21|0x0000000702a00000, 0x0000000702a00000, 0x0000000702c00000|  0%| F|  |TAMS 0x0000000702a00000| PB 0x0000000702a00000| Untracked 
|  22|0x0000000702c00000, 0x0000000702c00000, 0x0000000702e00000|  0%| F|  |TAMS 0x0000000702c00000| PB 0x0000000702c00000| Untracked 
|  23|0x0000000702e00000, 0x0000000702e00000, 0x0000000703000000|  0%| F|  |TAMS 0x0000000702e00000| PB 0x0000000702e00000| Untracked 
|  24|0x0000000703000000, 0x0000000703000000, 0x0000000703200000|  0%| F|  |TAMS 0x0000000703000000| PB 0x0000000703000000| Untracked 
|  25|0x0000000703200000, 0x0000000703200000, 0x0000000703400000|  0%| F|  |TAMS 0x0000000703200000| PB 0x0000000703200000| Untracked 
|  26|0x0000000703400000, 0x0000000703400000, 0x0000000703600000|  0%| F|  |TAMS 0x0000000703400000| PB 0x0000000703400000| Untracked 
|  27|0x0000000703600000, 0x0000000703600000, 0x0000000703800000|  0%| F|  |TAMS 0x0000000703600000| PB 0x0000000703600000| Untracked 
|  28|0x0000000703800000, 0x0000000703800000, 0x0000000703a00000|  0%| F|  |TAMS 0x0000000703800000| PB 0x0000000703800000| Untracked 
|  29|0x0000000703a00000, 0x0000000703a00000, 0x0000000703c00000|  0%| F|  |TAMS 0x0000000703a00000| PB 0x0000000703a00000| Untracked 
|  30|0x0000000703c00000, 0x0000000703c00000, 0x0000000703e00000|  0%| F|  |TAMS 0x0000000703c00000| PB 0x0000000703c00000| Untracked 
|  31|0x0000000703e00000, 0x0000000703e00000, 0x0000000704000000|  0%| F|  |TAMS 0x0000000703e00000| PB 0x0000000703e00000| Untracked 
|  32|0x0000000704000000, 0x0000000704000000, 0x0000000704200000|  0%| F|  |TAMS 0x0000000704000000| PB 0x0000000704000000| Untracked 
|  33|0x0000000704200000, 0x0000000704200000, 0x0000000704400000|  0%| F|  |TAMS 0x0000000704200000| PB 0x0000000704200000| Untracked 
|  34|0x0000000704400000, 0x0000000704400000, 0x0000000704600000|  0%| F|  |TAMS 0x0000000704400000| PB 0x0000000704400000| Untracked 
|  35|0x0000000704600000, 0x0000000704600000, 0x0000000704800000|  0%| F|  |TAMS 0x0000000704600000| PB 0x0000000704600000| Untracked 
|  36|0x0000000704800000, 0x0000000704800000, 0x0000000704a00000|  0%| F|  |TAMS 0x0000000704800000| PB 0x0000000704800000| Untracked 
|  37|0x0000000704a00000, 0x0000000704a00000, 0x0000000704c00000|  0%| F|  |TAMS 0x0000000704a00000| PB 0x0000000704a00000| Untracked 
|  38|0x0000000704c00000, 0x0000000704c00000, 0x0000000704e00000|  0%| F|  |TAMS 0x0000000704c00000| PB 0x0000000704c00000| Untracked 
|  39|0x0000000704e00000, 0x0000000704e00000, 0x0000000705000000|  0%| F|  |TAMS 0x0000000704e00000| PB 0x0000000704e00000| Untracked 
|  40|0x0000000705000000, 0x0000000705000000, 0x0000000705200000|  0%| F|  |TAMS 0x0000000705000000| PB 0x0000000705000000| Untracked 
|  41|0x0000000705200000, 0x0000000705200000, 0x0000000705400000|  0%| F|  |TAMS 0x0000000705200000| PB 0x0000000705200000| Untracked 
|  42|0x0000000705400000, 0x0000000705400000, 0x0000000705600000|  0%| F|  |TAMS 0x0000000705400000| PB 0x0000000705400000| Untracked 
|  43|0x0000000705600000, 0x0000000705600000, 0x0000000705800000|  0%| F|  |TAMS 0x0000000705600000| PB 0x0000000705600000| Untracked 
|  44|0x0000000705800000, 0x0000000705800000, 0x0000000705a00000|  0%| F|  |TAMS 0x0000000705800000| PB 0x0000000705800000| Untracked 
|  45|0x0000000705a00000, 0x0000000705a00000, 0x0000000705c00000|  0%| F|  |TAMS 0x0000000705a00000| PB 0x0000000705a00000| Untracked 
|  46|0x0000000705c00000, 0x0000000705c00000, 0x0000000705e00000|  0%| F|  |TAMS 0x0000000705c00000| PB 0x0000000705c00000| Untracked 
|  47|0x0000000705e00000, 0x0000000705e00000, 0x0000000706000000|  0%| F|  |TAMS 0x0000000705e00000| PB 0x0000000705e00000| Untracked 
|  48|0x0000000706000000, 0x0000000706000000, 0x0000000706200000|  0%| F|  |TAMS 0x0000000706000000| PB 0x0000000706000000| Untracked 
|  49|0x0000000706200000, 0x0000000706200000, 0x0000000706400000|  0%| F|  |TAMS 0x0000000706200000| PB 0x0000000706200000| Untracked 
|  50|0x0000000706400000, 0x0000000706400000, 0x0000000706600000|  0%| F|  |TAMS 0x0000000706400000| PB 0x0000000706400000| Untracked 
|  51|0x0000000706600000, 0x0000000706600000, 0x0000000706800000|  0%| F|  |TAMS 0x0000000706600000| PB 0x0000000706600000| Untracked 
|  52|0x0000000706800000, 0x0000000706800000, 0x0000000706a00000|  0%| F|  |TAMS 0x0000000706800000| PB 0x0000000706800000| Untracked 
|  53|0x0000000706a00000, 0x0000000706a00000, 0x0000000706c00000|  0%| F|  |TAMS 0x0000000706a00000| PB 0x0000000706a00000| Untracked 
|  54|0x0000000706c00000, 0x0000000706c00000, 0x0000000706e00000|  0%| F|  |TAMS 0x0000000706c00000| PB 0x0000000706c00000| Untracked 
|  55|0x0000000706e00000, 0x0000000706e00000, 0x0000000707000000|  0%| F|  |TAMS 0x0000000706e00000| PB 0x0000000706e00000| Untracked 
|  56|0x0000000707000000, 0x0000000707000000, 0x0000000707200000|  0%| F|  |TAMS 0x0000000707000000| PB 0x0000000707000000| Untracked 
|  57|0x0000000707200000, 0x0000000707200000, 0x0000000707400000|  0%| F|  |TAMS 0x0000000707200000| PB 0x0000000707200000| Untracked 
|  58|0x0000000707400000, 0x0000000707400000, 0x0000000707600000|  0%| F|  |TAMS 0x0000000707400000| PB 0x0000000707400000| Untracked 
|  59|0x0000000707600000, 0x0000000707600000, 0x0000000707800000|  0%| F|  |TAMS 0x0000000707600000| PB 0x0000000707600000| Untracked 
|  60|0x0000000707800000, 0x0000000707800000, 0x0000000707a00000|  0%| F|  |TAMS 0x0000000707800000| PB 0x0000000707800000| Untracked 
|  61|0x0000000707a00000, 0x0000000707a00000, 0x0000000707c00000|  0%| F|  |TAMS 0x0000000707a00000| PB 0x0000000707a00000| Untracked 
|  62|0x0000000707c00000, 0x0000000707c00000, 0x0000000707e00000|  0%| F|  |TAMS 0x0000000707c00000| PB 0x0000000707c00000| Untracked 
|  63|0x0000000707e00000, 0x0000000707e00000, 0x0000000708000000|  0%| F|  |TAMS 0x0000000707e00000| PB 0x0000000707e00000| Untracked 
|  64|0x0000000708000000, 0x0000000708000000, 0x0000000708200000|  0%| F|  |TAMS 0x0000000708000000| PB 0x0000000708000000| Untracked 
|  65|0x0000000708200000, 0x0000000708200000, 0x0000000708400000|  0%| F|  |TAMS 0x0000000708200000| PB 0x0000000708200000| Untracked 
|  66|0x0000000708400000, 0x0000000708400000, 0x0000000708600000|  0%| F|  |TAMS 0x0000000708400000| PB 0x0000000708400000| Untracked 
|  67|0x0000000708600000, 0x0000000708600000, 0x0000000708800000|  0%| F|  |TAMS 0x0000000708600000| PB 0x0000000708600000| Untracked 
|  68|0x0000000708800000, 0x0000000708800000, 0x0000000708a00000|  0%| F|  |TAMS 0x0000000708800000| PB 0x0000000708800000| Untracked 
|  69|0x0000000708a00000, 0x0000000708a00000, 0x0000000708c00000|  0%| F|  |TAMS 0x0000000708a00000| PB 0x0000000708a00000| Untracked 
|  70|0x0000000708c00000, 0x0000000708c00000, 0x0000000708e00000|  0%| F|  |TAMS 0x0000000708c00000| PB 0x0000000708c00000| Untracked 
|  71|0x0000000708e00000, 0x0000000708e00000, 0x0000000709000000|  0%| F|  |TAMS 0x0000000708e00000| PB 0x0000000708e00000| Untracked 
|  72|0x0000000709000000, 0x0000000709000000, 0x0000000709200000|  0%| F|  |TAMS 0x0000000709000000| PB 0x0000000709000000| Untracked 
|  73|0x0000000709200000, 0x0000000709200000, 0x0000000709400000|  0%| F|  |TAMS 0x0000000709200000| PB 0x0000000709200000| Untracked 
|  74|0x0000000709400000, 0x0000000709400000, 0x0000000709600000|  0%| F|  |TAMS 0x0000000709400000| PB 0x0000000709400000| Untracked 
|  75|0x0000000709600000, 0x0000000709600000, 0x0000000709800000|  0%| F|  |TAMS 0x0000000709600000| PB 0x0000000709600000| Untracked 
|  76|0x0000000709800000, 0x0000000709800000, 0x0000000709a00000|  0%| F|  |TAMS 0x0000000709800000| PB 0x0000000709800000| Untracked 
|  77|0x0000000709a00000, 0x0000000709a00000, 0x0000000709c00000|  0%| F|  |TAMS 0x0000000709a00000| PB 0x0000000709a00000| Untracked 
|  78|0x0000000709c00000, 0x0000000709c00000, 0x0000000709e00000|  0%| F|  |TAMS 0x0000000709c00000| PB 0x0000000709c00000| Untracked 
|  79|0x0000000709e00000, 0x0000000709e00000, 0x000000070a000000|  0%| F|  |TAMS 0x0000000709e00000| PB 0x0000000709e00000| Untracked 
|  80|0x000000070a000000, 0x000000070a000000, 0x000000070a200000|  0%| F|  |TAMS 0x000000070a000000| PB 0x000000070a000000| Untracked 
|  81|0x000000070a200000, 0x000000070a200000, 0x000000070a400000|  0%| F|  |TAMS 0x000000070a200000| PB 0x000000070a200000| Untracked 
|  82|0x000000070a400000, 0x000000070a400000, 0x000000070a600000|  0%| F|  |TAMS 0x000000070a400000| PB 0x000000070a400000| Untracked 
|  83|0x000000070a600000, 0x000000070a600000, 0x000000070a800000|  0%| F|  |TAMS 0x000000070a600000| PB 0x000000070a600000| Untracked 
|  84|0x000000070a800000, 0x000000070a800000, 0x000000070aa00000|  0%| F|  |TAMS 0x000000070a800000| PB 0x000000070a800000| Untracked 
|  85|0x000000070aa00000, 0x000000070aa00000, 0x000000070ac00000|  0%| F|  |TAMS 0x000000070aa00000| PB 0x000000070aa00000| Untracked 
|  86|0x000000070ac00000, 0x000000070ac00000, 0x000000070ae00000|  0%| F|  |TAMS 0x000000070ac00000| PB 0x000000070ac00000| Untracked 
|  87|0x000000070ae00000, 0x000000070ae00000, 0x000000070b000000|  0%| F|  |TAMS 0x000000070ae00000| PB 0x000000070ae00000| Untracked 
|  88|0x000000070b000000, 0x000000070b000000, 0x000000070b200000|  0%| F|  |TAMS 0x000000070b000000| PB 0x000000070b000000| Untracked 
|  89|0x000000070b200000, 0x000000070b384980, 0x000000070b400000| 75%| S|CS|TAMS 0x000000070b200000| PB 0x000000070b200000| Complete 
|  90|0x000000070b400000, 0x000000070b600000, 0x000000070b600000|100%| S|CS|TAMS 0x000000070b400000| PB 0x000000070b400000| Complete 
|  91|0x000000070b600000, 0x000000070b800000, 0x000000070b800000|100%| S|CS|TAMS 0x000000070b600000| PB 0x000000070b600000| Complete 
|  92|0x000000070b800000, 0x000000070ba00000, 0x000000070ba00000|100%| S|CS|TAMS 0x000000070b800000| PB 0x000000070b800000| Complete 
|  93|0x000000070ba00000, 0x000000070ba00000, 0x000000070bc00000|  0%| F|  |TAMS 0x000000070ba00000| PB 0x000000070ba00000| Untracked 
|  94|0x000000070bc00000, 0x000000070bc00000, 0x000000070be00000|  0%| F|  |TAMS 0x000000070bc00000| PB 0x000000070bc00000| Untracked 
|  95|0x000000070be00000, 0x000000070be00000, 0x000000070c000000|  0%| F|  |TAMS 0x000000070be00000| PB 0x000000070be00000| Untracked 
|  96|0x000000070c000000, 0x000000070c000000, 0x000000070c200000|  0%| F|  |TAMS 0x000000070c000000| PB 0x000000070c000000| Untracked 
|  97|0x000000070c200000, 0x000000070c200000, 0x000000070c400000|  0%| F|  |TAMS 0x000000070c200000| PB 0x000000070c200000| Untracked 
|  98|0x000000070c400000, 0x000000070c400000, 0x000000070c600000|  0%| F|  |TAMS 0x000000070c400000| PB 0x000000070c400000| Untracked 
|  99|0x000000070c600000, 0x000000070c600000, 0x000000070c800000|  0%| F|  |TAMS 0x000000070c600000| PB 0x000000070c600000| Untracked 
| 100|0x000000070c800000, 0x000000070c800000, 0x000000070ca00000|  0%| F|  |TAMS 0x000000070c800000| PB 0x000000070c800000| Untracked 
| 101|0x000000070ca00000, 0x000000070ca00000, 0x000000070cc00000|  0%| F|  |TAMS 0x000000070ca00000| PB 0x000000070ca00000| Untracked 
| 102|0x000000070cc00000, 0x000000070cc00000, 0x000000070ce00000|  0%| F|  |TAMS 0x000000070cc00000| PB 0x000000070cc00000| Untracked 
| 103|0x000000070ce00000, 0x000000070cf71360, 0x000000070d000000| 72%| E|  |TAMS 0x000000070ce00000| PB 0x000000070ce00000| Complete 
| 104|0x000000070d000000, 0x000000070d200000, 0x000000070d200000|100%| E|CS|TAMS 0x000000070d000000| PB 0x000000070d000000| Complete 
| 105|0x000000070d200000, 0x000000070d400000, 0x000000070d400000|100%| E|CS|TAMS 0x000000070d200000| PB 0x000000070d200000| Complete 
| 106|0x000000070d400000, 0x000000070d600000, 0x000000070d600000|100%| E|CS|TAMS 0x000000070d400000| PB 0x000000070d400000| Complete 
| 107|0x000000070d600000, 0x000000070d800000, 0x000000070d800000|100%| E|CS|TAMS 0x000000070d600000| PB 0x000000070d600000| Complete 
| 108|0x000000070d800000, 0x000000070da00000, 0x000000070da00000|100%| E|CS|TAMS 0x000000070d800000| PB 0x000000070d800000| Complete 
| 109|0x000000070da00000, 0x000000070dc00000, 0x000000070dc00000|100%| E|CS|TAMS 0x000000070da00000| PB 0x000000070da00000| Complete 
| 110|0x000000070dc00000, 0x000000070de00000, 0x000000070de00000|100%| E|CS|TAMS 0x000000070dc00000| PB 0x000000070dc00000| Complete 
| 111|0x000000070de00000, 0x000000070e000000, 0x000000070e000000|100%| E|CS|TAMS 0x000000070de00000| PB 0x000000070de00000| Complete 
| 112|0x000000070e000000, 0x000000070e200000, 0x000000070e200000|100%| E|CS|TAMS 0x000000070e000000| PB 0x000000070e000000| Complete 
| 113|0x000000070e200000, 0x000000070e400000, 0x000000070e400000|100%| E|CS|TAMS 0x000000070e200000| PB 0x000000070e200000| Complete 
| 114|0x000000070e400000, 0x000000070e600000, 0x000000070e600000|100%| E|CS|TAMS 0x000000070e400000| PB 0x000000070e400000| Complete 
| 115|0x000000070e600000, 0x000000070e800000, 0x000000070e800000|100%| E|CS|TAMS 0x000000070e600000| PB 0x000000070e600000| Complete 
| 116|0x000000070e800000, 0x000000070ea00000, 0x000000070ea00000|100%| E|CS|TAMS 0x000000070e800000| PB 0x000000070e800000| Complete 
| 117|0x000000070ea00000, 0x000000070ec00000, 0x000000070ec00000|100%| E|CS|TAMS 0x000000070ea00000| PB 0x000000070ea00000| Complete 
| 118|0x000000070ec00000, 0x000000070ee00000, 0x000000070ee00000|100%| E|CS|TAMS 0x000000070ec00000| PB 0x000000070ec00000| Complete 
| 119|0x000000070ee00000, 0x000000070f000000, 0x000000070f000000|100%| E|CS|TAMS 0x000000070ee00000| PB 0x000000070ee00000| Complete 
| 120|0x000000070f000000, 0x000000070f200000, 0x000000070f200000|100%| E|CS|TAMS 0x000000070f000000| PB 0x000000070f000000| Complete 
| 121|0x000000070f200000, 0x000000070f400000, 0x000000070f400000|100%| E|CS|TAMS 0x000000070f200000| PB 0x000000070f200000| Complete 
| 122|0x000000070f400000, 0x000000070f600000, 0x000000070f600000|100%| E|CS|TAMS 0x000000070f400000| PB 0x000000070f400000| Complete 
| 123|0x000000070f600000, 0x000000070f800000, 0x000000070f800000|100%| E|CS|TAMS 0x000000070f600000| PB 0x000000070f600000| Complete 
| 124|0x000000070f800000, 0x000000070fa00000, 0x000000070fa00000|100%| E|CS|TAMS 0x000000070f800000| PB 0x000000070f800000| Complete 
| 125|0x000000070fa00000, 0x000000070fc00000, 0x000000070fc00000|100%| E|CS|TAMS 0x000000070fa00000| PB 0x000000070fa00000| Complete 
| 126|0x000000070fc00000, 0x000000070fe00000, 0x000000070fe00000|100%| E|CS|TAMS 0x000000070fc00000| PB 0x000000070fc00000| Complete 

Card table byte_map: [0x00000252fa9a0000,0x00000252fb1a0000] _byte_map_base: 0x00000252f71a0000

Marking Bits: (CMBitMap*) 0x00000252f9c06c60
 Bits: [0x00000252fb9a0000, 0x00000252ff9a0000)

Polling page: 0x00000252f7890000

Metaspace:

Usage:
  Non-class:     14.48 MB used.
      Class:      2.31 MB used.
       Both:     16.79 MB used.

Virtual space:
  Non-class space:       64.00 MB reserved,      14.81 MB ( 23%) committed,  1 nodes.
      Class space:        1.00 GB reserved,       2.56 MB ( <1%) committed,  1 nodes.
             Both:        1.06 GB reserved,      17.38 MB (  2%) committed. 

Chunk freelists:
   Non-Class:  560.00 KB
       Class:  1.25 MB
        Both:  1.80 MB

MaxMetaspaceSize: 2.00 GB
CompressedClassSpaceSize: 1.00 GB
Initial GC threshold: 21.00 MB
Current GC threshold: 21.00 MB
CDS: on
MetaspaceReclaimPolicy: balanced
 - commit_granule_bytes: 65536.
 - commit_granule_words: 8192.
 - virtual_space_node_default_size: 8388608.
 - enlarge_chunks_in_place: 1.
 - new_chunks_are_fully_committed: 0.
 - uncommit_free_chunks: 1.
 - use_allocation_guard: 0.


Internal statistics:

num_allocs_failed_limit: 0.
num_arena_births: 702.
num_arena_deaths: 0.
num_vsnodes_births: 2.
num_vsnodes_deaths: 0.
num_space_committed: 278.
num_space_uncommitted: 0.
num_chunks_returned_to_freelist: 0.
num_chunks_taken_from_freelist: 1319.
num_chunk_merges: 0.
num_chunk_splits: 838.
num_chunks_enlarged: 560.
num_inconsistent_stats: 0.

CodeHeap 'non-profiled nmethods': size=128192Kb used=1315Kb max_used=1315Kb free=126876Kb
 bounds [0x00000252902c0000, 0x0000025290530000, 0x0000025297ff0000]
CodeHeap 'profiled nmethods': size=128192Kb used=5542Kb max_used=5542Kb free=122649Kb
 bounds [0x0000025287ff0000, 0x0000025288560000, 0x000002528fd20000]
CodeHeap 'non-nmethods': size=5760Kb used=1537Kb max_used=1558Kb free=4222Kb
 bounds [0x000002528fd20000, 0x000002528ff90000, 0x00000252902c0000]
 total_blobs=3377 nmethods=2819 adapters=468
 compilation: enabled
              stopped_count=0, restarted_count=0
 full_count=0

Compilation events (20 events):
Event: 4.736 Thread 0x000002529a72a760 nmethod 2746 0x0000025288541110 code [0x00000252885412c0, 0x00000252885417c8]
Event: 4.736 Thread 0x000002529a72a760 2747       3       org.gradle.internal.service.DefaultServiceRegistry$ManagedObjectServiceProvider::fromSameRegistry (27 bytes)
Event: 4.736 Thread 0x000002529a72a760 nmethod 2747 0x0000025288541910 code [0x0000025288541aa0, 0x0000025288541e48]
Event: 4.738 Thread 0x000002529a72a760 2748       3       jdk.internal.org.objectweb.asm.AnnotationWriter::computeAnnotationsSize (42 bytes)
Event: 4.738 Thread 0x000002529a72a760 nmethod 2748 0x0000025288541f10 code [0x00000252885420c0, 0x0000025288542318]
Event: 4.739 Thread 0x000002529a72a760 2749       3       java.lang.invoke.InvokerBytecodeGenerator::<init> (12 bytes)
Event: 4.739 Thread 0x000002529a72a760 nmethod 2749 0x0000025288542490 code [0x0000025288542640, 0x00000252885427e8]
Event: 4.739 Thread 0x000002529a72a760 2750       3       java.lang.invoke.InvokerBytecodeGenerator::generateCustomizedCodeBytes (44 bytes)
Event: 4.739 Thread 0x000002529a72a760 nmethod 2750 0x0000025288542910 code [0x0000025288542b00, 0x0000025288542f48]
Event: 4.739 Thread 0x000002529a72a760 2751       3       java.lang.invoke.InvokerBytecodeGenerator::loadMethod (36 bytes)
Event: 4.740 Thread 0x000002529a72a760 nmethod 2751 0x0000025288543190 code [0x0000025288543360, 0x0000025288543678]
Event: 4.742 Thread 0x000002529a72a760 2752       3       java.util.HashMap::put (13 bytes)
Event: 4.742 Thread 0x000002529a72a760 nmethod 2752 0x0000025288543890 code [0x0000025288543a40, 0x0000025288543d40]
Event: 5.033 Thread 0x000002529a72a760 2753       3       jdk.internal.misc.Unsafe::putReferenceOpaque (9 bytes)
Event: 5.033 Thread 0x000002529a72a760 nmethod 2753 0x0000025288543e90 code [0x0000025288544020, 0x0000025288544188]
Event: 5.064 Thread 0x000002529a72a760 2754       3       java.util.concurrent.locks.AbstractQueuedSynchronizer$ConditionObject::canReacquire (38 bytes)
Event: 5.064 Thread 0x000002529a72a760 nmethod 2754 0x0000025288544210 code [0x00000252885443c0, 0x0000025288544768]
Event: 5.094 Thread 0x000002529a72a760 2755       3       java.util.concurrent.locks.LockSupport::setBlocker (12 bytes)
Event: 5.095 Thread 0x000002529a72a760 nmethod 2755 0x0000025288544910 code [0x0000025288544aa0, 0x0000025288544c98]
Event: 5.236 Thread 0x000002529a72a760 2756       1       org.gradle.launcher.daemon.server.exec.DaemonConnectionBackedEventConsumer::access$000 (5 bytes)

GC Heap History (6 events):
Event: 0.446 GC heap before
{Heap before GC invocations=0 (full 0):
 garbage-first heap   total 260096K, used 22528K [0x0000000700000000, 0x0000000800000000)
  region size 2048K, 11 young (22528K), 0 survivors (0K)
 Metaspace       used 843K, committed 1024K, reserved 1114112K
  class space    used 65K, committed 128K, reserved 1048576K
}
Event: 0.449 GC heap after
{Heap after GC invocations=1 (full 0):
 garbage-first heap   total 260096K, used 1653K [0x0000000700000000, 0x0000000800000000)
  region size 2048K, 1 young (2048K), 1 survivors (2048K)
 Metaspace       used 843K, committed 1024K, reserved 1114112K
  class space    used 65K, committed 128K, reserved 1048576K
}
Event: 1.275 GC heap before
{Heap before GC invocations=1 (full 0):
 garbage-first heap   total 260096K, used 46709K [0x0000000700000000, 0x0000000800000000)
  region size 2048K, 21 young (43008K), 1 survivors (2048K)
 Metaspace       used 4321K, committed 4544K, reserved 1114112K
  class space    used 539K, committed 640K, reserved 1048576K
}
Event: 1.280 GC heap after
{Heap after GC invocations=2 (full 0):
 garbage-first heap   total 260096K, used 11754K [0x0000000700000000, 0x0000000800000000)
  region size 2048K, 3 young (6144K), 3 survivors (6144K)
 Metaspace       used 4321K, committed 4544K, reserved 1114112K
  class space    used 539K, committed 640K, reserved 1048576K
}
Event: 2.994 GC heap before
{Heap before GC invocations=2 (full 0):
 garbage-first heap   total 260096K, used 75242K [0x0000000700000000, 0x0000000800000000)
  region size 2048K, 34 young (69632K), 3 survivors (6144K)
 Metaspace       used 9406K, committed 9792K, reserved 1114112K
  class space    used 1227K, committed 1408K, reserved 1048576K
}
Event: 3.001 GC heap after
{Heap after GC invocations=3 (full 0):
 garbage-first heap   total 260096K, used 19584K [0x0000000700000000, 0x0000000800000000)
  region size 2048K, 4 young (8192K), 4 survivors (8192K)
 Metaspace       used 9406K, committed 9792K, reserved 1114112K
  class space    used 1227K, committed 1408K, reserved 1048576K
}

Dll operation events (15 events):
Event: 0.013 Loaded shared library C:\Program Files\Java\jdk-20\bin\java.dll
Event: 0.025 Loaded shared library C:\Program Files\Java\jdk-20\bin\jsvml.dll
Event: 0.093 Loaded shared library C:\Program Files\Java\jdk-20\bin\zip.dll
Event: 0.097 Loaded shared library C:\Program Files\Java\jdk-20\bin\instrument.dll
Event: 0.104 Loaded shared library C:\Program Files\Java\jdk-20\bin\net.dll
Event: 0.106 Loaded shared library C:\Program Files\Java\jdk-20\bin\nio.dll
Event: 0.110 Loaded shared library C:\Program Files\Java\jdk-20\bin\zip.dll
Event: 0.454 Loaded shared library C:\Program Files\Java\jdk-20\bin\jimage.dll
Event: 0.602 Loaded shared library C:\Program Files\Java\jdk-20\bin\verify.dll
Event: 0.713 Loaded shared library C:\Users\USER\.gradle\native\1def1411415f61bf3af743bc5b6707747c0891f09f0c88961ee8f79bc544acac\windows-amd64\native-platform.dll
Event: 0.739 Loaded shared library C:\Users\USER\.gradle\native\0.2.7\x86_64-windows-gnu\gradle-fileevents.dll
Event: 2.452 Loaded shared library C:\Program Files\Java\jdk-20\bin\management.dll
Event: 2.455 Loaded shared library C:\Program Files\Java\jdk-20\bin\management_ext.dll
Event: 2.791 Loaded shared library C:\Program Files\Java\jdk-20\bin\extnet.dll
Event: 3.022 Loaded shared library C:\Program Files\Java\jdk-20\bin\sunmscapi.dll

Deoptimization events (20 events):
Event: 3.600 Thread 0x00000252a0693860 DEOPT PACKING pc=0x00000252903c3f88 sp=0x00000088d9bfae00
Event: 3.600 Thread 0x00000252a0693860 DEOPT UNPACKING pc=0x000002528fd89d22 sp=0x00000088d9bfad08 mode 2
Event: 3.622 Thread 0x00000252a0693860 Uncommon trap: trap_request=0xffffff45 fr.pc=0x00000252902e1ce4 relative=0x0000000000000c64
Event: 3.622 Thread 0x00000252a0693860 Uncommon trap: reason=unstable_if action=reinterpret pc=0x00000252902e1ce4 method=java.io.WinNTFileSystem.resolve(Ljava/lang/String;Ljava/lang/String;)Ljava/lang/String; @ 19 c2
Event: 3.622 Thread 0x00000252a0693860 DEOPT PACKING pc=0x00000252902e1ce4 sp=0x00000088d9bfb0d0
Event: 3.622 Thread 0x00000252a0693860 DEOPT UNPACKING pc=0x000002528fd89d22 sp=0x00000088d9bfb068 mode 2
Event: 3.624 Thread 0x00000252a0693860 Uncommon trap: trap_request=0xffffff45 fr.pc=0x00000252902efebc relative=0x000000000000061c
Event: 3.624 Thread 0x00000252a0693860 Uncommon trap: reason=unstable_if action=reinterpret pc=0x00000252902efebc method=java.io.File.getName()Ljava/lang/String; @ 16 c2
Event: 3.624 Thread 0x00000252a0693860 DEOPT PACKING pc=0x00000252902efebc sp=0x00000088d9bfb090
Event: 3.624 Thread 0x00000252a0693860 DEOPT UNPACKING pc=0x000002528fd89d22 sp=0x00000088d9bfb060 mode 2
Event: 4.702 Thread 0x00000252a0693860 Uncommon trap: trap_request=0xffffff45 fr.pc=0x00000252902e806c relative=0x00000000000000ec
Event: 4.702 Thread 0x00000252a0693860 Uncommon trap: reason=unstable_if action=reinterpret pc=0x00000252902e806c method=java.util.HashMap.hash(Ljava/lang/Object;)I @ 1 c2
Event: 4.703 Thread 0x00000252a0693860 DEOPT PACKING pc=0x00000252902e806c sp=0x00000088d9bfc250
Event: 4.703 Thread 0x00000252a0693860 DEOPT UNPACKING pc=0x000002528fd89d22 sp=0x00000088d9bfc190 mode 2
Event: 4.729 Thread 0x00000252a0693860 DEOPT PACKING pc=0x0000025288472cd5 sp=0x00000088d9bf89a0
Event: 4.730 Thread 0x00000252a0693860 DEOPT UNPACKING pc=0x000002528fd8a4c2 sp=0x00000088d9bf7eb0 mode 0
Event: 4.736 Thread 0x00000252a0693860 Uncommon trap: trap_request=0xffffff45 fr.pc=0x00000252903fe8b0 relative=0x0000000000000590
Event: 4.736 Thread 0x00000252a0693860 Uncommon trap: reason=unstable_if action=reinterpret pc=0x00000252903fe8b0 method=java.util.ArrayList.grow(I)[Ljava/lang/Object; @ 17 c2
Event: 4.736 Thread 0x00000252a0693860 DEOPT PACKING pc=0x00000252903fe8b0 sp=0x00000088d9bfd1f0
Event: 4.736 Thread 0x00000252a0693860 DEOPT UNPACKING pc=0x000002528fd89d22 sp=0x00000088d9bfd1a8 mode 2

Classes loaded (20 events):
Event: 3.569 Loading class sun/nio/ch/DatagramSocketAdaptor$DatagramPackets
Event: 3.569 Loading class sun/nio/ch/DatagramSocketAdaptor$DatagramPackets done
Event: 3.599 Loading class sun/security/provider/MD5
Event: 3.599 Loading class sun/security/provider/MD5 done
Event: 3.599 Loading class sun/security/provider/SHA5$SHA512
Event: 3.599 Loading class sun/security/provider/SHA5
Event: 3.599 Loading class sun/security/provider/SHA5 done
Event: 3.599 Loading class sun/security/provider/SHA5$SHA512 done
Event: 3.600 Loading class sun/security/provider/ByteArrayAccess$LE
Event: 3.600 Loading class sun/security/provider/ByteArrayAccess$LE done
Event: 3.623 Loading class java/io/File$TempDirectory
Event: 3.623 Loading class java/io/File$TempDirectory done
Event: 3.649 Loading class java/util/concurrent/Semaphore
Event: 3.649 Loading class java/util/concurrent/Semaphore done
Event: 3.651 Loading class java/nio/file/FileVisitOption
Event: 3.651 Loading class java/nio/file/FileVisitOption done
Event: 3.653 Loading class java/util/stream/ReduceOps$1
Event: 3.654 Loading class java/util/stream/ReduceOps$1 done
Event: 3.654 Loading class java/util/stream/ReduceOps$1ReducingSink
Event: 3.654 Loading class java/util/stream/ReduceOps$1ReducingSink done

Classes unloaded (0 events):
No events

Classes redefined (0 events):
No events

Internal exceptions (20 events):
Event: 3.234 Thread 0x00000252a0693860 Exception <a 'java/lang/NoSuchMethodError'{0x000000070f134958}: 'long java.lang.invoke.DirectMethodHandle$Holder.invokeInterface(java.lang.Object, java.lang.Object)'> (0x000000070f134958) 
thrown [s\open\src\hotspot\share\interpreter\linkResolver.cpp, line 773]
Event: 3.309 Thread 0x00000252a0693860 Exception <a 'java/lang/NoSuchMethodError'{0x000000070ed66598}: 'void java.lang.invoke.DirectMethodHandle$Holder.invokeStatic(java.lang.Object, java.lang.Object)'> (0x000000070ed66598) 
thrown [s\open\src\hotspot\share\interpreter\linkResolver.cpp, line 773]
Event: 3.315 Thread 0x00000252a0693860 Exception <a 'java/lang/NoSuchMethodError'{0x000000070eda0f58}: 'java.lang.Object java.lang.invoke.DirectMethodHandle$Holder.invokeVirtual(java.lang.Object, java.lang.Object, java.lang.Object, java.lang.Object, java.lang.Object, java.lang.Object, java.lang.Object, java.lang.Object, java.lang.Object, java.lang.Object, java.lang.Object, java.lang.Object)'> (0x000000070eda0f58) 
thrown [s\open\src\hotspot\share\interpreter\linkResolver.cpp, line 773]
Event: 3.315 Thread 0x00000252a0693860 Exception <a 'java/lang/NoSuchMethodError'{0x000000070eda5fc8}: 'java.lang.Object java.lang.invoke.DirectMethodHandle$Holder.invokeSpecial(java.lang.Object, java.lang.Object, java.lang.Object, java.lang.Object, java.lang.Object, java.lang.Object, java.lang.Object, java.lang.Object, java.lang.Object, java.lang.Object, java.lang.Object, java.lang.Object, java.lang.Object)'> (0x000000070eda5fc8) 
thrown [s\open\src\hotspot\share\interpreter\linkResolver.cpp, line 773]
Event: 3.358 Thread 0x00000252a0693860 Exception <a 'java/lang/NoSuchMethodError'{0x000000070ebb6848}: 'int java.lang.invoke.DirectMethodHandle$Holder.invokeVirtual(java.lang.Object, java.lang.Object, java.lang.Object)'> (0x000000070ebb6848) 
thrown [s\open\src\hotspot\share\interpreter\linkResolver.cpp, line 773]
Event: 3.396 Thread 0x00000252a0693860 Exception <a 'java/lang/NoSuchMethodError'{0x000000070e62eaf0}: 'java.lang.Object java.lang.invoke.DirectMethodHandle$Holder.newInvokeSpecial(java.lang.Object, java.lang.Object, java.lang.Object, java.lang.Object, java.lang.Object, java.lang.Object)'> (0x000000070e62eaf0) 
thrown [s\open\src\hotspot\share\interpreter\linkResolver.cpp, line 773]
Event: 3.442 Thread 0x00000252a0693860 Exception <a 'java/lang/NoSuchMethodError'{0x000000070e5028a8}: 'void java.lang.invoke.DelegatingMethodHandle$Holder.reinvoke_L(java.lang.Object, java.lang.Object, java.lang.Object, java.lang.Object, java.lang.Object, java.lang.Object, java.lang.Object, java.lang.Object, java.lang.Object, java.lang.Object)'> (0x000000070e5028a8) 
thrown [s\open\src\hotspot\share\interpreter\linkResolver.cpp, line 773]
Event: 3.443 Thread 0x00000252a0693860 Exception <a 'java/lang/NoSuchMethodError'{0x000000070e50a2a8}: 'java.lang.Object java.lang.invoke.Invokers$Holder.invoker(java.lang.Object, java.lang.Object, java.lang.Object, java.lang.Object, java.lang.Object, java.lang.Object, java.lang.Object, java.lang.Object, java.lang.Object, java.lang.Object)'> (0x000000070e50a2a8) 
thrown [s\open\src\hotspot\share\interpreter\linkResolver.cpp, line 773]
Event: 3.546 Thread 0x00000252a0693860 Exception <a 'java/lang/NoSuchMethodError'{0x000000070df7a698}: 'void java.lang.invoke.DirectMethodHandle$Holder.invokeInterface(java.lang.Object, java.lang.Object)'> (0x000000070df7a698) 
thrown [s\open\src\hotspot\share\interpreter\linkResolver.cpp, line 773]
Event: 3.547 Thread 0x00000252a0693860 Exception <a 'java/lang/IncompatibleClassChangeError'{0x000000070df7dbf8}: Found class java.lang.Object, but interface was expected> (0x000000070df7dbf8) 
thrown [s\open\src\hotspot\share\interpreter\linkResolver.cpp, line 840]
Event: 3.563 Thread 0x00000252a0693860 Exception <a 'java/lang/NoSuchMethodError'{0x000000070dca7f40}: 'java.lang.Object java.lang.invoke.DirectMethodHandle$Holder.newInvokeSpecial(java.lang.Object, java.lang.Object, int)'> (0x000000070dca7f40) 
thrown [s\open\src\hotspot\share\interpreter\linkResolver.cpp, line 773]
Event: 3.608 Thread 0x00000252a0693860 Exception <a 'java/lang/NoSuchMethodError'{0x000000070d8f50f8}: 'java.lang.Object java.lang.invoke.DirectMethodHandle$Holder.invokeVirtual(java.lang.Object, java.lang.Object, java.lang.Object, java.lang.Object, java.lang.Object, java.lang.Object, java.lang.Object, java.lang.Object)'> (0x000000070d8f50f8) 
thrown [s\open\src\hotspot\share\interpreter\linkResolver.cpp, line 773]
Event: 3.620 Thread 0x00000252a0693860 Exception <a 'java/lang/NoSuchMethodError'{0x000000070d999190}: 'java.lang.Object java.lang.invoke.DirectMethodHandle$Holder.invokeVirtual(java.lang.Object, java.lang.Object, java.lang.Object, java.lang.Object, java.lang.Object, java.lang.Object, java.lang.Object, java.lang.Object, java.lang.Object, java.lang.Object)'> (0x000000070d999190) 
thrown [s\open\src\hotspot\share\interpreter\linkResolver.cpp, line 773]
Event: 3.630 Thread 0x00000252a0693860 Exception <a 'java/lang/NoSuchMethodError'{0x000000070d62ee70}: 'void java.lang.invoke.DirectMethodHandle$Holder.invokeStatic(java.lang.Object, java.lang.Object, java.lang.Object, java.lang.Object)'> (0x000000070d62ee70) 
thrown [s\open\src\hotspot\share\interpreter\linkResolver.cpp, line 773]
Event: 3.631 Thread 0x00000252a0693860 Exception <a 'java/lang/NoSuchMethodError'{0x000000070d632be8}: 'void java.lang.invoke.DirectMethodHandle$Holder.invokeStaticInit(java.lang.Object, java.lang.Object, java.lang.Object, java.lang.Object)'> (0x000000070d632be8) 
thrown [s\open\src\hotspot\share\interpreter\linkResolver.cpp, line 773]
Event: 3.636 Thread 0x00000252a0693860 Exception <a 'java/lang/NoSuchMethodError'{0x000000070d6892d8}: 'java.lang.Object java.lang.invoke.DirectMethodHandle$Holder.invokeInterface(java.lang.Object, java.lang.Object, java.lang.Object)'> (0x000000070d6892d8) 
thrown [s\open\src\hotspot\share\interpreter\linkResolver.cpp, line 773]
Event: 3.652 Thread 0x00000252a0693860 Exception <a 'java/lang/NoSuchMethodError'{0x000000070d78aaf8}: 'int java.lang.invoke.DirectMethodHandle$Holder.invokeSpecialIFC(java.lang.Object, java.lang.Object, java.lang.Object, java.lang.Object)'> (0x000000070d78aaf8) 
thrown [s\open\src\hotspot\share\interpreter\linkResolver.cpp, line 773]
Event: 3.653 Thread 0x00000252a0693860 Exception <a 'java/lang/IncompatibleClassChangeError'{0x000000070d799910}: Found class java.lang.Object, but interface was expected> (0x000000070d799910) 
thrown [s\open\src\hotspot\share\interpreter\linkResolver.cpp, line 840]
Event: 4.702 Thread 0x00000252a0693860 Implicit null exception at 0x00000252902e7fc6 to 0x00000252902e8062
Event: 4.717 Thread 0x00000252a0693860 Exception <a 'java/lang/NoSuchMethodError'{0x000000070d59fc08}: 'int java.lang.invoke.DirectMethodHandle$Holder.invokeStatic(java.lang.Object, java.lang.Object, java.lang.Object, java.lang.Object)'> (0x000000070d59fc08) 
thrown [s\open\src\hotspot\share\interpreter\linkResolver.cpp, line 773]

VM Operations (20 events):
Event: 2.788 Executing VM operation: HandshakeAllThreads
Event: 2.788 Executing VM operation: HandshakeAllThreads done
Event: 2.806 Executing VM operation: HandshakeAllThreads
Event: 2.806 Executing VM operation: HandshakeAllThreads done
Event: 2.848 Executing VM operation: HandshakeAllThreads
Event: 2.848 Executing VM operation: HandshakeAllThreads done
Event: 2.904 Executing VM operation: HandshakeAllThreads
Event: 2.904 Executing VM operation: HandshakeAllThreads done
Event: 2.993 Executing VM operation: G1CollectForAllocation
Event: 3.001 Executing VM operation: G1CollectForAllocation done
Event: 3.038 Executing VM operation: HandshakeAllThreads
Event: 3.038 Executing VM operation: HandshakeAllThreads done
Event: 3.562 Executing VM operation: HandshakeAllThreads
Event: 3.562 Executing VM operation: HandshakeAllThreads done
Event: 3.600 Executing VM operation: ICBufferFull
Event: 3.601 Executing VM operation: ICBufferFull done
Event: 4.612 Executing VM operation: Cleanup
Event: 4.691 Executing VM operation: Cleanup done
Event: 5.702 Executing VM operation: Cleanup
Event: 5.702 Executing VM operation: Cleanup done

Events (20 events):
Event: 0.042 Thread 0x000002529a7203b0 Thread added: 0x000002529a7203b0
Event: 0.042 Thread 0x000002529a72a760 Thread added: 0x000002529a72a760
Event: 0.065 Thread 0x000002529a6d5ae0 Thread added: 0x000002529a6d5ae0
Event: 0.129 Thread 0x000002529eb4f940 Thread added: 0x000002529eb4f940
Event: 0.239 Thread 0x000002529ebc9a50 Thread added: 0x000002529ebc9a50
Event: 0.456 Thread 0x000002529ebc7360 Thread added: 0x000002529ebc7360
Event: 1.778 Thread 0x000002529ebc7360 Thread exited: 0x000002529ebc7360
Event: 2.504 Thread 0x000002529f903190 Thread added: 0x000002529f903190
Event: 2.928 Thread 0x00000252a07735e0 Thread added: 0x00000252a07735e0
Event: 3.011 Thread 0x00000252a09fcb10 Thread added: 0x00000252a09fcb10
Event: 3.070 Thread 0x00000252a0a708e0 Thread added: 0x00000252a0a708e0
Event: 3.073 Thread 0x00000252a0693db0 Thread added: 0x00000252a0693db0
Event: 3.155 Thread 0x00000252a0692dc0 Thread added: 0x00000252a0692dc0
Event: 3.162 Thread 0x00000252a0693860 Thread added: 0x00000252a0693860
Event: 3.171 Thread 0x00000252a0694da0 Thread added: 0x00000252a0694da0
Event: 3.176 Thread 0x00000252a0694300 Thread added: 0x00000252a0694300
Event: 3.178 Thread 0x00000252a06952f0 Thread added: 0x00000252a06952f0
Event: 3.562 Thread 0x00000252a0692320 Thread added: 0x00000252a0692320
Event: 3.568 Thread 0x00000252a0692870 Thread added: 0x00000252a0692870
Event: 3.592 Thread 0x00000252a0e42050 Thread added: 0x00000252a0e42050


Dynamic libraries:
0x00007ff748260000 - 0x00007ff748270000 	C:\Program Files\Java\jdk-20\bin\java.exe
0x00007ff8470a0000 - 0x00007ff847308000 	C:\WINDOWS\SYSTEM32\ntdll.dll
0x00007ff845800000 - 0x00007ff8458c9000 	C:\WINDOWS\System32\KERNEL32.DLL
0x00007ff843c20000 - 0x00007ff844011000 	C:\WINDOWS\System32\KERNELBASE.dll
0x00007ff844020000 - 0x00007ff84416b000 	C:\WINDOWS\System32\ucrtbase.dll
0x00007ff834580000 - 0x00007ff83459b000 	C:\Program Files\Java\jdk-20\bin\VCRUNTIME140.dll
0x00007ff8362f0000 - 0x00007ff836309000 	C:\Program Files\Java\jdk-20\bin\jli.dll
0x00007ff846bc0000 - 0x00007ff846c74000 	C:\WINDOWS\System32\ADVAPI32.dll
0x00007ff846a50000 - 0x00007ff846af9000 	C:\WINDOWS\System32\msvcrt.dll
0x00007ff846320000 - 0x00007ff8463c6000 	C:\WINDOWS\System32\sechost.dll
0x00007ff846200000 - 0x00007ff846318000 	C:\WINDOWS\System32\RPCRT4.dll
0x00007ff845de0000 - 0x00007ff845fa6000 	C:\WINDOWS\System32\USER32.dll
0x00007ff830630000 - 0x00007ff8308c3000 	C:\WINDOWS\WinSxS\amd64_microsoft.windows.common-controls_6595b64144ccf1df_6.0.26100.7705_none_3e06597ae3363b04\COMCTL32.dll
0x00007ff844200000 - 0x00007ff844227000 	C:\WINDOWS\System32\win32u.dll
0x00007ff845760000 - 0x00007ff84578b000 	C:\WINDOWS\System32\GDI32.dll
0x00007ff843a30000 - 0x00007ff843b5b000 	C:\WINDOWS\System32\gdi32full.dll
0x00007ff844aa0000 - 0x00007ff844b43000 	C:\WINDOWS\System32\msvcp_win.dll
0x00007ff838a00000 - 0x00007ff838a0b000 	C:\WINDOWS\SYSTEM32\VERSION.dll
0x00007ff844e40000 - 0x00007ff844e71000 	C:\WINDOWS\System32\IMM32.DLL
0x00007ff83c0c0000 - 0x00007ff83c0cc000 	C:\Program Files\Java\jdk-20\bin\vcruntime140_1.dll
0x00007ff818e10000 - 0x00007ff818e9e000 	C:\Program Files\Java\jdk-20\bin\msvcp140.dll
0x00007fff55200000 - 0x00007fff55e97000 	C:\Program Files\Java\jdk-20\bin\server\jvm.dll
0x00007ff834570000 - 0x00007ff83457a000 	C:\WINDOWS\SYSTEM32\WSOCK32.dll
0x00007ff832890000 - 0x00007ff8328c5000 	C:\WINDOWS\SYSTEM32\WINMM.dll
0x00007ff845fc0000 - 0x00007ff846034000 	C:\WINDOWS\System32\WS2_32.dll
0x00007ff842730000 - 0x00007ff84274b000 	C:\WINDOWS\SYSTEM32\kernel.appcore.dll
0x00007ff834460000 - 0x00007ff83446a000 	C:\Program Files\Java\jdk-20\bin\jimage.dll
0x00007ff830ad0000 - 0x00007ff830d12000 	C:\WINDOWS\SYSTEM32\DBGHELP.DLL
0x00007ff8465c0000 - 0x00007ff846946000 	C:\WINDOWS\System32\combase.dll
0x00007ff8464e0000 - 0x00007ff8465b7000 	C:\WINDOWS\System32\OLEAUT32.dll
0x00007ff82d430000 - 0x00007ff82d46b000 	C:\WINDOWS\SYSTEM32\dbgcore.DLL
0x00007ff843980000 - 0x00007ff843a25000 	C:\WINDOWS\System32\bcryptPrimitives.dll
0x00007ff834450000 - 0x00007ff83445e000 	C:\Program Files\Java\jdk-20\bin\instrument.dll
0x00007ff8343b0000 - 0x00007ff8343d6000 	C:\Program Files\Java\jdk-20\bin\java.dll
0x00007ffffc840000 - 0x00007ffffc917000 	C:\Program Files\Java\jdk-20\bin\jsvml.dll
0x00007ff844e90000 - 0x00007ff8455e1000 	C:\WINDOWS\System32\SHELL32.dll
0x00007ff844b50000 - 0x00007ff844cba000 	C:\WINDOWS\System32\wintypes.dll
0x00007ff844230000 - 0x00007ff844a92000 	C:\WINDOWS\System32\windows.storage.dll
0x00007ff846f60000 - 0x00007ff847056000 	C:\WINDOWS\System32\SHCORE.dll
0x00007ff846d10000 - 0x00007ff846d77000 	C:\WINDOWS\System32\shlwapi.dll
0x00007ff8438a0000 - 0x00007ff8438c9000 	C:\WINDOWS\SYSTEM32\profapi.dll
0x00007ff8342b0000 - 0x00007ff8342c8000 	C:\Program Files\Java\jdk-20\bin\zip.dll
0x00007ff834290000 - 0x00007ff8342a3000 	C:\Program Files\Java\jdk-20\bin\net.dll
0x00007ff838b90000 - 0x00007ff838cb7000 	C:\WINDOWS\SYSTEM32\WINHTTP.dll
0x00007ff842ca0000 - 0x00007ff842d0b000 	C:\WINDOWS\system32\mswsock.dll
0x00007ff834180000 - 0x00007ff834196000 	C:\Program Files\Java\jdk-20\bin\nio.dll
0x00007ff8343a0000 - 0x00007ff8343b0000 	C:\Program Files\Java\jdk-20\bin\verify.dll
0x00007ff8343e0000 - 0x00007ff834407000 	C:\Users\USER\.gradle\native\1def1411415f61bf3af743bc5b6707747c0891f09f0c88961ee8f79bc544acac\windows-amd64\native-platform.dll
0x00007ff81a630000 - 0x00007ff81a6a8000 	C:\Users\USER\.gradle\native\0.2.7\x86_64-windows-gnu\gradle-fileevents.dll
0x00007ff834240000 - 0x00007ff83424a000 	C:\Program Files\Java\jdk-20\bin\management.dll
0x00007ff834170000 - 0x00007ff83417b000 	C:\Program Files\Java\jdk-20\bin\management_ext.dll
0x00007ff845fb0000 - 0x00007ff845fb8000 	C:\WINDOWS\System32\PSAPI.DLL
0x00007ff842140000 - 0x00007ff842174000 	C:\WINDOWS\SYSTEM32\IPHLPAPI.DLL
0x00007ff8457f0000 - 0x00007ff8457fa000 	C:\WINDOWS\System32\NSI.dll
0x00007ff838b10000 - 0x00007ff838b2e000 	C:\WINDOWS\SYSTEM32\dhcpcsvc6.DLL
0x00007ff838ae0000 - 0x00007ff838b03000 	C:\WINDOWS\SYSTEM32\dhcpcsvc.DLL
0x00007ff8421d0000 - 0x00007ff8422fc000 	C:\WINDOWS\SYSTEM32\DNSAPI.dll
0x00007ff834280000 - 0x00007ff834287000 	C:\Program Files\Java\jdk-20\bin\extnet.dll
0x00007ff842f60000 - 0x00007ff842f7b000 	C:\WINDOWS\SYSTEM32\CRYPTSP.dll
0x00007ff842690000 - 0x00007ff8426c9000 	C:\WINDOWS\system32\rsaenh.dll
0x00007ff842d50000 - 0x00007ff842d7b000 	C:\WINDOWS\SYSTEM32\USERENV.dll
0x00007ff843870000 - 0x00007ff84389a000 	C:\WINDOWS\SYSTEM32\bcrypt.dll
0x00007ff842f80000 - 0x00007ff842f8c000 	C:\WINDOWS\SYSTEM32\CRYPTBASE.dll
0x00007ff82d470000 - 0x00007ff82d47e000 	C:\Program Files\Java\jdk-20\bin\sunmscapi.dll
0x00007ff844cc0000 - 0x00007ff844e37000 	C:\WINDOWS\System32\CRYPT32.dll
0x00007ff843180000 - 0x00007ff8431b0000 	C:\WINDOWS\SYSTEM32\ncrypt.dll
0x00007ff843130000 - 0x00007ff84316f000 	C:\WINDOWS\SYSTEM32\NTASN1.dll
0x00007ff819340000 - 0x00007ff819348000 	C:\WINDOWS\system32\wshunix.dll

dbghelp: loaded successfully - version: 4.0.5 - missing functions: none
symbol engine: initialized successfully - sym options: 0x614 - pdb path: .;C:\Program Files\Java\jdk-20\bin;C:\WINDOWS\SYSTEM32;C:\WINDOWS\WinSxS\amd64_microsoft.windows.common-controls_6595b64144ccf1df_6.0.26100.7705_none_3e06597ae3363b04;C:\Program Files\Java\jdk-20\bin\server;C:\Users\USER\.gradle\native\1def1411415f61bf3af743bc5b6707747c0891f09f0c88961ee8f79bc544acac\windows-amd64;C:\Users\USER\.gradle\native\0.2.7\x86_64-windows-gnu

VM Arguments:
jvm_args: --add-opens=java.base/java.lang=ALL-UNNAMED --add-opens=java.base/java.lang.invoke=ALL-UNNAMED --add-opens=java.base/java.util=ALL-UNNAMED --add-opens=java.prefs/java.util.prefs=ALL-UNNAMED --add-exports=jdk.compiler/com.sun.tools.javac.api=ALL-UNNAMED --add-exports=jdk.compiler/com.sun.tools.javac.util=ALL-UNNAMED --add-opens=java.base/java.util=ALL-UNNAMED --add-opens=java.prefs/java.util.prefs=ALL-UNNAMED --add-opens=java.base/java.nio.charset=ALL-UNNAMED --add-opens=java.base/java.net=ALL-UNNAMED --add-opens=java.base/java.util.concurrent.atomic=ALL-UNNAMED --add-opens=java.xml/javax.xml.namespace=ALL-UNNAMED -XX:MaxMetaspaceSize=2G -XX:ReservedCodeCacheSize=256m -XX:+HeapDumpOnOutOfMemoryError -Xmx4G -Dfile.encoding=UTF-8 -Duser.country=US -Duser.language=en -Duser.variant -javaagent:C:\Users\USER\.gradle\wrapper\dists\gradle-8.14-all\c2qonpi39x1mddn7hk5gh9iqj\gradle-8.14\lib\agents\gradle-instrumentation-agent-8.14.jar 
java_command: org.gradle.launcher.daemon.bootstrap.GradleDaemon 8.14
java_class_path (initial): C:\Users\USER\.gradle\wrapper\dists\gradle-8.14-all\c2qonpi39x1mddn7hk5gh9iqj\gradle-8.14\lib\gradle-daemon-main-8.14.jar
Launcher Type: SUN_STANDARD

[Global flags]
     intx CICompilerCount                          = 4                                         {product} {ergonomic}
     uint ConcGCThreads                            = 3                                         {product} {ergonomic}
     uint G1ConcRefinementThreads                  = 10                                        {product} {ergonomic}
   size_t G1HeapRegionSize                         = 2097152                                   {product} {ergonomic}
    uintx GCDrainStackTargetSize                   = 64                                        {product} {ergonomic}
     bool HeapDumpOnOutOfMemoryError               = true                                   {manageable} {command line}
   size_t InitialHeapSize                          = 266338304                                 {product} {ergonomic}
   size_t MarkStackSize                            = 4194304                                   {product} {ergonomic}
   size_t MaxHeapSize                              = 4294967296                                {product} {command line}
   size_t MaxMetaspaceSize                         = 2147483648                                {product} {command line}
   size_t MaxNewSize                               = 2575302656                                {product} {ergonomic}
   size_t MinHeapDeltaBytes                        = 2097152                                   {product} {ergonomic}
   size_t MinHeapSize                              = 8388608                                   {product} {ergonomic}
    uintx NonNMethodCodeHeapSize                   = 5839372                                {pd product} {ergonomic}
    uintx NonProfiledCodeHeapSize                  = 131298042                              {pd product} {ergonomic}
    uintx ProfiledCodeHeapSize                     = 131298042                              {pd product} {ergonomic}
    uintx ReservedCodeCacheSize                    = 268435456                              {pd product} {command line}
     bool SegmentedCodeCache                       = true                                      {product} {ergonomic}
   size_t SoftMaxHeapSize                          = 4294967296                             {manageable} {ergonomic}
     bool UseCompressedClassPointers               = true                           {product lp64_product} {ergonomic}
     bool UseCompressedOops                        = true                           {product lp64_product} {ergonomic}
     bool UseG1GC                                  = true                                      {product} {ergonomic}
     bool UseLargePagesIndividualAllocation        = false                                  {pd product} {ergonomic}

Logging:
Log output configuration:
 #0: stdout all=warning uptime,level,tags foldmultilines=false
 #1: stderr all=off uptime,level,tags foldmultilines=false

Environment Variables:
JAVA_HOME=C:\Program Files\Java\jdk-20
PATH=C:\Program Files\Common Files\Oracle\Java\javapath;C:\Program Files (x86)\Common Files\Oracle\Java\java8path;C:\Program Files (x86)\Common Files\Oracle\Java\javapath;C:\Python310\Scripts\;C:\Python310\;C:\WINDOWS\system32;C:\WINDOWS;C:\WINDOWS\System32\Wbem;C:\WINDOWS\System32\WindowsPowerShell\v1.0\;C:\WINDOWS\System32\OpenSSH\;C:\Program Files\NVIDIA Corporation\NVIDIA NvDLISR;C:\WINDOWS\system32;C:\WINDOWS;C:\WINDOWS\System32\Wbem;C:\WINDOWS\System32\WindowsPowerShell\v1.0\;C:\WINDOWS\System32\OpenSSH\;D:\jdk20\bin;C:\Program Files\Java\jdk-20\bin;C:\Program Files\nodejs;C:\Program Files\Java\jdk-21;C:\Program Files\Git\cmd;C:\Program Files\dotnet\;C:\Program Files\nodejs\;D:\Users\USER\allure-2.34.1\bin;D:\Users\USER\maven-mvnd-1.0.2-windows-amd64\bin;D:\sonar-scanner-7.2.0.5079-windows-x64\bin;C:\Program Files\apache-maven-3.9.11\bin;D:\Users\USER\anaconda3\Library\mingw-w64\bin;D:\Users\USER\anaconda3\Library\usr\bin;D:\Users\USER\anaconda3\Library\bin;D:\Users\USER\anaconda3\Scripts;C:\Program Files\MySQL\MySQL Shell 8.0\bin\;C:\Users\USER\AppData\Local\Microsoft\WindowsApps;C:\Users\USER\AppData\Local\GitHubDesktop\bin;C:\Users\USER\AppData\Local\Programs\Microsoft VS Code\bin;D:\Program Files\IntelliJ IDEA Community Edition 2024.2.4\bin;;C:\Users\USER\.dotnet\tools;C:\Users\USER\AppData\Roaming\npm;C:\Program Files (x86)\BrowserStackLocal\;D:\IntelliJ IDEA 2025.3\bin;D:\flutter_windows_3.41.0-0.2.pre-beta\flutter\bin;
USERNAME=USER
OS=Windows_NT
PROCESSOR_IDENTIFIER=Intel64 Family 6 Model 165 Stepping 2, GenuineIntel
TMP=C:\Users\USER\AppData\Local\Temp
TEMP=C:\Users\USER\AppData\Local\Temp




---------------  S Y S T E M  ---------------

OS:
 Windows 11 , 64 bit Build 26100 (10.0.26100.7705)
OS uptime: 0 days 1:08 hours

CPU: total 12 (initial active 12) (6 cores per cpu, 2 threads per core) family 6 model 165 stepping 2 microcode 0xe2, cx8, cmov, fxsr, ht, mmx, 3dnowpref, sse, sse2, sse3, ssse3, sse4.1, sse4.2, popcnt, lzcnt, tsc, tscinvbit, avx, avx2, aes, erms, clmul, bmi1, bmi2, adx, fma, vzeroupper, clflush, clflushopt, rdtscp, f16c, pku

Memory: 4k page, system-wide physical 16205M (2128M free)
TotalPageFile size 20301M (AvailPageFile size 773M)
current process WorkingSet (physical memory assigned to process): 205M, peak: 205M
current process commit charge ("private bytes"): 423M, peak: 423M

vm_info: Java HotSpot(TM) 64-Bit Server VM (20.0.1+9-29) for windows-amd64 JRE (20.0.1+9-29), built on 2023-03-07T13:56:11Z by "mach5one" with MS VC++ 17.1 (VS2022)

END.
