#
# There is insufficient memory for the Java Runtime Environment to continue.
# Native memory allocation (malloc) failed to allocate 1657136 bytes. Error detail: Chunk::new
# Possible reasons:
#   The system is out of physical RAM or swap space
#   This process is running with CompressedOops enabled, and the Java Heap may be blocking the growth of the native heap
# Possible solutions:
#   Reduce memory load on the system
#   Increase physical memory or swap space
#   Check if swap backing store is full
#   Decrease Java heap size (-Xmx/-Xms)
#   Decrease number of Java threads
#   Decrease Java thread stack sizes (-Xss)
#   Set larger code cache with -XX:ReservedCodeCacheSize=
#   JVM is running with Unscaled Compressed Oops mode in which the Java heap is
#     placed in the first 4GB address space. The Java Heap base address is the
#     maximum limit for the native heap growth. Please use -XX:HeapBaseMinAddress
#     to set the Java Heap base and to place the Java Heap above 4GB virtual address.
# This output file may be truncated or incomplete.
#
#  Out of Memory Error (arena.cpp:168), pid=17892, tid=19596
#
# JRE version: OpenJDK Runtime Environment Temurin-21.0.9+10 (21.0.9+10) (build 21.0.9+10-LTS)
# Java VM: OpenJDK 64-Bit Server VM Temurin-21.0.9+10 (21.0.9+10-LTS, mixed mode, sharing, tiered, compressed oops, compressed class ptrs, parallel gc, windows-amd64)
# No core dump will be written. Minidumps are not enabled by default on client versions of Windows
#

---------------  S U M M A R Y ------------

Command Line: --add-modules=ALL-SYSTEM --add-opens=java.base/java.util=ALL-UNNAMED --add-opens=java.base/java.lang=ALL-UNNAMED --add-opens=java.base/sun.nio.fs=ALL-UNNAMED -Declipse.application=org.eclipse.jdt.ls.core.id1 -Dosgi.bundles.defaultStartLevel=4 -Declipse.product=org.eclipse.jdt.ls.core.product -Djava.import.generatesMetadataFilesAtProjectRoot=false -DDetectVMInstallationsJob.disabled=true -Dfile.encoding=utf8 -XX:+UseParallelGC -XX:GCTimeRatio=4 -XX:AdaptiveSizePolicyWeight=90 -Dsun.zip.disableMemoryMapping=true -Xmx2G -Xms100m -Xlog:disable -javaagent:c:\Users\USER\.vscode\extensions\redhat.java-1.52.0-win32-x64\lombok\lombok-1.18.39-4050.jar -XX:+HeapDumpOnOutOfMemoryError -XX:HeapDumpPath=c:\Users\USER\AppData\Roaming\Code\User\workspaceStorage\99c406d687a3e6d1975a5996c0bfbb57\redhat.java -Daether.dependencyCollector.impl=bf c:\Users\USER\.vscode\extensions\redhat.java-1.52.0-win32-x64\server\plugins\org.eclipse.equinox.launcher_1.7.100.v20251111-0406.jar -configuration c:\Users\USER\AppData\Roaming\Code\User\globalStorage\redhat.java\1.52.0\config_win -data c:\Users\USER\AppData\Roaming\Code\User\workspaceStorage\99c406d687a3e6d1975a5996c0bfbb57\redhat.java\jdt_ws --pipe=\\.\pipe\lsp-3453334076da3706371958d554681c31-sock

Host: Intel(R) Core(TM) i7-10750H CPU @ 2.60GHz, 12 cores, 15G,  Windows 11 , 64 bit Build 26100 (10.0.26100.7705)
Time: Mon Feb  2 22:27:06 2026 Sri Lanka Standard Time elapsed time: 10.864609 seconds (0d 0h 0m 10s)

---------------  T H R E A D  ---------------

Current thread (0x000002640e145c90):  JavaThread "C2 CompilerThread2" daemon [_thread_in_native, id=19596, stack(0x000000a4e5000000,0x000000a4e5100000) (1024K)]


Current CompileTask:
C2:10864 4201   !   4       org.eclipse.osgi.internal.loader.classpath.ClasspathManager::findClassImpl (328 bytes)

Stack: [0x000000a4e5000000,0x000000a4e5100000]
Native frames: (J=compiled Java code, j=interpreted, Vv=VM code, C=native code)
V  [jvm.dll+0x6d6e29]
V  [jvm.dll+0x8b4b76]
V  [jvm.dll+0x8b712e]
V  [jvm.dll+0x8b7813]
V  [jvm.dll+0x283d86]
V  [jvm.dll+0xc66ed]
V  [jvm.dll+0xc6c31]
V  [jvm.dll+0x3be501]
V  [jvm.dll+0x38ab92]
V  [jvm.dll+0x389fda]
V  [jvm.dll+0x24bfa0]
V  [jvm.dll+0x24b580]
V  [jvm.dll+0x1cb13e]
V  [jvm.dll+0x25b29d]
V  [jvm.dll+0x25982a]
V  [jvm.dll+0x3f7ea6]
V  [jvm.dll+0x85e9ad]
V  [jvm.dll+0x6d565d]
C  [ucrtbase.dll+0x37b0]
C  [KERNEL32.DLL+0x2e8d7]
C  [ntdll.dll+0x8c40c]


---------------  P R O C E S S  ---------------

Threads class SMR info:
_java_thread_list=0x0000026417070520, length=45, elements={
0x00000263b5332ae0, 0x00000263b53d2f90, 0x00000263b53d5300, 0x00000263b53d9ea0,
0x00000263b53daaf0, 0x00000263b53debb0, 0x00000263b53e1220, 0x000002640e12a100,
0x000002640e1455c0, 0x000002640e356310, 0x000002640e4f7f00, 0x00000264140906b0,
0x000002640f610640, 0x000002640f827ee0, 0x000002640f828540, 0x00000264147dc500,
0x00000264145df730, 0x000002641477e860, 0x00000264144f2ea0, 0x0000026414a8d090,
0x0000026414a8e440, 0x000002640e146a30, 0x0000026414a8ddb0, 0x0000026414a8afc0,
0x0000026414a8b650, 0x0000026414a8bce0, 0x0000026414a8d720, 0x000002640e145c90,
0x0000026414a8c370, 0x0000026414a8ca00, 0x00000264153a6620, 0x00000264153a5270,
0x00000264153a6cb0, 0x00000264153a79d0, 0x00000264153a8060, 0x00000264153a7340,
0x00000264153a4be0, 0x00000264153a86f0, 0x00000264153a8d80, 0x00000264153a5900,
0x00000264153a9410, 0x00000264153a5f90, 0x00000264153ab4e0, 0x00000264153abb70,
0x00000264153aa130
}

Java Threads: ( => current thread )
  0x00000263b5332ae0 JavaThread "main"                              [_thread_in_vm, id=21228, stack(0x000000a4e2700000,0x000000a4e2800000) (1024K)]
  0x00000263b53d2f90 JavaThread "Reference Handler"          daemon [_thread_blocked, id=15692, stack(0x000000a4e2b00000,0x000000a4e2c00000) (1024K)]
  0x00000263b53d5300 JavaThread "Finalizer"                  daemon [_thread_blocked, id=20496, stack(0x000000a4e2c00000,0x000000a4e2d00000) (1024K)]
  0x00000263b53d9ea0 JavaThread "Signal Dispatcher"          daemon [_thread_blocked, id=23328, stack(0x000000a4e2d00000,0x000000a4e2e00000) (1024K)]
  0x00000263b53daaf0 JavaThread "Attach Listener"            daemon [_thread_blocked, id=10176, stack(0x000000a4e2e00000,0x000000a4e2f00000) (1024K)]
  0x00000263b53debb0 JavaThread "Service Thread"             daemon [_thread_blocked, id=19372, stack(0x000000a4e2f00000,0x000000a4e3000000) (1024K)]
  0x00000263b53e1220 JavaThread "Monitor Deflation Thread"   daemon [_thread_blocked, id=8700, stack(0x000000a4e3000000,0x000000a4e3100000) (1024K)]
  0x000002640e12a100 JavaThread "C2 CompilerThread0"         daemon [_thread_in_native, id=17788, stack(0x000000a4e3100000,0x000000a4e3200000) (1024K)]
  0x000002640e1455c0 JavaThread "C1 CompilerThread0"         daemon [_thread_in_native, id=16280, stack(0x000000a4e3200000,0x000000a4e3300000) (1024K)]
  0x000002640e356310 JavaThread "Common-Cleaner"             daemon [_thread_blocked, id=21440, stack(0x000000a4e3400000,0x000000a4e3500000) (1024K)]
  0x000002640e4f7f00 JavaThread "Notification Thread"        daemon [_thread_blocked, id=21036, stack(0x000000a4e3500000,0x000000a4e3600000) (1024K)]
  0x00000264140906b0 JavaThread "Active Thread: Equinox Container: 420fac8f-89e5-4cad-b70e-5f8b67a1311b"        [_thread_blocked, id=11076, stack(0x000000a4e3d00000,0x000000a4e3e00000) (1024K)]
  0x000002640f610640 JavaThread "Refresh Thread: Equinox Container: 420fac8f-89e5-4cad-b70e-5f8b67a1311b" daemon [_thread_blocked, id=19568, stack(0x000000a4e3f00000,0x000000a4e4000000) (1024K)]
  0x000002640f827ee0 JavaThread "Framework Event Dispatcher: Equinox Container: 420fac8f-89e5-4cad-b70e-5f8b67a1311b" daemon [_thread_blocked, id=9356, stack(0x000000a4e4000000,0x000000a4e4100000) (1024K)]
  0x000002640f828540 JavaThread "Start Level: Equinox Container: 420fac8f-89e5-4cad-b70e-5f8b67a1311b" daemon [_thread_blocked, id=19920, stack(0x000000a4e4100000,0x000000a4e4200000) (1024K)]
  0x00000264147dc500 JavaThread "Bundle File Closer"         daemon [_thread_blocked, id=15656, stack(0x000000a4e4400000,0x000000a4e4500000) (1024K)]
  0x00000264145df730 JavaThread "SCR Component Actor"        daemon [_thread_blocked, id=21280, stack(0x000000a4e4500000,0x000000a4e4600000) (1024K)]
  0x000002641477e860 JavaThread "Worker-JM"                         [_thread_blocked, id=9696, stack(0x000000a4e4600000,0x000000a4e4700000) (1024K)]
  0x00000264144f2ea0 JavaThread "JNA Cleaner"                daemon [_thread_blocked, id=16076, stack(0x000000a4e3300000,0x000000a4e3400000) (1024K)]
  0x0000026414a8d090 JavaThread "Worker-0: Initialize After Load"        [_thread_blocked, id=14020, stack(0x000000a4e3600000,0x000000a4e3700000) (1024K)]
  0x0000026414a8e440 JavaThread "Worker-1: Updating Maven Dependencies"        [_thread_blocked, id=16196, stack(0x000000a4e4700000,0x000000a4e4800000) (1024K)]
  0x000002640e146a30 JavaThread "C2 CompilerThread1"         daemon [_thread_in_native, id=22888, stack(0x000000a4e4800000,0x000000a4e4900000) (1024K)]
  0x0000026414a8ddb0 JavaThread "Java indexing"              daemon [_thread_blocked, id=20356, stack(0x000000a4e4900000,0x000000a4e4a00000) (1024K)]
  0x0000026414a8afc0 JavaThread "Worker-2: Repository registry initialization"        [_thread_in_Java, id=22564, stack(0x000000a4e4c00000,0x000000a4e4d00000) (1024K)]
  0x0000026414a8b650 JavaThread "Worker-3"                          [_thread_blocked, id=20644, stack(0x000000a4e4d00000,0x000000a4e4e00000) (1024K)]
  0x0000026414a8bce0 JavaThread "Worker-4: Synchronize Gradle projects with workspace"        [_thread_blocked, id=5664, stack(0x000000a4e4e00000,0x000000a4e4f00000) (1024K)]
  0x0000026414a8d720 JavaThread "Worker-5"                          [_thread_blocked, id=7328, stack(0x000000a4e4f00000,0x000000a4e5000000) (1024K)]
=>0x000002640e145c90 JavaThread "C2 CompilerThread2"         daemon [_thread_in_native, id=19596, stack(0x000000a4e5000000,0x000000a4e5100000) (1024K)]
  0x0000026414a8c370 JavaThread "Thread-1"                   daemon [_thread_in_native, id=10364, stack(0x000000a4e5100000,0x000000a4e5200000) (1024K)]
  0x0000026414a8ca00 JavaThread "Thread-2"                   daemon [_thread_in_native, id=2260, stack(0x000000a4e5200000,0x000000a4e5300000) (1024K)]
  0x00000264153a6620 JavaThread "Thread-3"                   daemon [_thread_in_native, id=22412, stack(0x000000a4e5300000,0x000000a4e5400000) (1024K)]
  0x00000264153a5270 JavaThread "Thread-4"                   daemon [_thread_in_native, id=13344, stack(0x000000a4e5400000,0x000000a4e5500000) (1024K)]
  0x00000264153a6cb0 JavaThread "Thread-5"                   daemon [_thread_in_native, id=22416, stack(0x000000a4e5500000,0x000000a4e5600000) (1024K)]
  0x00000264153a79d0 JavaThread "Thread-6"                   daemon [_thread_in_native, id=15144, stack(0x000000a4e5600000,0x000000a4e5700000) (1024K)]
  0x00000264153a8060 JavaThread "Thread-7"                   daemon [_thread_in_native, id=19876, stack(0x000000a4e5700000,0x000000a4e5800000) (1024K)]
  0x00000264153a7340 JavaThread "Thread-8"                   daemon [_thread_in_native, id=23496, stack(0x000000a4e5800000,0x000000a4e5900000) (1024K)]
  0x00000264153a4be0 JavaThread "Thread-9"                   daemon [_thread_in_native, id=20408, stack(0x000000a4e5900000,0x000000a4e5a00000) (1024K)]
  0x00000264153a86f0 JavaThread "Thread-10"                  daemon [_thread_in_native, id=15372, stack(0x000000a4e5a00000,0x000000a4e5b00000) (1024K)]
  0x00000264153a8d80 JavaThread "Thread-11"                  daemon [_thread_in_native, id=6824, stack(0x000000a4e5b00000,0x000000a4e5c00000) (1024K)]
  0x00000264153a5900 JavaThread "Thread-12"                  daemon [_thread_in_native, id=20704, stack(0x000000a4e5c00000,0x000000a4e5d00000) (1024K)]
  0x00000264153a9410 JavaThread "Thread-13"                  daemon [_thread_in_native, id=14776, stack(0x000000a4e5d00000,0x000000a4e5e00000) (1024K)]
  0x00000264153a5f90 JavaThread "pool-2-thread-1"                   [_thread_blocked, id=20708, stack(0x000000a4e5e00000,0x000000a4e5f00000) (1024K)]
  0x00000264153ab4e0 JavaThread "Timer-0"                           [_thread_blocked, id=21864, stack(0x000000a4e5f00000,0x000000a4e6000000) (1024K)]
  0x00000264153abb70 JavaThread "Timer-1"                           [_thread_blocked, id=22176, stack(0x000000a4e6000000,0x000000a4e6100000) (1024K)]
  0x00000264153aa130 JavaThread "Connection worker"                 [_thread_in_Java, id=9392, stack(0x000000a4e6100000,0x000000a4e6200000) (1024K)]
Total: 45

Other Threads:
  0x00000263b53ce8e0 VMThread "VM Thread"                           [id=18452, stack(0x000000a4e2a00000,0x000000a4e2b00000) (1024K)]
  0x00000263b51bca00 WatcherThread "VM Periodic Task Thread"        [id=23372, stack(0x000000a4e2900000,0x000000a4e2a00000) (1024K)]
  0x00000263b5353390 WorkerThread "GC Thread#0"                     [id=7428, stack(0x000000a4e2800000,0x000000a4e2900000) (1024K)]
  0x000002640f6d9750 WorkerThread "GC Thread#1"                     [id=17564, stack(0x000000a4e3700000,0x000000a4e3800000) (1024K)]
  0x0000026414046f30 WorkerThread "GC Thread#2"                     [id=21128, stack(0x000000a4e3800000,0x000000a4e3900000) (1024K)]
  0x000002640f65f830 WorkerThread "GC Thread#3"                     [id=10208, stack(0x000000a4e3900000,0x000000a4e3a00000) (1024K)]
  0x000002640f545f90 WorkerThread "GC Thread#4"                     [id=10944, stack(0x000000a4e3a00000,0x000000a4e3b00000) (1024K)]
  0x000002640f65fbd0 WorkerThread "GC Thread#5"                     [id=20560, stack(0x000000a4e3b00000,0x000000a4e3c00000) (1024K)]
  0x000002640f6513e0 WorkerThread "GC Thread#6"                     [id=21452, stack(0x000000a4e3c00000,0x000000a4e3d00000) (1024K)]
  0x000002641420bb40 WorkerThread "GC Thread#7"                     [id=21312, stack(0x000000a4e3e00000,0x000000a4e3f00000) (1024K)]
  0x000002640f628f90 WorkerThread "GC Thread#8"                     [id=15680, stack(0x000000a4e4200000,0x000000a4e4300000) (1024K)]
  0x000002640f62a8f0 WorkerThread "GC Thread#9"                     [id=18428, stack(0x000000a4e4300000,0x000000a4e4400000) (1024K)]
Total: 12

Threads with active compile tasks:
C2 CompilerThread0  10893 4311   !   4       org.eclipse.osgi.internal.loader.classpath.ClasspathManager::findLocalClass (210 bytes)
C1 CompilerThread0  10893 4456       2       org.codehaus.plexus.util.InterpolationFilterReader::read (477 bytes)
C2 CompilerThread1  10893 4305   !   4       org.eclipse.osgi.internal.loader.BundleLoader::findClass0 (490 bytes)
C2 CompilerThread2  10893 4201   !   4       org.eclipse.osgi.internal.loader.classpath.ClasspathManager::findClassImpl (328 bytes)
Total: 4

VM state: not at safepoint (normal execution)

VM Mutex/Monitor currently owned by a thread: None

Heap address: 0x0000000080000000, size: 2048 MB, Compressed Oops mode: 32-bit

CDS archive(s) mapped at: [0x00000263cc000000-0x00000263ccba0000-0x00000263ccba0000), size 12189696, SharedBaseAddress: 0x00000263cc000000, ArchiveRelocationMode: 1.
Compressed class space mapped at: 0x00000263cd000000-0x000002640d000000, reserved size: 1073741824
Narrow klass base: 0x00000263cc000000, Narrow klass shift: 0, Narrow klass range: 0x100000000

GC Precious Log:
 CardTable entry size: 512
 CPUs: 12 total, 12 available
 Memory: 16205M
 Large Page Support: Disabled
 NUMA Support: Disabled
 Compressed Oops: Enabled (32-bit)
 Alignments: Space 512K, Generation 512K, Heap 2M
 Heap Min Capacity: 100M
 Heap Initial Capacity: 100M
 Heap Max Capacity: 2G
 Pre-touch: Disabled
 Parallel Workers: 10

Heap:
 PSYoungGen      total 22528K, used 16441K [0x00000000d5580000, 0x00000000d6e80000, 0x0000000100000000)
  eden space 22016K, 74% used [0x00000000d5580000,0x00000000d658e610,0x00000000d6b00000)
  from space 512K, 0% used [0x00000000d6e00000,0x00000000d6e00000,0x00000000d6e80000)
  to   space 1024K, 0% used [0x00000000d6c80000,0x00000000d6c80000,0x00000000d6d80000)
 ParOldGen       total 68608K, used 18736K [0x0000000080000000, 0x0000000084300000, 0x00000000d5580000)
  object space 68608K, 27% used [0x0000000080000000,0x000000008124c3b8,0x0000000084300000)
 Metaspace       used 36801K, committed 37952K, reserved 1114112K
  class space    used 3972K, committed 4480K, reserved 1048576K

Card table byte_map: [0x00000263b4cd0000,0x00000263b50e0000] _byte_map_base: 0x00000263b48d0000

Marking Bits: (ParMarkBitMap*) 0x00007fff5bda2460
 Begin Bits: [0x00000263c77e0000, 0x00000263c97e0000)
 End Bits:   [0x00000263c97e0000, 0x00000263cb7e0000)

Polling page: 0x00000263b3290000

Metaspace:

Usage:
  Non-class:     32.06 MB used.
      Class:      3.88 MB used.
       Both:     35.94 MB used.

Virtual space:
  Non-class space:       64.00 MB reserved,      32.69 MB ( 51%) committed,  1 nodes.
      Class space:        1.00 GB reserved,       4.38 MB ( <1%) committed,  1 nodes.
             Both:        1.06 GB reserved,      37.06 MB (  3%) committed. 

Chunk freelists:
   Non-Class:  14.83 MB
       Class:  11.60 MB
        Both:  26.42 MB

MaxMetaspaceSize: unlimited
CompressedClassSpaceSize: 1.00 GB
Initial GC threshold: 21.00 MB
Current GC threshold: 59.31 MB
CDS: on
 - commit_granule_bytes: 65536.
 - commit_granule_words: 8192.
 - virtual_space_node_default_size: 8388608.
 - enlarge_chunks_in_place: 1.
 - use_allocation_guard: 0.


Internal statistics:

num_allocs_failed_limit: 10.
num_arena_births: 776.
num_arena_deaths: 18.
num_vsnodes_births: 2.
num_vsnodes_deaths: 0.
num_space_committed: 593.
num_space_uncommitted: 0.
num_chunks_returned_to_freelist: 30.
num_chunks_taken_from_freelist: 2434.
num_chunk_merges: 12.
num_chunk_splits: 1479.
num_chunks_enlarged: 841.
num_inconsistent_stats: 0.

CodeHeap 'non-profiled nmethods': size=120000Kb used=1702Kb max_used=2064Kb free=118297Kb
 bounds [0x00000263c0000000, 0x00000263c0270000, 0x00000263c7530000]
CodeHeap 'profiled nmethods': size=120000Kb used=8004Kb max_used=9154Kb free=111995Kb
 bounds [0x00000263b8530000, 0x00000263b8e30000, 0x00000263bfa60000]
CodeHeap 'non-nmethods': size=5760Kb used=1362Kb max_used=1409Kb free=4397Kb
 bounds [0x00000263bfa60000, 0x00000263bfcd0000, 0x00000263c0000000]
CodeCache: size=245760Kb, used=11068Kb, max_used=12627Kb, free=234689Kb
 total_blobs=4550, nmethods=3891, adapters=565, full_count=0
Compilation: enabled, stopped_count=0, restarted_count=0

Compilation events (20 events):
Event: 9.852 Thread 0x000002640e1455c0 4424       3       java.util.AbstractSequentialList::<init> (5 bytes)
Event: 9.852 Thread 0x000002640e1455c0 nmethod 4424 0x00000263b8793810 code [0x00000263b87939c0, 0x00000263b8793bf0]
Event: 9.853 Thread 0x000002640e1455c0 4425       3       java.util.concurrent.ConcurrentLinkedQueue::isEmpty (13 bytes)
Event: 9.854 Thread 0x000002640e1455c0 nmethod 4425 0x00000263b867cc90 code [0x00000263b867ce40, 0x00000263b867cfe8]
Event: 9.854 Thread 0x000002640e1455c0 4426       3       java.util.concurrent.ConcurrentLinkedQueue::first (65 bytes)
Event: 9.855 Thread 0x000002640e1455c0 nmethod 4426 0x00000263b8b57610 code [0x00000263b8b579a0, 0x00000263b8b59138]
Event: 9.856 Thread 0x000002640e1455c0 4427       3       org.eclipse.osgi.storage.bundlefile.BundleFile::getResourceURL (24 bytes)
Event: 9.856 Thread 0x000002640e1455c0 nmethod 4427 0x00000263b86ec510 code [0x00000263b86ec6e0, 0x00000263b86ec9f8]
Event: 9.856 Thread 0x000002640e1455c0 4428       3       org.eclipse.osgi.internal.loader.classpath.ClasspathEntry::findResource (65 bytes)
Event: 9.856 Thread 0x000002640e1455c0 nmethod 4428 0x00000263b85ae710 code [0x00000263b85ae920, 0x00000263b85af040]
Event: 9.856 Thread 0x000002640e1455c0 4429       3       org.eclipse.lsp4j.jsonrpc.services.AnnotationUtil::createMethodInfo (51 bytes)
Event: 9.857 Thread 0x000002640e1455c0 nmethod 4429 0x00000263b886da10 code [0x00000263b886dd60, 0x00000263b886f008]
Event: 9.858 Thread 0x000002640e1455c0 4430       3       org.eclipse.lsp4j.jsonrpc.services.AnnotationUtil::isDelegateMethod (59 bytes)
Event: 9.859 Thread 0x000002640e1455c0 nmethod 4430 0x00000263b8620190 code [0x00000263b8620440, 0x00000263b86210a8]
Event: 9.861 Thread 0x000002640e1455c0 4431       3       java.util.Collections$SingletonList::iterator (8 bytes)
Event: 9.861 Thread 0x000002640e1455c0 nmethod 4431 0x00000263b871a090 code [0x00000263b871a240, 0x00000263b871a4e0]
Event: 9.861 Thread 0x000002640e1455c0 4432       2       java.security.CodeSource::getCertificates (95 bytes)
Event: 9.862 Thread 0x000002640e1455c0 nmethod 4432 0x00000263b875ec90 code [0x00000263b875eea0, 0x00000263b875f368]
Event: 9.862 Thread 0x000002640e1455c0 4433       3       jdk.internal.org.objectweb.asm.MethodWriter::putFrame (549 bytes)
Event: 10.862 Thread 0x000002640e1455c0 nmethod 4433 0x00000263b8567290 code [0x00000263b8567720, 0x00000263b8569180]

GC Heap History (20 events):
Event: 4.387 GC heap before
{Heap before GC invocations=7 (full 0):
 PSYoungGen      total 29696K, used 26035K [0x00000000d5580000, 0x00000000d7880000, 0x0000000100000000)
  eden space 24576K, 85% used [0x00000000d5580000,0x00000000d69fd458,0x00000000d6d80000)
  from space 5120K, 98% used [0x00000000d7380000,0x00000000d786f920,0x00000000d7880000)
  to   space 5632K, 0% used [0x00000000d6d80000,0x00000000d6d80000,0x00000000d7300000)
 ParOldGen       total 68608K, used 7792K [0x0000000080000000, 0x0000000084300000, 0x00000000d5580000)
  object space 68608K, 11% used [0x0000000080000000,0x000000008079c330,0x0000000084300000)
 Metaspace       used 20717K, committed 21568K, reserved 1114112K
  class space    used 2198K, committed 2560K, reserved 1048576K
}
Event: 4.392 GC heap after
{Heap after GC invocations=7 (full 0):
 PSYoungGen      total 29696K, used 4651K [0x00000000d5580000, 0x00000000d7780000, 0x0000000100000000)
  eden space 24576K, 0% used [0x00000000d5580000,0x00000000d5580000,0x00000000d6d80000)
  from space 5120K, 90% used [0x00000000d6d80000,0x00000000d720aed0,0x00000000d7280000)
  to   space 5120K, 0% used [0x00000000d7280000,0x00000000d7280000,0x00000000d7780000)
 ParOldGen       total 68608K, used 9390K [0x0000000080000000, 0x0000000084300000, 0x00000000d5580000)
  object space 68608K, 13% used [0x0000000080000000,0x000000008092b8d0,0x0000000084300000)
 Metaspace       used 20717K, committed 21568K, reserved 1114112K
  class space    used 2198K, committed 2560K, reserved 1048576K
}
Event: 4.415 GC heap before
{Heap before GC invocations=8 (full 0):
 PSYoungGen      total 29696K, used 6980K [0x00000000d5580000, 0x00000000d7780000, 0x0000000100000000)
  eden space 24576K, 9% used [0x00000000d5580000,0x00000000d57c6500,0x00000000d6d80000)
  from space 5120K, 90% used [0x00000000d6d80000,0x00000000d720aed0,0x00000000d7280000)
  to   space 5120K, 0% used [0x00000000d7280000,0x00000000d7280000,0x00000000d7780000)
 ParOldGen       total 68608K, used 9390K [0x0000000080000000, 0x0000000084300000, 0x00000000d5580000)
  object space 68608K, 13% used [0x0000000080000000,0x000000008092b8d0,0x0000000084300000)
 Metaspace       used 21024K, committed 21824K, reserved 1114112K
  class space    used 2221K, committed 2560K, reserved 1048576K
}
Event: 4.417 GC heap after
{Heap after GC invocations=8 (full 0):
 PSYoungGen      total 28672K, used 3792K [0x00000000d5580000, 0x00000000d7680000, 0x0000000100000000)
  eden space 24576K, 0% used [0x00000000d5580000,0x00000000d5580000,0x00000000d6d80000)
  from space 4096K, 92% used [0x00000000d7280000,0x00000000d76341f8,0x00000000d7680000)
  to   space 4608K, 0% used [0x00000000d6d80000,0x00000000d6d80000,0x00000000d7200000)
 ParOldGen       total 68608K, used 10418K [0x0000000080000000, 0x0000000084300000, 0x00000000d5580000)
  object space 68608K, 15% used [0x0000000080000000,0x0000000080a2ca78,0x0000000084300000)
 Metaspace       used 21024K, committed 21824K, reserved 1114112K
  class space    used 2221K, committed 2560K, reserved 1048576K
}
Event: 4.417 GC heap before
{Heap before GC invocations=9 (full 1):
 PSYoungGen      total 28672K, used 3792K [0x00000000d5580000, 0x00000000d7680000, 0x0000000100000000)
  eden space 24576K, 0% used [0x00000000d5580000,0x00000000d5580000,0x00000000d6d80000)
  from space 4096K, 92% used [0x00000000d7280000,0x00000000d76341f8,0x00000000d7680000)
  to   space 4608K, 0% used [0x00000000d6d80000,0x00000000d6d80000,0x00000000d7200000)
 ParOldGen       total 68608K, used 10418K [0x0000000080000000, 0x0000000084300000, 0x00000000d5580000)
  object space 68608K, 15% used [0x0000000080000000,0x0000000080a2ca78,0x0000000084300000)
 Metaspace       used 21024K, committed 21824K, reserved 1114112K
  class space    used 2221K, committed 2560K, reserved 1048576K
}
Event: 4.451 GC heap after
{Heap after GC invocations=9 (full 1):
 PSYoungGen      total 28672K, used 0K [0x00000000d5580000, 0x00000000d7680000, 0x0000000100000000)
  eden space 24576K, 0% used [0x00000000d5580000,0x00000000d5580000,0x00000000d6d80000)
  from space 4096K, 0% used [0x00000000d7280000,0x00000000d7280000,0x00000000d7680000)
  to   space 4608K, 0% used [0x00000000d6d80000,0x00000000d6d80000,0x00000000d7200000)
 ParOldGen       total 68608K, used 13479K [0x0000000080000000, 0x0000000084300000, 0x00000000d5580000)
  object space 68608K, 19% used [0x0000000080000000,0x0000000080d29e58,0x0000000084300000)
 Metaspace       used 21011K, committed 21824K, reserved 1114112K
  class space    used 2217K, committed 2560K, reserved 1048576K
}
Event: 4.654 GC heap before
{Heap before GC invocations=10 (full 1):
 PSYoungGen      total 28672K, used 24572K [0x00000000d5580000, 0x00000000d7680000, 0x0000000100000000)
  eden space 24576K, 99% used [0x00000000d5580000,0x00000000d6d7f1f8,0x00000000d6d80000)
  from space 4096K, 0% used [0x00000000d7280000,0x00000000d7280000,0x00000000d7680000)
  to   space 4608K, 0% used [0x00000000d6d80000,0x00000000d6d80000,0x00000000d7200000)
 ParOldGen       total 68608K, used 13479K [0x0000000080000000, 0x0000000084300000, 0x00000000d5580000)
  object space 68608K, 19% used [0x0000000080000000,0x0000000080d29e58,0x0000000084300000)
 Metaspace       used 23720K, committed 24576K, reserved 1114112K
  class space    used 2390K, committed 2752K, reserved 1048576K
}
Event: 4.655 GC heap after
{Heap after GC invocations=10 (full 1):
 PSYoungGen      total 24576K, used 507K [0x00000000d5580000, 0x00000000d7300000, 0x0000000100000000)
  eden space 24064K, 0% used [0x00000000d5580000,0x00000000d5580000,0x00000000d6d00000)
  from space 512K, 99% used [0x00000000d6d80000,0x00000000d6dfec40,0x00000000d6e00000)
  to   space 2048K, 0% used [0x00000000d7100000,0x00000000d7100000,0x00000000d7300000)
 ParOldGen       total 68608K, used 13487K [0x0000000080000000, 0x0000000084300000, 0x00000000d5580000)
  object space 68608K, 19% used [0x0000000080000000,0x0000000080d2be58,0x0000000084300000)
 Metaspace       used 23720K, committed 24576K, reserved 1114112K
  class space    used 2390K, committed 2752K, reserved 1048576K
}
Event: 4.853 GC heap before
{Heap before GC invocations=11 (full 1):
 PSYoungGen      total 24576K, used 24571K [0x00000000d5580000, 0x00000000d7300000, 0x0000000100000000)
  eden space 24064K, 100% used [0x00000000d5580000,0x00000000d6d00000,0x00000000d6d00000)
  from space 512K, 99% used [0x00000000d6d80000,0x00000000d6dfec40,0x00000000d6e00000)
  to   space 2048K, 0% used [0x00000000d7100000,0x00000000d7100000,0x00000000d7300000)
 ParOldGen       total 68608K, used 13487K [0x0000000080000000, 0x0000000084300000, 0x00000000d5580000)
  object space 68608K, 19% used [0x0000000080000000,0x0000000080d2be58,0x0000000084300000)
 Metaspace       used 26405K, committed 27264K, reserved 1114112K
  class space    used 2602K, committed 2944K, reserved 1048576K
}
Event: 4.855 GC heap after
{Heap after GC invocations=11 (full 1):
 PSYoungGen      total 25088K, used 1435K [0x00000000d5580000, 0x00000000d7280000, 0x0000000100000000)
  eden space 23552K, 0% used [0x00000000d5580000,0x00000000d5580000,0x00000000d6c80000)
  from space 1536K, 93% used [0x00000000d7100000,0x00000000d7266da0,0x00000000d7280000)
  to   space 2048K, 0% used [0x00000000d6e80000,0x00000000d6e80000,0x00000000d7080000)
 ParOldGen       total 68608K, used 14268K [0x0000000080000000, 0x0000000084300000, 0x00000000d5580000)
  object space 68608K, 20% used [0x0000000080000000,0x0000000080def368,0x0000000084300000)
 Metaspace       used 26405K, committed 27264K, reserved 1114112K
  class space    used 2602K, committed 2944K, reserved 1048576K
}
Event: 5.335 GC heap before
{Heap before GC invocations=12 (full 1):
 PSYoungGen      total 25088K, used 24987K [0x00000000d5580000, 0x00000000d7280000, 0x0000000100000000)
  eden space 23552K, 100% used [0x00000000d5580000,0x00000000d6c80000,0x00000000d6c80000)
  from space 1536K, 93% used [0x00000000d7100000,0x00000000d7266da0,0x00000000d7280000)
  to   space 2048K, 0% used [0x00000000d6e80000,0x00000000d6e80000,0x00000000d7080000)
 ParOldGen       total 68608K, used 14268K [0x0000000080000000, 0x0000000084300000, 0x00000000d5580000)
  object space 68608K, 20% used [0x0000000080000000,0x0000000080def368,0x0000000084300000)
 Metaspace       used 28966K, committed 29888K, reserved 1114112K
  class space    used 2857K, committed 3200K, reserved 1048576K
}
Event: 5.337 GC heap after
{Heap after GC invocations=12 (full 1):
 PSYoungGen      total 24576K, used 1421K [0x00000000d5580000, 0x00000000d7180000, 0x0000000100000000)
  eden space 23040K, 0% used [0x00000000d5580000,0x00000000d5580000,0x00000000d6c00000)
  from space 1536K, 92% used [0x00000000d6e80000,0x00000000d6fe35e8,0x00000000d7000000)
  to   space 1536K, 0% used [0x00000000d7000000,0x00000000d7000000,0x00000000d7180000)
 ParOldGen       total 68608K, used 15450K [0x0000000080000000, 0x0000000084300000, 0x00000000d5580000)
  object space 68608K, 22% used [0x0000000080000000,0x0000000080f169f8,0x0000000084300000)
 Metaspace       used 28966K, committed 29888K, reserved 1114112K
  class space    used 2857K, committed 3200K, reserved 1048576K
}
Event: 6.527 GC heap before
{Heap before GC invocations=13 (full 1):
 PSYoungGen      total 24576K, used 24461K [0x00000000d5580000, 0x00000000d7180000, 0x0000000100000000)
  eden space 23040K, 99% used [0x00000000d5580000,0x00000000d6bffff8,0x00000000d6c00000)
  from space 1536K, 92% used [0x00000000d6e80000,0x00000000d6fe35e8,0x00000000d7000000)
  to   space 1536K, 0% used [0x00000000d7000000,0x00000000d7000000,0x00000000d7180000)
 ParOldGen       total 68608K, used 15450K [0x0000000080000000, 0x0000000084300000, 0x00000000d5580000)
  object space 68608K, 22% used [0x0000000080000000,0x0000000080f169f8,0x0000000084300000)
 Metaspace       used 31956K, committed 33088K, reserved 1114112K
  class space    used 3223K, committed 3712K, reserved 1048576K
}
Event: 6.529 GC heap after
{Heap after GC invocations=13 (full 1):
 PSYoungGen      total 24064K, used 1533K [0x00000000d5580000, 0x00000000d7180000, 0x0000000100000000)
  eden space 22528K, 0% used [0x00000000d5580000,0x00000000d5580000,0x00000000d6b80000)
  from space 1536K, 99% used [0x00000000d7000000,0x00000000d717f5b0,0x00000000d7180000)
  to   space 3072K, 0% used [0x00000000d6b80000,0x00000000d6b80000,0x00000000d6e80000)
 ParOldGen       total 68608K, used 16697K [0x0000000080000000, 0x0000000084300000, 0x00000000d5580000)
  object space 68608K, 24% used [0x0000000080000000,0x000000008104e588,0x0000000084300000)
 Metaspace       used 31956K, committed 33088K, reserved 1114112K
  class space    used 3223K, committed 3712K, reserved 1048576K
}
Event: 6.667 GC heap before
{Heap before GC invocations=14 (full 1):
 PSYoungGen      total 24064K, used 24061K [0x00000000d5580000, 0x00000000d7180000, 0x0000000100000000)
  eden space 22528K, 100% used [0x00000000d5580000,0x00000000d6b80000,0x00000000d6b80000)
  from space 1536K, 99% used [0x00000000d7000000,0x00000000d717f5b0,0x00000000d7180000)
  to   space 3072K, 0% used [0x00000000d6b80000,0x00000000d6b80000,0x00000000d6e80000)
 ParOldGen       total 68608K, used 16697K [0x0000000080000000, 0x0000000084300000, 0x00000000d5580000)
  object space 68608K, 24% used [0x0000000080000000,0x000000008104e588,0x0000000084300000)
 Metaspace       used 34707K, committed 35904K, reserved 1114112K
  class space    used 3630K, committed 4160K, reserved 1048576K
}
Event: 6.670 GC heap after
{Heap after GC invocations=14 (full 1):
 PSYoungGen      total 24064K, used 1760K [0x00000000d5580000, 0x00000000d7080000, 0x0000000100000000)
  eden space 22016K, 0% used [0x00000000d5580000,0x00000000d5580000,0x00000000d6b00000)
  from space 2048K, 85% used [0x00000000d6b80000,0x00000000d6d38000,0x00000000d6d80000)
  to   space 2560K, 0% used [0x00000000d6e00000,0x00000000d6e00000,0x00000000d7080000)
 ParOldGen       total 68608K, used 17787K [0x0000000080000000, 0x0000000084300000, 0x00000000d5580000)
  object space 68608K, 25% used [0x0000000080000000,0x000000008115eda0,0x0000000084300000)
 Metaspace       used 34707K, committed 35904K, reserved 1114112K
  class space    used 3630K, committed 4160K, reserved 1048576K
}
Event: 6.698 GC heap before
{Heap before GC invocations=15 (full 1):
 PSYoungGen      total 24064K, used 6172K [0x00000000d5580000, 0x00000000d7080000, 0x0000000100000000)
  eden space 22016K, 20% used [0x00000000d5580000,0x00000000d59cf218,0x00000000d6b00000)
  from space 2048K, 85% used [0x00000000d6b80000,0x00000000d6d38000,0x00000000d6d80000)
  to   space 2560K, 0% used [0x00000000d6e00000,0x00000000d6e00000,0x00000000d7080000)
 ParOldGen       total 68608K, used 17787K [0x0000000080000000, 0x0000000084300000, 0x00000000d5580000)
  object space 68608K, 25% used [0x0000000080000000,0x000000008115eda0,0x0000000084300000)
 Metaspace       used 35215K, committed 36416K, reserved 1114112K
  class space    used 3710K, committed 4224K, reserved 1048576K
}
Event: 6.701 GC heap after
{Heap after GC invocations=15 (full 1):
 PSYoungGen      total 22528K, used 352K [0x00000000d5580000, 0x00000000d6e80000, 0x0000000100000000)
  eden space 22016K, 0% used [0x00000000d5580000,0x00000000d5580000,0x00000000d6b00000)
  from space 512K, 68% used [0x00000000d6e00000,0x00000000d6e58000,0x00000000d6e80000)
  to   space 1024K, 0% used [0x00000000d6c80000,0x00000000d6c80000,0x00000000d6d80000)
 ParOldGen       total 68608K, used 19339K [0x0000000080000000, 0x0000000084300000, 0x00000000d5580000)
  object space 68608K, 28% used [0x0000000080000000,0x00000000812e2da0,0x0000000084300000)
 Metaspace       used 35215K, committed 36416K, reserved 1114112K
  class space    used 3710K, committed 4224K, reserved 1048576K
}
Event: 6.701 GC heap before
{Heap before GC invocations=16 (full 2):
 PSYoungGen      total 22528K, used 352K [0x00000000d5580000, 0x00000000d6e80000, 0x0000000100000000)
  eden space 22016K, 0% used [0x00000000d5580000,0x00000000d5580000,0x00000000d6b00000)
  from space 512K, 68% used [0x00000000d6e00000,0x00000000d6e58000,0x00000000d6e80000)
  to   space 1024K, 0% used [0x00000000d6c80000,0x00000000d6c80000,0x00000000d6d80000)
 ParOldGen       total 68608K, used 19339K [0x0000000080000000, 0x0000000084300000, 0x00000000d5580000)
  object space 68608K, 28% used [0x0000000080000000,0x00000000812e2da0,0x0000000084300000)
 Metaspace       used 35215K, committed 36416K, reserved 1114112K
  class space    used 3710K, committed 4224K, reserved 1048576K
}
Event: 6.747 GC heap after
{Heap after GC invocations=16 (full 2):
 PSYoungGen      total 22528K, used 0K [0x00000000d5580000, 0x00000000d6e80000, 0x0000000100000000)
  eden space 22016K, 0% used [0x00000000d5580000,0x00000000d5580000,0x00000000d6b00000)
  from space 512K, 0% used [0x00000000d6e00000,0x00000000d6e00000,0x00000000d6e80000)
  to   space 1024K, 0% used [0x00000000d6c80000,0x00000000d6c80000,0x00000000d6d80000)
 ParOldGen       total 68608K, used 18736K [0x0000000080000000, 0x0000000084300000, 0x00000000d5580000)
  object space 68608K, 27% used [0x0000000080000000,0x000000008124c3b8,0x0000000084300000)
 Metaspace       used 35212K, committed 36416K, reserved 1114112K
  class space    used 3709K, committed 4224K, reserved 1048576K
}

Dll operation events (10 events):
Event: 0.015 Loaded shared library c:\Users\USER\.vscode\extensions\redhat.java-1.52.0-win32-x64\jre\21.0.9-win32-x86_64\bin\java.dll
Event: 0.138 Loaded shared library c:\Users\USER\.vscode\extensions\redhat.java-1.52.0-win32-x64\jre\21.0.9-win32-x86_64\bin\zip.dll
Event: 0.176 Loaded shared library C:\Users\USER\.vscode\extensions\redhat.java-1.52.0-win32-x64\jre\21.0.9-win32-x86_64\bin\instrument.dll
Event: 0.185 Loaded shared library C:\Users\USER\.vscode\extensions\redhat.java-1.52.0-win32-x64\jre\21.0.9-win32-x86_64\bin\net.dll
Event: 0.188 Loaded shared library C:\Users\USER\.vscode\extensions\redhat.java-1.52.0-win32-x64\jre\21.0.9-win32-x86_64\bin\nio.dll
Event: 0.192 Loaded shared library C:\Users\USER\.vscode\extensions\redhat.java-1.52.0-win32-x64\jre\21.0.9-win32-x86_64\bin\zip.dll
Event: 0.215 Loaded shared library C:\Users\USER\.vscode\extensions\redhat.java-1.52.0-win32-x64\jre\21.0.9-win32-x86_64\bin\jimage.dll
Event: 0.318 Loaded shared library c:\Users\USER\.vscode\extensions\redhat.java-1.52.0-win32-x64\jre\21.0.9-win32-x86_64\bin\verify.dll
Event: 1.949 Loaded shared library C:\Users\USER\AppData\Roaming\Code\User\globalStorage\redhat.java\1.52.0\config_win\org.eclipse.equinox.launcher\org.eclipse.equinox.launcher.win32.win32.x86_64_1.2.1500.v20260121-1430\eclipse_11919.dll
Event: 3.807 Loaded shared library C:\Users\USER\AppData\Local\Temp\jna-2614219\jna18414859607541412558.dll

Deoptimization events (20 events):
Event: 6.670 Thread 0x0000026414a8afc0 Uncommon trap: trap_request=0xfffffff4 fr.pc=0x00000263c019d5ac relative=0x000000000000016c
Event: 6.670 Thread 0x0000026414a8afc0 Uncommon trap: reason=null_check action=make_not_entrant pc=0x00000263c019d5ac method=java.lang.invoke.MethodType.equals(Ljava/lang/Object;)Z @ 8 c2
Event: 6.670 Thread 0x0000026414a8afc0 DEOPT PACKING pc=0x00000263c019d5ac sp=0x000000a4e4cfd790
Event: 6.670 Thread 0x0000026414a8afc0 DEOPT UNPACKING pc=0x00000263bfab3aa2 sp=0x000000a4e4cfd720 mode 2
Event: 6.670 Thread 0x0000026414a8afc0 Uncommon trap: trap_request=0xffffffde fr.pc=0x00000263c0177fa4 relative=0x0000000000000a24
Event: 6.670 Thread 0x0000026414a8afc0 Uncommon trap: reason=class_check action=maybe_recompile pc=0x00000263c0177fa4 method=java.util.concurrent.ConcurrentHashMap.putVal(Ljava/lang/Object;Ljava/lang/Object;Z)Ljava/lang/Object; @ 159 c2
Event: 6.670 Thread 0x0000026414a8afc0 DEOPT PACKING pc=0x00000263c0177fa4 sp=0x000000a4e4cfd6b0
Event: 6.670 Thread 0x0000026414a8afc0 DEOPT UNPACKING pc=0x00000263bfab3aa2 sp=0x000000a4e4cfd630 mode 2
Event: 6.769 Thread 0x0000026414a8bce0 Uncommon trap: trap_request=0xffffffc6 fr.pc=0x00000263c0102a34 relative=0x0000000000000fd4
Event: 6.769 Thread 0x0000026414a8bce0 Uncommon trap: reason=bimorphic_or_optimized_type_check action=maybe_recompile pc=0x00000263c0102a34 method=java.util.Properties$LineReader.readLine()I @ 479 c2
Event: 6.769 Thread 0x0000026414a8bce0 DEOPT PACKING pc=0x00000263c0102a34 sp=0x000000a4e4efd860
Event: 6.769 Thread 0x0000026414a8bce0 DEOPT UNPACKING pc=0x00000263bfab3aa2 sp=0x000000a4e4efd800 mode 2
Event: 9.839 Thread 0x0000026414a8afc0 Uncommon trap: trap_request=0xffffff45 fr.pc=0x00000263c00b8e18 relative=0x00000000000008d8
Event: 9.839 Thread 0x0000026414a8afc0 Uncommon trap: reason=unstable_if action=reinterpret pc=0x00000263c00b8e18 method=jdk.internal.org.objectweb.asm.SymbolTable.put(Ljdk/internal/org/objectweb/asm/SymbolTable$Entry;)Ljdk/internal/org/objectweb/asm/SymbolTable$Entry; @ 13 c2
Event: 9.839 Thread 0x0000026414a8afc0 DEOPT PACKING pc=0x00000263c00b8e18 sp=0x000000a4e4cfd8e0
Event: 9.840 Thread 0x0000026414a8afc0 DEOPT UNPACKING pc=0x00000263bfab3aa2 sp=0x000000a4e4cfd7f8 mode 2
Event: 9.856 Thread 0x0000026414a8afc0 Uncommon trap: trap_request=0xffffffc6 fr.pc=0x00000263c0102a34 relative=0x0000000000000fd4
Event: 9.856 Thread 0x0000026414a8afc0 Uncommon trap: reason=bimorphic_or_optimized_type_check action=maybe_recompile pc=0x00000263c0102a34 method=java.util.Properties$LineReader.readLine()I @ 479 c2
Event: 9.856 Thread 0x0000026414a8afc0 DEOPT PACKING pc=0x00000263c0102a34 sp=0x000000a4e4cfd9f0
Event: 9.856 Thread 0x0000026414a8afc0 DEOPT UNPACKING pc=0x00000263bfab3aa2 sp=0x000000a4e4cfd990 mode 2

Classes loaded (20 events):
Event: 6.640 Loading class sun/reflect/annotation/AnnotatedTypeFactory
Event: 6.640 Loading class sun/reflect/annotation/AnnotatedTypeFactory done
Event: 6.640 Loading class sun/reflect/annotation/AnnotatedTypeFactory$AnnotatedTypeBaseImpl
Event: 6.641 Loading class sun/reflect/annotation/AnnotatedTypeFactory$AnnotatedTypeBaseImpl done
Event: 6.674 Loading class sun/reflect/generics/tree/BottomSignature
Event: 6.674 Loading class sun/reflect/generics/tree/BottomSignature done
Event: 6.674 Loading class sun/reflect/generics/tree/Wildcard
Event: 6.674 Loading class sun/reflect/generics/tree/Wildcard done
Event: 6.674 Loading class sun/reflect/generics/reflectiveObjects/WildcardTypeImpl
Event: 6.674 Loading class sun/reflect/generics/reflectiveObjects/WildcardTypeImpl done
Event: 6.697 Loading class java/util/concurrent/CopyOnWriteArraySet
Event: 6.697 Loading class java/util/concurrent/CopyOnWriteArraySet done
Event: 6.759 Loading class java/lang/annotation/ElementType
Event: 6.759 Loading class java/lang/annotation/ElementType done
Event: 6.800 Loading class sun/reflect/generics/tree/BooleanSignature
Event: 6.800 Loading class sun/reflect/generics/tree/BooleanSignature done
Event: 6.800 Loading class sun/reflect/generics/tree/ArrayTypeSignature
Event: 7.800 Loading class sun/reflect/generics/tree/ArrayTypeSignature done
Event: 9.852 Loading class java/util/concurrent/ArrayBlockingQueue
Event: 9.853 Loading class java/util/concurrent/ArrayBlockingQueue done

Classes unloaded (9 events):
Event: 4.423 Thread 0x00000263b53ce8e0 Unloading class 0x00000263cd1a4000 'java/lang/invoke/LambdaForm$MH+0x00000263cd1a4000'
Event: 4.423 Thread 0x00000263b53ce8e0 Unloading class 0x00000263cd1a3c00 'java/lang/invoke/LambdaForm$MH+0x00000263cd1a3c00'
Event: 4.423 Thread 0x00000263b53ce8e0 Unloading class 0x00000263cd1a3800 'java/lang/invoke/LambdaForm$MH+0x00000263cd1a3800'
Event: 4.423 Thread 0x00000263b53ce8e0 Unloading class 0x00000263cd1a3400 'java/lang/invoke/LambdaForm$MH+0x00000263cd1a3400'
Event: 4.423 Thread 0x00000263b53ce8e0 Unloading class 0x00000263cd1a3000 'java/lang/invoke/LambdaForm$BMH+0x00000263cd1a3000'
Event: 4.423 Thread 0x00000263b53ce8e0 Unloading class 0x00000263cd1a2c00 'java/lang/invoke/LambdaForm$DMH+0x00000263cd1a2c00'
Event: 4.423 Thread 0x00000263b53ce8e0 Unloading class 0x00000263cd1a1800 'java/lang/invoke/LambdaForm$DMH+0x00000263cd1a1800'
Event: 6.707 Thread 0x00000263b53ce8e0 Unloading class 0x00000263cd368000 'java/lang/invoke/LambdaForm$MH+0x00000263cd368000'
Event: 6.707 Thread 0x00000263b53ce8e0 Unloading class 0x00000263cd365400 'java/lang/invoke/LambdaForm$MH+0x00000263cd365400'

Classes redefined (0 events):
No events

Internal exceptions (20 events):
Event: 5.422 Thread 0x0000026414a8afc0 Exception <a 'java/lang/NoSuchMethodError'{0x00000000d59c34e0}: 'int java.lang.invoke.DirectMethodHandle$Holder.invokeStaticInit(java.lang.Object, long, long)'> (0x00000000d59c34e0) 
thrown [s\src\hotspot\share\interpreter\linkResolver.cpp, line 773]
Event: 5.423 Thread 0x0000026414a8afc0 Exception <a 'java/lang/NoSuchMethodError'{0x00000000d59c9bc8}: 'int java.lang.invoke.DirectMethodHandle$Holder.invokeStaticInit(java.lang.Object, float, float)'> (0x00000000d59c9bc8) 
thrown [s\src\hotspot\share\interpreter\linkResolver.cpp, line 773]
Event: 5.424 Thread 0x0000026414a8afc0 Exception <a 'java/lang/NoSuchMethodError'{0x00000000d59d02a8}: 'int java.lang.invoke.DirectMethodHandle$Holder.invokeStaticInit(java.lang.Object, double, double)'> (0x00000000d59d02a8) 
thrown [s\src\hotspot\share\interpreter\linkResolver.cpp, line 773]
Event: 5.424 Thread 0x0000026414a8afc0 Exception <a 'java/lang/NoSuchMethodError'{0x00000000d5a16d00}: 'int java.lang.invoke.DirectMethodHandle$Holder.invokeStatic(java.lang.Object, long)'> (0x00000000d5a16d00) 
thrown [s\src\hotspot\share\interpreter\linkResolver.cpp, line 773]
Event: 5.428 Thread 0x0000026414a8afc0 Exception <a 'java/lang/NoSuchMethodError'{0x00000000d5a6b700}: 'int java.lang.invoke.Invokers$Holder.linkToTargetMethod(java.lang.Object, java.lang.Object)'> (0x00000000d5a6b700) 
thrown [s\src\hotspot\share\interpreter\linkResolver.cpp, line 773]
Event: 5.428 Thread 0x0000026414a8e440 Exception <a 'java/lang/NoSuchMethodError'{0x00000000d5aac0f8}: 'int java.lang.invoke.Invokers$Holder.linkToTargetMethod(java.lang.Object, java.lang.Object)'> (0x00000000d5aac0f8) 
thrown [s\src\hotspot\share\interpreter\linkResolver.cpp, line 773]
Event: 5.429 Thread 0x0000026414a8e440 Exception <a 'java/lang/NoSuchMethodError'{0x00000000d5abc890}: 'int java.lang.invoke.DirectMethodHandle$Holder.invokeSpecial(java.lang.Object, java.lang.Object, java.lang.Object, java.lang.Object)'> (0x00000000d5abc890) 
thrown [s\src\hotspot\share\interpreter\linkResolver.cpp, line 773]
Event: 5.430 Thread 0x0000026414a8e440 Exception <a 'java/lang/NoSuchMethodError'{0x00000000d5af1c88}: 'java.lang.Object java.lang.invoke.DirectMethodHandle$Holder.invokeStatic(java.lang.Object, int, java.lang.Object, java.lang.Object)'> (0x00000000d5af1c88) 
thrown [s\src\hotspot\share\interpreter\linkResolver.cpp, line 773]
Event: 5.430 Thread 0x0000026414a8e440 Exception <a 'java/lang/NoSuchMethodError'{0x00000000d5b10aa8}: 'java.lang.Object java.lang.invoke.DelegatingMethodHandle$Holder.delegate(java.lang.Object, int, java.lang.Object, java.lang.Object)'> (0x00000000d5b10aa8) 
thrown [s\src\hotspot\share\interpreter\linkResolver.cpp, line 773]
Event: 6.451 Thread 0x0000026414a8e440 Exception <a 'java/lang/NoSuchMethodError'{0x00000000d5bf5480}: 'int java.lang.invoke.Invokers$Holder.linkToTargetMethod(java.lang.Object, java.lang.Object, java.lang.Object)'> (0x00000000d5bf5480) 
thrown [s\src\hotspot\share\interpreter\linkResolver.cpp, line 773]
Event: 6.474 Thread 0x0000026414a8b650 Exception <a 'java/lang/NoSuchMethodError'{0x00000000d6076f20}: 'void java.lang.invoke.DirectMethodHandle$Holder.invokeStaticInit(java.lang.Object, java.lang.Object, java.lang.Object, java.lang.Object)'> (0x00000000d6076f20) 
thrown [s\src\hotspot\share\interpreter\linkResolver.cpp, line 773]
Event: 6.487 Thread 0x0000026414a8afc0 Exception <a 'java/lang/NoSuchMethodError'{0x00000000d63057d8}: 'java.lang.Object java.lang.invoke.DirectMethodHandle$Holder.invokeSpecialIFC(java.lang.Object, java.lang.Object, java.lang.Object, java.lang.Object)'> (0x00000000d63057d8) 
thrown [s\src\hotspot\share\interpreter\linkResolver.cpp, line 773]
Event: 6.523 Thread 0x00000263b5332ae0 Exception <a 'java/lang/NoSuchMethodError'{0x00000000d6abcae8}: 'java.lang.Object java.lang.invoke.DirectMethodHandle$Holder.invokeStatic(java.lang.Object, long, java.lang.Object)'> (0x00000000d6abcae8) 
thrown [s\src\hotspot\share\interpreter\linkResolver.cpp, line 773]
Event: 6.523 Thread 0x00000263b5332ae0 Exception <a 'java/lang/NoSuchMethodError'{0x00000000d6ac3d90}: 'java.lang.Object java.lang.invoke.DirectMethodHandle$Holder.invokeStaticInit(java.lang.Object, long, java.lang.Object)'> (0x00000000d6ac3d90) 
thrown [s\src\hotspot\share\interpreter\linkResolver.cpp, line 773]
Event: 6.524 Thread 0x00000263b5332ae0 Exception <a 'java/lang/NoSuchMethodError'{0x00000000d6ae4b30}: 'java.lang.Object java.lang.invoke.DirectMethodHandle$Holder.newInvokeSpecial(java.lang.Object, long)'> (0x00000000d6ae4b30) 
thrown [s\src\hotspot\share\interpreter\linkResolver.cpp, line 773]
Event: 6.554 Thread 0x0000026414a8d090 Exception <a 'java/io/FileNotFoundException'{0x00000000d5b30ca0}> (0x00000000d5b30ca0) 
thrown [s\src\hotspot\share\prims\jni.cpp, line 520]
Event: 6.610 Thread 0x0000026414a8bce0 Exception <a 'java/lang/NoSuchMethodError'{0x00000000d649dc10}: 'void java.lang.invoke.DirectMethodHandle$Holder.invokeStaticInit(java.lang.Object, java.lang.Object, java.lang.Object)'> (0x00000000d649dc10) 
thrown [s\src\hotspot\share\interpreter\linkResolver.cpp, line 773]
Event: 6.670 Thread 0x0000026414a8afc0 Implicit null exception at 0x00000263c019d489 to 0x00000263c019d59c
Event: 6.751 Thread 0x0000026414a8bce0 Exception <a 'java/lang/NoSuchMethodError'{0x00000000d55fe1c0}: 'java.lang.Object java.lang.invoke.DirectMethodHandle$Holder.invokeVirtual(java.lang.Object, java.lang.Object, java.lang.Object, java.lang.Object)'> (0x00000000d55fe1c0) 
thrown [s\src\hotspot\share\interpreter\linkResolver.cpp, line 773]
Event: 6.757 Thread 0x0000026414a8bce0 Exception <a 'java/lang/NoSuchMethodError'{0x00000000d568d6e0}: 'java.lang.Object java.lang.invoke.DirectMethodHandle$Holder.invokeVirtual(java.lang.Object, java.lang.Object, java.lang.Object, java.lang.Object, java.lang.Object)'> (0x00000000d568d6e0) 
thrown [s\src\hotspot\share\interpreter\linkResolver.cpp, line 773]

ZGC Phase Switch (0 events):
No events

VM Operations (20 events):
Event: 5.255 Executing VM operation: HandshakeAllThreads (Deoptimize) done
Event: 5.302 Executing VM operation: HandshakeAllThreads (Deoptimize)
Event: 5.302 Executing VM operation: HandshakeAllThreads (Deoptimize) done
Event: 5.335 Executing VM operation: ParallelGCFailedAllocation (Allocation Failure)
Event: 5.337 Executing VM operation: ParallelGCFailedAllocation (Allocation Failure) done
Event: 6.338 Executing VM operation: Cleanup
Event: 6.449 Executing VM operation: Cleanup done
Event: 6.450 Executing VM operation: HandshakeAllThreads (Deoptimize)
Event: 6.451 Executing VM operation: HandshakeAllThreads (Deoptimize) done
Event: 6.527 Executing VM operation: ParallelGCFailedAllocation (Allocation Failure)
Event: 6.529 Executing VM operation: ParallelGCFailedAllocation (Allocation Failure) done
Event: 6.667 Executing VM operation: ParallelGCFailedAllocation (Allocation Failure)
Event: 6.670 Executing VM operation: ParallelGCFailedAllocation (Allocation Failure) done
Event: 6.697 Executing VM operation: CollectForMetadataAllocation (Metadata GC Threshold)
Event: 6.747 Executing VM operation: CollectForMetadataAllocation (Metadata GC Threshold) done
Event: 8.747 Executing VM operation: Cleanup
Event: 9.832 Executing VM operation: Cleanup done
Event: 9.859 Executing VM operation: HandshakeAllThreads (Deoptimize)
Event: 9.859 Executing VM operation: HandshakeAllThreads (Deoptimize) done
Event: 10.859 Executing VM operation: Cleanup

Memory protections (0 events):
No events

Nmethod flushes (20 events):
Event: 6.720 Thread 0x00000263b53ce8e0 flushing  nmethod 0x00000263b8b57a10
Event: 6.720 Thread 0x00000263b53ce8e0 flushing  nmethod 0x00000263b8b58310
Event: 6.720 Thread 0x00000263b53ce8e0 flushing  nmethod 0x00000263b8b59510
Event: 6.720 Thread 0x00000263b53ce8e0 flushing  nmethod 0x00000263b8b59d10
Event: 6.720 Thread 0x00000263b53ce8e0 flushing  nmethod 0x00000263b8b5a490
Event: 6.720 Thread 0x00000263b53ce8e0 flushing  nmethod 0x00000263b8b5ba10
Event: 6.720 Thread 0x00000263b53ce8e0 flushing  nmethod 0x00000263b8b5bf10
Event: 6.720 Thread 0x00000263b53ce8e0 flushing  nmethod 0x00000263b8b5c410
Event: 6.720 Thread 0x00000263b53ce8e0 flushing  nmethod 0x00000263b8b5c810
Event: 6.720 Thread 0x00000263b53ce8e0 flushing  nmethod 0x00000263b8b5d090
Event: 6.720 Thread 0x00000263b53ce8e0 flushing  nmethod 0x00000263b8b5f010
Event: 6.720 Thread 0x00000263b53ce8e0 flushing  nmethod 0x00000263b8b60c90
Event: 6.720 Thread 0x00000263b53ce8e0 flushing  nmethod 0x00000263b8b61190
Event: 6.720 Thread 0x00000263b53ce8e0 flushing  nmethod 0x00000263b8b62110
Event: 6.720 Thread 0x00000263b53ce8e0 flushing  nmethod 0x00000263b8b96310
Event: 6.720 Thread 0x00000263b53ce8e0 flushing  nmethod 0x00000263b8b99510
Event: 6.720 Thread 0x00000263b53ce8e0 flushing  nmethod 0x00000263b8bab810
Event: 6.720 Thread 0x00000263b53ce8e0 flushing  nmethod 0x00000263b8bf2890
Event: 6.720 Thread 0x00000263b53ce8e0 flushing  nmethod 0x00000263b8c23310
Event: 6.720 Thread 0x00000263b53ce8e0 flushing  nmethod 0x00000263b8c4a710

Events (20 events):
Event: 5.407 Thread 0x0000026414a8afc0 Thread added: 0x0000026414a8b650
Event: 5.426 Thread 0x0000026414a8b650 Thread added: 0x0000026414a8bce0
Event: 6.449 Thread 0x0000026414a8bce0 Thread added: 0x0000026414a8d720
Event: 6.450 Thread 0x000002640e1455c0 Thread added: 0x000002640e145c90
Event: 6.535 Thread 0x00000263b5332ae0 Thread added: 0x0000026414a8c370
Event: 6.536 Thread 0x00000263b5332ae0 Thread added: 0x0000026414a8ca00
Event: 6.536 Thread 0x00000263b5332ae0 Thread added: 0x00000264153a6620
Event: 6.536 Thread 0x00000263b5332ae0 Thread added: 0x00000264153a5270
Event: 6.536 Thread 0x00000263b5332ae0 Thread added: 0x00000264153a6cb0
Event: 6.536 Thread 0x00000263b5332ae0 Thread added: 0x00000264153a79d0
Event: 6.536 Thread 0x00000263b5332ae0 Thread added: 0x00000264153a8060
Event: 6.536 Thread 0x00000263b5332ae0 Thread added: 0x00000264153a7340
Event: 6.536 Thread 0x00000263b5332ae0 Thread added: 0x00000264153a4be0
Event: 6.537 Thread 0x00000263b5332ae0 Thread added: 0x00000264153a86f0
Event: 6.537 Thread 0x00000263b5332ae0 Thread added: 0x00000264153a8d80
Event: 6.537 Thread 0x00000263b5332ae0 Thread added: 0x00000264153a5900
Event: 6.537 Thread 0x00000263b5332ae0 Thread added: 0x00000264153a9410
Event: 6.560 Thread 0x00000263b5332ae0 Thread added: 0x00000264153a5f90
Event: 6.606 Thread 0x0000026414a8bce0 Thread added: 0x00000264153ab4e0
Event: 6.627 Thread 0x0000026414a8bce0 Thread added: 0x00000264153abb70


Dynamic libraries:
0x00007ff73e8c0000 - 0x00007ff73e8ce000 	c:\Users\USER\.vscode\extensions\redhat.java-1.52.0-win32-x64\jre\21.0.9-win32-x86_64\bin\java.exe
0x00007ff8470a0000 - 0x00007ff847308000 	C:\WINDOWS\SYSTEM32\ntdll.dll
0x00007ff845800000 - 0x00007ff8458c9000 	C:\WINDOWS\System32\KERNEL32.DLL
0x00007ff843c20000 - 0x00007ff844011000 	C:\WINDOWS\System32\KERNELBASE.dll
0x00007ff844020000 - 0x00007ff84416b000 	C:\WINDOWS\System32\ucrtbase.dll
0x00007ff834510000 - 0x00007ff834528000 	c:\Users\USER\.vscode\extensions\redhat.java-1.52.0-win32-x64\jre\21.0.9-win32-x86_64\bin\jli.dll
0x00007ff8343f0000 - 0x00007ff83440e000 	c:\Users\USER\.vscode\extensions\redhat.java-1.52.0-win32-x64\jre\21.0.9-win32-x86_64\bin\VCRUNTIME140.dll
0x00007ff845de0000 - 0x00007ff845fa6000 	C:\WINDOWS\System32\USER32.dll
0x00007ff844200000 - 0x00007ff844227000 	C:\WINDOWS\System32\win32u.dll
0x00007ff830630000 - 0x00007ff8308c3000 	C:\WINDOWS\WinSxS\amd64_microsoft.windows.common-controls_6595b64144ccf1df_6.0.26100.7705_none_3e06597ae3363b04\COMCTL32.dll
0x00007ff845760000 - 0x00007ff84578b000 	C:\WINDOWS\System32\GDI32.dll
0x00007ff846a50000 - 0x00007ff846af9000 	C:\WINDOWS\System32\msvcrt.dll
0x00007ff843a30000 - 0x00007ff843b5b000 	C:\WINDOWS\System32\gdi32full.dll
0x00007ff844aa0000 - 0x00007ff844b43000 	C:\WINDOWS\System32\msvcp_win.dll
0x00007ff844e40000 - 0x00007ff844e71000 	C:\WINDOWS\System32\IMM32.DLL
0x00007ff83bed0000 - 0x00007ff83bedc000 	c:\Users\USER\.vscode\extensions\redhat.java-1.52.0-win32-x64\jre\21.0.9-win32-x86_64\bin\vcruntime140_1.dll
0x00007ff80d6f0000 - 0x00007ff80d77d000 	c:\Users\USER\.vscode\extensions\redhat.java-1.52.0-win32-x64\jre\21.0.9-win32-x86_64\bin\msvcp140.dll
0x00007fff5b0e0000 - 0x00007fff5be80000 	c:\Users\USER\.vscode\extensions\redhat.java-1.52.0-win32-x64\jre\21.0.9-win32-x86_64\bin\server\jvm.dll
0x00007ff846bc0000 - 0x00007ff846c74000 	C:\WINDOWS\System32\ADVAPI32.dll
0x00007ff846320000 - 0x00007ff8463c6000 	C:\WINDOWS\System32\sechost.dll
0x00007ff846200000 - 0x00007ff846318000 	C:\WINDOWS\System32\RPCRT4.dll
0x00007ff845fc0000 - 0x00007ff846034000 	C:\WINDOWS\System32\WS2_32.dll
0x00007ff832890000 - 0x00007ff8328c5000 	C:\WINDOWS\SYSTEM32\WINMM.dll
0x00007ff8437e0000 - 0x00007ff84383e000 	C:\WINDOWS\SYSTEM32\POWRPROF.dll
0x00007ff838a00000 - 0x00007ff838a0b000 	C:\WINDOWS\SYSTEM32\VERSION.dll
0x00007ff8437c0000 - 0x00007ff8437d4000 	C:\WINDOWS\SYSTEM32\UMPDC.dll
0x00007ff842730000 - 0x00007ff84274b000 	C:\WINDOWS\SYSTEM32\kernel.appcore.dll
0x00007ff837180000 - 0x00007ff83718a000 	c:\Users\USER\.vscode\extensions\redhat.java-1.52.0-win32-x64\jre\21.0.9-win32-x86_64\bin\jimage.dll
0x00007ff830ad0000 - 0x00007ff830d12000 	C:\WINDOWS\SYSTEM32\DBGHELP.DLL
0x00007ff8465c0000 - 0x00007ff846946000 	C:\WINDOWS\System32\combase.dll
0x00007ff8464e0000 - 0x00007ff8465b7000 	C:\WINDOWS\System32\OLEAUT32.dll
0x00007ff82d430000 - 0x00007ff82d46b000 	C:\WINDOWS\SYSTEM32\dbgcore.DLL
0x00007ff843980000 - 0x00007ff843a25000 	C:\WINDOWS\System32\bcryptPrimitives.dll
0x00007ff81b960000 - 0x00007ff81b96f000 	c:\Users\USER\.vscode\extensions\redhat.java-1.52.0-win32-x64\jre\21.0.9-win32-x86_64\bin\instrument.dll
0x00007ff81b500000 - 0x00007ff81b520000 	c:\Users\USER\.vscode\extensions\redhat.java-1.52.0-win32-x64\jre\21.0.9-win32-x86_64\bin\java.dll
0x00007ff844e90000 - 0x00007ff8455e1000 	C:\WINDOWS\System32\SHELL32.dll
0x00007ff844b50000 - 0x00007ff844cba000 	C:\WINDOWS\System32\wintypes.dll
0x00007ff844230000 - 0x00007ff844a92000 	C:\WINDOWS\System32\windows.storage.dll
0x00007ff846f60000 - 0x00007ff847056000 	C:\WINDOWS\System32\SHCORE.dll
0x00007ff846d10000 - 0x00007ff846d77000 	C:\WINDOWS\System32\shlwapi.dll
0x00007ff8438a0000 - 0x00007ff8438c9000 	C:\WINDOWS\SYSTEM32\profapi.dll
0x00007ff81c3f0000 - 0x00007ff81c408000 	c:\Users\USER\.vscode\extensions\redhat.java-1.52.0-win32-x64\jre\21.0.9-win32-x86_64\bin\zip.dll
0x00007ff8343e0000 - 0x00007ff8343f0000 	C:\Users\USER\.vscode\extensions\redhat.java-1.52.0-win32-x64\jre\21.0.9-win32-x86_64\bin\net.dll
0x00007ff838b90000 - 0x00007ff838cb7000 	C:\WINDOWS\SYSTEM32\WINHTTP.dll
0x00007ff842ca0000 - 0x00007ff842d0b000 	C:\WINDOWS\system32\mswsock.dll
0x00007ff81b460000 - 0x00007ff81b476000 	C:\Users\USER\.vscode\extensions\redhat.java-1.52.0-win32-x64\jre\21.0.9-win32-x86_64\bin\nio.dll
0x00007ff81a630000 - 0x00007ff81a640000 	c:\Users\USER\.vscode\extensions\redhat.java-1.52.0-win32-x64\jre\21.0.9-win32-x86_64\bin\verify.dll
0x00007ff80a1f0000 - 0x00007ff80a235000 	C:\Users\USER\AppData\Roaming\Code\User\globalStorage\redhat.java\1.52.0\config_win\org.eclipse.equinox.launcher\org.eclipse.equinox.launcher.win32.win32.x86_64_1.2.1500.v20260121-1430\eclipse_11919.dll
0x00007ff846060000 - 0x00007ff8461f7000 	C:\WINDOWS\System32\ole32.dll
0x00007ff842f60000 - 0x00007ff842f7b000 	C:\WINDOWS\SYSTEM32\CRYPTSP.dll
0x00007ff842690000 - 0x00007ff8426c9000 	C:\WINDOWS\system32\rsaenh.dll
0x00007ff842d50000 - 0x00007ff842d7b000 	C:\WINDOWS\SYSTEM32\USERENV.dll
0x00007ff843870000 - 0x00007ff84389a000 	C:\WINDOWS\SYSTEM32\bcrypt.dll
0x00007ff842f80000 - 0x00007ff842f8c000 	C:\WINDOWS\SYSTEM32\CRYPTBASE.dll
0x00007ff842140000 - 0x00007ff842174000 	C:\WINDOWS\SYSTEM32\IPHLPAPI.DLL
0x00007ff8457f0000 - 0x00007ff8457fa000 	C:\WINDOWS\System32\NSI.dll
0x00007ff814b70000 - 0x00007ff814bb9000 	C:\Users\USER\AppData\Local\Temp\jna-2614219\jna18414859607541412558.dll
0x00007ff845fb0000 - 0x00007ff845fb8000 	C:\WINDOWS\System32\PSAPI.DLL
0x00007ff838b10000 - 0x00007ff838b2e000 	C:\WINDOWS\SYSTEM32\dhcpcsvc6.DLL
0x00007ff838ae0000 - 0x00007ff838b03000 	C:\WINDOWS\SYSTEM32\dhcpcsvc.DLL

JVMTI agents:
c:\Users\USER\.vscode\extensions\redhat.java-1.52.0-win32-x64\lombok\lombok-1.18.39-4050.jar path:c:\Users\USER\.vscode\extensions\redhat.java-1.52.0-win32-x64\jre\21.0.9-win32-x86_64\bin\instrument.dll, loaded, initialized, instrumentlib options:none

dbghelp: loaded successfully - version: 4.0.5 - missing functions: none
symbol engine: initialized successfully - sym options: 0x614 - pdb path: .;c:\Users\USER\.vscode\extensions\redhat.java-1.52.0-win32-x64\jre\21.0.9-win32-x86_64\bin;C:\WINDOWS\SYSTEM32;C:\WINDOWS\WinSxS\amd64_microsoft.windows.common-controls_6595b64144ccf1df_6.0.26100.7705_none_3e06597ae3363b04;c:\Users\USER\.vscode\extensions\redhat.java-1.52.0-win32-x64\jre\21.0.9-win32-x86_64\bin\server;C:\Users\USER\AppData\Roaming\Code\User\globalStorage\redhat.java\1.52.0\config_win\org.eclipse.equinox.launcher\org.eclipse.equinox.launcher.win32.win32.x86_64_1.2.1500.v20260121-1430;C:\Users\USER\AppData\Local\Temp\jna-2614219

VM Arguments:
jvm_args: --add-modules=ALL-SYSTEM --add-opens=java.base/java.util=ALL-UNNAMED --add-opens=java.base/java.lang=ALL-UNNAMED --add-opens=java.base/sun.nio.fs=ALL-UNNAMED -Declipse.application=org.eclipse.jdt.ls.core.id1 -Dosgi.bundles.defaultStartLevel=4 -Declipse.product=org.eclipse.jdt.ls.core.product -Djava.import.generatesMetadataFilesAtProjectRoot=false -DDetectVMInstallationsJob.disabled=true -Dfile.encoding=utf8 -XX:+UseParallelGC -XX:GCTimeRatio=4 -XX:AdaptiveSizePolicyWeight=90 -Dsun.zip.disableMemoryMapping=true -Xmx2G -Xms100m -Xlog:disable -javaagent:c:\Users\USER\.vscode\extensions\redhat.java-1.52.0-win32-x64\lombok\lombok-1.18.39-4050.jar -XX:+HeapDumpOnOutOfMemoryError -XX:HeapDumpPath=c:\Users\USER\AppData\Roaming\Code\User\workspaceStorage\99c406d687a3e6d1975a5996c0bfbb57\redhat.java -Daether.dependencyCollector.impl=bf 
java_command: c:\Users\USER\.vscode\extensions\redhat.java-1.52.0-win32-x64\server\plugins\org.eclipse.equinox.launcher_1.7.100.v20251111-0406.jar -configuration c:\Users\USER\AppData\Roaming\Code\User\globalStorage\redhat.java\1.52.0\config_win -data c:\Users\USER\AppData\Roaming\Code\User\workspaceStorage\99c406d687a3e6d1975a5996c0bfbb57\redhat.java\jdt_ws --pipe=\\.\pipe\lsp-3453334076da3706371958d554681c31-sock
java_class_path (initial): c:\Users\USER\.vscode\extensions\redhat.java-1.52.0-win32-x64\server\plugins\org.eclipse.equinox.launcher_1.7.100.v20251111-0406.jar
Launcher Type: SUN_STANDARD

[Global flags]
    uintx AdaptiveSizePolicyWeight                 = 90                                        {product} {command line}
     intx CICompilerCount                          = 4                                         {product} {ergonomic}
    uintx GCTimeRatio                              = 4                                         {product} {command line}
     bool HeapDumpOnOutOfMemoryError               = true                                   {manageable} {command line}
    ccstr HeapDumpPath                             = c:\Users\USER\AppData\Roaming\Code\User\workspaceStorage\99c406d687a3e6d1975a5996c0bfbb57\redhat.java         {manageable} {command line}
   size_t InitialHeapSize                          = 104857600                                 {product} {command line}
   size_t MaxHeapSize                              = 2147483648                                {product} {command line}
   size_t MaxNewSize                               = 715653120                                 {product} {ergonomic}
   size_t MinHeapDeltaBytes                        = 524288                                    {product} {ergonomic}
   size_t MinHeapSize                              = 104857600                                 {product} {command line}
   size_t NewSize                                  = 34603008                                  {product} {ergonomic}
    uintx NonNMethodCodeHeapSize                   = 5839372                                {pd product} {ergonomic}
    uintx NonProfiledCodeHeapSize                  = 122909434                              {pd product} {ergonomic}
   size_t OldSize                                  = 70254592                                  {product} {ergonomic}
    uintx ProfiledCodeHeapSize                     = 122909434                              {pd product} {ergonomic}
    uintx ReservedCodeCacheSize                    = 251658240                              {pd product} {ergonomic}
     bool SegmentedCodeCache                       = true                                      {product} {ergonomic}
   size_t SoftMaxHeapSize                          = 2147483648                             {manageable} {ergonomic}
     bool UseCompressedOops                        = true                           {product lp64_product} {ergonomic}
     bool UseLargePagesIndividualAllocation        = false                                  {pd product} {ergonomic}
     bool UseParallelGC                            = true                                      {product} {command line}

Logging:
Log output configuration:
 #0: stdout all=off uptime,level,tags foldmultilines=false
 #1: stderr all=off uptime,level,tags foldmultilines=false

Release file:
JAVA_VERSION="21.0.9" 
MODULES="java.base java.compiler java.datatransfer java.xml java.prefs java.desktop java.instrument java.logging java.management java.security.sasl java.naming java.rmi java.management.rmi java.net.http java.scripting java.security.jgss java.transaction.xa java.sql java.sql.rowset java.xml.crypto java.se java.smartcardio jdk.accessibility jdk.internal.jvmstat jdk.attach jdk.charsets jdk.internal.opt jdk.zipfs jdk.compiler jdk.crypto.ec jdk.crypto.cryptoki jdk.crypto.mscapi jdk.dynalink jdk.internal.ed jdk.editpad jdk.hotspot.agent jdk.httpserver jdk.internal.le jdk.internal.vm.ci jdk.internal.vm.compiler jdk.internal.vm.compiler.management jdk.jartool jdk.javadoc jdk.jcmd jdk.management jdk.management.agent jdk.jconsole jdk.jdeps jdk.jdwp.agent jdk.jdi jdk.jfr jdk.jshell jdk.jsobject jdk.jstatd jdk.localedata jdk.management.jfr jdk.naming.dns jdk.naming.rmi jdk.net jdk.nio.mapmode jdk.random jdk.sctp jdk.security.auth jdk.security.jgss jdk.unsupported jdk.unsupported.desktop jdk.xml.dom" 

Environment Variables:
JAVA_HOME=C:\Program Files\Java\jdk-20
PATH=C:\Program Files\Common Files\Oracle\Java\javapath;C:\Program Files (x86)\Common Files\Oracle\Java\java8path;C:\Program Files (x86)\Common Files\Oracle\Java\javapath;C:\Python310\Scripts\;C:\Python310\;C:\WINDOWS\system32;C:\WINDOWS;C:\WINDOWS\System32\Wbem;C:\WINDOWS\System32\WindowsPowerShell\v1.0\;C:\WINDOWS\System32\OpenSSH\;C:\Program Files\NVIDIA Corporation\NVIDIA NvDLISR;C:\WINDOWS\system32;C:\WINDOWS;C:\WINDOWS\System32\Wbem;C:\WINDOWS\System32\WindowsPowerShell\v1.0\;C:\WINDOWS\System32\OpenSSH\;D:\jdk20\bin;C:\Program Files\Java\jdk-20\bin;C:\Program Files\nodejs;C:\Program Files\Java\jdk-21;C:\Program Files\Git\cmd;C:\Program Files\dotnet\;C:\Program Files\nodejs\;D:\Users\USER\allure-2.34.1\bin;D:\Users\USER\maven-mvnd-1.0.2-windows-amd64\bin;D:\sonar-scanner-7.2.0.5079-windows-x64\bin;C:\Program Files\apache-maven-3.9.11\bin;D:\Users\USER\anaconda3\Library\mingw-w64\bin;D:\Users\USER\anaconda3\Library\usr\bin;D:\Users\USER\anaconda3\Library\bin;D:\Users\USER\anaconda3\Scripts;C:\Program Files\MySQL\MySQL Shell 8.0\bin\;C:\Users\USER\AppData\Local\Microsoft\WindowsApps;C:\Users\USER\AppData\Local\GitHubDesktop\bin;C:\Users\USER\AppData\Local\Programs\Microsoft VS Code\bin;D:\Program Files\IntelliJ IDEA Community Edition 2024.2.4\bin;;C:\Users\USER\.dotnet\tools;C:\Users\USER\AppData\Roaming\npm;C:\Program Files (x86)\BrowserStackLocal\;D:\IntelliJ IDEA 2025.3\bin;D:\flutter_windows_3.41.0-0.2.pre-beta\flutter\bin;
USERNAME=USER
OS=Windows_NT
PROCESSOR_IDENTIFIER=Intel64 Family 6 Model 165 Stepping 2, GenuineIntel
TMP=C:\Users\USER\AppData\Local\Temp
TEMP=C:\Users\USER\AppData\Local\Temp




Periodic native trim disabled

---------------  S Y S T E M  ---------------

OS:
 Windows 11 , 64 bit Build 26100 (10.0.26100.7705)
OS uptime: 0 days 1:27 hours

CPU: total 12 (initial active 12) (6 cores per cpu, 2 threads per core) family 6 model 165 stepping 2 microcode 0xe2, cx8, cmov, fxsr, ht, mmx, 3dnowpref, sse, sse2, sse3, ssse3, sse4.1, sse4.2, popcnt, lzcnt, tsc, tscinvbit, avx, avx2, aes, erms, clmul, bmi1, bmi2, adx, fma, vzeroupper, clflush, clflushopt, rdtscp, f16c, pku
Processor Information for the first 12 processors :
  Max Mhz: 2592, Current Mhz: 2592, Mhz Limit: 2592

Memory: 4k page, system-wide physical 16205M (1983M free)
TotalPageFile size 20301M (AvailPageFile size 8M)
current process WorkingSet (physical memory assigned to process): 203M, peak: 205M
current process commit charge ("private bytes"): 330M, peak: 332M

vm_info: OpenJDK 64-Bit Server VM (21.0.9+10-LTS) for windows-amd64 JRE (21.0.9+10-LTS), built on 2025-10-21T00:00:00Z by "admin" with unknown MS VC++:1942

END.
