#
# There is insufficient memory for the Java Runtime Environment to continue.
# Native memory allocation (mmap) failed to map 255852544 bytes for G1 virtual space
# Possible reasons:
#   The system is out of physical RAM or swap space
#   The process is running with CompressedOops enabled, and the Java Heap may be blocking the growth of the native heap
# Possible solutions:
#   Reduce memory load on the system
#   Increase physical memory or swap space
#   Check if swap backing store is full
#   Decrease Java heap size (-Xmx/-Xms)
#   Decrease number of Java threads
#   Decrease Java thread stack sizes (-Xss)
#   Set larger code cache with -XX:ReservedCodeCacheSize=
#   JVM is running with Zero Based Compressed Oops mode in which the Java heap is
#     placed in the first 32GB address space. The Java Heap base address is the
#     maximum limit for the native heap growth. Please use -XX:HeapBaseMinAddress
#     to set the Java Heap base and to place the Java Heap above 32GB virtual address.
# This output file may be truncated or incomplete.
#
#  Out of Memory Error (os_windows.cpp:3528), pid=4480, tid=16896
#
# JRE version: Java(TM) SE Runtime Environment (20.0.1+9) (build 20.0.1+9-29)
# Java VM: Java HotSpot(TM) 64-Bit Server VM (20.0.1+9-29, mixed mode, sharing, tiered, compressed oops, compressed class ptrs, g1 gc, windows-amd64)
# No core dump will be written. Minidumps are not enabled by default on client versions of Windows
#

---------------  S U M M A R Y ------------

Command Line: --add-opens=java.base/java.lang=ALL-UNNAMED --add-opens=java.base/java.lang.invoke=ALL-UNNAMED --add-opens=java.base/java.util=ALL-UNNAMED --add-opens=java.prefs/java.util.prefs=ALL-UNNAMED --add-exports=jdk.compiler/com.sun.tools.javac.api=ALL-UNNAMED --add-exports=jdk.compiler/com.sun.tools.javac.util=ALL-UNNAMED --add-opens=java.base/java.util=ALL-UNNAMED --add-opens=java.prefs/java.util.prefs=ALL-UNNAMED --add-opens=java.base/java.nio.charset=ALL-UNNAMED --add-opens=java.base/java.net=ALL-UNNAMED --add-opens=java.base/java.util.concurrent.atomic=ALL-UNNAMED --add-opens=java.xml/javax.xml.namespace=ALL-UNNAMED -XX:MaxMetaspaceSize=4G -XX:ReservedCodeCacheSize=512m -XX:+HeapDumpOnOutOfMemoryError -Xmx8G -Dfile.encoding=UTF-8 -Duser.country=US -Duser.language=en -Duser.variant -javaagent:C:\Users\USER\.gradle\wrapper\dists\gradle-8.14-all\c2qonpi39x1mddn7hk5gh9iqj\gradle-8.14\lib\agents\gradle-instrumentation-agent-8.14.jar org.gradle.launcher.daemon.bootstrap.GradleDaemon 8.14

Host: Intel(R) Core(TM) i7-10750H CPU @ 2.60GHz, 12 cores, 15G,  Windows 11 , 64 bit Build 26100 (10.0.26100.7705)
Time: Mon Feb  2 22:04:19 2026 Sri Lanka Standard Time elapsed time: 25.338612 seconds (0d 0h 0m 25s)

---------------  T H R E A D  ---------------

Current thread (0x000001a661b94090):  VMThread "VM Thread" [stack: 0x00000091d1300000,0x00000091d1400000] [id=16896]

Stack: [0x00000091d1300000,0x00000091d1400000]
Native frames: (J=compiled Java code, j=interpreted, Vv=VM code, C=native code)
V  [jvm.dll+0x6bb95a]
V  [jvm.dll+0x8485fa]
V  [jvm.dll+0x84a1f5]
V  [jvm.dll+0x84a8f3]
V  [jvm.dll+0x280b0f]
V  [jvm.dll+0x6b86e9]
V  [jvm.dll+0x6ad2da]
V  [jvm.dll+0x35adf5]
V  [jvm.dll+0x363016]
V  [jvm.dll+0x3b3b3e]
V  [jvm.dll+0x3b3dc5]
V  [jvm.dll+0x32b50a]
V  [jvm.dll+0x32b5b7]
V  [jvm.dll+0x373942]
V  [jvm.dll+0x372140]
V  [jvm.dll+0x32ac51]
V  [jvm.dll+0x371836]
V  [jvm.dll+0x85023e]
V  [jvm.dll+0x851351]
V  [jvm.dll+0x851859]
V  [jvm.dll+0x851ad3]
V  [jvm.dll+0x7f4b56]
V  [jvm.dll+0x6ba5cb]
C  [ucrtbase.dll+0x37b0]
C  [KERNEL32.DLL+0x2e8d7]
C  [ntdll.dll+0x8c40c]

VM_Operation (0x00000091d95fac60): G1CollectForAllocation, mode: safepoint, requested by thread 0x000001a66c88cfc0


---------------  P R O C E S S  ---------------

Threads class SMR info:
_java_thread_list=0x000001a66ebcee80, length=119, elements={
0x000001a62c1b66f0, 0x000001a661bb6bb0, 0x000001a661bb75f0, 0x000001a661bbda10,
0x000001a661bbe350, 0x000001a661bc7450, 0x000001a668820830, 0x000001a6688219d0,
0x000001a668830140, 0x000001a661b814e0, 0x000001a668ade2b0, 0x000001a66a3731a0,
0x000001a66a46ba70, 0x000001a66a4a1ce0, 0x000001a66a551e60, 0x000001a66a551910,
0x000001a66a5523b0, 0x000001a66a552900, 0x000001a66a552e50, 0x000001a66a67ca00,
0x000001a66a67cf50, 0x000001a66a67d4a0, 0x000001a66a67d9f0, 0x000001a66a67ef30,
0x000001a66a680f10, 0x000001a66a67e490, 0x000001a66a6819b0, 0x000001a66a67df40,
0x000001a66a683440, 0x000001a66a67f9d0, 0x000001a66a682ef0, 0x000001a66a683990,
0x000001a66ca19d00, 0x000001a66ca1b790, 0x000001a66ca1bce0, 0x000001a66ca1dcc0,
0x000001a66ca1e210, 0x000001a66ca1a7a0, 0x000001a66ca1b240, 0x000001a66ca1ccd0,
0x000001a66ca1c230, 0x000001a66ca1d220, 0x000001a66ca1e760, 0x000001a66ca1acf0,
0x000001a66ca1ecb0, 0x000001a66ca20c90, 0x000001a66ca1f200, 0x000001a66ca201f0,
0x000001a66ca20740, 0x000001a66ca211e0, 0x000001a66ca21730, 0x000001a66ca1f750,
0x000001a66ca1fca0, 0x000001a66e97ee10, 0x000001a66e97e8c0, 0x000001a66e97d8d0,
0x000001a66e97d380, 0x000001a66e97f360, 0x000001a66e97fe00, 0x000001a66e9808a0,
0x000001a66e97f8b0, 0x000001a66e97de20, 0x000001a66e980350, 0x000001a66e97ce30,
0x000001a66e981de0, 0x000001a66e980df0, 0x000001a66e981340, 0x000001a66e97e370,
0x000001a66e984860, 0x000001a66e981890, 0x000001a66e982880, 0x000001a66f3213d0,
0x000001a66f322a10, 0x000001a67c338a60, 0x000001a67c33ca20, 0x000001a67c338fb0,
0x000001a67c33cf70, 0x000001a67c33d4c0, 0x000001a67c33da10, 0x000001a67c339fa0,
0x000001a67c33ff40, 0x000001a67c33df60, 0x000001a67c33e4b0, 0x000001a67c33ea00,
0x000001a67c33ef50, 0x000001a67c33f4a0, 0x000001a67c33f9f0, 0x000001a66ca0f030,
0x000001a66ca0d5a0, 0x000001a66ca0c060, 0x000001a66ca0f580, 0x000001a66ca0e040,
0x000001a66ca0fad0, 0x000001a66ca0daf0, 0x000001a66ca10020, 0x000001a66ca0e590,
0x000001a66ca0c5b0, 0x000001a66ca10570, 0x000001a66ca0cb00, 0x000001a66ca0eae0,
0x000001a66ca10ac0, 0x000001a66ca0d050, 0x000001a66ca12000, 0x000001a66ca11010,
0x000001a66ca13a90, 0x000001a66ca11560, 0x000001a66ca11ab0, 0x000001a66ca12550,
0x000001a66ca13540, 0x000001a66ca12aa0, 0x000001a66ca12ff0, 0x000001a66c88da60,
0x000001a66c88c520, 0x000001a66c88d510, 0x000001a66c88ca70, 0x000001a66c88e500,
0x000001a66c88bfd0, 0x000001a66c88dfb0, 0x000001a66c88cfc0
}

Java Threads: ( => current thread )
  0x000001a62c1b66f0 JavaThread "main" [_thread_blocked, id=23376, stack(0x00000091d0d00000,0x00000091d0e00000)]
  0x000001a661bb6bb0 JavaThread "Reference Handler" daemon [_thread_blocked, id=15128, stack(0x00000091d1400000,0x00000091d1500000)]
  0x000001a661bb75f0 JavaThread "Finalizer" daemon [_thread_blocked, id=18772, stack(0x00000091d1500000,0x00000091d1600000)]
  0x000001a661bbda10 JavaThread "Signal Dispatcher" daemon [_thread_blocked, id=14828, stack(0x00000091d1600000,0x00000091d1700000)]
  0x000001a661bbe350 JavaThread "Attach Listener" daemon [_thread_blocked, id=21580, stack(0x00000091d1700000,0x00000091d1800000)]
  0x000001a661bc7450 JavaThread "Service Thread" daemon [_thread_blocked, id=8604, stack(0x00000091d1800000,0x00000091d1900000)]
  0x000001a668820830 JavaThread "Monitor Deflation Thread" daemon [_thread_blocked, id=3528, stack(0x00000091d1900000,0x00000091d1a00000)]
  0x000001a6688219d0 JavaThread "C2 CompilerThread0" daemon [_thread_blocked, id=10208, stack(0x00000091d1a00000,0x00000091d1b00000)]
  0x000001a668830140 JavaThread "C1 CompilerThread0" daemon [_thread_blocked, id=23260, stack(0x00000091d1b00000,0x00000091d1c00000)]
  0x000001a661b814e0 JavaThread "Common-Cleaner" daemon [_thread_blocked, id=8908, stack(0x00000091d1c00000,0x00000091d1d00000)]
  0x000001a668ade2b0 JavaThread "Notification Thread" daemon [_thread_blocked, id=19132, stack(0x00000091d1d00000,0x00000091d1e00000)]
  0x000001a66a3731a0 JavaThread "Daemon health stats" [_thread_blocked, id=7824, stack(0x00000091d2600000,0x00000091d2700000)]
  0x000001a66a46ba70 JavaThread "Incoming local TCP Connector on port 54896" [_thread_in_native, id=12744, stack(0x00000091d1f00000,0x00000091d2000000)]
  0x000001a66a4a1ce0 JavaThread "Daemon periodic checks" [_thread_blocked, id=20208, stack(0x00000091d2500000,0x00000091d2600000)]
  0x000001a66a551e60 JavaThread "Daemon" [_thread_blocked, id=8668, stack(0x00000091d2700000,0x00000091d2800000)]
  0x000001a66a551910 JavaThread "Handler for socket connection from /127.0.0.1:54896 to /127.0.0.1:54897" [_thread_in_native, id=14856, stack(0x00000091d2800000,0x00000091d2900000)]
  0x000001a66a5523b0 JavaThread "Cancel handler" [_thread_blocked, id=4784, stack(0x00000091d2900000,0x00000091d2a00000)]
  0x000001a66a552900 JavaThread "Daemon worker" [_thread_blocked, id=22984, stack(0x00000091d2a00000,0x00000091d2b00000)]
  0x000001a66a552e50 JavaThread "Asynchronous log dispatcher for DefaultDaemonConnection: socket connection from /127.0.0.1:54896 to /127.0.0.1:54897" [_thread_blocked, id=17680, stack(0x00000091d2b00000,0x00000091d2c00000)]
  0x000001a66a67ca00 JavaThread "Stdin handler" [_thread_blocked, id=17628, stack(0x00000091d2c00000,0x00000091d2d00000)]
  0x000001a66a67cf50 JavaThread "Daemon client event forwarder" [_thread_blocked, id=20024, stack(0x00000091d2d00000,0x00000091d2e00000)]
  0x000001a66a67d4a0 JavaThread "Cache worker for journal cache (C:\Users\USER\.gradle\caches\journal-1)" [_thread_blocked, id=7820, stack(0x00000091d3200000,0x00000091d3300000)]
  0x000001a66a67d9f0 JavaThread "File lock request listener" [_thread_in_native, id=412, stack(0x00000091d3300000,0x00000091d3400000)]
  0x000001a66a67ef30 JavaThread "Cache worker for file hash cache (C:\Users\USER\.gradle\caches\8.14\fileHashes)" [_thread_blocked, id=2388, stack(0x00000091d3400000,0x00000091d3500000)]
  0x000001a66a680f10 JavaThread "Cache worker for file hash cache (C:\Users\USER\Desktop\FYP git\FYP\Frontend\android\.gradle\8.14\fileHashes)" [_thread_blocked, id=12120, stack(0x00000091d3900000,0x00000091d3a00000)]
  0x000001a66a67e490 JavaThread "Cache worker for Build Output Cleanup Cache (C:\Users\USER\Desktop\FYP git\FYP\Frontend\android\.gradle\buildOutputCleanup)" [_thread_blocked, id=20256, stack(0x00000091d3a00000,0x00000091d3b00000)]
  0x000001a66a6819b0 JavaThread "File watcher server" daemon [_thread_in_native, id=15164, stack(0x00000091d3b00000,0x00000091d3c00000)]
  0x000001a66a67df40 JavaThread "File watcher consumer" daemon [_thread_blocked, id=12908, stack(0x00000091d3c00000,0x00000091d3d00000)]
  0x000001a66a683440 JavaThread "jar transforms" [_thread_blocked, id=15524, stack(0x00000091d3d00000,0x00000091d3e00000)]
  0x000001a66a67f9d0 JavaThread "jar transforms Thread 2" [_thread_blocked, id=18120, stack(0x00000091d3e00000,0x00000091d3f00000)]
  0x000001a66a682ef0 JavaThread "Cache worker for checksums cache (C:\Users\USER\Desktop\FYP git\FYP\Frontend\android\.gradle\8.14\checksums)" [_thread_blocked, id=10224, stack(0x00000091d3f00000,0x00000091d4000000)]
  0x000001a66a683990 JavaThread "Cache worker for file content cache (C:\Users\USER\.gradle\caches\8.14\fileContent)" [_thread_blocked, id=11064, stack(0x00000091d4000000,0x00000091d4100000)]
  0x000001a66ca19d00 JavaThread "Cache worker for cache directory md-supplier (C:\Users\USER\.gradle\caches\8.14\md-supplier)" [_thread_blocked, id=10704, stack(0x00000091d4100000,0x00000091d4200000)]
  0x000001a66ca1b790 JavaThread "Cache worker for cache directory md-rule (C:\Users\USER\.gradle\caches\8.14\md-rule)" [_thread_blocked, id=11188, stack(0x00000091d4200000,0x00000091d4300000)]
  0x000001a66ca1bce0 JavaThread "Cache worker for Build Output Cleanup Cache (D:\flutter_windows_3.41.0-0.2.pre-beta\flutter\packages\flutter_tools\gradle\.gradle\buildOutputCleanup)" [_thread_blocked, id=1312, stack(0x00000091d3500000,0x00000091d3600000)]
  0x000001a66ca1dcc0 JavaThread "Unconstrained build operations" [_thread_blocked, id=13204, stack(0x00000091d4400000,0x00000091d4500000)]
  0x000001a66ca1e210 JavaThread "Unconstrained build operations Thread 2" [_thread_blocked, id=15936, stack(0x00000091d4500000,0x00000091d4600000)]
  0x000001a66ca1a7a0 JavaThread "Unconstrained build operations Thread 3" [_thread_blocked, id=11104, stack(0x00000091d4600000,0x00000091d4700000)]
  0x000001a66ca1b240 JavaThread "Unconstrained build operations Thread 4" [_thread_blocked, id=10308, stack(0x00000091d4700000,0x00000091d4800000)]
  0x000001a66ca1ccd0 JavaThread "Unconstrained build operations Thread 5" [_thread_blocked, id=10692, stack(0x00000091d4800000,0x00000091d4900000)]
  0x000001a66ca1c230 JavaThread "Unconstrained build operations Thread 6" [_thread_blocked, id=9732, stack(0x00000091d4900000,0x00000091d4a00000)]
  0x000001a66ca1d220 JavaThread "Unconstrained build operations Thread 7" [_thread_blocked, id=4184, stack(0x00000091d4a00000,0x00000091d4b00000)]
  0x000001a66ca1e760 JavaThread "Unconstrained build operations Thread 8" [_thread_blocked, id=21288, stack(0x00000091d4b00000,0x00000091d4c00000)]
  0x000001a66ca1acf0 JavaThread "Unconstrained build operations Thread 9" [_thread_blocked, id=18372, stack(0x00000091d4c00000,0x00000091d4d00000)]
  0x000001a66ca1ecb0 JavaThread "Unconstrained build operations Thread 10" [_thread_blocked, id=3784, stack(0x00000091d4d00000,0x00000091d4e00000)]
  0x000001a66ca20c90 JavaThread "Unconstrained build operations Thread 11" [_thread_blocked, id=1184, stack(0x00000091d4e00000,0x00000091d4f00000)]
  0x000001a66ca1f200 JavaThread "Unconstrained build operations Thread 12" [_thread_blocked, id=9944, stack(0x00000091d4f00000,0x00000091d5000000)]
  0x000001a66ca201f0 JavaThread "Unconstrained build operations Thread 13" [_thread_blocked, id=2380, stack(0x00000091d5000000,0x00000091d5100000)]
  0x000001a66ca20740 JavaThread "Unconstrained build operations Thread 14" [_thread_blocked, id=11960, stack(0x00000091d5100000,0x00000091d5200000)]
  0x000001a66ca211e0 JavaThread "Unconstrained build operations Thread 15" [_thread_blocked, id=12176, stack(0x00000091d5200000,0x00000091d5300000)]
  0x000001a66ca21730 JavaThread "Unconstrained build operations Thread 16" [_thread_blocked, id=21544, stack(0x00000091d5300000,0x00000091d5400000)]
  0x000001a66ca1f750 JavaThread "Unconstrained build operations Thread 17" [_thread_blocked, id=7932, stack(0x00000091d5400000,0x00000091d5500000)]
  0x000001a66ca1fca0 JavaThread "Unconstrained build operations Thread 18" [_thread_blocked, id=12976, stack(0x00000091d5500000,0x00000091d5600000)]
  0x000001a66e97ee10 JavaThread "Unconstrained build operations Thread 19" [_thread_blocked, id=19320, stack(0x00000091d5600000,0x00000091d5700000)]
  0x000001a66e97e8c0 JavaThread "Unconstrained build operations Thread 20" [_thread_blocked, id=5660, stack(0x00000091d5700000,0x00000091d5800000)]
  0x000001a66e97d8d0 JavaThread "Unconstrained build operations Thread 21" [_thread_blocked, id=9556, stack(0x00000091d5800000,0x00000091d5900000)]
  0x000001a66e97d380 JavaThread "Unconstrained build operations Thread 22" [_thread_blocked, id=11852, stack(0x00000091d5900000,0x00000091d5a00000)]
  0x000001a66e97f360 JavaThread "Unconstrained build operations Thread 23" [_thread_blocked, id=2648, stack(0x00000091d5a00000,0x00000091d5b00000)]
  0x000001a66e97fe00 JavaThread "Unconstrained build operations Thread 24" [_thread_blocked, id=21852, stack(0x00000091d5b00000,0x00000091d5c00000)]
  0x000001a66e9808a0 JavaThread "Unconstrained build operations Thread 25" [_thread_blocked, id=1776, stack(0x00000091d5c00000,0x00000091d5d00000)]
  0x000001a66e97f8b0 JavaThread "Unconstrained build operations Thread 26" [_thread_blocked, id=15216, stack(0x00000091d5d00000,0x00000091d5e00000)]
  0x000001a66e97de20 JavaThread "Unconstrained build operations Thread 27" [_thread_blocked, id=17640, stack(0x00000091d5e00000,0x00000091d5f00000)]
  0x000001a66e980350 JavaThread "Unconstrained build operations Thread 28" [_thread_blocked, id=22988, stack(0x00000091d5f00000,0x00000091d6000000)]
  0x000001a66e97ce30 JavaThread "Unconstrained build operations Thread 29" [_thread_blocked, id=9752, stack(0x00000091d6000000,0x00000091d6100000)]
  0x000001a66e981de0 JavaThread "Unconstrained build operations Thread 30" [_thread_blocked, id=2088, stack(0x00000091d6100000,0x00000091d6200000)]
  0x000001a66e980df0 JavaThread "Unconstrained build operations Thread 31" [_thread_blocked, id=21200, stack(0x00000091d6200000,0x00000091d6300000)]
  0x000001a66e981340 JavaThread "Unconstrained build operations Thread 32" [_thread_blocked, id=21328, stack(0x00000091d6300000,0x00000091d6400000)]
  0x000001a66e97e370 JavaThread "Unconstrained build operations Thread 33" [_thread_blocked, id=9808, stack(0x00000091d6400000,0x00000091d6500000)]
  0x000001a66e984860 JavaThread "Memory manager" [_thread_blocked, id=22960, stack(0x00000091d6500000,0x00000091d6600000)]
  0x000001a66e981890 JavaThread "build event listener" [_thread_blocked, id=9040, stack(0x00000091d4300000,0x00000091d4400000)]
  0x000001a66e982880 JavaThread "Kotlin DSL Writer" [_thread_blocked, id=2208, stack(0x00000091d6600000,0x00000091d6700000)]
  0x000001a66f3213d0 JavaThread "C2 CompilerThread1" daemon [_thread_blocked, id=23064, stack(0x00000091d3800000,0x00000091d3900000)]
  0x000001a66f322a10 JavaThread "C2 CompilerThread2" daemon [_thread_blocked, id=12276, stack(0x00000091d6700000,0x00000091d6800000)]
  0x000001a67c338a60 JavaThread "included builds" [_thread_blocked, id=23244, stack(0x00000091d6800000,0x00000091d6900000)]
  0x000001a67c33ca20 JavaThread "Execution worker" [_thread_blocked, id=22696, stack(0x00000091d6900000,0x00000091d6a00000)]
  0x000001a67c338fb0 JavaThread "Execution worker Thread 2" [_thread_blocked, id=18264, stack(0x00000091d6a00000,0x00000091d6b00000)]
  0x000001a67c33cf70 JavaThread "Execution worker Thread 3" [_thread_blocked, id=22812, stack(0x00000091d6b00000,0x00000091d6c00000)]
  0x000001a67c33d4c0 JavaThread "Execution worker Thread 4" [_thread_blocked, id=14500, stack(0x00000091d6c00000,0x00000091d6d00000)]
  0x000001a67c33da10 JavaThread "Execution worker Thread 5" [_thread_blocked, id=14752, stack(0x00000091d6d00000,0x00000091d6e00000)]
  0x000001a67c339fa0 JavaThread "Execution worker Thread 6" [_thread_blocked, id=17744, stack(0x00000091d6e00000,0x00000091d6f00000)]
  0x000001a67c33ff40 JavaThread "Execution worker Thread 7" [_thread_blocked, id=18556, stack(0x00000091d6f00000,0x00000091d7000000)]
  0x000001a67c33df60 JavaThread "Execution worker Thread 8" [_thread_blocked, id=3280, stack(0x00000091d7000000,0x00000091d7100000)]
  0x000001a67c33e4b0 JavaThread "Execution worker Thread 9" [_thread_blocked, id=22392, stack(0x00000091d7100000,0x00000091d7200000)]
  0x000001a67c33ea00 JavaThread "Execution worker Thread 10" [_thread_blocked, id=19880, stack(0x00000091d7200000,0x00000091d7300000)]
  0x000001a67c33ef50 JavaThread "Execution worker Thread 11" [_thread_blocked, id=21216, stack(0x00000091d7300000,0x00000091d7400000)]
  0x000001a67c33f4a0 JavaThread "Cache worker for execution history cache (D:\flutter_windows_3.41.0-0.2.pre-beta\flutter\packages\flutter_tools\gradle\.gradle\8.14\executionHistory)" [_thread_blocked, id=20708, stack(0x00000091d7400000,0x00000091d7500000)]
  0x000001a67c33f9f0 JavaThread "Unconstrained build operations Thread 34" [_thread_blocked, id=11884, stack(0x00000091d7500000,0x00000091d7600000)]
  0x000001a66ca0f030 JavaThread "Unconstrained build operations Thread 35" [_thread_blocked, id=18680, stack(0x00000091d7600000,0x00000091d7700000)]
  0x000001a66ca0d5a0 JavaThread "Unconstrained build operations Thread 36" [_thread_blocked, id=9376, stack(0x00000091d7700000,0x00000091d7800000)]
  0x000001a66ca0c060 JavaThread "Unconstrained build operations Thread 37" [_thread_blocked, id=14528, stack(0x00000091d7800000,0x00000091d7900000)]
  0x000001a66ca0f580 JavaThread "Unconstrained build operations Thread 38" [_thread_blocked, id=11056, stack(0x00000091d7900000,0x00000091d7a00000)]
  0x000001a66ca0e040 JavaThread "Unconstrained build operations Thread 39" [_thread_blocked, id=8692, stack(0x00000091d7a00000,0x00000091d7b00000)]
  0x000001a66ca0fad0 JavaThread "Unconstrained build operations Thread 40" [_thread_blocked, id=12188, stack(0x00000091d7b00000,0x00000091d7c00000)]
  0x000001a66ca0daf0 JavaThread "Unconstrained build operations Thread 41" [_thread_blocked, id=6200, stack(0x00000091d7c00000,0x00000091d7d00000)]
  0x000001a66ca10020 JavaThread "Unconstrained build operations Thread 42" [_thread_blocked, id=12064, stack(0x00000091d7d00000,0x00000091d7e00000)]
  0x000001a66ca0e590 JavaThread "Unconstrained build operations Thread 43" [_thread_blocked, id=17156, stack(0x00000091d7e00000,0x00000091d7f00000)]
  0x000001a66ca0c5b0 JavaThread "Unconstrained build operations Thread 44" [_thread_blocked, id=13112, stack(0x00000091d7f00000,0x00000091d8000000)]
  0x000001a66ca10570 JavaThread "Unconstrained build operations Thread 45" [_thread_blocked, id=5720, stack(0x00000091d8000000,0x00000091d8100000)]
  0x000001a66ca0cb00 JavaThread "Unconstrained build operations Thread 46" [_thread_blocked, id=12148, stack(0x00000091d8100000,0x00000091d8200000)]
  0x000001a66ca0eae0 JavaThread "Unconstrained build operations Thread 47" [_thread_blocked, id=11860, stack(0x00000091d8200000,0x00000091d8300000)]
  0x000001a66ca10ac0 JavaThread "Unconstrained build operations Thread 48" [_thread_blocked, id=13740, stack(0x00000091d8300000,0x00000091d8400000)]
  0x000001a66ca0d050 JavaThread "Unconstrained build operations Thread 49" [_thread_blocked, id=15648, stack(0x00000091d8400000,0x00000091d8500000)]
  0x000001a66ca12000 JavaThread "Unconstrained build operations Thread 50" [_thread_blocked, id=23440, stack(0x00000091d8500000,0x00000091d8600000)]
  0x000001a66ca11010 JavaThread "Unconstrained build operations Thread 51" [_thread_blocked, id=2400, stack(0x00000091d8600000,0x00000091d8700000)]
  0x000001a66ca13a90 JavaThread "Unconstrained build operations Thread 52" [_thread_blocked, id=10360, stack(0x00000091d8700000,0x00000091d8800000)]
  0x000001a66ca11560 JavaThread "Unconstrained build operations Thread 53" [_thread_blocked, id=8800, stack(0x00000091d8800000,0x00000091d8900000)]
  0x000001a66ca11ab0 JavaThread "Unconstrained build operations Thread 54" [_thread_blocked, id=22788, stack(0x00000091d8900000,0x00000091d8a00000)]
  0x000001a66ca12550 JavaThread "Unconstrained build operations Thread 55" [_thread_blocked, id=3476, stack(0x00000091d8a00000,0x00000091d8b00000)]
  0x000001a66ca13540 JavaThread "Unconstrained build operations Thread 56" [_thread_blocked, id=21880, stack(0x00000091d8b00000,0x00000091d8c00000)]
  0x000001a66ca12aa0 JavaThread "Unconstrained build operations Thread 57" [_thread_blocked, id=3960, stack(0x00000091d8c00000,0x00000091d8d00000)]
  0x000001a66ca12ff0 JavaThread "Unconstrained build operations Thread 58" [_thread_blocked, id=22892, stack(0x00000091d8d00000,0x00000091d8e00000)]
  0x000001a66c88da60 JavaThread "Unconstrained build operations Thread 59" [_thread_blocked, id=16312, stack(0x00000091d8e00000,0x00000091d8f00000)]
  0x000001a66c88c520 JavaThread "Unconstrained build operations Thread 60" [_thread_blocked, id=23532, stack(0x00000091d8f00000,0x00000091d9000000)]
  0x000001a66c88d510 JavaThread "Unconstrained build operations Thread 61" [_thread_blocked, id=20148, stack(0x00000091d9000000,0x00000091d9100000)]
  0x000001a66c88ca70 JavaThread "Unconstrained build operations Thread 62" [_thread_blocked, id=18360, stack(0x00000091d9100000,0x00000091d9200000)]
  0x000001a66c88e500 JavaThread "Unconstrained build operations Thread 63" [_thread_blocked, id=10660, stack(0x00000091d9200000,0x00000091d9300000)]
  0x000001a66c88bfd0 JavaThread "Unconstrained build operations Thread 64" [_thread_blocked, id=22956, stack(0x00000091d9300000,0x00000091d9400000)]
  0x000001a66c88dfb0 JavaThread "Unconstrained build operations Thread 65" [_thread_blocked, id=6120, stack(0x00000091d9400000,0x00000091d9500000)]
  0x000001a66c88cfc0 JavaThread "Unconstrained build operations Thread 66" [_thread_blocked, id=7184, stack(0x00000091d9500000,0x00000091d9600000)]

Other Threads:
=>0x000001a661b94090 VMThread "VM Thread" [stack: 0x00000091d1300000,0x00000091d1400000] [id=16896]
  0x000001a668ae3350 WatcherThread "VM Periodic Task Thread" [stack: 0x00000091d1e00000,0x00000091d1f00000] [id=3020]
  0x000001a62c2671e0 WorkerThread "GC Thread#0" [stack: 0x00000091d0e00000,0x00000091d0f00000] [id=16024]
  0x000001a668bde5a0 WorkerThread "GC Thread#1" [stack: 0x00000091d2000000,0x00000091d2100000] [id=17528]
  0x000001a668bdb080 WorkerThread "GC Thread#2" [stack: 0x00000091d2100000,0x00000091d2200000] [id=1416]
  0x000001a668bda810 WorkerThread "GC Thread#3" [stack: 0x00000091d2200000,0x00000091d2300000] [id=8120]
  0x000001a668bd9460 WorkerThread "GC Thread#4" [stack: 0x00000091d2300000,0x00000091d2400000] [id=18044]
  0x000001a668bda270 WorkerThread "GC Thread#5" [stack: 0x00000091d2400000,0x00000091d2500000] [id=340]
  0x000001a66a453c20 WorkerThread "GC Thread#6" [stack: 0x00000091d2e00000,0x00000091d2f00000] [id=15384]
  0x000001a66a454d00 WorkerThread "GC Thread#7" [stack: 0x00000091d2f00000,0x00000091d3000000] [id=20140]
  0x000001a66a455b10 WorkerThread "GC Thread#8" [stack: 0x00000091d3000000,0x00000091d3100000] [id=18472]
  0x000001a66a454490 WorkerThread "GC Thread#9" [stack: 0x00000091d3100000,0x00000091d3200000] [id=22760]
  0x000001a6619dd150 ConcurrentGCThread "G1 Main Marker" [stack: 0x00000091d0f00000,0x00000091d1000000] [id=22876]
  0x000001a6619dda90 WorkerThread "G1 Conc#0" [stack: 0x00000091d1000000,0x00000091d1100000] [id=22548]
  0x000001a66a455de0 WorkerThread "G1 Conc#1" [stack: 0x00000091d3600000,0x00000091d3700000] [id=13700]
  0x000001a66a454760 WorkerThread "G1 Conc#2" [stack: 0x00000091d3700000,0x00000091d3800000] [id=9552]
  0x000001a661a4a000 ConcurrentGCThread "G1 Refine#0" [stack: 0x00000091d1100000,0x00000091d1200000] [id=21476]
  0x000001a661a4b860 ConcurrentGCThread "G1 Service" [stack: 0x00000091d1200000,0x00000091d1300000] [id=19252]

Threads with active compile tasks:
C2 CompilerThread0    25370 17375       4       org.jetbrains.org.objectweb.asm.ClassReader::accept (1380 bytes)
C2 CompilerThread1    25370 17347   !   4       java.util.zip.InflaterInputStream::read (129 bytes)
C2 CompilerThread2    25370 17367       4       org.jetbrains.org.objectweb.asm.ClassReader::readMethod (1061 bytes)

VM state: at safepoint (normal execution)

VM Mutex/Monitor currently owned by a thread:  ([mutex/lock_event])
[0x000001a62c1b2da0] Threads_lock - owner thread: 0x000001a661b94090
[0x000001a62c1b2260] Heap_lock - owner thread: 0x000001a66c88cfc0

Heap address: 0x0000000600000000, size: 8192 MB, Compressed Oops mode: Zero based, Oop shift amount: 3

CDS archive(s) mapped at: [0x0000000800000000-0x0000000800c60000-0x0000000800c60000), size 12976128, SharedBaseAddress: 0x0000000800000000, ArchiveRelocationMode: 0.
Compressed class space mapped at: 0x0000000801000000-0x0000000841000000, reserved size: 1073741824
Narrow klass base: 0x0000000800000000, Narrow klass shift: 0, Narrow klass range: 0x100000000

GC Precious Log:
 CardTable entry size: 512
 Card Set container configuration: InlinePtr #cards 4 size 8 Array Of Cards #cards 32 size 80 Howl #buckets 8 coarsen threshold 7372 Howl Bitmap #cards 1024 size 144 coarsen threshold 921 Card regions per heap region 1 cards per card region 8192
 CPUs: 12 total, 12 available
 Memory: 16205M
 Large Page Support: Disabled
 NUMA Support: Disabled
 Compressed Oops: Enabled (Zero based)
 Heap Region Size: 4M
 Heap Min Capacity: 8M
 Heap Initial Capacity: 256M
 Heap Max Capacity: 8G
 Pre-touch: Disabled
 Parallel Workers: 10
 Concurrent Workers: 3
 Concurrent Refinement Workers: 10
 Periodic GC: Disabled

Heap:
 garbage-first heap   total 536576K, used 181558K [0x0000000600000000, 0x0000000800000000)
  region size 4096K, 4 young (16384K), 4 survivors (16384K)
 Metaspace       used 146782K, committed 149504K, reserved 1179648K
  class space    used 18890K, committed 20224K, reserved 1048576K

Heap Regions: E=young(eden), S=young(survivor), O=old, HS=humongous(starts), HC=humongous(continues), CS=collection set, F=free, OA=open archive, CA=closed archive, TAMS=top-at-mark-start, PB=parsable bottom
|   0|0x0000000600000000, 0x0000000600400000, 0x0000000600400000|100%|HS|  |TAMS 0x0000000600000000| PB 0x0000000600000000| Complete 
|   1|0x0000000600400000, 0x0000000600800000, 0x0000000600800000|100%| O|  |TAMS 0x0000000600400000| PB 0x0000000600400000| Untracked 
|   2|0x0000000600800000, 0x0000000600c00000, 0x0000000600c00000|100%| O|  |TAMS 0x0000000600800000| PB 0x0000000600800000| Untracked 
|   3|0x0000000600c00000, 0x0000000601000000, 0x0000000601000000|100%| O|  |TAMS 0x0000000600c00000| PB 0x0000000600c00000| Untracked 
|   4|0x0000000601000000, 0x0000000601400000, 0x0000000601400000|100%| O|  |TAMS 0x0000000601000000| PB 0x0000000601000000| Untracked 
|   5|0x0000000601400000, 0x0000000601800000, 0x0000000601800000|100%| O|  |TAMS 0x0000000601400000| PB 0x0000000601400000| Untracked 
|   6|0x0000000601800000, 0x0000000601c00000, 0x0000000601c00000|100%| O|  |TAMS 0x0000000601800000| PB 0x0000000601800000| Untracked 
|   7|0x0000000601c00000, 0x0000000602000000, 0x0000000602000000|100%| O|  |TAMS 0x0000000601c00000| PB 0x0000000601c00000| Untracked 
|   8|0x0000000602000000, 0x0000000602400000, 0x0000000602400000|100%|HS|  |TAMS 0x0000000602000000| PB 0x0000000602000000| Complete 
|   9|0x0000000602400000, 0x0000000602800000, 0x0000000602800000|100%|HS|  |TAMS 0x0000000602400000| PB 0x0000000602400000| Complete 
|  10|0x0000000602800000, 0x0000000602c00000, 0x0000000602c00000|100%| O|  |TAMS 0x0000000602800000| PB 0x0000000602800000| Untracked 
|  11|0x0000000602c00000, 0x0000000603000000, 0x0000000603000000|100%| O|  |TAMS 0x0000000602c00000| PB 0x0000000602c00000| Untracked 
|  12|0x0000000603000000, 0x0000000603400000, 0x0000000603400000|100%| O|  |TAMS 0x0000000603000000| PB 0x0000000603000000| Untracked 
|  13|0x0000000603400000, 0x0000000603800000, 0x0000000603800000|100%| O|  |TAMS 0x0000000603400000| PB 0x0000000603400000| Untracked 
|  14|0x0000000603800000, 0x0000000603c00000, 0x0000000603c00000|100%| O|  |TAMS 0x0000000603800000| PB 0x0000000603800000| Untracked 
|  15|0x0000000603c00000, 0x0000000604000000, 0x0000000604000000|100%| O|  |TAMS 0x0000000603c00000| PB 0x0000000603c00000| Untracked 
|  16|0x0000000604000000, 0x0000000604400000, 0x0000000604400000|100%| O|  |TAMS 0x0000000604000000| PB 0x0000000604000000| Untracked 
|  17|0x0000000604400000, 0x0000000604800000, 0x0000000604800000|100%| O|  |TAMS 0x0000000604400000| PB 0x0000000604400000| Untracked 
|  18|0x0000000604800000, 0x0000000604800000, 0x0000000604c00000|  0%| F|  |TAMS 0x0000000604800000| PB 0x0000000604800000| Untracked 
|  19|0x0000000604c00000, 0x0000000605000000, 0x0000000605000000|100%| O|  |TAMS 0x0000000604c00000| PB 0x0000000604c00000| Untracked 
|  20|0x0000000605000000, 0x0000000605400000, 0x0000000605400000|100%| O|  |TAMS 0x0000000605000000| PB 0x0000000605000000| Untracked 
|  21|0x0000000605400000, 0x0000000605400000, 0x0000000605800000|  0%| F|  |TAMS 0x0000000605400000| PB 0x0000000605400000| Untracked 
|  22|0x0000000605800000, 0x0000000605c00000, 0x0000000605c00000|100%| O|  |TAMS 0x0000000605800000| PB 0x0000000605800000| Untracked 
|  23|0x0000000605c00000, 0x0000000605c00000, 0x0000000606000000|  0%| F|  |TAMS 0x0000000605c00000| PB 0x0000000605c00000| Untracked 
|  24|0x0000000606000000, 0x0000000606400000, 0x0000000606400000|100%| O|  |TAMS 0x0000000606000000| PB 0x0000000606000000| Untracked 
|  25|0x0000000606400000, 0x0000000606800000, 0x0000000606800000|100%|HS|  |TAMS 0x0000000606400000| PB 0x0000000606400000| Complete 
|  26|0x0000000606800000, 0x0000000606c00000, 0x0000000606c00000|100%|HC|  |TAMS 0x0000000606800000| PB 0x0000000606800000| Complete 
|  27|0x0000000606c00000, 0x0000000606c00000, 0x0000000607000000|  0%| F|  |TAMS 0x0000000606c00000| PB 0x0000000606c00000| Untracked 
|  28|0x0000000607000000, 0x0000000607000000, 0x0000000607400000|  0%| F|  |TAMS 0x0000000607000000| PB 0x0000000607000000| Untracked 
|  29|0x0000000607400000, 0x0000000607400000, 0x0000000607800000|  0%| F|  |TAMS 0x0000000607400000| PB 0x0000000607400000| Untracked 
|  30|0x0000000607800000, 0x0000000607800000, 0x0000000607c00000|  0%| F|  |TAMS 0x0000000607800000| PB 0x0000000607800000| Untracked 
|  31|0x0000000607c00000, 0x0000000608000000, 0x0000000608000000|100%| O|  |TAMS 0x0000000607c00000| PB 0x0000000607c00000| Untracked 
|  32|0x0000000608000000, 0x0000000608400000, 0x0000000608400000|100%| O|  |TAMS 0x0000000608000000| PB 0x0000000608000000| Untracked 
|  33|0x0000000608400000, 0x0000000608800000, 0x0000000608800000|100%| O|  |TAMS 0x0000000608400000| PB 0x0000000608400000| Untracked 
|  34|0x0000000608800000, 0x0000000608c00000, 0x0000000608c00000|100%| O|  |TAMS 0x0000000608800000| PB 0x0000000608800000| Untracked 
|  35|0x0000000608c00000, 0x0000000608e6ce00, 0x0000000609000000| 60%| O|  |TAMS 0x0000000608c00000| PB 0x0000000608c00000| Untracked 
|  36|0x0000000609000000, 0x0000000609000000, 0x0000000609400000|  0%| F|  |TAMS 0x0000000609000000| PB 0x0000000609000000| Untracked 
|  37|0x0000000609400000, 0x00000006096e0ab0, 0x0000000609800000| 71%| S|CS|TAMS 0x0000000609400000| PB 0x0000000609400000| Complete 
|  38|0x0000000609800000, 0x0000000609c00000, 0x0000000609c00000|100%| S|CS|TAMS 0x0000000609800000| PB 0x0000000609800000| Complete 
|  39|0x0000000609c00000, 0x000000060a000000, 0x000000060a000000|100%| S|CS|TAMS 0x0000000609c00000| PB 0x0000000609c00000| Complete 
|  40|0x000000060a000000, 0x000000060a400000, 0x000000060a400000|100%| S|CS|TAMS 0x000000060a000000| PB 0x000000060a000000| Complete 
|  41|0x000000060a400000, 0x000000060a400000, 0x000000060a800000|  0%| F|  |TAMS 0x000000060a400000| PB 0x000000060a400000| Untracked 
|  42|0x000000060a800000, 0x000000060a800000, 0x000000060ac00000|  0%| F|  |TAMS 0x000000060a800000| PB 0x000000060a800000| Untracked 
|  43|0x000000060ac00000, 0x000000060ac00000, 0x000000060b000000|  0%| F|  |TAMS 0x000000060ac00000| PB 0x000000060ac00000| Untracked 
|  44|0x000000060b000000, 0x000000060b000000, 0x000000060b400000|  0%| F|  |TAMS 0x000000060b000000| PB 0x000000060b000000| Untracked 
|  45|0x000000060b400000, 0x000000060b400000, 0x000000060b800000|  0%| F|  |TAMS 0x000000060b400000| PB 0x000000060b400000| Untracked 
|  46|0x000000060b800000, 0x000000060b800000, 0x000000060bc00000|  0%| F|  |TAMS 0x000000060b800000| PB 0x000000060b800000| Untracked 
|  47|0x000000060bc00000, 0x000000060bc00000, 0x000000060c000000|  0%| F|  |TAMS 0x000000060bc00000| PB 0x000000060bc00000| Untracked 
|  48|0x000000060c000000, 0x000000060c000000, 0x000000060c400000|  0%| F|  |TAMS 0x000000060c000000| PB 0x000000060c000000| Untracked 
|  49|0x000000060c400000, 0x000000060c400000, 0x000000060c800000|  0%| F|  |TAMS 0x000000060c400000| PB 0x000000060c400000| Untracked 
|  50|0x000000060c800000, 0x000000060c800000, 0x000000060cc00000|  0%| F|  |TAMS 0x000000060c800000| PB 0x000000060c800000| Untracked 
|  51|0x000000060cc00000, 0x000000060cc00000, 0x000000060d000000|  0%| F|  |TAMS 0x000000060cc00000| PB 0x000000060cc00000| Untracked 
|  52|0x000000060d000000, 0x000000060d000000, 0x000000060d400000|  0%| F|  |TAMS 0x000000060d000000| PB 0x000000060d000000| Untracked 
|  53|0x000000060d400000, 0x000000060d400000, 0x000000060d800000|  0%| F|  |TAMS 0x000000060d400000| PB 0x000000060d400000| Untracked 
|  54|0x000000060d800000, 0x000000060d800000, 0x000000060dc00000|  0%| F|  |TAMS 0x000000060d800000| PB 0x000000060d800000| Untracked 
|  55|0x000000060dc00000, 0x000000060dc00000, 0x000000060e000000|  0%| F|  |TAMS 0x000000060dc00000| PB 0x000000060dc00000| Untracked 
|  56|0x000000060e000000, 0x000000060e000000, 0x000000060e400000|  0%| F|  |TAMS 0x000000060e000000| PB 0x000000060e000000| Untracked 
|  57|0x000000060e400000, 0x000000060e400000, 0x000000060e800000|  0%| F|  |TAMS 0x000000060e400000| PB 0x000000060e400000| Untracked 
|  58|0x000000060e800000, 0x000000060e800000, 0x000000060ec00000|  0%| F|  |TAMS 0x000000060e800000| PB 0x000000060e800000| Untracked 
|  59|0x000000060ec00000, 0x000000060ec00000, 0x000000060f000000|  0%| F|  |TAMS 0x000000060ec00000| PB 0x000000060ec00000| Untracked 
|  60|0x000000060f000000, 0x000000060f000000, 0x000000060f400000|  0%| F|  |TAMS 0x000000060f000000| PB 0x000000060f000000| Untracked 
|  61|0x000000060f400000, 0x000000060f400000, 0x000000060f800000|  0%| F|  |TAMS 0x000000060f400000| PB 0x000000060f400000| Untracked 
|  62|0x000000060f800000, 0x000000060f800000, 0x000000060fc00000|  0%| F|  |TAMS 0x000000060f800000| PB 0x000000060f800000| Untracked 
|  63|0x000000060fc00000, 0x000000060fc00000, 0x0000000610000000|  0%| F|  |TAMS 0x000000060fc00000| PB 0x000000060fc00000| Untracked 
|  64|0x0000000610000000, 0x0000000610000000, 0x0000000610400000|  0%| F|  |TAMS 0x0000000610000000| PB 0x0000000610000000| Untracked 
|  65|0x0000000610400000, 0x0000000610400000, 0x0000000610800000|  0%| F|  |TAMS 0x0000000610400000| PB 0x0000000610400000| Untracked 
|  66|0x0000000610800000, 0x0000000610800000, 0x0000000610c00000|  0%| F|  |TAMS 0x0000000610800000| PB 0x0000000610800000| Untracked 
|  67|0x0000000610c00000, 0x0000000610c00000, 0x0000000611000000|  0%| F|  |TAMS 0x0000000610c00000| PB 0x0000000610c00000| Untracked 
|  68|0x0000000611000000, 0x0000000611000000, 0x0000000611400000|  0%| F|  |TAMS 0x0000000611000000| PB 0x0000000611000000| Untracked 
|  69|0x0000000611400000, 0x0000000611400000, 0x0000000611800000|  0%| F|  |TAMS 0x0000000611400000| PB 0x0000000611400000| Untracked 
|  70|0x0000000611800000, 0x0000000611800000, 0x0000000611c00000|  0%| F|  |TAMS 0x0000000611800000| PB 0x0000000611800000| Untracked 
|  71|0x0000000611c00000, 0x0000000611c00000, 0x0000000612000000|  0%| F|  |TAMS 0x0000000611c00000| PB 0x0000000611c00000| Untracked 
|  72|0x0000000612000000, 0x0000000612000000, 0x0000000612400000|  0%| F|  |TAMS 0x0000000612000000| PB 0x0000000612000000| Untracked 
|  73|0x0000000612400000, 0x0000000612400000, 0x0000000612800000|  0%| F|  |TAMS 0x0000000612400000| PB 0x0000000612400000| Untracked 
|  74|0x0000000612800000, 0x0000000612800000, 0x0000000612c00000|  0%| F|  |TAMS 0x0000000612800000| PB 0x0000000612800000| Untracked 
|  75|0x0000000612c00000, 0x0000000612c00000, 0x0000000613000000|  0%| F|  |TAMS 0x0000000612c00000| PB 0x0000000612c00000| Untracked 
|  76|0x0000000613000000, 0x0000000613000000, 0x0000000613400000|  0%| F|  |TAMS 0x0000000613000000| PB 0x0000000613000000| Untracked 
|  77|0x0000000613400000, 0x0000000613400000, 0x0000000613800000|  0%| F|  |TAMS 0x0000000613400000| PB 0x0000000613400000| Untracked 
|  78|0x0000000613800000, 0x0000000613800000, 0x0000000613c00000|  0%| F|  |TAMS 0x0000000613800000| PB 0x0000000613800000| Untracked 
|  79|0x0000000613c00000, 0x0000000613c00000, 0x0000000614000000|  0%| F|  |TAMS 0x0000000613c00000| PB 0x0000000613c00000| Untracked 
|  80|0x0000000614000000, 0x0000000614000000, 0x0000000614400000|  0%| F|  |TAMS 0x0000000614000000| PB 0x0000000614000000| Untracked 
|  81|0x0000000614400000, 0x0000000614400000, 0x0000000614800000|  0%| F|  |TAMS 0x0000000614400000| PB 0x0000000614400000| Untracked 
|  82|0x0000000614800000, 0x0000000614800000, 0x0000000614c00000|  0%| F|  |TAMS 0x0000000614800000| PB 0x0000000614800000| Untracked 
|  83|0x0000000614c00000, 0x0000000614c00000, 0x0000000615000000|  0%| F|  |TAMS 0x0000000614c00000| PB 0x0000000614c00000| Untracked 
|  84|0x0000000615000000, 0x0000000615000000, 0x0000000615400000|  0%| F|  |TAMS 0x0000000615000000| PB 0x0000000615000000| Untracked 
|  85|0x0000000615400000, 0x0000000615400000, 0x0000000615800000|  0%| F|  |TAMS 0x0000000615400000| PB 0x0000000615400000| Untracked 
|  86|0x0000000615800000, 0x0000000615800000, 0x0000000615c00000|  0%| F|  |TAMS 0x0000000615800000| PB 0x0000000615800000| Untracked 
|  87|0x0000000615c00000, 0x0000000615c00000, 0x0000000616000000|  0%| F|  |TAMS 0x0000000615c00000| PB 0x0000000615c00000| Untracked 
|  88|0x0000000616000000, 0x0000000616000000, 0x0000000616400000|  0%| F|  |TAMS 0x0000000616000000| PB 0x0000000616000000| Untracked 
|  89|0x0000000616400000, 0x0000000616400000, 0x0000000616800000|  0%| F|  |TAMS 0x0000000616400000| PB 0x0000000616400000| Untracked 
|  90|0x0000000616800000, 0x0000000616800000, 0x0000000616c00000|  0%| F|  |TAMS 0x0000000616800000| PB 0x0000000616800000| Untracked 
|  91|0x0000000616c00000, 0x0000000616c00000, 0x0000000617000000|  0%| F|  |TAMS 0x0000000616c00000| PB 0x0000000616c00000| Untracked 
|  92|0x0000000617000000, 0x0000000617000000, 0x0000000617400000|  0%| F|  |TAMS 0x0000000617000000| PB 0x0000000617000000| Untracked 
|  93|0x0000000617400000, 0x0000000617400000, 0x0000000617800000|  0%| F|  |TAMS 0x0000000617400000| PB 0x0000000617400000| Untracked 
|  94|0x0000000617800000, 0x0000000617800000, 0x0000000617c00000|  0%| F|  |TAMS 0x0000000617800000| PB 0x0000000617800000| Untracked 
|  95|0x0000000617c00000, 0x0000000617c00000, 0x0000000618000000|  0%| F|  |TAMS 0x0000000617c00000| PB 0x0000000617c00000| Untracked 
|  96|0x0000000618000000, 0x0000000618000000, 0x0000000618400000|  0%| F|  |TAMS 0x0000000618000000| PB 0x0000000618000000| Untracked 
|  97|0x0000000618400000, 0x0000000618400000, 0x0000000618800000|  0%| F|  |TAMS 0x0000000618400000| PB 0x0000000618400000| Untracked 
|  98|0x0000000618800000, 0x0000000618800000, 0x0000000618c00000|  0%| F|  |TAMS 0x0000000618800000| PB 0x0000000618800000| Untracked 
|  99|0x0000000618c00000, 0x0000000618c00000, 0x0000000619000000|  0%| F|  |TAMS 0x0000000618c00000| PB 0x0000000618c00000| Untracked 
| 100|0x0000000619000000, 0x0000000619000000, 0x0000000619400000|  0%| F|  |TAMS 0x0000000619000000| PB 0x0000000619000000| Untracked 
| 101|0x0000000619400000, 0x0000000619400000, 0x0000000619800000|  0%| F|  |TAMS 0x0000000619400000| PB 0x0000000619400000| Untracked 
| 102|0x0000000619800000, 0x0000000619800000, 0x0000000619c00000|  0%| F|  |TAMS 0x0000000619800000| PB 0x0000000619800000| Untracked 
| 103|0x0000000619c00000, 0x0000000619c00000, 0x000000061a000000|  0%| F|  |TAMS 0x0000000619c00000| PB 0x0000000619c00000| Untracked 
| 104|0x000000061a000000, 0x000000061a000000, 0x000000061a400000|  0%| F|  |TAMS 0x000000061a000000| PB 0x000000061a000000| Untracked 
| 105|0x000000061a400000, 0x000000061a400000, 0x000000061a800000|  0%| F|  |TAMS 0x000000061a400000| PB 0x000000061a400000| Untracked 
| 106|0x000000061a800000, 0x000000061a800000, 0x000000061ac00000|  0%| F|  |TAMS 0x000000061a800000| PB 0x000000061a800000| Untracked 
| 107|0x000000061ac00000, 0x000000061ac00000, 0x000000061b000000|  0%| F|  |TAMS 0x000000061ac00000| PB 0x000000061ac00000| Untracked 
| 108|0x000000061b000000, 0x000000061b000000, 0x000000061b400000|  0%| F|  |TAMS 0x000000061b000000| PB 0x000000061b000000| Untracked 
| 109|0x000000061b400000, 0x000000061b400000, 0x000000061b800000|  0%| F|  |TAMS 0x000000061b400000| PB 0x000000061b400000| Untracked 
| 110|0x000000061b800000, 0x000000061b800000, 0x000000061bc00000|  0%| F|  |TAMS 0x000000061b800000| PB 0x000000061b800000| Untracked 
| 111|0x000000061bc00000, 0x000000061bc00000, 0x000000061c000000|  0%| F|  |TAMS 0x000000061bc00000| PB 0x000000061bc00000| Untracked 
| 112|0x000000061c000000, 0x000000061c000000, 0x000000061c400000|  0%| F|  |TAMS 0x000000061c000000| PB 0x000000061c000000| Untracked 
| 113|0x000000061c400000, 0x000000061c400000, 0x000000061c800000|  0%| F|  |TAMS 0x000000061c400000| PB 0x000000061c400000| Untracked 
| 114|0x000000061c800000, 0x000000061c800000, 0x000000061cc00000|  0%| F|  |TAMS 0x000000061c800000| PB 0x000000061c800000| Untracked 
| 115|0x000000061cc00000, 0x000000061cc00000, 0x000000061d000000|  0%| F|  |TAMS 0x000000061cc00000| PB 0x000000061cc00000| Untracked 
| 116|0x000000061d000000, 0x000000061d000000, 0x000000061d400000|  0%| F|  |TAMS 0x000000061d000000| PB 0x000000061d000000| Untracked 
| 117|0x000000061d400000, 0x000000061d400000, 0x000000061d800000|  0%| F|  |TAMS 0x000000061d400000| PB 0x000000061d400000| Untracked 
| 118|0x000000061d800000, 0x000000061d800000, 0x000000061dc00000|  0%| F|  |TAMS 0x000000061d800000| PB 0x000000061d800000| Untracked 
|2036|0x00000007fd000000, 0x00000007fd400000, 0x00000007fd400000|100%| O|  |TAMS 0x00000007fd000000| PB 0x00000007fd000000| Untracked 
|2037|0x00000007fd400000, 0x00000007fd800000, 0x00000007fd800000|100%| O|  |TAMS 0x00000007fd400000| PB 0x00000007fd400000| Untracked 
|2038|0x00000007fd800000, 0x00000007fdc00000, 0x00000007fdc00000|100%| O|  |TAMS 0x00000007fd800000| PB 0x00000007fd800000| Untracked 
|2039|0x00000007fdc00000, 0x00000007fe000000, 0x00000007fe000000|100%| O|  |TAMS 0x00000007fdc00000| PB 0x00000007fdc00000| Untracked 
|2040|0x00000007fe000000, 0x00000007fe400000, 0x00000007fe400000|100%| O|  |TAMS 0x00000007fe000000| PB 0x00000007fe000000| Untracked 
|2041|0x00000007fe400000, 0x00000007fe800000, 0x00000007fe800000|100%| O|  |TAMS 0x00000007fe400000| PB 0x00000007fe400000| Untracked 
|2042|0x00000007fe800000, 0x00000007fec00000, 0x00000007fec00000|100%| O|  |TAMS 0x00000007fe800000| PB 0x00000007fe800000| Untracked 
|2043|0x00000007fec00000, 0x00000007ff000000, 0x00000007ff000000|100%| O|  |TAMS 0x00000007fec00000| PB 0x00000007fec00000| Untracked 
|2044|0x00000007ff000000, 0x00000007ff400000, 0x00000007ff400000|100%| O|  |TAMS 0x00000007ff000000| PB 0x00000007ff000000| Untracked 
|2045|0x00000007ff400000, 0x00000007ff800000, 0x00000007ff800000|100%| O|  |TAMS 0x00000007ff400000| PB 0x00000007ff400000| Untracked 
|2046|0x00000007ff800000, 0x00000007ffc00000, 0x00000007ffc00000|100%| O|  |TAMS 0x00000007ff800000| PB 0x00000007ff800000| Untracked 
|2047|0x00000007ffc00000, 0x0000000800000000, 0x0000000800000000|100%| O|  |TAMS 0x00000007ffc00000| PB 0x00000007ffc00000| Untracked 

Card table byte_map: [0x000001a657940000,0x000001a658940000] _byte_map_base: 0x000001a654940000

Marking Bits: (CMBitMap*) 0x000001a62c267720
 Bits: [0x000001a659940000, 0x000001a661940000)

Polling page: 0x000001a62c270000

Metaspace:

Usage:
  Non-class:    124.89 MB used.
      Class:     18.45 MB used.
       Both:    143.34 MB used.

Virtual space:
  Non-class space:      128.00 MB reserved,     126.25 MB ( 99%) committed,  2 nodes.
      Class space:        1.00 GB reserved,      19.75 MB (  2%) committed,  1 nodes.
             Both:        1.12 GB reserved,     146.00 MB ( 13%) committed. 

Chunk freelists:
   Non-Class:  1.14 MB
       Class:  272.00 KB
        Both:  1.41 MB

MaxMetaspaceSize: 4.00 GB
CompressedClassSpaceSize: 1.00 GB
Initial GC threshold: 21.00 MB
Current GC threshold: 242.81 MB
CDS: on
MetaspaceReclaimPolicy: balanced
 - commit_granule_bytes: 65536.
 - commit_granule_words: 8192.
 - virtual_space_node_default_size: 8388608.
 - enlarge_chunks_in_place: 1.
 - new_chunks_are_fully_committed: 0.
 - uncommit_free_chunks: 1.
 - use_allocation_guard: 0.


Internal statistics:

num_allocs_failed_limit: 9.
num_arena_births: 4906.
num_arena_deaths: 2.
num_vsnodes_births: 3.
num_vsnodes_deaths: 0.
num_space_committed: 2334.
num_space_uncommitted: 0.
num_chunks_returned_to_freelist: 15.
num_chunks_taken_from_freelist: 11179.
num_chunk_merges: 9.
num_chunk_splits: 7785.
num_chunks_enlarged: 5394.
num_inconsistent_stats: 0.

CodeHeap 'non-profiled nmethods': size=259264Kb used=8040Kb max_used=8404Kb free=251223Kb
 bounds [0x000001a645d70000, 0x000001a6465c0000, 0x000001a655aa0000]
CodeHeap 'profiled nmethods': size=259264Kb used=30876Kb max_used=31172Kb free=228387Kb
 bounds [0x000001a635aa0000, 0x000001a637950000, 0x000001a6457d0000]
CodeHeap 'non-nmethods': size=5760Kb used=3187Kb max_used=3305Kb free=2572Kb
 bounds [0x000001a6457d0000, 0x000001a645b20000, 0x000001a645d70000]
 total_blobs=15743 nmethods=14577 adapters=1073
 compilation: enabled
              stopped_count=0, restarted_count=0
 full_count=0

Compilation events (20 events):
Event: 24.170 Thread 0x000001a668830140 17427       2       org.jetbrains.kotlin.incremental.DifferenceCalculatorForPackageFacade$Companion$getNonPrivateMembers$membersResolvers$2::invoke (11 bytes)
Event: 24.170 Thread 0x000001a668830140 nmethod 17427 0x000001a63665af90 code [0x000001a63665b160, 0x000001a63665b418]
Event: 24.170 Thread 0x000001a668830140 17428       2       org.jetbrains.kotlin.incremental.DifferenceCalculatorForPackageFacade$Companion$getNonPrivateMembers$membersResolvers$3::invoke (9 bytes)
Event: 24.170 Thread 0x000001a668830140 nmethod 17428 0x000001a63665a890 code [0x000001a63665aa60, 0x000001a63665ad60]
Event: 24.170 Thread 0x000001a668830140 17429       2       org.jetbrains.kotlin.incremental.DifferenceCalculatorForPackageFacade$Companion$getNonPrivateMembers$membersResolvers$3::invoke (11 bytes)
Event: 24.171 Thread 0x000001a668830140 nmethod 17429 0x000001a63665a210 code [0x000001a63665a3e0, 0x000001a63665a698]
Event: 24.185 Thread 0x000001a668830140 17430       2       org.jetbrains.kotlin.incremental.classpathDiff.InaccessibleClassSnapshotExternalizer::save (10 bytes)
Event: 24.186 Thread 0x000001a668830140 nmethod 17430 0x000001a635cee710 code [0x000001a635cee920, 0x000001a635ceed68]
Event: 24.186 Thread 0x000001a668830140 17431       2       org.jetbrains.kotlin.incremental.classpathDiff.InaccessibleClassSnapshotExternalizer::save (13 bytes)
Event: 24.187 Thread 0x000001a668830140 nmethod 17431 0x000001a635cede10 code [0x000001a635cee000, 0x000001a635cee400]
Event: 24.188 Thread 0x000001a668830140 17432       2       kotlin.collections.CollectionsKt___CollectionsKt::toSet (138 bytes)
Event: 24.188 Thread 0x000001a668830140 nmethod 17432 0x000001a635e29490 code [0x000001a635e29760, 0x000001a635e2a058]
Event: 24.195 Thread 0x000001a668830140 17433   !   2       org.gradle.internal.event.AbstractBroadcastDispatch::dispatch (194 bytes)
Event: 24.196 Thread 0x000001a668830140 nmethod 17433 0x000001a637456190 code [0x000001a637456440, 0x000001a637456f28]
Event: 24.208 Thread 0x000001a668830140 17435       2       org.jetbrains.org.objectweb.asm.Label::accept (65 bytes)
Event: 24.208 Thread 0x000001a668830140 nmethod 17435 0x000001a636659b10 code [0x000001a636659cc0, 0x000001a636659f70]
Event: 24.208 Thread 0x000001a668830140 17436       1       org.gradle.internal.snapshot.AbstractListChildMap$1::getChildMap (5 bytes)
Event: 24.208 Thread 0x000001a668830140 nmethod 17436 0x000001a645dee310 code [0x000001a645dee480, 0x000001a645dee550]
Event: 24.211 Thread 0x000001a668830140 17437       2       org.gradle.api.internal.artifacts.transform.TransformStepSubject::<init> (5 bytes)
Event: 24.211 Thread 0x000001a668830140 nmethod 17437 0x000001a636c00410 code [0x000001a636c005a0, 0x000001a636c006a8]

GC Heap History (20 events):
Event: 21.516 GC heap after
{Heap after GC invocations=34 (full 0):
 garbage-first heap   total 270336K, used 122477K [0x0000000600000000, 0x0000000800000000)
  region size 4096K, 3 young (12288K), 3 survivors (12288K)
 Metaspace       used 140031K, committed 142656K, reserved 1179648K
  class space    used 18217K, committed 19520K, reserved 1048576K
}
Event: 22.198 GC heap before
{Heap before GC invocations=34 (full 0):
 garbage-first heap   total 270336K, used 163437K [0x0000000600000000, 0x0000000800000000)
  region size 4096K, 14 young (57344K), 3 survivors (12288K)
 Metaspace       used 142297K, committed 145024K, reserved 1179648K
  class space    used 18565K, committed 19904K, reserved 1048576K
}
Event: 22.208 GC heap after
{Heap after GC invocations=35 (full 0):
 garbage-first heap   total 270336K, used 125355K [0x0000000600000000, 0x0000000800000000)
  region size 4096K, 2 young (8192K), 2 survivors (8192K)
 Metaspace       used 142297K, committed 145024K, reserved 1179648K
  class space    used 18565K, committed 19904K, reserved 1048576K
}
Event: 22.628 GC heap before
{Heap before GC invocations=36 (full 0):
 garbage-first heap   total 270336K, used 244139K [0x0000000600000000, 0x0000000800000000)
  region size 4096K, 30 young (122880K), 2 survivors (8192K)
 Metaspace       used 145932K, committed 148672K, reserved 1179648K
  class space    used 18839K, committed 20160K, reserved 1048576K
}
Event: 22.650 GC heap after
{Heap after GC invocations=37 (full 0):
 garbage-first heap   total 299008K, used 173078K [0x0000000600000000, 0x0000000800000000)
  region size 4096K, 4 young (16384K), 4 survivors (16384K)
 Metaspace       used 145932K, committed 148672K, reserved 1179648K
  class space    used 18839K, committed 20160K, reserved 1048576K
}
Event: 22.786 GC heap before
{Heap before GC invocations=37 (full 0):
 garbage-first heap   total 299008K, used 254998K [0x0000000600000000, 0x0000000800000000)
  region size 4096K, 24 young (98304K), 4 survivors (16384K)
 Metaspace       used 146254K, committed 148992K, reserved 1179648K
  class space    used 18862K, committed 20224K, reserved 1048576K
}
Event: 22.800 GC heap after
{Heap after GC invocations=38 (full 0):
 garbage-first heap   total 299008K, used 176143K [0x0000000600000000, 0x0000000800000000)
  region size 4096K, 1 young (4096K), 1 survivors (4096K)
 Metaspace       used 146254K, committed 148992K, reserved 1179648K
  class space    used 18862K, committed 20224K, reserved 1048576K
}
Event: 22.894 GC heap before
{Heap before GC invocations=38 (full 0):
 garbage-first heap   total 299008K, used 258063K [0x0000000600000000, 0x0000000800000000)
  region size 4096K, 21 young (86016K), 1 survivors (4096K)
 Metaspace       used 146316K, committed 149056K, reserved 1179648K
  class space    used 18862K, committed 20224K, reserved 1048576K
}
Event: 22.897 GC heap after
{Heap after GC invocations=39 (full 0):
 garbage-first heap   total 299008K, used 175656K [0x0000000600000000, 0x0000000800000000)
  region size 4096K, 1 young (4096K), 1 survivors (4096K)
 Metaspace       used 146316K, committed 149056K, reserved 1179648K
  class space    used 18862K, committed 20224K, reserved 1048576K
}
Event: 23.023 GC heap before
{Heap before GC invocations=39 (full 0):
 garbage-first heap   total 299008K, used 261672K [0x0000000600000000, 0x0000000800000000)
  region size 4096K, 22 young (90112K), 1 survivors (4096K)
 Metaspace       used 146396K, committed 149184K, reserved 1179648K
  class space    used 18862K, committed 20224K, reserved 1048576K
}
Event: 23.028 GC heap after
{Heap after GC invocations=40 (full 0):
 garbage-first heap   total 299008K, used 176463K [0x0000000600000000, 0x0000000800000000)
  region size 4096K, 1 young (4096K), 1 survivors (4096K)
 Metaspace       used 146396K, committed 149184K, reserved 1179648K
  class space    used 18862K, committed 20224K, reserved 1048576K
}
Event: 23.155 GC heap before
{Heap before GC invocations=41 (full 0):
 garbage-first heap   total 327680K, used 266575K [0x0000000600000000, 0x0000000800000000)
  region size 4096K, 23 young (94208K), 1 survivors (4096K)
 Metaspace       used 146416K, committed 149184K, reserved 1179648K
  class space    used 18862K, committed 20224K, reserved 1048576K
}
Event: 23.159 GC heap after
{Heap after GC invocations=42 (full 0):
 garbage-first heap   total 536576K, used 177519K [0x0000000600000000, 0x0000000800000000)
  region size 4096K, 1 young (4096K), 1 survivors (4096K)
 Metaspace       used 146416K, committed 149184K, reserved 1179648K
  class space    used 18862K, committed 20224K, reserved 1048576K
}
Event: 23.389 GC heap before
{Heap before GC invocations=42 (full 0):
 garbage-first heap   total 536576K, used 378223K [0x0000000600000000, 0x0000000800000000)
  region size 4096K, 50 young (204800K), 1 survivors (4096K)
 Metaspace       used 146496K, committed 149248K, reserved 1179648K
  class space    used 18865K, committed 20224K, reserved 1048576K
}
Event: 23.393 GC heap after
{Heap after GC invocations=43 (full 0):
 garbage-first heap   total 536576K, used 176101K [0x0000000600000000, 0x0000000800000000)
  region size 4096K, 2 young (8192K), 2 survivors (8192K)
 Metaspace       used 146496K, committed 149248K, reserved 1179648K
  class space    used 18865K, committed 20224K, reserved 1048576K
}
Event: 23.667 GC heap before
{Heap before GC invocations=43 (full 0):
 garbage-first heap   total 536576K, used 487397K [0x0000000600000000, 0x0000000800000000)
  region size 4096K, 78 young (319488K), 2 survivors (8192K)
 Metaspace       used 146672K, committed 149440K, reserved 1179648K
  class space    used 18877K, committed 20224K, reserved 1048576K
}
Event: 23.674 GC heap after
{Heap after GC invocations=44 (full 0):
 garbage-first heap   total 536576K, used 176045K [0x0000000600000000, 0x0000000800000000)
  region size 4096K, 3 young (12288K), 3 survivors (12288K)
 Metaspace       used 146672K, committed 149440K, reserved 1179648K
  class space    used 18877K, committed 20224K, reserved 1048576K
}
Event: 23.943 GC heap before
{Heap before GC invocations=44 (full 0):
 garbage-first heap   total 536576K, used 483245K [0x0000000600000000, 0x0000000800000000)
  region size 4096K, 78 young (319488K), 3 survivors (12288K)
 Metaspace       used 146685K, committed 149440K, reserved 1179648K
  class space    used 18877K, committed 20224K, reserved 1048576K
}
Event: 23.949 GC heap after
{Heap after GC invocations=45 (full 0):
 garbage-first heap   total 536576K, used 178542K [0x0000000600000000, 0x0000000800000000)
  region size 4096K, 3 young (12288K), 3 survivors (12288K)
 Metaspace       used 146685K, committed 149440K, reserved 1179648K
  class space    used 18877K, committed 20224K, reserved 1048576K
}
Event: 24.211 GC heap before
{Heap before GC invocations=45 (full 0):
 garbage-first heap   total 536576K, used 485742K [0x0000000600000000, 0x0000000800000000)
  region size 4096K, 78 young (319488K), 3 survivors (12288K)
 Metaspace       used 146782K, committed 149504K, reserved 1179648K
  class space    used 18890K, committed 20224K, reserved 1048576K
}

Dll operation events (15 events):
Event: 0.008 Loaded shared library C:\Program Files\Java\jdk-20\bin\java.dll
Event: 0.017 Loaded shared library C:\Program Files\Java\jdk-20\bin\jsvml.dll
Event: 0.071 Loaded shared library C:\Program Files\Java\jdk-20\bin\zip.dll
Event: 0.074 Loaded shared library C:\Program Files\Java\jdk-20\bin\instrument.dll
Event: 0.078 Loaded shared library C:\Program Files\Java\jdk-20\bin\net.dll
Event: 0.080 Loaded shared library C:\Program Files\Java\jdk-20\bin\nio.dll
Event: 0.083 Loaded shared library C:\Program Files\Java\jdk-20\bin\zip.dll
Event: 0.410 Loaded shared library C:\Program Files\Java\jdk-20\bin\jimage.dll
Event: 0.606 Loaded shared library C:\Program Files\Java\jdk-20\bin\verify.dll
Event: 0.696 Loaded shared library C:\Users\USER\.gradle\native\1def1411415f61bf3af743bc5b6707747c0891f09f0c88961ee8f79bc544acac\windows-amd64\native-platform.dll
Event: 0.706 Loaded shared library C:\Users\USER\.gradle\native\0.2.7\x86_64-windows-gnu\gradle-fileevents.dll
Event: 1.735 Loaded shared library C:\Program Files\Java\jdk-20\bin\management.dll
Event: 1.737 Loaded shared library C:\Program Files\Java\jdk-20\bin\management_ext.dll
Event: 1.998 Loaded shared library C:\Program Files\Java\jdk-20\bin\extnet.dll
Event: 2.163 Loaded shared library C:\Program Files\Java\jdk-20\bin\sunmscapi.dll

Deoptimization events (20 events):
Event: 24.023 Thread 0x000001a66ca12ff0 Uncommon trap: trap_request=0xffffffbe fr.pc=0x000001a6465aeea0 relative=0x00000000000096c0
Event: 24.023 Thread 0x000001a66ca12ff0 Uncommon trap: reason=profile_predicate action=maybe_recompile pc=0x000001a6465aeea0 method=org.jetbrains.org.objectweb.asm.ClassReader.accept(Lorg/jetbrains/org/objectweb/asm/ClassVisitor;[Lorg/jetbrains/org/objectweb/asm/Attribute;I)V @ 877 c2
Event: 24.023 Thread 0x000001a66ca12ff0 DEOPT PACKING pc=0x000001a6465aeea0 sp=0x00000091d8dfb3a0
Event: 24.023 Thread 0x000001a66ca12ff0 DEOPT UNPACKING pc=0x000001a645839d22 sp=0x00000091d8dfb398 mode 2
Event: 24.024 Thread 0x000001a66ca12ff0 Uncommon trap: trap_request=0xffffffbe fr.pc=0x000001a6465aeea0 relative=0x00000000000096c0
Event: 24.025 Thread 0x000001a66ca12ff0 Uncommon trap: reason=profile_predicate action=maybe_recompile pc=0x000001a6465aeea0 method=org.jetbrains.org.objectweb.asm.ClassReader.accept(Lorg/jetbrains/org/objectweb/asm/ClassVisitor;[Lorg/jetbrains/org/objectweb/asm/Attribute;I)V @ 877 c2
Event: 24.025 Thread 0x000001a66ca12ff0 DEOPT PACKING pc=0x000001a6465aeea0 sp=0x00000091d8dfb2b0
Event: 24.025 Thread 0x000001a66ca12ff0 DEOPT UNPACKING pc=0x000001a645839d22 sp=0x00000091d8dfb2a8 mode 2
Event: 24.047 Thread 0x000001a66ca13540 Uncommon trap: trap_request=0xffffff45 fr.pc=0x000001a6461eaca0 relative=0x00000000000036c0
Event: 24.047 Thread 0x000001a66ca13540 Uncommon trap: reason=unstable_if action=reinterpret pc=0x000001a6461eaca0 method=org.jetbrains.kotlin.metadata.ProtoBuf$Type.<init>(Lorg/jetbrains/kotlin/protobuf/CodedInputStream;Lorg/jetbrains/kotlin/protobuf/ExtensionRegistryLite;)V @ 49 c2
Event: 24.047 Thread 0x000001a66ca13540 DEOPT PACKING pc=0x000001a6461eaca0 sp=0x00000091d8bf9c80
Event: 24.047 Thread 0x000001a66ca13540 DEOPT UNPACKING pc=0x000001a645839d22 sp=0x00000091d8bf9c28 mode 2
Event: 24.129 Thread 0x000001a66c88e500 Uncommon trap: trap_request=0xffffff45 fr.pc=0x000001a646002204 relative=0x0000000000000084
Event: 24.129 Thread 0x000001a66c88e500 Uncommon trap: reason=unstable_if action=reinterpret pc=0x000001a646002204 method=java.util.HashMap.comparableClassFor(Ljava/lang/Object;)Ljava/lang/Class; @ 4 c2
Event: 24.129 Thread 0x000001a66c88e500 DEOPT PACKING pc=0x000001a646002204 sp=0x00000091d92faf70
Event: 24.129 Thread 0x000001a66c88e500 DEOPT UNPACKING pc=0x000001a645839d22 sp=0x00000091d92faec0 mode 2
Event: 24.208 Thread 0x000001a66c88e500 Uncommon trap: trap_request=0xffffff45 fr.pc=0x000001a6461fdd5c relative=0x000000000000057c
Event: 24.208 Thread 0x000001a66c88e500 Uncommon trap: reason=unstable_if action=reinterpret pc=0x000001a6461fdd5c method=org.gradle.internal.snapshot.VfsRelativePath.compareToFirstSegment(Ljava/lang/String;Lorg/gradle/internal/snapshot/CaseSensitivity;)I @ 156 c2
Event: 24.208 Thread 0x000001a66c88e500 DEOPT PACKING pc=0x000001a6461fdd5c sp=0x00000091d92fc070
Event: 24.208 Thread 0x000001a66c88e500 DEOPT UNPACKING pc=0x000001a645839d22 sp=0x00000091d92fbf18 mode 2

Classes loaded (20 events):
Event: 21.160 Loading class java/util/AbstractCollectionCustomizer
Event: 21.160 Loading class java/util/AbstractCollectionCustomizer done
Event: 21.305 Loading class java/util/stream/SortedOps$RefSortingSink
Event: 21.306 Loading class java/util/stream/SortedOps$RefSortingSink done
Event: 21.312 Loading class java/time/Ser
Event: 21.312 Loading class java/time/Ser done
Event: 21.346 Loading class java/util/Comparators$NaturalOrderComparator
Event: 21.346 Loading class java/util/Comparators$NaturalOrderComparator done
Event: 21.543 Loading class java/util/ArrayList$SubList$2
Event: 21.543 Loading class java/util/ArrayList$SubList$2 done
Event: 21.701 Loading class java/util/TreeMap$KeySpliterator
Event: 21.701 Loading class java/util/TreeMap$TreeMapSpliterator
Event: 21.701 Loading class java/util/TreeMap$TreeMapSpliterator done
Event: 21.701 Loading class java/util/TreeMap$KeySpliterator done
Event: 21.735 Loading class java/io/ObjectStreamClass$ExceptionInfo
Event: 21.735 Loading class java/io/ObjectStreamClass$ExceptionInfo done
Event: 21.738 Loading class java/util/HashMap$UnsafeHolder
Event: 21.738 Loading class java/util/HashMap$UnsafeHolder done
Event: 22.141 Loading class java/rmi/RemoteException
Event: 22.141 Loading class java/rmi/RemoteException done

Classes unloaded (5 events):
Event: 9.985 Thread 0x000001a661b94090 Unloading class 0x00000008015b0000 '_BuildScript_$_run_closure1$_closure2'
Event: 9.985 Thread 0x000001a661b94090 Unloading class 0x00000008015a8a80 '_BuildScript_$_run_closure1'
Event: 9.985 Thread 0x000001a661b94090 Unloading class 0x00000008015a8558 '_BuildScript_'
Event: 9.985 Thread 0x000001a661b94090 Unloading class 0x00000008015a82a8 'GradleAnnotationProcessorPatchPlugin$AnnotationProcessorModelBuilder'
Event: 9.985 Thread 0x000001a661b94090 Unloading class 0x00000008015a8000 'GradleAnnotationProcessorPatchPlugin'

Classes redefined (0 events):
No events

Internal exceptions (20 events):
Event: 21.637 Thread 0x000001a67c338a60 Exception <a 'java/lang/NoSuchMethodError'{0x000000060e807360}: 'java.lang.Object java.lang.invoke.DirectMethodHandle$Holder.newInvokeSpecial(java.lang.Object, java.lang.Object, int, java.lang.Object, java.lang.Object)'> (0x000000060e807360) 
thrown [s\open\src\hotspot\share\interpreter\linkResolver.cpp, line 773]
Event: 21.637 Thread 0x000001a67c338a60 Exception <a 'java/lang/NoSuchMethodError'{0x000000060e80b000}: 'java.lang.Object java.lang.invoke.Invokers$Holder.linkToTargetMethod(java.lang.Object, int, java.lang.Object, java.lang.Object, java.lang.Object)'> (0x000000060e80b000) 
thrown [s\open\src\hotspot\share\interpreter\linkResolver.cpp, line 773]
Event: 21.692 Thread 0x000001a67c33ff40 Exception <a 'java/lang/NoSuchMethodError'{0x000000060e5e8320}: 'java.lang.Object java.lang.invoke.DirectMethodHandle$Holder.invokeVirtual(java.lang.Object, java.lang.Object, java.lang.Object, java.lang.Object, java.lang.Object, java.lang.Object, java.lang.Object, java.lang.Object, java.lang.Object, java.lang.Object, java.lang.Object, java.lang.Object, java.lang.Object, java.lang.Object, java.lang.Object, java.lang.Object, java.lang.Object, java.lang.Object, java.lang.Object)'> (0x000000060e5e8320) 
thrown
Event: 21.707 Thread 0x000001a66a67cf50 Exception <a 'java/lang/NoSuchMethodError'{0x000000060e701fd8}: static Lorg/gradle/internal/build/event/types/DefaultTaskStartedProgressEvent;.<clinit>()V> (0x000000060e701fd8) 
thrown [s\open\src\hotspot\share\prims\jni.cpp, line 1105]
Event: 21.708 Thread 0x000001a66a67cf50 Exception <a 'java/lang/NoSuchMethodError'{0x000000060e70b8c8}: static Lorg/gradle/internal/build/event/types/DefaultTaskDescriptor;.<clinit>()V> (0x000000060e70b8c8) 
thrown [s\open\src\hotspot\share\prims\jni.cpp, line 1105]
Event: 21.716 Thread 0x000001a66a67cf50 Exception <a 'java/lang/NoSuchMethodError'{0x000000060e73b798}: static Lorg/gradle/internal/build/event/types/DefaultTaskFinishedProgressEvent;.<clinit>()V> (0x000000060e73b798) 
thrown [s\open\src\hotspot\share\prims\jni.cpp, line 1105]
Event: 21.717 Thread 0x000001a66a67cf50 Exception <a 'java/lang/NoSuchMethodError'{0x000000060e75eff0}: static Lorg/gradle/internal/build/event/types/DefaultTaskSkippedResult;.<clinit>()V> (0x000000060e75eff0) 
thrown [s\open\src\hotspot\share\prims\jni.cpp, line 1105]
Event: 21.717 Thread 0x000001a66a67cf50 Exception <a 'java/lang/NoSuchMethodError'{0x000000060e760388}: static Lorg/gradle/internal/build/event/types/AbstractTaskResult;.<clinit>()V> (0x000000060e760388) 
thrown [s\open\src\hotspot\share\prims\jni.cpp, line 1105]
Event: 21.719 Thread 0x000001a67c33ff40 Exception <a 'java/lang/NoSuchMethodError'{0x000000060e77bef8}: 'void java.lang.invoke.DirectMethodHandle$Holder.invokeSpecial(java.lang.Object, java.lang.Object, java.lang.Object, java.lang.Object, int, java.lang.Object, java.lang.Object)'> (0x000000060e77bef8) 
thrown [s\open\src\hotspot\share\interpreter\linkResolver.cpp, line 773]
Event: 21.733 Thread 0x000001a66e981890 Exception <a 'java/lang/NoSuchMethodError'{0x000000060e0c4288}: static Ljava/lang/Object;.<clinit>()V> (0x000000060e0c4288) 
thrown [s\open\src\hotspot\share\prims\jni.cpp, line 1105]
Event: 21.734 Thread 0x000001a66e981890 Exception <a 'java/lang/NoSuchMethodError'{0x000000060e0cf0e8}: static Lorg/jetbrains/kotlin/gradle/plugin/statistics/MetricContainer;.<clinit>()V> (0x000000060e0cf0e8) 
thrown [s\open\src\hotspot\share\prims\jni.cpp, line 1105]
Event: 21.849 Thread 0x000001a67c33ff40 Exception <a 'sun/nio/fs/WindowsException'{0x000000060e118b10}> (0x000000060e118b10) 
thrown [s\open\src\hotspot\share\prims\jni.cpp, line 519]
Event: 21.849 Thread 0x000001a67c33ff40 Exception <a 'sun/nio/fs/WindowsException'{0x000000060e11a7d0}> (0x000000060e11a7d0) 
thrown [s\open\src\hotspot\share\prims\jni.cpp, line 519]
Event: 21.850 Thread 0x000001a67c33ff40 Exception <a 'sun/nio/fs/WindowsException'{0x000000060e11c4d8}> (0x000000060e11c4d8) 
thrown [s\open\src\hotspot\share\prims\jni.cpp, line 519]
Event: 21.889 Thread 0x000001a67c33ff40 Exception <a 'java/lang/NoSuchMethodError'{0x000000060e2770b0}: 'int java.lang.invoke.DirectMethodHandle$Holder.invokeSpecial(java.lang.Object, java.lang.Object, java.lang.Object, java.lang.Object, java.lang.Object)'> (0x000000060e2770b0) 
thrown [s\open\src\hotspot\share\interpreter\linkResolver.cpp, line 773]
Event: 22.050 Thread 0x000001a67c33ff40 Exception <a 'java/lang/NoSuchMethodError'{0x000000060d055160}: static Ljava/lang/Object;.<clinit>()V> (0x000000060d055160) 
thrown [s\open\src\hotspot\share\prims\jni.cpp, line 1105]
Event: 22.174 Thread 0x000001a66c88cfc0 Exception <a 'java/lang/NoSuchMethodError'{0x000000060cf87f28}: 'int java.lang.invoke.DirectMethodHandle$Holder.invokeStaticInit(java.lang.Object, java.lang.Object, int)'> (0x000000060cf87f28) 
thrown [s\open\src\hotspot\share\interpreter\linkResolver.cpp, line 773]
Event: 22.445 Thread 0x000001a66c88cfc0 Exception <a 'java/lang/NoSuchMethodError'{0x000000060b7189a0}: 'int java.lang.invoke.DirectMethodHandle$Holder.invokeStatic(java.lang.Object, java.lang.Object, int, int)'> (0x000000060b7189a0) 
thrown [s\open\src\hotspot\share\interpreter\linkResolver.cpp, line 773]
Event: 22.543 Thread 0x000001a66c88cfc0 Implicit null exception at 0x000001a645f80e00 to 0x000001a645f81164
Event: 22.578 Thread 0x000001a66ca13540 Implicit null exception at 0x000001a645e53780 to 0x000001a645e53b28

VM Operations (20 events):
Event: 23.028 Executing VM operation: G1CollectForAllocation done
Event: 23.044 Executing VM operation: G1PauseRemark
Event: 23.061 Executing VM operation: G1PauseRemark done
Event: 23.123 Executing VM operation: G1PauseCleanup
Event: 23.125 Executing VM operation: G1PauseCleanup done
Event: 23.155 Executing VM operation: G1CollectForAllocation
Event: 23.159 Executing VM operation: G1CollectForAllocation done
Event: 23.388 Executing VM operation: G1CollectForAllocation
Event: 23.388 Executing VM operation: G1CollectForAllocation done
Event: 23.388 Executing VM operation: G1CollectForAllocation
Event: 23.393 Executing VM operation: G1CollectForAllocation done
Event: 23.667 Executing VM operation: G1CollectForAllocation
Event: 23.675 Executing VM operation: G1CollectForAllocation done
Event: 23.943 Executing VM operation: G1CollectForAllocation
Event: 23.949 Executing VM operation: G1CollectForAllocation done
Event: 24.136 Executing VM operation: HandshakeAllThreads
Event: 24.136 Executing VM operation: HandshakeAllThreads done
Event: 24.211 Executing VM operation: G1CollectForAllocation
Event: 24.211 Executing VM operation: G1CollectForAllocation done
Event: 24.211 Executing VM operation: G1CollectForAllocation

Events (20 events):
Event: 23.060 Thread 0x000001a661b94090 flushing nmethod 0x000001a645faa710
Event: 23.060 Thread 0x000001a661b94090 flushing nmethod 0x000001a645eef090
Event: 23.060 Thread 0x000001a661b94090 flushing nmethod 0x000001a645f15090
Event: 23.060 Thread 0x000001a661b94090 flushing nmethod 0x000001a645fb6310
Event: 23.060 Thread 0x000001a661b94090 flushing nmethod 0x000001a645f7f410
Event: 23.060 Thread 0x000001a661b94090 flushing nmethod 0x000001a645f87090
Event: 23.060 Thread 0x000001a661b94090 flushing nmethod 0x000001a645f89890
Event: 23.060 Thread 0x000001a661b94090 flushing nmethod 0x000001a645f7d690
Event: 23.060 Thread 0x000001a661b94090 flushing nmethod 0x000001a645f7cc90
Event: 23.060 Thread 0x000001a661b94090 flushing nmethod 0x000001a645f52290
Event: 23.060 Thread 0x000001a661b94090 flushing nmethod 0x000001a645f14c10
Event: 23.060 Thread 0x000001a661b94090 flushing nmethod 0x000001a645ec0a90
Event: 23.060 Thread 0x000001a661b94090 flushing nmethod 0x000001a645eb9790
Event: 23.060 Thread 0x000001a661b94090 flushing nmethod 0x000001a645ebc790
Event: 23.060 Thread 0x000001a661b94090 flushing nmethod 0x000001a645e71c10
Event: 23.060 Thread 0x000001a661b94090 flushing nmethod 0x000001a645dec010
Event: 23.060 Thread 0x000001a661b94090 flushing nmethod 0x000001a645dee310
Event: 23.060 Thread 0x000001a661b94090 flushing nmethod 0x000001a645dd3590
Event: 23.060 Thread 0x000001a661b94090 flushing nmethod 0x000001a645dcec10
Event: 23.060 Thread 0x000001a661b94090 flushing nmethod 0x000001a645d9dd90


Dynamic libraries:
0x00007ff7ee930000 - 0x00007ff7ee940000 	C:\Program Files\Java\jdk-20\bin\java.exe
0x00007ff8470a0000 - 0x00007ff847308000 	C:\WINDOWS\SYSTEM32\ntdll.dll
0x00007ff845800000 - 0x00007ff8458c9000 	C:\WINDOWS\System32\KERNEL32.DLL
0x00007ff843c20000 - 0x00007ff844011000 	C:\WINDOWS\System32\KERNELBASE.dll
0x00007ff844020000 - 0x00007ff84416b000 	C:\WINDOWS\System32\ucrtbase.dll
0x00007ff8362f0000 - 0x00007ff836309000 	C:\Program Files\Java\jdk-20\bin\jli.dll
0x00007ff834450000 - 0x00007ff83446b000 	C:\Program Files\Java\jdk-20\bin\VCRUNTIME140.dll
0x00007ff846bc0000 - 0x00007ff846c74000 	C:\WINDOWS\System32\ADVAPI32.dll
0x00007ff846a50000 - 0x00007ff846af9000 	C:\WINDOWS\System32\msvcrt.dll
0x00007ff846320000 - 0x00007ff8463c6000 	C:\WINDOWS\System32\sechost.dll
0x00007ff846200000 - 0x00007ff846318000 	C:\WINDOWS\System32\RPCRT4.dll
0x00007ff845de0000 - 0x00007ff845fa6000 	C:\WINDOWS\System32\USER32.dll
0x00007ff844200000 - 0x00007ff844227000 	C:\WINDOWS\System32\win32u.dll
0x00007ff830630000 - 0x00007ff8308c3000 	C:\WINDOWS\WinSxS\amd64_microsoft.windows.common-controls_6595b64144ccf1df_6.0.26100.7705_none_3e06597ae3363b04\COMCTL32.dll
0x00007ff845760000 - 0x00007ff84578b000 	C:\WINDOWS\System32\GDI32.dll
0x00007ff843a30000 - 0x00007ff843b5b000 	C:\WINDOWS\System32\gdi32full.dll
0x00007ff844aa0000 - 0x00007ff844b43000 	C:\WINDOWS\System32\msvcp_win.dll
0x00007ff838a00000 - 0x00007ff838a0b000 	C:\WINDOWS\SYSTEM32\VERSION.dll
0x00007ff844e40000 - 0x00007ff844e71000 	C:\WINDOWS\System32\IMM32.DLL
0x00007ff83c0c0000 - 0x00007ff83c0cc000 	C:\Program Files\Java\jdk-20\bin\vcruntime140_1.dll
0x00007ff802ea0000 - 0x00007ff802f2e000 	C:\Program Files\Java\jdk-20\bin\msvcp140.dll
0x00007fff55200000 - 0x00007fff55e97000 	C:\Program Files\Java\jdk-20\bin\server\jvm.dll
0x00007ff832890000 - 0x00007ff8328c5000 	C:\WINDOWS\SYSTEM32\WINMM.dll
0x00007ff83c070000 - 0x00007ff83c07a000 	C:\WINDOWS\SYSTEM32\WSOCK32.dll
0x00007ff845fc0000 - 0x00007ff846034000 	C:\WINDOWS\System32\WS2_32.dll
0x00007ff842730000 - 0x00007ff84274b000 	C:\WINDOWS\SYSTEM32\kernel.appcore.dll
0x00007ff82d470000 - 0x00007ff82d47a000 	C:\Program Files\Java\jdk-20\bin\jimage.dll
0x00007ff830ad0000 - 0x00007ff830d12000 	C:\WINDOWS\SYSTEM32\DBGHELP.DLL
0x00007ff8465c0000 - 0x00007ff846946000 	C:\WINDOWS\System32\combase.dll
0x00007ff8464e0000 - 0x00007ff8465b7000 	C:\WINDOWS\System32\OLEAUT32.dll
0x00007ff82d430000 - 0x00007ff82d46b000 	C:\WINDOWS\SYSTEM32\dbgcore.DLL
0x00007ff843980000 - 0x00007ff843a25000 	C:\WINDOWS\System32\bcryptPrimitives.dll
0x00007ff81b460000 - 0x00007ff81b46e000 	C:\Program Files\Java\jdk-20\bin\instrument.dll
0x00007ff81a680000 - 0x00007ff81a6a6000 	C:\Program Files\Java\jdk-20\bin\java.dll
0x00007ffffc8f0000 - 0x00007ffffc9c7000 	C:\Program Files\Java\jdk-20\bin\jsvml.dll
0x00007ff844e90000 - 0x00007ff8455e1000 	C:\WINDOWS\System32\SHELL32.dll
0x00007ff844b50000 - 0x00007ff844cba000 	C:\WINDOWS\System32\wintypes.dll
0x00007ff844230000 - 0x00007ff844a92000 	C:\WINDOWS\System32\windows.storage.dll
0x00007ff846f60000 - 0x00007ff847056000 	C:\WINDOWS\System32\SHCORE.dll
0x00007ff846d10000 - 0x00007ff846d77000 	C:\WINDOWS\System32\shlwapi.dll
0x00007ff8438a0000 - 0x00007ff8438c9000 	C:\WINDOWS\SYSTEM32\profapi.dll
0x00007ff81b440000 - 0x00007ff81b458000 	C:\Program Files\Java\jdk-20\bin\zip.dll
0x00007ff81b400000 - 0x00007ff81b413000 	C:\Program Files\Java\jdk-20\bin\net.dll
0x00007ff838b90000 - 0x00007ff838cb7000 	C:\WINDOWS\SYSTEM32\WINHTTP.dll
0x00007ff842ca0000 - 0x00007ff842d0b000 	C:\WINDOWS\system32\mswsock.dll
0x00007ff81a660000 - 0x00007ff81a676000 	C:\Program Files\Java\jdk-20\bin\nio.dll
0x00007ff81a650000 - 0x00007ff81a660000 	C:\Program Files\Java\jdk-20\bin\verify.dll
0x00007ff8343e0000 - 0x00007ff834407000 	C:\Users\USER\.gradle\native\1def1411415f61bf3af743bc5b6707747c0891f09f0c88961ee8f79bc544acac\windows-amd64\native-platform.dll
0x00007ff805150000 - 0x00007ff8051c8000 	C:\Users\USER\.gradle\native\0.2.7\x86_64-windows-gnu\gradle-fileevents.dll
0x00007ff81a640000 - 0x00007ff81a64a000 	C:\Program Files\Java\jdk-20\bin\management.dll
0x00007ff81a630000 - 0x00007ff81a63b000 	C:\Program Files\Java\jdk-20\bin\management_ext.dll
0x00007ff845fb0000 - 0x00007ff845fb8000 	C:\WINDOWS\System32\PSAPI.DLL
0x00007ff842140000 - 0x00007ff842174000 	C:\WINDOWS\SYSTEM32\IPHLPAPI.DLL
0x00007ff8457f0000 - 0x00007ff8457fa000 	C:\WINDOWS\System32\NSI.dll
0x00007ff838b10000 - 0x00007ff838b2e000 	C:\WINDOWS\SYSTEM32\dhcpcsvc6.DLL
0x00007ff838ae0000 - 0x00007ff838b03000 	C:\WINDOWS\SYSTEM32\dhcpcsvc.DLL
0x00007ff8421d0000 - 0x00007ff8422fc000 	C:\WINDOWS\SYSTEM32\DNSAPI.dll
0x00007ff81a5f0000 - 0x00007ff81a5f7000 	C:\Program Files\Java\jdk-20\bin\extnet.dll
0x00007ff842f60000 - 0x00007ff842f7b000 	C:\WINDOWS\SYSTEM32\CRYPTSP.dll
0x00007ff842690000 - 0x00007ff8426c9000 	C:\WINDOWS\system32\rsaenh.dll
0x00007ff842d50000 - 0x00007ff842d7b000 	C:\WINDOWS\SYSTEM32\USERENV.dll
0x00007ff843870000 - 0x00007ff84389a000 	C:\WINDOWS\SYSTEM32\bcrypt.dll
0x00007ff842f80000 - 0x00007ff842f8c000 	C:\WINDOWS\SYSTEM32\CRYPTBASE.dll
0x00007ff81a510000 - 0x00007ff81a51e000 	C:\Program Files\Java\jdk-20\bin\sunmscapi.dll
0x00007ff844cc0000 - 0x00007ff844e37000 	C:\WINDOWS\System32\CRYPT32.dll
0x00007ff843180000 - 0x00007ff8431b0000 	C:\WINDOWS\SYSTEM32\ncrypt.dll
0x00007ff843130000 - 0x00007ff84316f000 	C:\WINDOWS\SYSTEM32\NTASN1.dll
0x00007ff819340000 - 0x00007ff819348000 	C:\WINDOWS\system32\wshunix.dll
0x00007ff827290000 - 0x00007ff8272a8000 	C:\WINDOWS\system32\napinsp.dll
0x00007ff81e8d0000 - 0x00007ff81e8e2000 	C:\WINDOWS\System32\winrnr.dll
0x00007ff81e8a0000 - 0x00007ff81e8c2000 	C:\WINDOWS\system32\nlansp_c.dll
0x00007ff838ec0000 - 0x00007ff838ed6000 	C:\WINDOWS\system32\wshbth.dll
0x00007ff838a10000 - 0x00007ff838a1b000 	C:\Windows\System32\rasadhlp.dll
0x00007ff837e60000 - 0x00007ff837ee6000 	C:\WINDOWS\System32\fwpuclnt.dll

dbghelp: loaded successfully - version: 4.0.5 - missing functions: none
symbol engine: initialized successfully - sym options: 0x614 - pdb path: .;C:\Program Files\Java\jdk-20\bin;C:\WINDOWS\SYSTEM32;C:\WINDOWS\WinSxS\amd64_microsoft.windows.common-controls_6595b64144ccf1df_6.0.26100.7705_none_3e06597ae3363b04;C:\Program Files\Java\jdk-20\bin\server;C:\Users\USER\.gradle\native\1def1411415f61bf3af743bc5b6707747c0891f09f0c88961ee8f79bc544acac\windows-amd64;C:\Users\USER\.gradle\native\0.2.7\x86_64-windows-gnu

VM Arguments:
jvm_args: --add-opens=java.base/java.lang=ALL-UNNAMED --add-opens=java.base/java.lang.invoke=ALL-UNNAMED --add-opens=java.base/java.util=ALL-UNNAMED --add-opens=java.prefs/java.util.prefs=ALL-UNNAMED --add-exports=jdk.compiler/com.sun.tools.javac.api=ALL-UNNAMED --add-exports=jdk.compiler/com.sun.tools.javac.util=ALL-UNNAMED --add-opens=java.base/java.util=ALL-UNNAMED --add-opens=java.prefs/java.util.prefs=ALL-UNNAMED --add-opens=java.base/java.nio.charset=ALL-UNNAMED --add-opens=java.base/java.net=ALL-UNNAMED --add-opens=java.base/java.util.concurrent.atomic=ALL-UNNAMED --add-opens=java.xml/javax.xml.namespace=ALL-UNNAMED -XX:MaxMetaspaceSize=4G -XX:ReservedCodeCacheSize=512m -XX:+HeapDumpOnOutOfMemoryError -Xmx8G -Dfile.encoding=UTF-8 -Duser.country=US -Duser.language=en -Duser.variant -javaagent:C:\Users\USER\.gradle\wrapper\dists\gradle-8.14-all\c2qonpi39x1mddn7hk5gh9iqj\gradle-8.14\lib\agents\gradle-instrumentation-agent-8.14.jar 
java_command: org.gradle.launcher.daemon.bootstrap.GradleDaemon 8.14
java_class_path (initial): C:\Users\USER\.gradle\wrapper\dists\gradle-8.14-all\c2qonpi39x1mddn7hk5gh9iqj\gradle-8.14\lib\gradle-daemon-main-8.14.jar
Launcher Type: SUN_STANDARD

[Global flags]
     intx CICompilerCount                          = 4                                         {product} {ergonomic}
     uint ConcGCThreads                            = 3                                         {product} {ergonomic}
     uint G1ConcRefinementThreads                  = 10                                        {product} {ergonomic}
   size_t G1HeapRegionSize                         = 4194304                                   {product} {ergonomic}
    uintx GCDrainStackTargetSize                   = 64                                        {product} {ergonomic}
     bool HeapDumpOnOutOfMemoryError               = true                                   {manageable} {command line}
   size_t InitialHeapSize                          = 268435456                                 {product} {ergonomic}
   size_t MarkStackSize                            = 4194304                                   {product} {ergonomic}
   size_t MaxHeapSize                              = 8589934592                                {product} {command line}
   size_t MaxMetaspaceSize                         = 4294967296                                {product} {command line}
   size_t MaxNewSize                               = 5150605312                                {product} {ergonomic}
   size_t MinHeapDeltaBytes                        = 4194304                                   {product} {ergonomic}
   size_t MinHeapSize                              = 8388608                                   {product} {ergonomic}
    uintx NonNMethodCodeHeapSize                   = 5839372                                {pd product} {ergonomic}
    uintx NonProfiledCodeHeapSize                  = 265515770                              {pd product} {ergonomic}
    uintx ProfiledCodeHeapSize                     = 265515770                              {pd product} {ergonomic}
    uintx ReservedCodeCacheSize                    = 536870912                              {pd product} {command line}
     bool SegmentedCodeCache                       = true                                      {product} {ergonomic}
   size_t SoftMaxHeapSize                          = 8589934592                             {manageable} {ergonomic}
     bool UseCompressedClassPointers               = true                           {product lp64_product} {ergonomic}
     bool UseCompressedOops                        = true                           {product lp64_product} {ergonomic}
     bool UseG1GC                                  = true                                      {product} {ergonomic}
     bool UseLargePagesIndividualAllocation        = false                                  {pd product} {ergonomic}

Logging:
Log output configuration:
 #0: stdout all=warning uptime,level,tags foldmultilines=false
 #1: stderr all=off uptime,level,tags foldmultilines=false

Environment Variables:
JAVA_HOME=C:\Program Files\Java\jdk-20
PATH=C:\Program Files\Common Files\Oracle\Java\javapath;C:\Program Files (x86)\Common Files\Oracle\Java\java8path;C:\Program Files (x86)\Common Files\Oracle\Java\javapath;C:\Python310\Scripts\;C:\Python310\;C:\WINDOWS\system32;C:\WINDOWS;C:\WINDOWS\System32\Wbem;C:\WINDOWS\System32\WindowsPowerShell\v1.0\;C:\WINDOWS\System32\OpenSSH\;C:\Program Files\NVIDIA Corporation\NVIDIA NvDLISR;C:\WINDOWS\system32;C:\WINDOWS;C:\WINDOWS\System32\Wbem;C:\WINDOWS\System32\WindowsPowerShell\v1.0\;C:\WINDOWS\System32\OpenSSH\;D:\jdk20\bin;C:\Program Files\Java\jdk-20\bin;C:\Program Files\nodejs;C:\Program Files\Java\jdk-21;C:\Program Files\Git\cmd;C:\Program Files\dotnet\;C:\Program Files\nodejs\;D:\Users\USER\allure-2.34.1\bin;D:\Users\USER\maven-mvnd-1.0.2-windows-amd64\bin;D:\sonar-scanner-7.2.0.5079-windows-x64\bin;C:\Program Files\apache-maven-3.9.11\bin;D:\Users\USER\anaconda3\Library\mingw-w64\bin;D:\Users\USER\anaconda3\Library\usr\bin;D:\Users\USER\anaconda3\Library\bin;D:\Users\USER\anaconda3\Scripts;C:\Program Files\MySQL\MySQL Shell 8.0\bin\;C:\Users\USER\AppData\Local\Microsoft\WindowsApps;C:\Users\USER\AppData\Local\GitHubDesktop\bin;C:\Users\USER\AppData\Local\Programs\Microsoft VS Code\bin;D:\Program Files\IntelliJ IDEA Community Edition 2024.2.4\bin;;C:\Users\USER\.dotnet\tools;C:\Users\USER\AppData\Roaming\npm;C:\Program Files (x86)\BrowserStackLocal\;D:\IntelliJ IDEA 2025.3\bin;D:\flutter_windows_3.41.0-0.2.pre-beta\flutter\bin;
USERNAME=USER
OS=Windows_NT
PROCESSOR_IDENTIFIER=Intel64 Family 6 Model 165 Stepping 2, GenuineIntel
TMP=C:\Users\USER\AppData\Local\Temp
TEMP=C:\Users\USER\AppData\Local\Temp




---------------  S Y S T E M  ---------------

OS:
 Windows 11 , 64 bit Build 26100 (10.0.26100.7705)
OS uptime: 0 days 1:04 hours

CPU: total 12 (initial active 12) (6 cores per cpu, 2 threads per core) family 6 model 165 stepping 2 microcode 0xe2, cx8, cmov, fxsr, ht, mmx, 3dnowpref, sse, sse2, sse3, ssse3, sse4.1, sse4.2, popcnt, lzcnt, tsc, tscinvbit, avx, avx2, aes, erms, clmul, bmi1, bmi2, adx, fma, vzeroupper, clflush, clflushopt, rdtscp, f16c, pku

Memory: 4k page, system-wide physical 16205M (1256M free)
TotalPageFile size 20301M (AvailPageFile size 190M)
current process WorkingSet (physical memory assigned to process): 906M, peak: 912M
current process commit charge ("private bytes"): 957M, peak: 1203M

vm_info: Java HotSpot(TM) 64-Bit Server VM (20.0.1+9-29) for windows-amd64 JRE (20.0.1+9-29), built on 2023-03-07T13:56:11Z by "mach5one" with MS VC++ 17.1 (VS2022)

END.
