#
# There is insufficient memory for the Java Runtime Environment to continue.
# Native memory allocation (malloc) failed to allocate 2704256 bytes for Chunk::new
# Possible reasons:
#   The system is out of physical RAM or swap space
#   The process is running with CompressedOops enabled, and the Java Heap may be blocking the growth of the native heap
# Possible solutions:
#   Reduce memory load on the system
#   Increase physical memory or swap space
#   Check if swap backing store is full
#   Decrease Java heap size (-Xmx/-Xms)
#   Decrease number of Java threads
#   Decrease Java thread stack sizes (-Xss)
#   Set larger code cache with -XX:ReservedCodeCacheSize=
#   JVM is running with Zero Based Compressed Oops mode in which the Java heap is
#     placed in the first 32GB address space. The Java Heap base address is the
#     maximum limit for the native heap growth. Please use -XX:HeapBaseMinAddress
#     to set the Java Heap base and to place the Java Heap above 32GB virtual address.
# This output file may be truncated or incomplete.
#
#  Out of Memory Error (arena.cpp:184), pid=17532, tid=16584
#
# JRE version: Java(TM) SE Runtime Environment (20.0.1+9) (build 20.0.1+9-29)
# Java VM: Java HotSpot(TM) 64-Bit Server VM (20.0.1+9-29, mixed mode, sharing, tiered, compressed oops, compressed class ptrs, g1 gc, windows-amd64)
# No core dump will be written. Minidumps are not enabled by default on client versions of Windows
#

---------------  S U M M A R Y ------------

Command Line: --add-opens=java.base/java.lang=ALL-UNNAMED --add-opens=java.base/java.lang.invoke=ALL-UNNAMED --add-opens=java.base/java.util=ALL-UNNAMED --add-opens=java.prefs/java.util.prefs=ALL-UNNAMED --add-exports=jdk.compiler/com.sun.tools.javac.api=ALL-UNNAMED --add-exports=jdk.compiler/com.sun.tools.javac.util=ALL-UNNAMED --add-opens=java.base/java.util=ALL-UNNAMED --add-opens=java.prefs/java.util.prefs=ALL-UNNAMED --add-opens=java.base/java.nio.charset=ALL-UNNAMED --add-opens=java.base/java.net=ALL-UNNAMED --add-opens=java.base/java.util.concurrent.atomic=ALL-UNNAMED --add-opens=java.xml/javax.xml.namespace=ALL-UNNAMED -XX:MaxMetaspaceSize=4G -XX:ReservedCodeCacheSize=512m -XX:+HeapDumpOnOutOfMemoryError -Xmx8G -Dfile.encoding=UTF-8 -Duser.country=US -Duser.language=en -Duser.variant -javaagent:C:\Users\USER\.gradle\wrapper\dists\gradle-8.14-all\c2qonpi39x1mddn7hk5gh9iqj\gradle-8.14\lib\agents\gradle-instrumentation-agent-8.14.jar org.gradle.launcher.daemon.bootstrap.GradleDaemon 8.14

Host: Intel(R) Core(TM) i7-10750H CPU @ 2.60GHz, 12 cores, 15G,  Windows 11 , 64 bit Build 26100 (10.0.26100.7705)
Time: Mon Feb  2 22:03:52 2026 Sri Lanka Standard Time elapsed time: 117.081256 seconds (0d 0h 1m 57s)

---------------  T H R E A D  ---------------

Current thread (0x0000015eac025880):  JavaThread "C2 CompilerThread0" daemon [_thread_in_native, id=16584, stack(0x0000004b39a00000,0x0000004b39b00000)]


Current CompileTask:
C2: 117081 25848 %     4       org.jetbrains.org.objectweb.asm.ClassReader::readCode @ 1611 (5089 bytes)

Stack: [0x0000004b39a00000,0x0000004b39b00000]
Native frames: (J=compiled Java code, j=interpreted, Vv=VM code, C=native code)
V  [jvm.dll+0x6bb95a]
V  [jvm.dll+0x8485fa]
V  [jvm.dll+0x84a1f5]
V  [jvm.dll+0x84a8f3]
V  [jvm.dll+0x280b0f]
V  [jvm.dll+0xc2b11]
V  [jvm.dll+0xc2e35]
V  [jvm.dll+0x3bb17c]
V  [jvm.dll+0x3857f5]
V  [jvm.dll+0x384c6a]
V  [jvm.dll+0x24b259]
V  [jvm.dll+0x24a651]
V  [jvm.dll+0x1ce491]
V  [jvm.dll+0x259e1b]
V  [jvm.dll+0x2584f0]
V  [jvm.dll+0x3f2895]
V  [jvm.dll+0x7f4b56]
V  [jvm.dll+0x6ba5cb]
C  [ucrtbase.dll+0x37b0]
C  [KERNEL32.DLL+0x2e8d7]
C  [ntdll.dll+0x8c40c]


---------------  P R O C E S S  ---------------

Threads class SMR info:
_java_thread_list=0x0000015efcef4600, length=163, elements={
0x0000015eef8d9fb0, 0x0000015efd07e3b0, 0x0000015eac0080b0, 0x0000015eac00d4b0,
0x0000015eac00ddf0, 0x0000015eac016750, 0x0000015eac01f5d0, 0x0000015eac025880,
0x0000015eac026330, 0x0000015eac0e66a0, 0x0000015eac2e1c70, 0x0000015ead233a60,
0x0000015eac410090, 0x0000015eadfd5800, 0x0000015eace61660, 0x0000015eae0b7e90,
0x0000015eae0b8930, 0x0000015eae0b6950, 0x0000015eae0b5410, 0x0000015eae0b7940,
0x0000015eae0b83e0, 0x0000015eae0b73f0, 0x0000015eae0b5eb0, 0x0000015eae0b6400,
0x0000015eaf8f5860, 0x0000015eaf8f4dc0, 0x0000015eaf8f4320, 0x0000015eaf8f5db0,
0x0000015eaf8f6300, 0x0000015eaf8f6850, 0x0000015eaf8f6da0, 0x0000015eaf8f92d0,
0x0000015eaf8fa2c0, 0x0000015eaf8f8830, 0x0000015eaf8f8d80, 0x0000015eaf8fbd50,
0x0000015eaf8f82e0, 0x0000015ead9cd0a0, 0x0000015ead9cd5f0, 0x0000015eb155e940,
0x0000015eb155ee90, 0x0000015eb155f930, 0x0000015eb1561e60, 0x0000015eaf8f7d90,
0x0000015eaf8fb800, 0x0000015ead9ceb30, 0x0000015eae0b5960, 0x0000015ead33d270,
0x0000015ead33cd20, 0x0000015ead33c280, 0x0000015ead33dd10, 0x0000015ead33c7d0,
0x0000015ead33d7c0, 0x0000015ead33e260, 0x0000015ead33e7b0, 0x0000015ead33b7e0,
0x0000015ead33bd30, 0x0000015eb467a120, 0x0000015eb4677bf0, 0x0000015eb4679130,
0x0000015eb4678140, 0x0000015eb4678690, 0x0000015eb4679680, 0x0000015eb467a670,
0x0000015eb4679bd0, 0x0000015eb467abc0, 0x0000015eb467b110, 0x0000015eb46776a0,
0x0000015eb467b660, 0x0000015eb467bbb0, 0x0000015eb467c100, 0x0000015eb467c650,
0x0000015eb4678be0, 0x0000015eb467cba0, 0x0000015eb467e0e0, 0x0000015eb467db90,
0x0000015eb467d640, 0x0000015eb467e630, 0x0000015eb467d0f0, 0x0000015eb467eb80,
0x0000015eb3f245b0, 0x0000015eb3f23b10, 0x0000015eb3f24b00, 0x0000015eb3f25050,
0x0000015eb3f26590, 0x0000015eb3f23070, 0x0000015eb3f24060, 0x0000015eb3f235c0,
0x0000015eb3f255a0, 0x0000015eb3f25af0, 0x0000015eb3f26040, 0x0000015ec0fd3020,
0x0000015ec0fd3ac0, 0x0000015ec0fd5550, 0x0000015ec0fd5000, 0x0000015ec0fd5aa0,
0x0000015ec0fd4ab0, 0x0000015eb407db00, 0x0000015eb407d5b0, 0x0000015eb407e5a0,
0x0000015eb407eaf0, 0x0000015eb407b080, 0x0000015eb407f040, 0x0000015eb407b5d0,
0x0000015eb4081020, 0x0000015eb4082010, 0x0000015eb4080030, 0x0000015eb407f590,
0x0000015eb407fae0, 0x0000015eb4080580, 0x0000015eb4081570, 0x0000015eb4081ac0,
0x0000015eb4080ad0, 0x0000015eb4082560, 0x0000015eb4082ab0, 0x0000015ec1645c00,
0x0000015ec16466a0, 0x0000015ec1647140, 0x0000015ec1646bf0, 0x0000015ec1644c10,
0x0000015ec1645160, 0x0000015ec1648680, 0x0000015ec1648130, 0x0000015ec1647690,
0x0000015ec16456b0, 0x0000015ec1648bd0, 0x0000015ec1647be0, 0x0000015ec1649670,
0x0000015ec1649bc0, 0x0000015ec1646150, 0x0000015ec164a110, 0x0000015ec164c640,
0x0000015ec164a660, 0x0000015ec164abb0, 0x0000015ec164b650, 0x0000015ec164c0f0,
0x0000015ec164b100, 0x0000015ec164bba0, 0x0000015ec1c57480, 0x0000015ec1c58470,
0x0000015ec1c599b0, 0x0000015ec1c59f00, 0x0000015ec1c5a450, 0x0000015ec1c57f20,
0x0000015ec1c569e0, 0x0000015ec1c59460, 0x0000015ec1c5a9a0, 0x0000015ec1c56f30,
0x0000015ec1c5aef0, 0x0000015ec1c589c0, 0x0000015ec1c5b440, 0x0000015ec1c579d0,
0x0000015ec1c5bee0, 0x0000015ec1c58f10, 0x0000015ec1c5f400, 0x0000015ec1c5e410,
0x0000015ec1c5b990, 0x0000015ec1c5e960, 0x0000015ec1c5fea0, 0x0000015ec1c5c430,
0x0000015ec1c5f950, 0x0000015eb1770b60, 0x0000015eb1771680
}

Java Threads: ( => current thread )
  0x0000015eef8d9fb0 JavaThread "main" [_thread_blocked, id=17736, stack(0x0000004b38d00000,0x0000004b38e00000)]
  0x0000015efd07e3b0 JavaThread "Reference Handler" daemon [_thread_blocked, id=9536, stack(0x0000004b39400000,0x0000004b39500000)]
  0x0000015eac0080b0 JavaThread "Finalizer" daemon [_thread_blocked, id=22952, stack(0x0000004b39500000,0x0000004b39600000)]
  0x0000015eac00d4b0 JavaThread "Signal Dispatcher" daemon [_thread_blocked, id=23084, stack(0x0000004b39600000,0x0000004b39700000)]
  0x0000015eac00ddf0 JavaThread "Attach Listener" daemon [_thread_blocked, id=5048, stack(0x0000004b39700000,0x0000004b39800000)]
  0x0000015eac016750 JavaThread "Service Thread" daemon [_thread_blocked, id=8992, stack(0x0000004b39800000,0x0000004b39900000)]
  0x0000015eac01f5d0 JavaThread "Monitor Deflation Thread" daemon [_thread_blocked, id=18840, stack(0x0000004b39900000,0x0000004b39a00000)]
=>0x0000015eac025880 JavaThread "C2 CompilerThread0" daemon [_thread_in_native, id=16584, stack(0x0000004b39a00000,0x0000004b39b00000)]
  0x0000015eac026330 JavaThread "C1 CompilerThread0" daemon [_thread_blocked, id=11428, stack(0x0000004b39b00000,0x0000004b39c00000)]
  0x0000015eac0e66a0 JavaThread "Common-Cleaner" daemon [_thread_blocked, id=11392, stack(0x0000004b39c00000,0x0000004b39d00000)]
  0x0000015eac2e1c70 JavaThread "Notification Thread" daemon [_thread_blocked, id=23016, stack(0x0000004b39d00000,0x0000004b39e00000)]
  0x0000015ead233a60 JavaThread "Daemon health stats" [_thread_blocked, id=19632, stack(0x0000004b3a500000,0x0000004b3a600000)]
  0x0000015eac410090 JavaThread "Incoming local TCP Connector on port 52653" [_thread_in_native, id=10324, stack(0x0000004b39f00000,0x0000004b3a000000)]
  0x0000015eadfd5800 JavaThread "Daemon periodic checks" [_thread_blocked, id=12788, stack(0x0000004b3a600000,0x0000004b3a700000)]
  0x0000015eace61660 JavaThread "Daemon" [_thread_blocked, id=10824, stack(0x0000004b3a700000,0x0000004b3a800000)]
  0x0000015eae0b7e90 JavaThread "Handler for socket connection from /127.0.0.1:52653 to /127.0.0.1:52654" [_thread_in_native, id=19872, stack(0x0000004b3a800000,0x0000004b3a900000)]
  0x0000015eae0b8930 JavaThread "Cancel handler" [_thread_blocked, id=11172, stack(0x0000004b3a900000,0x0000004b3aa00000)]
  0x0000015eae0b6950 JavaThread "Daemon worker" [_thread_blocked, id=14700, stack(0x0000004b3aa00000,0x0000004b3ab00000)]
  0x0000015eae0b5410 JavaThread "Asynchronous log dispatcher for DefaultDaemonConnection: socket connection from /127.0.0.1:52653 to /127.0.0.1:52654" [_thread_blocked, id=9588, stack(0x0000004b3ab00000,0x0000004b3ac00000)]
  0x0000015eae0b7940 JavaThread "Stdin handler" [_thread_blocked, id=1904, stack(0x0000004b3ac00000,0x0000004b3ad00000)]
  0x0000015eae0b83e0 JavaThread "Daemon client event forwarder" [_thread_blocked, id=23196, stack(0x0000004b3ad00000,0x0000004b3ae00000)]
  0x0000015eae0b73f0 JavaThread "Cache worker for journal cache (C:\Users\USER\.gradle\caches\journal-1)" [_thread_blocked, id=18284, stack(0x0000004b3b300000,0x0000004b3b400000)]
  0x0000015eae0b5eb0 JavaThread "File lock request listener" [_thread_in_native, id=4944, stack(0x0000004b3b400000,0x0000004b3b500000)]
  0x0000015eae0b6400 JavaThread "Cache worker for file hash cache (C:\Users\USER\.gradle\caches\8.14\fileHashes)" [_thread_blocked, id=18512, stack(0x0000004b3b500000,0x0000004b3b600000)]
  0x0000015eaf8f5860 JavaThread "Cache worker for file hash cache (C:\Users\USER\Desktop\FYP git\FYP\Frontend\android\.gradle\8.14\fileHashes)" [_thread_blocked, id=15340, stack(0x0000004b3b900000,0x0000004b3ba00000)]
  0x0000015eaf8f4dc0 JavaThread "Cache worker for Build Output Cleanup Cache (C:\Users\USER\Desktop\FYP git\FYP\Frontend\android\.gradle\buildOutputCleanup)" [_thread_blocked, id=23120, stack(0x0000004b3ba00000,0x0000004b3bb00000)]
  0x0000015eaf8f4320 JavaThread "File watcher server" daemon [_thread_in_native, id=12292, stack(0x0000004b3b800000,0x0000004b3b900000)]
  0x0000015eaf8f5db0 JavaThread "File watcher consumer" daemon [_thread_blocked, id=20092, stack(0x0000004b3b200000,0x0000004b3b300000)]
  0x0000015eaf8f6300 JavaThread "jar transforms" [_thread_blocked, id=16836, stack(0x0000004b3bc00000,0x0000004b3bd00000)]
  0x0000015eaf8f6850 JavaThread "jar transforms Thread 2" [_thread_blocked, id=10292, stack(0x0000004b3bd00000,0x0000004b3be00000)]
  0x0000015eaf8f6da0 JavaThread "jar transforms Thread 3" [_thread_blocked, id=2372, stack(0x0000004b3be00000,0x0000004b3bf00000)]
  0x0000015eaf8f92d0 JavaThread "jar transforms Thread 4" [_thread_blocked, id=20824, stack(0x0000004b3c000000,0x0000004b3c100000)]
  0x0000015eaf8fa2c0 JavaThread "jar transforms Thread 5" [_thread_blocked, id=16164, stack(0x0000004b3c100000,0x0000004b3c200000)]
  0x0000015eaf8f8830 JavaThread "Cache worker for checksums cache (C:\Users\USER\Desktop\FYP git\FYP\Frontend\android\.gradle\8.14\checksums)" [_thread_blocked, id=20596, stack(0x0000004b3c200000,0x0000004b3c300000)]
  0x0000015eaf8f8d80 JavaThread "Cache worker for file content cache (C:\Users\USER\.gradle\caches\8.14\fileContent)" [_thread_blocked, id=13732, stack(0x0000004b3c300000,0x0000004b3c400000)]
  0x0000015eaf8fbd50 JavaThread "jar transforms Thread 6" [_thread_blocked, id=8576, stack(0x0000004b3c400000,0x0000004b3c500000)]
  0x0000015eaf8f82e0 JavaThread "jar transforms Thread 7" [_thread_blocked, id=9876, stack(0x0000004b3c500000,0x0000004b3c600000)]
  0x0000015ead9cd0a0 JavaThread "jar transforms Thread 8" [_thread_blocked, id=1796, stack(0x0000004b3c600000,0x0000004b3c700000)]
  0x0000015ead9cd5f0 JavaThread "jar transforms Thread 9" [_thread_blocked, id=11420, stack(0x0000004b3c700000,0x0000004b3c800000)]
  0x0000015eb155e940 JavaThread "Cache worker for cache directory md-supplier (C:\Users\USER\.gradle\caches\8.14\md-supplier)" [_thread_blocked, id=12276, stack(0x0000004b3c900000,0x0000004b3ca00000)]
  0x0000015eb155ee90 JavaThread "Cache worker for cache directory md-rule (C:\Users\USER\.gradle\caches\8.14\md-rule)" [_thread_blocked, id=23064, stack(0x0000004b3ca00000,0x0000004b3cb00000)]
  0x0000015eb155f930 JavaThread "Cache worker for Build Output Cleanup Cache (D:\flutter_windows_3.41.0-0.2.pre-beta\flutter\packages\flutter_tools\gradle\.gradle\buildOutputCleanup)" [_thread_blocked, id=9696, stack(0x0000004b3c800000,0x0000004b3c900000)]
  0x0000015eb1561e60 JavaThread "Kotlin DSL Writer" [_thread_blocked, id=20516, stack(0x0000004b3cc00000,0x0000004b3cd00000)]
  0x0000015eaf8f7d90 JavaThread "Unconstrained build operations" [_thread_blocked, id=15996, stack(0x0000004b38c00000,0x0000004b38d00000)]
  0x0000015eaf8fb800 JavaThread "Unconstrained build operations Thread 2" [_thread_blocked, id=15820, stack(0x0000004b3cb00000,0x0000004b3cc00000)]
  0x0000015ead9ceb30 JavaThread "Unconstrained build operations Thread 3" [_thread_blocked, id=23280, stack(0x0000004b3ce00000,0x0000004b3cf00000)]
  0x0000015eae0b5960 JavaThread "Unconstrained build operations Thread 4" [_thread_blocked, id=2956, stack(0x0000004b3cf00000,0x0000004b3d000000)]
  0x0000015ead33d270 JavaThread "Unconstrained build operations Thread 5" [_thread_blocked, id=19580, stack(0x0000004b3d000000,0x0000004b3d100000)]
  0x0000015ead33cd20 JavaThread "Unconstrained build operations Thread 6" [_thread_blocked, id=7628, stack(0x0000004b3d100000,0x0000004b3d200000)]
  0x0000015ead33c280 JavaThread "Unconstrained build operations Thread 7" [_thread_blocked, id=13380, stack(0x0000004b3d200000,0x0000004b3d300000)]
  0x0000015ead33dd10 JavaThread "Unconstrained build operations Thread 8" [_thread_blocked, id=2816, stack(0x0000004b3d300000,0x0000004b3d400000)]
  0x0000015ead33c7d0 JavaThread "Unconstrained build operations Thread 9" [_thread_blocked, id=20436, stack(0x0000004b3d400000,0x0000004b3d500000)]
  0x0000015ead33d7c0 JavaThread "Unconstrained build operations Thread 10" [_thread_blocked, id=22696, stack(0x0000004b3d500000,0x0000004b3d600000)]
  0x0000015ead33e260 JavaThread "Unconstrained build operations Thread 11" [_thread_blocked, id=11388, stack(0x0000004b3d600000,0x0000004b3d700000)]
  0x0000015ead33e7b0 JavaThread "Unconstrained build operations Thread 12" [_thread_blocked, id=23244, stack(0x0000004b3d700000,0x0000004b3d800000)]
  0x0000015ead33b7e0 JavaThread "Unconstrained build operations Thread 13" [_thread_blocked, id=6836, stack(0x0000004b3d900000,0x0000004b3da00000)]
  0x0000015ead33bd30 JavaThread "Unconstrained build operations Thread 14" [_thread_blocked, id=18264, stack(0x0000004b3da00000,0x0000004b3db00000)]
  0x0000015eb467a120 JavaThread "Unconstrained build operations Thread 15" [_thread_blocked, id=21932, stack(0x0000004b3db00000,0x0000004b3dc00000)]
  0x0000015eb4677bf0 JavaThread "Unconstrained build operations Thread 16" [_thread_blocked, id=22812, stack(0x0000004b3d800000,0x0000004b3d900000)]
  0x0000015eb4679130 JavaThread "Unconstrained build operations Thread 17" [_thread_blocked, id=14500, stack(0x0000004b3dc00000,0x0000004b3dd00000)]
  0x0000015eb4678140 JavaThread "Unconstrained build operations Thread 18" [_thread_blocked, id=14752, stack(0x0000004b3dd00000,0x0000004b3de00000)]
  0x0000015eb4678690 JavaThread "Unconstrained build operations Thread 19" [_thread_blocked, id=17744, stack(0x0000004b3de00000,0x0000004b3df00000)]
  0x0000015eb4679680 JavaThread "Unconstrained build operations Thread 20" [_thread_blocked, id=3280, stack(0x0000004b3df00000,0x0000004b3e000000)]
  0x0000015eb467a670 JavaThread "Unconstrained build operations Thread 21" [_thread_blocked, id=18556, stack(0x0000004b3e000000,0x0000004b3e100000)]
  0x0000015eb4679bd0 JavaThread "Unconstrained build operations Thread 22" [_thread_blocked, id=11884, stack(0x0000004b3e100000,0x0000004b3e200000)]
  0x0000015eb467abc0 JavaThread "Unconstrained build operations Thread 23" [_thread_blocked, id=9376, stack(0x0000004b3e200000,0x0000004b3e300000)]
  0x0000015eb467b110 JavaThread "Unconstrained build operations Thread 24" [_thread_blocked, id=21216, stack(0x0000004b3e300000,0x0000004b3e400000)]
  0x0000015eb46776a0 JavaThread "Unconstrained build operations Thread 25" [_thread_blocked, id=14528, stack(0x0000004b3e400000,0x0000004b3e500000)]
  0x0000015eb467b660 JavaThread "Unconstrained build operations Thread 26" [_thread_blocked, id=22392, stack(0x0000004b3e500000,0x0000004b3e600000)]
  0x0000015eb467bbb0 JavaThread "Unconstrained build operations Thread 27" [_thread_blocked, id=19880, stack(0x0000004b3e600000,0x0000004b3e700000)]
  0x0000015eb467c100 JavaThread "Unconstrained build operations Thread 28" [_thread_blocked, id=11056, stack(0x0000004b3e700000,0x0000004b3e800000)]
  0x0000015eb467c650 JavaThread "Unconstrained build operations Thread 29" [_thread_blocked, id=20708, stack(0x0000004b3e800000,0x0000004b3e900000)]
  0x0000015eb4678be0 JavaThread "Unconstrained build operations Thread 30" [_thread_blocked, id=18680, stack(0x0000004b3e900000,0x0000004b3ea00000)]
  0x0000015eb467cba0 JavaThread "Unconstrained build operations Thread 31" [_thread_blocked, id=8692, stack(0x0000004b38a00000,0x0000004b38b00000)]
  0x0000015eb467e0e0 JavaThread "Unconstrained build operations Thread 32" [_thread_blocked, id=12188, stack(0x0000004b38b00000,0x0000004b38c00000)]
  0x0000015eb467db90 JavaThread "Unconstrained build operations Thread 33" [_thread_blocked, id=17156, stack(0x0000004b3ea00000,0x0000004b3eb00000)]
  0x0000015eb467d640 JavaThread "Unconstrained build operations Thread 34" [_thread_blocked, id=12064, stack(0x0000004b3eb00000,0x0000004b3ec00000)]
  0x0000015eb467e630 JavaThread "Unconstrained build operations Thread 35" [_thread_blocked, id=6200, stack(0x0000004b3ec00000,0x0000004b3ed00000)]
  0x0000015eb467d0f0 JavaThread "Unconstrained build operations Thread 36" [_thread_blocked, id=13112, stack(0x0000004b3ed00000,0x0000004b3ee00000)]
  0x0000015eb467eb80 JavaThread "Unconstrained build operations Thread 37" [_thread_blocked, id=5720, stack(0x0000004b3ee00000,0x0000004b3ef00000)]
  0x0000015eb3f245b0 JavaThread "Unconstrained build operations Thread 38" [_thread_blocked, id=12148, stack(0x0000004b3ef00000,0x0000004b3f000000)]
  0x0000015eb3f23b10 JavaThread "Unconstrained build operations Thread 39" [_thread_blocked, id=11860, stack(0x0000004b3f000000,0x0000004b3f100000)]
  0x0000015eb3f24b00 JavaThread "Unconstrained build operations Thread 40" [_thread_blocked, id=13740, stack(0x0000004b3f300000,0x0000004b3f400000)]
  0x0000015eb3f25050 JavaThread "Unconstrained build operations Thread 41" [_thread_blocked, id=23440, stack(0x0000004b3f400000,0x0000004b3f500000)]
  0x0000015eb3f26590 JavaThread "Unconstrained build operations Thread 42" [_thread_blocked, id=9868, stack(0x0000004b3f200000,0x0000004b3f300000)]
  0x0000015eb3f23070 JavaThread "Unconstrained build operations Thread 43" [_thread_blocked, id=8800, stack(0x0000004b3f500000,0x0000004b3f600000)]
  0x0000015eb3f24060 JavaThread "Unconstrained build operations Thread 44" [_thread_blocked, id=22788, stack(0x0000004b3f600000,0x0000004b3f700000)]
  0x0000015eb3f235c0 JavaThread "Unconstrained build operations Thread 45" [_thread_blocked, id=3476, stack(0x0000004b3f700000,0x0000004b3f800000)]
  0x0000015eb3f255a0 JavaThread "Unconstrained build operations Thread 46" [_thread_blocked, id=21880, stack(0x0000004b3f800000,0x0000004b3f900000)]
  0x0000015eb3f25af0 JavaThread "Unconstrained build operations Thread 47" [_thread_blocked, id=3960, stack(0x0000004b3f900000,0x0000004b3fa00000)]
  0x0000015eb3f26040 JavaThread "Unconstrained build operations Thread 48" [_thread_blocked, id=22892, stack(0x0000004b3fa00000,0x0000004b3fb00000)]
  0x0000015ec0fd3020 JavaThread "Unconstrained build operations Thread 49" [_thread_blocked, id=15648, stack(0x0000004b3fb00000,0x0000004b3fc00000)]
  0x0000015ec0fd3ac0 JavaThread "Unconstrained build operations Thread 50" [_thread_blocked, id=16312, stack(0x0000004b3fc00000,0x0000004b3fd00000)]
  0x0000015ec0fd5550 JavaThread "Unconstrained build operations Thread 51" [_thread_blocked, id=23532, stack(0x0000004b3fd00000,0x0000004b3fe00000)]
  0x0000015ec0fd5000 JavaThread "Unconstrained build operations Thread 52" [_thread_blocked, id=20148, stack(0x0000004b3fe00000,0x0000004b3ff00000)]
  0x0000015ec0fd5aa0 JavaThread "Memory manager" [_thread_blocked, id=18360, stack(0x0000004b3f100000,0x0000004b3f200000)]
  0x0000015ec0fd4ab0 JavaThread "build event listener" [_thread_blocked, id=2400, stack(0x0000004b40000000,0x0000004b40100000)]
  0x0000015eb407db00 JavaThread "included builds" [_thread_blocked, id=10660, stack(0x0000004b40200000,0x0000004b40300000)]
  0x0000015eb407d5b0 JavaThread "Execution worker" [_thread_blocked, id=22956, stack(0x0000004b40300000,0x0000004b40400000)]
  0x0000015eb407e5a0 JavaThread "Execution worker Thread 2" [_thread_blocked, id=6120, stack(0x0000004b40400000,0x0000004b40500000)]
  0x0000015eb407eaf0 JavaThread "Execution worker Thread 3" [_thread_in_Java, id=1704, stack(0x0000004b40500000,0x0000004b40600000)]
  0x0000015eb407b080 JavaThread "Execution worker Thread 4" [_thread_blocked, id=7184, stack(0x0000004b40600000,0x0000004b40700000)]
  0x0000015eb407f040 JavaThread "Execution worker Thread 5" [_thread_blocked, id=3288, stack(0x0000004b40700000,0x0000004b40800000)]
  0x0000015eb407b5d0 JavaThread "Execution worker Thread 6" [_thread_blocked, id=3760, stack(0x0000004b40800000,0x0000004b40900000)]
  0x0000015eb4081020 JavaThread "Execution worker Thread 7" [_thread_blocked, id=10352, stack(0x0000004b40900000,0x0000004b40a00000)]
  0x0000015eb4082010 JavaThread "Execution worker Thread 8" [_thread_blocked, id=6060, stack(0x0000004b40a00000,0x0000004b40b00000)]
  0x0000015eb4080030 JavaThread "Execution worker Thread 9" [_thread_blocked, id=20820, stack(0x0000004b40b00000,0x0000004b40c00000)]
  0x0000015eb407f590 JavaThread "Execution worker Thread 10" [_thread_blocked, id=20664, stack(0x0000004b40c00000,0x0000004b40d00000)]
  0x0000015eb407fae0 JavaThread "Execution worker Thread 11" [_thread_blocked, id=18112, stack(0x0000004b40d00000,0x0000004b40e00000)]
  0x0000015eb4080580 JavaThread "Cache worker for execution history cache (D:\flutter_windows_3.41.0-0.2.pre-beta\flutter\packages\flutter_tools\gradle\.gradle\8.14\executionHistory)" [_thread_blocked, id=21204, stack(0x0000004b40e00000,0x0000004b40f00000)]
  0x0000015eb4081570 JavaThread "Unconstrained build operations Thread 53" [_thread_blocked, id=15744, stack(0x0000004b3ff00000,0x0000004b40000000)]
  0x0000015eb4081ac0 JavaThread "Unconstrained build operations Thread 54" [_thread_blocked, id=10244, stack(0x0000004b40100000,0x0000004b40200000)]
  0x0000015eb4080ad0 JavaThread "Unconstrained build operations Thread 55" [_thread_blocked, id=22168, stack(0x0000004b40f00000,0x0000004b41000000)]
  0x0000015eb4082560 JavaThread "Unconstrained build operations Thread 56" [_thread_blocked, id=4624, stack(0x0000004b41000000,0x0000004b41100000)]
  0x0000015eb4082ab0 JavaThread "Unconstrained build operations Thread 57" [_thread_blocked, id=17512, stack(0x0000004b41100000,0x0000004b41200000)]
  0x0000015ec1645c00 JavaThread "Unconstrained build operations Thread 58" [_thread_blocked, id=19452, stack(0x0000004b41200000,0x0000004b41300000)]
  0x0000015ec16466a0 JavaThread "Unconstrained build operations Thread 59" [_thread_blocked, id=19992, stack(0x0000004b41300000,0x0000004b41400000)]
  0x0000015ec1647140 JavaThread "Unconstrained build operations Thread 60" [_thread_blocked, id=21748, stack(0x0000004b41400000,0x0000004b41500000)]
  0x0000015ec1646bf0 JavaThread "Unconstrained build operations Thread 61" [_thread_blocked, id=20052, stack(0x0000004b41500000,0x0000004b41600000)]
  0x0000015ec1644c10 JavaThread "Unconstrained build operations Thread 62" [_thread_blocked, id=22288, stack(0x0000004b41600000,0x0000004b41700000)]
  0x0000015ec1645160 JavaThread "Unconstrained build operations Thread 63" [_thread_blocked, id=7500, stack(0x0000004b41700000,0x0000004b41800000)]
  0x0000015ec1648680 JavaThread "Unconstrained build operations Thread 64" [_thread_blocked, id=2588, stack(0x0000004b41800000,0x0000004b41900000)]
  0x0000015ec1648130 JavaThread "Unconstrained build operations Thread 65" [_thread_blocked, id=18016, stack(0x0000004b41900000,0x0000004b41a00000)]
  0x0000015ec1647690 JavaThread "Unconstrained build operations Thread 66" [_thread_blocked, id=12140, stack(0x0000004b41a00000,0x0000004b41b00000)]
  0x0000015ec16456b0 JavaThread "Unconstrained build operations Thread 67" [_thread_blocked, id=1536, stack(0x0000004b41b00000,0x0000004b41c00000)]
  0x0000015ec1648bd0 JavaThread "Unconstrained build operations Thread 68" [_thread_blocked, id=2936, stack(0x0000004b41c00000,0x0000004b41d00000)]
  0x0000015ec1647be0 JavaThread "Unconstrained build operations Thread 69" [_thread_blocked, id=18384, stack(0x0000004b41d00000,0x0000004b41e00000)]
  0x0000015ec1649670 JavaThread "Unconstrained build operations Thread 70" [_thread_blocked, id=17136, stack(0x0000004b41e00000,0x0000004b41f00000)]
  0x0000015ec1649bc0 JavaThread "Unconstrained build operations Thread 71" [_thread_blocked, id=15728, stack(0x0000004b41f00000,0x0000004b42000000)]
  0x0000015ec1646150 JavaThread "Unconstrained build operations Thread 72" [_thread_blocked, id=23276, stack(0x0000004b42000000,0x0000004b42100000)]
  0x0000015ec164a110 JavaThread "Unconstrained build operations Thread 73" [_thread_blocked, id=9992, stack(0x0000004b42100000,0x0000004b42200000)]
  0x0000015ec164c640 JavaThread "Unconstrained build operations Thread 74" [_thread_blocked, id=9900, stack(0x0000004b42200000,0x0000004b42300000)]
  0x0000015ec164a660 JavaThread "Unconstrained build operations Thread 75" [_thread_blocked, id=17888, stack(0x0000004b42300000,0x0000004b42400000)]
  0x0000015ec164abb0 JavaThread "Unconstrained build operations Thread 76" [_thread_blocked, id=672, stack(0x0000004b42400000,0x0000004b42500000)]
  0x0000015ec164b650 JavaThread "Unconstrained build operations Thread 77" [_thread_blocked, id=18268, stack(0x0000004b42500000,0x0000004b42600000)]
  0x0000015ec164c0f0 JavaThread "Unconstrained build operations Thread 78" [_thread_blocked, id=20520, stack(0x0000004b42600000,0x0000004b42700000)]
  0x0000015ec164b100 JavaThread "Unconstrained build operations Thread 79" [_thread_blocked, id=10160, stack(0x0000004b42700000,0x0000004b42800000)]
  0x0000015ec164bba0 JavaThread "Unconstrained build operations Thread 80" [_thread_blocked, id=12092, stack(0x0000004b42800000,0x0000004b42900000)]
  0x0000015ec1c57480 JavaThread "Unconstrained build operations Thread 81" [_thread_blocked, id=22364, stack(0x0000004b42900000,0x0000004b42a00000)]
  0x0000015ec1c58470 JavaThread "Unconstrained build operations Thread 82" [_thread_blocked, id=18004, stack(0x0000004b42b00000,0x0000004b42c00000)]
  0x0000015ec1c599b0 JavaThread "Unconstrained build operations Thread 83" [_thread_blocked, id=19864, stack(0x0000004b42c00000,0x0000004b42d00000)]
  0x0000015ec1c59f00 JavaThread "Unconstrained build operations Thread 84" [_thread_blocked, id=10916, stack(0x0000004b42d00000,0x0000004b42e00000)]
  0x0000015ec1c5a450 JavaThread "Unconstrained build operations Thread 85" [_thread_blocked, id=23288, stack(0x0000004b42e00000,0x0000004b42f00000)]
  0x0000015ec1c57f20 JavaThread "Unconstrained build operations Thread 86" [_thread_blocked, id=23072, stack(0x0000004b42f00000,0x0000004b43000000)]
  0x0000015ec1c569e0 JavaThread "Unconstrained build operations Thread 87" [_thread_blocked, id=23144, stack(0x0000004b43000000,0x0000004b43100000)]
  0x0000015ec1c59460 JavaThread "Unconstrained build operations Thread 88" [_thread_blocked, id=3116, stack(0x0000004b43100000,0x0000004b43200000)]
  0x0000015ec1c5a9a0 JavaThread "Unconstrained build operations Thread 89" [_thread_blocked, id=8676, stack(0x0000004b43200000,0x0000004b43300000)]
  0x0000015ec1c56f30 JavaThread "Unconstrained build operations Thread 90" [_thread_blocked, id=1320, stack(0x0000004b43300000,0x0000004b43400000)]
  0x0000015ec1c5aef0 JavaThread "Unconstrained build operations Thread 91" [_thread_blocked, id=14008, stack(0x0000004b43400000,0x0000004b43500000)]
  0x0000015ec1c589c0 JavaThread "Unconstrained build operations Thread 92" [_thread_blocked, id=12004, stack(0x0000004b43500000,0x0000004b43600000)]
  0x0000015ec1c5b440 JavaThread "Unconstrained build operations Thread 93" [_thread_in_Java, id=16440, stack(0x0000004b42a00000,0x0000004b42b00000)]
  0x0000015ec1c579d0 JavaThread "Unconstrained build operations Thread 94" [_thread_blocked, id=22916, stack(0x0000004b43600000,0x0000004b43700000)]
  0x0000015ec1c5bee0 JavaThread "Unconstrained build operations Thread 95" [_thread_blocked, id=19940, stack(0x0000004b43700000,0x0000004b43800000)]
  0x0000015ec1c58f10 JavaThread "Unconstrained build operations Thread 96" [_thread_blocked, id=22980, stack(0x0000004b43800000,0x0000004b43900000)]
  0x0000015ec1c5f400 JavaThread "Unconstrained build operations Thread 97" [_thread_blocked, id=21552, stack(0x0000004b43900000,0x0000004b43a00000)]
  0x0000015ec1c5e410 JavaThread "Unconstrained build operations Thread 98" [_thread_blocked, id=5148, stack(0x0000004b43a00000,0x0000004b43b00000)]
  0x0000015ec1c5b990 JavaThread "Unconstrained build operations Thread 99" [_thread_in_native, id=11920, stack(0x0000004b43b00000,0x0000004b43c00000)]
  0x0000015ec1c5e960 JavaThread "Unconstrained build operations Thread 100" [_thread_in_native, id=15568, stack(0x0000004b43c00000,0x0000004b43d00000)]
  0x0000015ec1c5fea0 JavaThread "Unconstrained build operations Thread 101" [_thread_blocked, id=20944, stack(0x0000004b43d00000,0x0000004b43e00000)]
  0x0000015ec1c5c430 JavaThread "Unconstrained build operations Thread 102" [_thread_blocked, id=17096, stack(0x0000004b43e00000,0x0000004b43f00000)]
  0x0000015ec1c5f950 JavaThread "Unconstrained build operations Thread 103" [_thread_blocked, id=14016, stack(0x0000004b43f00000,0x0000004b44000000)]
  0x0000015eb1770b60 JavaThread "C2 CompilerThread1" daemon [_thread_in_native, id=2056, stack(0x0000004b44000000,0x0000004b44100000)]
  0x0000015eb1771680 JavaThread "C2 CompilerThread2" daemon [_thread_in_native, id=23204, stack(0x0000004b44100000,0x0000004b44200000)]

Other Threads:
  0x0000015efd065fa0 VMThread "VM Thread" [stack: 0x0000004b39300000,0x0000004b39400000] [id=22564]
  0x0000015eef8dac80 WatcherThread "VM Periodic Task Thread" [stack: 0x0000004b39e00000,0x0000004b39f00000] [id=19380]
  0x0000015eef51d050 WorkerThread "GC Thread#0" [stack: 0x0000004b38e00000,0x0000004b38f00000] [id=15592]
  0x0000015eac5ddb90 WorkerThread "GC Thread#1" [stack: 0x0000004b3a000000,0x0000004b3a100000] [id=23340]
  0x0000015eac59fbe0 WorkerThread "GC Thread#2" [stack: 0x0000004b3a100000,0x0000004b3a200000] [id=12396]
  0x0000015eac5a0720 WorkerThread "GC Thread#3" [stack: 0x0000004b3a200000,0x0000004b3a300000] [id=22596]
  0x0000015eac59f640 WorkerThread "GC Thread#4" [stack: 0x0000004b3a300000,0x0000004b3a400000] [id=9584]
  0x0000015eac59edd0 WorkerThread "GC Thread#5" [stack: 0x0000004b3a400000,0x0000004b3a500000] [id=11872]
  0x0000015eae099140 WorkerThread "GC Thread#6" [stack: 0x0000004b3ae00000,0x0000004b3af00000] [id=22780]
  0x0000015eae099410 WorkerThread "GC Thread#7" [stack: 0x0000004b3af00000,0x0000004b3b000000] [id=20120]
  0x0000015eae0996e0 WorkerThread "GC Thread#8" [stack: 0x0000004b3b000000,0x0000004b3b100000] [id=20472]
  0x0000015eae099c80 WorkerThread "GC Thread#9" [stack: 0x0000004b3b100000,0x0000004b3b200000] [id=11136]
  0x0000015eef51de40 ConcurrentGCThread "G1 Main Marker" [stack: 0x0000004b38f00000,0x0000004b39000000] [id=5184]
  0x0000015eef51ea80 WorkerThread "G1 Conc#0" [stack: 0x0000004b39000000,0x0000004b39100000] [id=13344]
  0x0000015ead577f00 WorkerThread "G1 Conc#1" [stack: 0x0000004b3b600000,0x0000004b3b700000] [id=7208]
  0x0000015ead577690 WorkerThread "G1 Conc#2" [stack: 0x0000004b3b700000,0x0000004b3b800000] [id=10340]
  0x0000015efcf1aaf0 ConcurrentGCThread "G1 Refine#0" [stack: 0x0000004b39100000,0x0000004b39200000] [id=22024]
  0x0000015efcf1c350 ConcurrentGCThread "G1 Service" [stack: 0x0000004b39200000,0x0000004b39300000] [id=21532]

Threads with active compile tasks:
C2 CompilerThread0   117135 25848 %     4       org.jetbrains.org.objectweb.asm.ClassReader::readCode @ 1611 (5089 bytes)
C2 CompilerThread1   117135 26098       4       org.jetbrains.org.objectweb.asm.ClassReader::accept (1380 bytes)
C2 CompilerThread2   117135 26249       4       org.jetbrains.kotlin.protobuf.GeneratedMessageLite::parseUnknownField (518 bytes)

VM state: not at safepoint (normal execution)

VM Mutex/Monitor currently owned by a thread: None

Heap address: 0x0000000600000000, size: 8192 MB, Compressed Oops mode: Zero based, Oop shift amount: 3

CDS archive(s) mapped at: [0x0000000800000000-0x0000000800c60000-0x0000000800c60000), size 12976128, SharedBaseAddress: 0x0000000800000000, ArchiveRelocationMode: 0.
Compressed class space mapped at: 0x0000000801000000-0x0000000841000000, reserved size: 1073741824
Narrow klass base: 0x0000000800000000, Narrow klass shift: 0, Narrow klass range: 0x100000000

GC Precious Log:
 CardTable entry size: 512
 Card Set container configuration: InlinePtr #cards 4 size 8 Array Of Cards #cards 32 size 80 Howl #buckets 8 coarsen threshold 7372 Howl Bitmap #cards 1024 size 144 coarsen threshold 921 Card regions per heap region 1 cards per card region 8192
 CPUs: 12 total, 12 available
 Memory: 16205M
 Large Page Support: Disabled
 NUMA Support: Disabled
 Compressed Oops: Enabled (Zero based)
 Heap Region Size: 4M
 Heap Min Capacity: 8M
 Heap Initial Capacity: 256M
 Heap Max Capacity: 8G
 Pre-touch: Disabled
 Parallel Workers: 10
 Concurrent Workers: 3
 Concurrent Refinement Workers: 10
 Periodic GC: Disabled

Heap:
 garbage-first heap   total 622592K, used 536910K [0x0000000600000000, 0x0000000800000000)
  region size 4096K, 83 young (339968K), 6 survivors (24576K)
 Metaspace       used 164331K, committed 167168K, reserved 1245184K
  class space    used 20602K, committed 22016K, reserved 1048576K

Heap Regions: E=young(eden), S=young(survivor), O=old, HS=humongous(starts), HC=humongous(continues), CS=collection set, F=free, OA=open archive, CA=closed archive, TAMS=top-at-mark-start, PB=parsable bottom
|   0|0x0000000600000000, 0x0000000600400000, 0x0000000600400000|100%|HS|  |TAMS 0x0000000600000000| PB 0x0000000600000000| Complete 
|   1|0x0000000600400000, 0x0000000600800000, 0x0000000600800000|100%| O|  |TAMS 0x0000000600400000| PB 0x0000000600400000| Untracked 
|   2|0x0000000600800000, 0x0000000600c00000, 0x0000000600c00000|100%| O|  |TAMS 0x0000000600800000| PB 0x0000000600800000| Untracked 
|   3|0x0000000600c00000, 0x0000000601000000, 0x0000000601000000|100%| O|  |TAMS 0x0000000600c00000| PB 0x0000000600c00000| Untracked 
|   4|0x0000000601000000, 0x0000000601400000, 0x0000000601400000|100%| O|  |TAMS 0x0000000601000000| PB 0x0000000601000000| Untracked 
|   5|0x0000000601400000, 0x0000000601800000, 0x0000000601800000|100%| O|  |TAMS 0x0000000601400000| PB 0x0000000601400000| Untracked 
|   6|0x0000000601800000, 0x0000000601c00000, 0x0000000601c00000|100%| O|  |TAMS 0x0000000601800000| PB 0x0000000601800000| Untracked 
|   7|0x0000000601c00000, 0x0000000602000000, 0x0000000602000000|100%| O|  |TAMS 0x0000000601c00000| PB 0x0000000601c00000| Untracked 
|   8|0x0000000602000000, 0x0000000602400000, 0x0000000602400000|100%| O|  |TAMS 0x0000000602000000| PB 0x0000000602000000| Untracked 
|   9|0x0000000602400000, 0x0000000602800000, 0x0000000602800000|100%| O|  |TAMS 0x0000000602400000| PB 0x0000000602400000| Untracked 
|  10|0x0000000602800000, 0x0000000602c00000, 0x0000000602c00000|100%| O|  |TAMS 0x0000000602800000| PB 0x0000000602800000| Untracked 
|  11|0x0000000602c00000, 0x0000000603000000, 0x0000000603000000|100%| O|  |TAMS 0x0000000602c00000| PB 0x0000000602c00000| Untracked 
|  12|0x0000000603000000, 0x0000000603400000, 0x0000000603400000|100%|HS|  |TAMS 0x0000000603000000| PB 0x0000000603000000| Complete 
|  13|0x0000000603400000, 0x0000000603800000, 0x0000000603800000|100%|HC|  |TAMS 0x0000000603400000| PB 0x0000000603400000| Complete 
|  14|0x0000000603800000, 0x0000000603c00000, 0x0000000603c00000|100%| O|  |TAMS 0x0000000603800000| PB 0x0000000603800000| Untracked 
|  15|0x0000000603c00000, 0x0000000604000000, 0x0000000604000000|100%| O|  |TAMS 0x0000000603c00000| PB 0x0000000603c00000| Untracked 
|  16|0x0000000604000000, 0x0000000604400000, 0x0000000604400000|100%| O|  |TAMS 0x0000000604000000| PB 0x0000000604000000| Untracked 
|  17|0x0000000604400000, 0x0000000604800000, 0x0000000604800000|100%|HS|  |TAMS 0x0000000604400000| PB 0x0000000604400000| Complete 
|  18|0x0000000604800000, 0x0000000604c00000, 0x0000000604c00000|100%| O|  |TAMS 0x0000000604800000| PB 0x0000000604800000| Untracked 
|  19|0x0000000604c00000, 0x0000000605000000, 0x0000000605000000|100%| O|  |TAMS 0x0000000604c00000| PB 0x0000000604c00000| Untracked 
|  20|0x0000000605000000, 0x0000000605400000, 0x0000000605400000|100%| O|  |TAMS 0x0000000605000000| PB 0x0000000605000000| Untracked 
|  21|0x0000000605400000, 0x0000000605800000, 0x0000000605800000|100%| O|  |TAMS 0x0000000605400000| PB 0x0000000605400000| Untracked 
|  22|0x0000000605800000, 0x0000000605c00000, 0x0000000605c00000|100%| O|  |TAMS 0x0000000605800000| PB 0x0000000605800000| Untracked 
|  23|0x0000000605c00000, 0x0000000606000000, 0x0000000606000000|100%| O|  |TAMS 0x0000000605c00000| PB 0x0000000605c00000| Untracked 
|  24|0x0000000606000000, 0x0000000606400000, 0x0000000606400000|100%|HS|  |TAMS 0x0000000606000000| PB 0x0000000606000000| Complete 
|  25|0x0000000606400000, 0x0000000606400000, 0x0000000606800000|  0%| F|  |TAMS 0x0000000606400000| PB 0x0000000606400000| Untracked 
|  26|0x0000000606800000, 0x0000000606c00000, 0x0000000606c00000|100%| O|  |TAMS 0x0000000606800000| PB 0x0000000606800000| Untracked 
|  27|0x0000000606c00000, 0x0000000607000000, 0x0000000607000000|100%| O|  |TAMS 0x0000000606c00000| PB 0x0000000606c00000| Untracked 
|  28|0x0000000607000000, 0x0000000607400000, 0x0000000607400000|100%| O|  |TAMS 0x0000000607000000| PB 0x0000000607000000| Untracked 
|  29|0x0000000607400000, 0x0000000607800000, 0x0000000607800000|100%| O|  |TAMS 0x0000000607400000| PB 0x0000000607400000| Untracked 
|  30|0x0000000607800000, 0x0000000607c00000, 0x0000000607c00000|100%| O|  |TAMS 0x0000000607800000| PB 0x0000000607800000| Untracked 
|  31|0x0000000607c00000, 0x0000000608000000, 0x0000000608000000|100%| O|  |TAMS 0x0000000607c00000| PB 0x0000000607c00000| Untracked 
|  32|0x0000000608000000, 0x0000000608400000, 0x0000000608400000|100%| O|  |TAMS 0x0000000608000000| PB 0x0000000608000000| Untracked 
|  33|0x0000000608400000, 0x0000000608800000, 0x0000000608800000|100%| O|  |TAMS 0x0000000608400000| PB 0x0000000608400000| Untracked 
|  34|0x0000000608800000, 0x0000000608c00000, 0x0000000608c00000|100%| O|  |TAMS 0x0000000608800000| PB 0x0000000608800000| Untracked 
|  35|0x0000000608c00000, 0x0000000609000000, 0x0000000609000000|100%| O|  |TAMS 0x0000000608c00000| PB 0x0000000608c00000| Untracked 
|  36|0x0000000609000000, 0x0000000609400000, 0x0000000609400000|100%| O|  |TAMS 0x0000000609000000| PB 0x0000000609000000| Untracked 
|  37|0x0000000609400000, 0x0000000609800000, 0x0000000609800000|100%| O|  |TAMS 0x0000000609400000| PB 0x0000000609400000| Untracked 
|  38|0x0000000609800000, 0x0000000609c00000, 0x0000000609c00000|100%| O|  |TAMS 0x0000000609800000| PB 0x0000000609800000| Untracked 
|  39|0x0000000609c00000, 0x000000060a000000, 0x000000060a000000|100%| O|  |TAMS 0x0000000609c00000| PB 0x0000000609c00000| Untracked 
|  40|0x000000060a000000, 0x000000060a400000, 0x000000060a400000|100%| O|  |TAMS 0x000000060a000000| PB 0x000000060a000000| Untracked 
|  41|0x000000060a400000, 0x000000060a800000, 0x000000060a800000|100%| O|  |TAMS 0x000000060a400000| PB 0x000000060a400000| Untracked 
|  42|0x000000060a800000, 0x000000060ac00000, 0x000000060ac00000|100%| O|  |TAMS 0x000000060a800000| PB 0x000000060a800000| Untracked 
|  43|0x000000060ac00000, 0x000000060b000000, 0x000000060b000000|100%| O|  |TAMS 0x000000060ac00000| PB 0x000000060ac00000| Untracked 
|  44|0x000000060b000000, 0x000000060b400000, 0x000000060b400000|100%| O|  |TAMS 0x000000060b000000| PB 0x000000060b000000| Untracked 
|  45|0x000000060b400000, 0x000000060b785400, 0x000000060b800000| 88%| O|  |TAMS 0x000000060b400000| PB 0x000000060b400000| Untracked 
|  46|0x000000060b800000, 0x000000060bc00000, 0x000000060bc00000|100%| O|  |TAMS 0x000000060b800000| PB 0x000000060b800000| Untracked 
|  47|0x000000060bc00000, 0x000000060c000000, 0x000000060c000000|100%| O|  |TAMS 0x000000060bc00000| PB 0x000000060bc00000| Complete 
|  48|0x000000060c000000, 0x000000060c400000, 0x000000060c400000|100%| O|  |TAMS 0x000000060c000000| PB 0x000000060c000000| Complete 
|  49|0x000000060c400000, 0x000000060c400000, 0x000000060c800000|  0%| F|  |TAMS 0x000000060c400000| PB 0x000000060c400000| Untracked 
|  50|0x000000060c800000, 0x000000060c800000, 0x000000060cc00000|  0%| F|  |TAMS 0x000000060c800000| PB 0x000000060c800000| Untracked 
|  51|0x000000060cc00000, 0x000000060cc00000, 0x000000060d000000|  0%| F|  |TAMS 0x000000060cc00000| PB 0x000000060cc00000| Untracked 
|  52|0x000000060d000000, 0x000000060d000000, 0x000000060d400000|  0%| F|  |TAMS 0x000000060d000000| PB 0x000000060d000000| Untracked 
|  53|0x000000060d400000, 0x000000060d4ce540, 0x000000060d800000| 20%| E|CS|TAMS 0x000000060d400000| PB 0x000000060d400000| Complete 
|  54|0x000000060d800000, 0x000000060dc00000, 0x000000060dc00000|100%| E|CS|TAMS 0x000000060d800000| PB 0x000000060d800000| Complete 
|  55|0x000000060dc00000, 0x000000060e000000, 0x000000060e000000|100%| E|CS|TAMS 0x000000060dc00000| PB 0x000000060dc00000| Complete 
|  56|0x000000060e000000, 0x000000060e400000, 0x000000060e400000|100%| E|CS|TAMS 0x000000060e000000| PB 0x000000060e000000| Complete 
|  57|0x000000060e400000, 0x000000060e400000, 0x000000060e800000|  0%| F|  |TAMS 0x000000060e400000| PB 0x000000060e400000| Untracked 
|  58|0x000000060e800000, 0x000000060e800000, 0x000000060ec00000|  0%| F|  |TAMS 0x000000060e800000| PB 0x000000060e800000| Untracked 
|  59|0x000000060ec00000, 0x000000060ec00000, 0x000000060f000000|  0%| F|  |TAMS 0x000000060ec00000| PB 0x000000060ec00000| Untracked 
|  60|0x000000060f000000, 0x000000060f400000, 0x000000060f400000|100%| E|CS|TAMS 0x000000060f000000| PB 0x000000060f000000| Complete 
|  61|0x000000060f400000, 0x000000060f800000, 0x000000060f800000|100%| E|CS|TAMS 0x000000060f400000| PB 0x000000060f400000| Complete 
|  62|0x000000060f800000, 0x000000060f800000, 0x000000060fc00000|  0%| F|  |TAMS 0x000000060f800000| PB 0x000000060f800000| Untracked 
|  63|0x000000060fc00000, 0x000000060fc00000, 0x0000000610000000|  0%| F|  |TAMS 0x000000060fc00000| PB 0x000000060fc00000| Untracked 
|  64|0x0000000610000000, 0x0000000610000000, 0x0000000610400000|  0%| F|  |TAMS 0x0000000610000000| PB 0x0000000610000000| Untracked 
|  65|0x0000000610400000, 0x0000000610400000, 0x0000000610800000|  0%| F|  |TAMS 0x0000000610400000| PB 0x0000000610400000| Untracked 
|  66|0x0000000610800000, 0x0000000610800000, 0x0000000610c00000|  0%| F|  |TAMS 0x0000000610800000| PB 0x0000000610800000| Untracked 
|  67|0x0000000610c00000, 0x0000000610c00000, 0x0000000611000000|  0%| F|  |TAMS 0x0000000610c00000| PB 0x0000000610c00000| Untracked 
|  68|0x0000000611000000, 0x0000000611370ac8, 0x0000000611400000| 86%| S|  |TAMS 0x0000000611000000| PB 0x0000000611000000| Complete 
|  69|0x0000000611400000, 0x0000000611800000, 0x0000000611800000|100%| S|  |TAMS 0x0000000611400000| PB 0x0000000611400000| Complete 
|  70|0x0000000611800000, 0x0000000611c00000, 0x0000000611c00000|100%| S|  |TAMS 0x0000000611800000| PB 0x0000000611800000| Complete 
|  71|0x0000000611c00000, 0x0000000612000000, 0x0000000612000000|100%| S|  |TAMS 0x0000000611c00000| PB 0x0000000611c00000| Complete 
|  72|0x0000000612000000, 0x0000000612400000, 0x0000000612400000|100%| E|CS|TAMS 0x0000000612000000| PB 0x0000000612000000| Complete 
|  73|0x0000000612400000, 0x0000000612800000, 0x0000000612800000|100%| E|CS|TAMS 0x0000000612400000| PB 0x0000000612400000| Complete 
|  74|0x0000000612800000, 0x0000000612c00000, 0x0000000612c00000|100%| E|CS|TAMS 0x0000000612800000| PB 0x0000000612800000| Complete 
|  75|0x0000000612c00000, 0x0000000613000000, 0x0000000613000000|100%| E|CS|TAMS 0x0000000612c00000| PB 0x0000000612c00000| Complete 
|  76|0x0000000613000000, 0x0000000613400000, 0x0000000613400000|100%| E|CS|TAMS 0x0000000613000000| PB 0x0000000613000000| Complete 
|  77|0x0000000613400000, 0x0000000613800000, 0x0000000613800000|100%| E|CS|TAMS 0x0000000613400000| PB 0x0000000613400000| Complete 
|  78|0x0000000613800000, 0x0000000613c00000, 0x0000000613c00000|100%| E|CS|TAMS 0x0000000613800000| PB 0x0000000613800000| Complete 
|  79|0x0000000613c00000, 0x0000000614000000, 0x0000000614000000|100%| E|CS|TAMS 0x0000000613c00000| PB 0x0000000613c00000| Complete 
|  80|0x0000000614000000, 0x0000000614400000, 0x0000000614400000|100%| E|CS|TAMS 0x0000000614000000| PB 0x0000000614000000| Complete 
|  81|0x0000000614400000, 0x0000000614800000, 0x0000000614800000|100%| E|CS|TAMS 0x0000000614400000| PB 0x0000000614400000| Complete 
|  82|0x0000000614800000, 0x0000000614c00000, 0x0000000614c00000|100%| E|CS|TAMS 0x0000000614800000| PB 0x0000000614800000| Complete 
|  83|0x0000000614c00000, 0x0000000615000000, 0x0000000615000000|100%| E|CS|TAMS 0x0000000614c00000| PB 0x0000000614c00000| Complete 
|  84|0x0000000615000000, 0x0000000615400000, 0x0000000615400000|100%| E|CS|TAMS 0x0000000615000000| PB 0x0000000615000000| Complete 
|  85|0x0000000615400000, 0x0000000615800000, 0x0000000615800000|100%| E|CS|TAMS 0x0000000615400000| PB 0x0000000615400000| Complete 
|  86|0x0000000615800000, 0x0000000615c00000, 0x0000000615c00000|100%| E|CS|TAMS 0x0000000615800000| PB 0x0000000615800000| Complete 
|  87|0x0000000615c00000, 0x0000000616000000, 0x0000000616000000|100%| E|CS|TAMS 0x0000000615c00000| PB 0x0000000615c00000| Complete 
|  88|0x0000000616000000, 0x0000000616400000, 0x0000000616400000|100%| E|CS|TAMS 0x0000000616000000| PB 0x0000000616000000| Complete 
|  89|0x0000000616400000, 0x0000000616800000, 0x0000000616800000|100%| E|CS|TAMS 0x0000000616400000| PB 0x0000000616400000| Complete 
|  90|0x0000000616800000, 0x0000000616c00000, 0x0000000616c00000|100%| E|CS|TAMS 0x0000000616800000| PB 0x0000000616800000| Complete 
|  91|0x0000000616c00000, 0x0000000617000000, 0x0000000617000000|100%| E|CS|TAMS 0x0000000616c00000| PB 0x0000000616c00000| Complete 
|  92|0x0000000617000000, 0x0000000617400000, 0x0000000617400000|100%| E|CS|TAMS 0x0000000617000000| PB 0x0000000617000000| Complete 
|  93|0x0000000617400000, 0x0000000617800000, 0x0000000617800000|100%| E|CS|TAMS 0x0000000617400000| PB 0x0000000617400000| Complete 
|  94|0x0000000617800000, 0x0000000617c00000, 0x0000000617c00000|100%| E|CS|TAMS 0x0000000617800000| PB 0x0000000617800000| Complete 
|  95|0x0000000617c00000, 0x0000000618000000, 0x0000000618000000|100%| E|CS|TAMS 0x0000000617c00000| PB 0x0000000617c00000| Complete 
|  96|0x0000000618000000, 0x0000000618400000, 0x0000000618400000|100%| E|CS|TAMS 0x0000000618000000| PB 0x0000000618000000| Complete 
|  97|0x0000000618400000, 0x0000000618800000, 0x0000000618800000|100%| E|CS|TAMS 0x0000000618400000| PB 0x0000000618400000| Complete 
|  98|0x0000000618800000, 0x0000000618c00000, 0x0000000618c00000|100%| E|CS|TAMS 0x0000000618800000| PB 0x0000000618800000| Complete 
|  99|0x0000000618c00000, 0x0000000619000000, 0x0000000619000000|100%| E|CS|TAMS 0x0000000618c00000| PB 0x0000000618c00000| Complete 
| 100|0x0000000619000000, 0x0000000619400000, 0x0000000619400000|100%| E|CS|TAMS 0x0000000619000000| PB 0x0000000619000000| Complete 
| 101|0x0000000619400000, 0x0000000619800000, 0x0000000619800000|100%| E|CS|TAMS 0x0000000619400000| PB 0x0000000619400000| Complete 
| 102|0x0000000619800000, 0x0000000619c00000, 0x0000000619c00000|100%| E|CS|TAMS 0x0000000619800000| PB 0x0000000619800000| Complete 
| 103|0x0000000619c00000, 0x000000061a000000, 0x000000061a000000|100%| E|CS|TAMS 0x0000000619c00000| PB 0x0000000619c00000| Complete 
| 104|0x000000061a000000, 0x000000061a400000, 0x000000061a400000|100%| E|CS|TAMS 0x000000061a000000| PB 0x000000061a000000| Complete 
| 105|0x000000061a400000, 0x000000061a800000, 0x000000061a800000|100%| E|CS|TAMS 0x000000061a400000| PB 0x000000061a400000| Complete 
| 106|0x000000061a800000, 0x000000061ac00000, 0x000000061ac00000|100%| E|CS|TAMS 0x000000061a800000| PB 0x000000061a800000| Complete 
| 107|0x000000061ac00000, 0x000000061b000000, 0x000000061b000000|100%| E|CS|TAMS 0x000000061ac00000| PB 0x000000061ac00000| Complete 
| 108|0x000000061b000000, 0x000000061b400000, 0x000000061b400000|100%| E|CS|TAMS 0x000000061b000000| PB 0x000000061b000000| Complete 
| 109|0x000000061b400000, 0x000000061b800000, 0x000000061b800000|100%| E|CS|TAMS 0x000000061b400000| PB 0x000000061b400000| Complete 
| 110|0x000000061b800000, 0x000000061bc00000, 0x000000061bc00000|100%| E|CS|TAMS 0x000000061b800000| PB 0x000000061b800000| Complete 
| 111|0x000000061bc00000, 0x000000061c000000, 0x000000061c000000|100%| E|CS|TAMS 0x000000061bc00000| PB 0x000000061bc00000| Complete 
| 112|0x000000061c000000, 0x000000061c400000, 0x000000061c400000|100%| E|CS|TAMS 0x000000061c000000| PB 0x000000061c000000| Complete 
| 113|0x000000061c400000, 0x000000061c800000, 0x000000061c800000|100%| E|CS|TAMS 0x000000061c400000| PB 0x000000061c400000| Complete 
| 114|0x000000061c800000, 0x000000061cc00000, 0x000000061cc00000|100%| E|CS|TAMS 0x000000061c800000| PB 0x000000061c800000| Complete 
| 115|0x000000061cc00000, 0x000000061d000000, 0x000000061d000000|100%| E|CS|TAMS 0x000000061cc00000| PB 0x000000061cc00000| Complete 
| 116|0x000000061d000000, 0x000000061d400000, 0x000000061d400000|100%| E|CS|TAMS 0x000000061d000000| PB 0x000000061d000000| Complete 
| 117|0x000000061d400000, 0x000000061d800000, 0x000000061d800000|100%| E|CS|TAMS 0x000000061d400000| PB 0x000000061d400000| Complete 
| 118|0x000000061d800000, 0x000000061dc00000, 0x000000061dc00000|100%| E|CS|TAMS 0x000000061d800000| PB 0x000000061d800000| Complete 
| 119|0x000000061dc00000, 0x000000061e000000, 0x000000061e000000|100%| E|CS|TAMS 0x000000061dc00000| PB 0x000000061dc00000| Complete 
| 120|0x000000061e000000, 0x000000061e400000, 0x000000061e400000|100%| E|CS|TAMS 0x000000061e000000| PB 0x000000061e000000| Untracked 
| 121|0x000000061e400000, 0x000000061e400000, 0x000000061e800000|  0%| F|  |TAMS 0x000000061e400000| PB 0x000000061e400000| Untracked 
| 122|0x000000061e800000, 0x000000061e800000, 0x000000061ec00000|  0%| F|  |TAMS 0x000000061e800000| PB 0x000000061e800000| Untracked 
| 123|0x000000061ec00000, 0x000000061ec00000, 0x000000061f000000|  0%| F|  |TAMS 0x000000061ec00000| PB 0x000000061ec00000| Untracked 
| 124|0x000000061f000000, 0x000000061f000000, 0x000000061f400000|  0%| F|  |TAMS 0x000000061f000000| PB 0x000000061f000000| Untracked 
| 125|0x000000061f400000, 0x000000061f400000, 0x000000061f800000|  0%| F|  |TAMS 0x000000061f400000| PB 0x000000061f400000| Untracked 
| 126|0x000000061f800000, 0x000000061f800000, 0x000000061fc00000|  0%| F|  |TAMS 0x000000061f800000| PB 0x000000061f800000| Untracked 
| 127|0x000000061fc00000, 0x000000061fc00000, 0x0000000620000000|  0%| F|  |TAMS 0x000000061fc00000| PB 0x000000061fc00000| Untracked 
| 128|0x0000000620000000, 0x0000000620000000, 0x0000000620400000|  0%| F|  |TAMS 0x0000000620000000| PB 0x0000000620000000| Untracked 
| 129|0x0000000620400000, 0x0000000620400000, 0x0000000620800000|  0%| F|  |TAMS 0x0000000620400000| PB 0x0000000620400000| Untracked 
| 130|0x0000000620800000, 0x0000000620800000, 0x0000000620c00000|  0%| F|  |TAMS 0x0000000620800000| PB 0x0000000620800000| Untracked 
| 131|0x0000000620c00000, 0x0000000620c00000, 0x0000000621000000|  0%| F|  |TAMS 0x0000000620c00000| PB 0x0000000620c00000| Untracked 
| 132|0x0000000621000000, 0x0000000621000000, 0x0000000621400000|  0%| F|  |TAMS 0x0000000621000000| PB 0x0000000621000000| Untracked 
| 133|0x0000000621400000, 0x0000000621400000, 0x0000000621800000|  0%| F|  |TAMS 0x0000000621400000| PB 0x0000000621400000| Untracked 
| 134|0x0000000621800000, 0x0000000621800000, 0x0000000621c00000|  0%| F|  |TAMS 0x0000000621800000| PB 0x0000000621800000| Untracked 
| 135|0x0000000621c00000, 0x0000000621c00000, 0x0000000622000000|  0%| F|  |TAMS 0x0000000621c00000| PB 0x0000000621c00000| Untracked 
| 136|0x0000000622000000, 0x0000000622000000, 0x0000000622400000|  0%| F|  |TAMS 0x0000000622000000| PB 0x0000000622000000| Untracked 
| 137|0x0000000622400000, 0x0000000622400000, 0x0000000622800000|  0%| F|  |TAMS 0x0000000622400000| PB 0x0000000622400000| Untracked 
| 138|0x0000000622800000, 0x0000000622800000, 0x0000000622c00000|  0%| F|  |TAMS 0x0000000622800000| PB 0x0000000622800000| Untracked 
| 139|0x0000000622c00000, 0x0000000622c00000, 0x0000000623000000|  0%| F|  |TAMS 0x0000000622c00000| PB 0x0000000622c00000| Untracked 
| 140|0x0000000623000000, 0x0000000623000000, 0x0000000623400000|  0%| F|  |TAMS 0x0000000623000000| PB 0x0000000623000000| Untracked 
| 141|0x0000000623400000, 0x0000000623400000, 0x0000000623800000|  0%| F|  |TAMS 0x0000000623400000| PB 0x0000000623400000| Untracked 
| 142|0x0000000623800000, 0x0000000623800000, 0x0000000623c00000|  0%| F|  |TAMS 0x0000000623800000| PB 0x0000000623800000| Untracked 
| 143|0x0000000623c00000, 0x0000000623c00000, 0x0000000624000000|  0%| F|  |TAMS 0x0000000623c00000| PB 0x0000000623c00000| Untracked 
| 144|0x0000000624000000, 0x0000000624000000, 0x0000000624400000|  0%| F|  |TAMS 0x0000000624000000| PB 0x0000000624000000| Untracked 
| 145|0x0000000624400000, 0x0000000624400000, 0x0000000624800000|  0%| F|  |TAMS 0x0000000624400000| PB 0x0000000624400000| Untracked 
| 146|0x0000000624800000, 0x0000000624800000, 0x0000000624c00000|  0%| F|  |TAMS 0x0000000624800000| PB 0x0000000624800000| Untracked 
|2043|0x00000007fec00000, 0x00000007fec00000, 0x00000007ff000000|  0%| F|  |TAMS 0x00000007fec00000| PB 0x00000007fec00000| Untracked 
|2044|0x00000007ff000000, 0x00000007ff39a0a8, 0x00000007ff400000| 90%| E|  |TAMS 0x00000007ff000000| PB 0x00000007ff000000| Complete 
|2045|0x00000007ff400000, 0x00000007ff800000, 0x00000007ff800000|100%| O|  |TAMS 0x00000007ff400000| PB 0x00000007ff400000| Untracked 
|2046|0x00000007ff800000, 0x00000007ffc00000, 0x00000007ffc00000|100%| O|  |TAMS 0x00000007ff800000| PB 0x00000007ff800000| Untracked 
|2047|0x00000007ffc00000, 0x0000000800000000, 0x0000000800000000|100%| O|  |TAMS 0x00000007ffc00000| PB 0x00000007ffc00000| Untracked 

Card table byte_map: [0x0000015efadf0000,0x0000015efbdf0000] _byte_map_base: 0x0000015ef7df0000

Marking Bits: (CMBitMap*) 0x0000015eef51d590
 Bits: [0x0000015ea0000000, 0x0000015ea8000000)

Polling page: 0x0000015eef5f0000

Metaspace:

Usage:
  Non-class:    140.36 MB used.
      Class:     20.12 MB used.
       Both:    160.48 MB used.

Virtual space:
  Non-class space:      192.00 MB reserved,     141.75 MB ( 74%) committed,  3 nodes.
      Class space:        1.00 GB reserved,      21.50 MB (  2%) committed,  1 nodes.
             Both:        1.19 GB reserved,     163.25 MB ( 13%) committed. 

Chunk freelists:
   Non-Class:  1.98 MB
       Class:  2.49 MB
        Both:  4.47 MB

MaxMetaspaceSize: 4.00 GB
CompressedClassSpaceSize: 1.00 GB
Initial GC threshold: 21.00 MB
Current GC threshold: 271.88 MB
CDS: on
MetaspaceReclaimPolicy: balanced
 - commit_granule_bytes: 65536.
 - commit_granule_words: 8192.
 - virtual_space_node_default_size: 8388608.
 - enlarge_chunks_in_place: 1.
 - new_chunks_are_fully_committed: 0.
 - uncommit_free_chunks: 1.
 - use_allocation_guard: 0.


Internal statistics:

num_allocs_failed_limit: 18.
num_arena_births: 4996.
num_arena_deaths: 26.
num_vsnodes_births: 4.
num_vsnodes_deaths: 0.
num_space_committed: 2610.
num_space_uncommitted: 0.
num_chunks_returned_to_freelist: 59.
num_chunks_taken_from_freelist: 11734.
num_chunk_merges: 32.
num_chunk_splits: 8197.
num_chunks_enlarged: 5684.
num_inconsistent_stats: 0.

CodeHeap 'non-profiled nmethods': size=259264Kb used=14848Kb max_used=16146Kb free=244415Kb
 bounds [0x0000015e902d0000, 0x0000015e912a0000, 0x0000015ea0000000]
CodeHeap 'profiled nmethods': size=259264Kb used=43100Kb max_used=47240Kb free=216163Kb
 bounds [0x0000015e80000000, 0x0000015e82e30000, 0x0000015e8fd30000]
CodeHeap 'non-nmethods': size=5760Kb used=3257Kb max_used=3357Kb free=2502Kb
 bounds [0x0000015e8fd30000, 0x0000015e90090000, 0x0000015e902d0000]
 total_blobs=21809 nmethods=20592 adapters=1124
 compilation: enabled
              stopped_count=0, restarted_count=0
 full_count=0

Compilation events (20 events):
Event: 116.897 Thread 0x0000015eac026330 nmethod 26256 0x0000015e812d6710 code [0x0000015e812d6a00, 0x0000015e812d79d0]
Event: 116.897 Thread 0x0000015eac026330 26259       3       org.jetbrains.org.objectweb.asm.ClassWriter::toByteArray (1535 bytes)
Event: 116.902 Thread 0x0000015eb1771680 nmethod 25887% 0x0000015e90bfab10 code [0x0000015e90bfae20, 0x0000015e90bfd7b0]
Event: 116.902 Thread 0x0000015eb1771680 26264       4       org.jetbrains.org.objectweb.asm.tree.Util::add (27 bytes)
Event: 116.904 Thread 0x0000015eac026330 nmethod 26259 0x0000015e810a6390 code [0x0000015e810a6c00, 0x0000015e810aa968]
Event: 116.904 Thread 0x0000015eac026330 26258       3       org.jetbrains.org.objectweb.asm.AnnotationWriter::computeAnnotationsSize (66 bytes)
Event: 116.905 Thread 0x0000015eac026330 nmethod 26258 0x0000015e801dd710 code [0x0000015e801dd8e0, 0x0000015e801ddbe0]
Event: 116.905 Thread 0x0000015eac026330 26253       3       org.jetbrains.org.objectweb.asm.AnnotationWriter::putAnnotations (67 bytes)
Event: 116.905 Thread 0x0000015eac026330 nmethod 26253 0x0000015e80217f10 code [0x0000015e80218100, 0x0000015e802184d8]
Event: 116.905 Thread 0x0000015eac026330 26260       2       org.jetbrains.org.objectweb.asm.SymbolTable::computeBootstrapMethodsSize (27 bytes)
Event: 116.906 Thread 0x0000015eac026330 nmethod 26260 0x0000015e800a4f90 code [0x0000015e800a5120, 0x0000015e800a52a8]
Event: 116.906 Thread 0x0000015eac026330 26261       2       org.jetbrains.org.objectweb.asm.SymbolTable::getConstantPoolLength (8 bytes)
Event: 116.906 Thread 0x0000015eac026330 nmethod 26261 0x0000015e8003e090 code [0x0000015e8003e220, 0x0000015e8003e338]
Event: 116.906 Thread 0x0000015eac026330 26262       2       org.jetbrains.org.objectweb.asm.ByteVector::<init> (12 bytes)
Event: 116.906 Thread 0x0000015eac026330 nmethod 26262 0x0000015e800ac310 code [0x0000015e800ac4a0, 0x0000015e800ac698]
Event: 116.906 Thread 0x0000015eac026330 26263       2       org.jetbrains.org.objectweb.asm.SymbolTable::putConstantPool (28 bytes)
Event: 116.906 Thread 0x0000015eac026330 nmethod 26263 0x0000015e800b9810 code [0x0000015e800b99a0, 0x0000015e800b9b28]
Event: 116.906 Thread 0x0000015eac026330 26257       2       org.jetbrains.org.objectweb.asm.ClassReader::readByte (11 bytes)
Event: 116.906 Thread 0x0000015eac026330 nmethod 26257 0x0000015e80191a10 code [0x0000015e80191ba0, 0x0000015e80191ce0]
Event: 116.914 Thread 0x0000015eac026330 26266       2       org.jetbrains.org.objectweb.asm.ClassReader::readTypeAnnotationTarget (617 bytes)

GC Heap History (20 events):
Event: 82.056 GC heap before
{Heap before GC invocations=97 (full 0):
 garbage-first heap   total 536576K, used 465942K [0x0000000600000000, 0x0000000800000000)
  region size 4096K, 78 young (319488K), 4 survivors (16384K)
 Metaspace       used 152058K, committed 154688K, reserved 1245184K
  class space    used 19324K, committed 20672K, reserved 1048576K
}
Event: 82.062 GC heap after
{Heap after GC invocations=98 (full 0):
 garbage-first heap   total 536576K, used 162022K [0x0000000600000000, 0x0000000800000000)
  region size 4096K, 4 young (16384K), 4 survivors (16384K)
 Metaspace       used 152058K, committed 154688K, reserved 1245184K
  class space    used 19324K, committed 20672K, reserved 1048576K
}
Event: 82.654 GC heap before
{Heap before GC invocations=98 (full 0):
 garbage-first heap   total 536576K, used 465126K [0x0000000600000000, 0x0000000800000000)
  region size 4096K, 78 young (319488K), 4 survivors (16384K)
 Metaspace       used 152058K, committed 154688K, reserved 1245184K
  class space    used 19324K, committed 20672K, reserved 1048576K
}
Event: 82.660 GC heap after
{Heap after GC invocations=99 (full 0):
 garbage-first heap   total 536576K, used 163108K [0x0000000600000000, 0x0000000800000000)
  region size 4096K, 4 young (16384K), 4 survivors (16384K)
 Metaspace       used 152058K, committed 154688K, reserved 1245184K
  class space    used 19324K, committed 20672K, reserved 1048576K
}
Event: 83.711 GC heap before
{Heap before GC invocations=99 (full 0):
 garbage-first heap   total 536576K, used 466212K [0x0000000600000000, 0x0000000800000000)
  region size 4096K, 78 young (319488K), 4 survivors (16384K)
 Metaspace       used 152058K, committed 154688K, reserved 1245184K
  class space    used 19324K, committed 20672K, reserved 1048576K
}
Event: 83.716 GC heap after
{Heap after GC invocations=100 (full 0):
 garbage-first heap   total 536576K, used 164942K [0x0000000600000000, 0x0000000800000000)
  region size 4096K, 4 young (16384K), 4 survivors (16384K)
 Metaspace       used 152058K, committed 154688K, reserved 1245184K
  class space    used 19324K, committed 20672K, reserved 1048576K
}
Event: 89.415 GC heap before
{Heap before GC invocations=100 (full 0):
 garbage-first heap   total 536576K, used 468046K [0x0000000600000000, 0x0000000800000000)
  region size 4096K, 78 young (319488K), 4 survivors (16384K)
 Metaspace       used 156562K, committed 159296K, reserved 1245184K
  class space    used 19801K, committed 21184K, reserved 1048576K
}
Event: 89.425 GC heap after
{Heap after GC invocations=101 (full 0):
 garbage-first heap   total 536576K, used 164359K [0x0000000600000000, 0x0000000800000000)
  region size 4096K, 6 young (24576K), 6 survivors (24576K)
 Metaspace       used 156562K, committed 159296K, reserved 1245184K
  class space    used 19801K, committed 21184K, reserved 1048576K
}
Event: 114.848 GC heap before
{Heap before GC invocations=101 (full 0):
 garbage-first heap   total 536576K, used 467463K [0x0000000600000000, 0x0000000800000000)
  region size 4096K, 78 young (319488K), 6 survivors (24576K)
 Metaspace       used 161517K, committed 164352K, reserved 1245184K
  class space    used 20371K, committed 21760K, reserved 1048576K
}
Event: 114.866 GC heap after
{Heap after GC invocations=102 (full 0):
 garbage-first heap   total 536576K, used 190101K [0x0000000600000000, 0x0000000800000000)
  region size 4096K, 10 young (40960K), 10 survivors (40960K)
 Metaspace       used 161517K, committed 164352K, reserved 1245184K
  class space    used 20371K, committed 21760K, reserved 1048576K
}
Event: 115.179 GC heap before
{Heap before GC invocations=102 (full 0):
 garbage-first heap   total 536576K, used 460437K [0x0000000600000000, 0x0000000800000000)
  region size 4096K, 76 young (311296K), 10 survivors (40960K)
 Metaspace       used 163862K, committed 166656K, reserved 1245184K
  class space    used 20587K, committed 21952K, reserved 1048576K
}
Event: 115.201 GC heap after
{Heap after GC invocations=103 (full 0):
 garbage-first heap   total 536576K, used 211880K [0x0000000600000000, 0x0000000800000000)
  region size 4096K, 10 young (40960K), 10 survivors (40960K)
 Metaspace       used 163862K, committed 166656K, reserved 1245184K
  class space    used 20587K, committed 21952K, reserved 1048576K
}
Event: 115.435 GC heap before
{Heap before GC invocations=103 (full 0):
 garbage-first heap   total 536576K, used 457640K [0x0000000600000000, 0x0000000800000000)
  region size 4096K, 71 young (290816K), 10 survivors (40960K)
 Metaspace       used 164148K, committed 166976K, reserved 1245184K
  class space    used 20606K, committed 22016K, reserved 1048576K
}
Event: 115.462 GC heap after
{Heap after GC invocations=104 (full 0):
 garbage-first heap   total 536576K, used 220051K [0x0000000600000000, 0x0000000800000000)
  region size 4096K, 3 young (12288K), 3 survivors (12288K)
 Metaspace       used 164148K, committed 166976K, reserved 1245184K
  class space    used 20606K, committed 22016K, reserved 1048576K
}
Event: 115.819 GC heap before
{Heap before GC invocations=105 (full 0):
 garbage-first heap   total 610304K, used 482195K [0x0000000600000000, 0x0000000800000000)
  region size 4096K, 68 young (278528K), 3 survivors (12288K)
 Metaspace       used 164243K, committed 167104K, reserved 1245184K
  class space    used 20606K, committed 22016K, reserved 1048576K
}
Event: 115.826 GC heap after
{Heap after GC invocations=106 (full 0):
 garbage-first heap   total 610304K, used 225391K [0x0000000600000000, 0x0000000800000000)
  region size 4096K, 4 young (16384K), 4 survivors (16384K)
 Metaspace       used 164243K, committed 167104K, reserved 1245184K
  class space    used 20606K, committed 22016K, reserved 1048576K
}
Event: 116.127 GC heap before
{Heap before GC invocations=106 (full 0):
 garbage-first heap   total 610304K, used 553071K [0x0000000600000000, 0x0000000800000000)
  region size 4096K, 85 young (348160K), 4 survivors (16384K)
 Metaspace       used 164292K, committed 167168K, reserved 1245184K
  class space    used 20607K, committed 22016K, reserved 1048576K
}
Event: 116.135 GC heap after
{Heap after GC invocations=107 (full 0):
 garbage-first heap   total 610304K, used 219433K [0x0000000600000000, 0x0000000800000000)
  region size 4096K, 3 young (12288K), 3 survivors (12288K)
 Metaspace       used 164292K, committed 167168K, reserved 1245184K
  class space    used 20607K, committed 22016K, reserved 1048576K
}
Event: 116.479 GC heap before
{Heap before GC invocations=107 (full 0):
 garbage-first heap   total 610304K, used 559401K [0x0000000600000000, 0x0000000800000000)
  region size 4096K, 87 young (356352K), 3 survivors (12288K)
 Metaspace       used 164315K, committed 167168K, reserved 1245184K
  class space    used 20607K, committed 22016K, reserved 1048576K
}
Event: 116.488 GC heap after
{Heap after GC invocations=108 (full 0):
 garbage-first heap   total 610304K, used 229710K [0x0000000600000000, 0x0000000800000000)
  region size 4096K, 6 young (24576K), 6 survivors (24576K)
 Metaspace       used 164315K, committed 167168K, reserved 1245184K
  class space    used 20607K, committed 22016K, reserved 1048576K
}

Dll operation events (15 events):
Event: 0.012 Loaded shared library C:\Program Files\Java\jdk-20\bin\java.dll
Event: 0.252 Loaded shared library C:\Program Files\Java\jdk-20\bin\jsvml.dll
Event: 0.358 Loaded shared library C:\Program Files\Java\jdk-20\bin\zip.dll
Event: 0.364 Loaded shared library C:\Program Files\Java\jdk-20\bin\instrument.dll
Event: 0.375 Loaded shared library C:\Program Files\Java\jdk-20\bin\net.dll
Event: 0.379 Loaded shared library C:\Program Files\Java\jdk-20\bin\nio.dll
Event: 0.386 Loaded shared library C:\Program Files\Java\jdk-20\bin\zip.dll
Event: 0.840 Loaded shared library C:\Program Files\Java\jdk-20\bin\jimage.dll
Event: 1.035 Loaded shared library C:\Program Files\Java\jdk-20\bin\verify.dll
Event: 1.176 Loaded shared library C:\Users\USER\.gradle\native\1def1411415f61bf3af743bc5b6707747c0891f09f0c88961ee8f79bc544acac\windows-amd64\native-platform.dll
Event: 1.191 Loaded shared library C:\Users\USER\.gradle\native\0.2.7\x86_64-windows-gnu\gradle-fileevents.dll
Event: 2.533 Loaded shared library C:\Program Files\Java\jdk-20\bin\management.dll
Event: 2.541 Loaded shared library C:\Program Files\Java\jdk-20\bin\management_ext.dll
Event: 2.972 Loaded shared library C:\Program Files\Java\jdk-20\bin\extnet.dll
Event: 3.359 Loaded shared library C:\Program Files\Java\jdk-20\bin\sunmscapi.dll

Deoptimization events (20 events):
Event: 116.880 Thread 0x0000015eb407eaf0 Uncommon trap: trap_request=0xffffff45 fr.pc=0x0000015e909cbb68 relative=0x0000000000000688
Event: 116.880 Thread 0x0000015eb407eaf0 Uncommon trap: reason=unstable_if action=reinterpret pc=0x0000015e909cbb68 method=org.jetbrains.org.objectweb.asm.AnnotationWriter.computeAnnotationsSize(Lorg/jetbrains/org/objectweb/asm/AnnotationWriter;Lorg/jetbrains/org/objectweb/asm/AnnotationWriter;L
Event: 116.880 Thread 0x0000015eb407eaf0 DEOPT PACKING pc=0x0000015e909cbb68 sp=0x0000004b405f7560
Event: 116.880 Thread 0x0000015eb407eaf0 DEOPT UNPACKING pc=0x0000015e8fd99d22 sp=0x0000004b405f7470 mode 2
Event: 116.880 Thread 0x0000015eb407eaf0 Uncommon trap: trap_request=0xffffff45 fr.pc=0x0000015e91219fec relative=0x00000000000000cc
Event: 116.880 Thread 0x0000015eb407eaf0 Uncommon trap: reason=unstable_if action=reinterpret pc=0x0000015e91219fec method=org.jetbrains.org.objectweb.asm.AnnotationWriter.computeAnnotationsSize(Lorg/jetbrains/org/objectweb/asm/AnnotationWriter;Lorg/jetbrains/org/objectweb/asm/AnnotationWriter;L
Event: 116.880 Thread 0x0000015eb407eaf0 DEOPT PACKING pc=0x0000015e91219fec sp=0x0000004b405f74c0
Event: 116.880 Thread 0x0000015eb407eaf0 DEOPT UNPACKING pc=0x0000015e8fd99d22 sp=0x0000004b405f7468 mode 2
Event: 116.880 Thread 0x0000015eb407eaf0 Uncommon trap: trap_request=0xffffff45 fr.pc=0x0000015e90bc5758 relative=0x0000000000001158
Event: 116.880 Thread 0x0000015eb407eaf0 Uncommon trap: reason=unstable_if action=reinterpret pc=0x0000015e90bc5758 method=org.jetbrains.org.objectweb.asm.MethodWriter.putMethodInfo(Lorg/jetbrains/org/objectweb/asm/ByteVector;)V @ 200 c2
Event: 116.880 Thread 0x0000015eb407eaf0 DEOPT PACKING pc=0x0000015e90bc5758 sp=0x0000004b405f7540
Event: 116.880 Thread 0x0000015eb407eaf0 DEOPT UNPACKING pc=0x0000015e8fd99d22 sp=0x0000004b405f74c8 mode 2
Event: 116.880 Thread 0x0000015eb407eaf0 Uncommon trap: trap_request=0xffffff45 fr.pc=0x0000015e91209b18 relative=0x0000000000000158
Event: 116.880 Thread 0x0000015eb407eaf0 Uncommon trap: reason=unstable_if action=reinterpret pc=0x0000015e91209b18 method=org.jetbrains.org.objectweb.asm.AnnotationWriter.putAnnotations(Lorg/jetbrains/org/objectweb/asm/SymbolTable;Lorg/jetbrains/org/objectweb/asm/AnnotationWriter;Lorg/jetbrains
Event: 116.880 Thread 0x0000015eb407eaf0 DEOPT PACKING pc=0x0000015e91209b18 sp=0x0000004b405f7480
Event: 116.880 Thread 0x0000015eb407eaf0 DEOPT UNPACKING pc=0x0000015e8fd99d22 sp=0x0000004b405f7440 mode 2
Event: 116.894 Thread 0x0000015eb407eaf0 Uncommon trap: trap_request=0xffffff45 fr.pc=0x0000015e91265ac4 relative=0x0000000000003004
Event: 116.894 Thread 0x0000015eb407eaf0 Uncommon trap: reason=unstable_if action=reinterpret pc=0x0000015e91265ac4 method=org.jetbrains.org.objectweb.asm.AnnotationWriter.computeAnnotationsSize(Lorg/jetbrains/org/objectweb/asm/AnnotationWriter;Lorg/jetbrains/org/objectweb/asm/AnnotationWriter;L
Event: 116.894 Thread 0x0000015eb407eaf0 DEOPT PACKING pc=0x0000015e91265ac4 sp=0x0000004b405f75a0
Event: 116.895 Thread 0x0000015eb407eaf0 DEOPT UNPACKING pc=0x0000015e8fd99d22 sp=0x0000004b405f7450 mode 2

Classes loaded (20 events):
Event: 86.067 Loading class java/util/function/IntToDoubleFunction
Event: 86.067 Loading class java/util/function/IntToDoubleFunction done
Event: 86.067 Loading class java/util/function/IntToLongFunction
Event: 86.067 Loading class java/util/function/IntToLongFunction done
Event: 86.069 Loading class java/util/ArraysBeanInfo
Event: 86.069 Loading class java/util/ArraysBeanInfo done
Event: 86.070 Loading class java/util/ArraysBeanInfo
Event: 86.070 Loading class java/util/ArraysBeanInfo done
Event: 86.070 Loading class java/util/ArraysCustomizer
Event: 86.070 Loading class java/util/ArraysCustomizer done
Event: 86.070 Loading class java/util/ArraysCustomizer
Event: 86.070 Loading class java/util/ArraysCustomizer done
Event: 86.330 Loading class java/time/Ser
Event: 86.330 Loading class java/time/Ser done
Event: 89.371 Loading class java/util/Comparators$NaturalOrderComparator
Event: 89.371 Loading class java/util/Comparators$NaturalOrderComparator done
Event: 89.567 Loading class java/util/ArrayList$SubList$2
Event: 89.569 Loading class java/util/ArrayList$SubList$2 done
Event: 114.715 Loading class java/rmi/RemoteException
Event: 114.715 Loading class java/rmi/RemoteException done

Classes unloaded (20 events):
Event: 33.684 Thread 0x0000015efd065fa0 Unloading class 0x0000000801686000 '_BuildScript_$_run_closure1$_closure2'
Event: 33.684 Thread 0x0000015efd065fa0 Unloading class 0x0000000801685908 '_BuildScript_$_run_closure1'
Event: 33.684 Thread 0x0000015efd065fa0 Unloading class 0x00000008016853e0 '_BuildScript_'
Event: 33.684 Thread 0x0000015efd065fa0 Unloading class 0x0000000801685000 'ProtobufPatchPlugin$_apply_closure1$_closure2$_closure3$_closure4'
Event: 33.684 Thread 0x0000015efd065fa0 Unloading class 0x0000000801684a80 'ProtobufPatchPlugin$_apply_closure1$_closure2$_closure3'
Event: 33.684 Thread 0x0000015efd065fa0 Unloading class 0x00000008016846a0 'ProtobufPatchPlugin$_apply_closure1$_closure2'
Event: 33.684 Thread 0x0000015efd065fa0 Unloading class 0x00000008016842c0 'ProtobufPatchPlugin$_apply_closure1'
Event: 33.684 Thread 0x0000015efd065fa0 Unloading class 0x0000000801684000 'ProtobufPatchPlugin'
Event: 33.684 Thread 0x0000015efd065fa0 Unloading class 0x00000008015b0908 '_BuildScript_$_run_closure1$_closure2'
Event: 33.684 Thread 0x0000015efd065fa0 Unloading class 0x00000008015b0528 '_BuildScript_$_run_closure1'
Event: 33.684 Thread 0x0000015efd065fa0 Unloading class 0x00000008015b0000 '_BuildScript_'
Event: 116.736 Thread 0x0000015efd065fa0 Unloading class 0x0000000802542400 'java/lang/invoke/LambdaForm$DMH+0x0000000802542400'
Event: 116.736 Thread 0x0000015efd065fa0 Unloading class 0x0000000802542000 'java/lang/invoke/LambdaForm$DMH+0x0000000802542000'
Event: 116.736 Thread 0x0000015efd065fa0 Unloading class 0x0000000802541c00 'java/lang/invoke/LambdaForm$DMH+0x0000000802541c00'
Event: 116.736 Thread 0x0000015efd065fa0 Unloading class 0x0000000802541800 'java/lang/invoke/LambdaForm$DMH+0x0000000802541800'
Event: 116.736 Thread 0x0000015efd065fa0 Unloading class 0x0000000802541400 'java/lang/invoke/LambdaForm$DMH+0x0000000802541400'
Event: 116.736 Thread 0x0000015efd065fa0 Unloading class 0x0000000802541000 'java/lang/invoke/LambdaForm$DMH+0x0000000802541000'
Event: 116.736 Thread 0x0000015efd065fa0 Unloading class 0x0000000802540c00 'java/lang/invoke/LambdaForm$DMH+0x0000000802540c00'
Event: 116.736 Thread 0x0000015efd065fa0 Unloading class 0x0000000802540400 'java/lang/invoke/LambdaForm$DMH+0x0000000802540400'
Event: 116.736 Thread 0x0000015efd065fa0 Unloading class 0x0000000802540800 'java/lang/invoke/LambdaForm$DMH+0x0000000802540800'

Classes redefined (0 events):
No events

Internal exceptions (20 events):
Event: 97.762 Thread 0x0000015ec1649bc0 Implicit null exception at 0x0000015e800ef99f to 0x0000015e800f056c
Event: 97.762 Thread 0x0000015ec164a110 Exception <a 'java/lang/NullPointerException'{0x000000061ba2b370}> (0x000000061ba2b370) 
thrown [s\open\src\hotspot\share\runtime\sharedRuntime.cpp, line 709]
Event: 97.762 Thread 0x0000015ec1649bc0 Exception <a 'java/lang/NullPointerException'{0x000000061b8401f8}> (0x000000061b8401f8) 
thrown [s\open\src\hotspot\share\runtime\sharedRuntime.cpp, line 709]
Event: 98.468 Thread 0x0000015ec164b650 Implicit null exception at 0x0000015e800ef99f to 0x0000015e800f056c
Event: 98.468 Thread 0x0000015ec164b650 Exception <a 'java/lang/NullPointerException'{0x000000061b4e2fe8}> (0x000000061b4e2fe8) 
thrown [s\open\src\hotspot\share\runtime\sharedRuntime.cpp, line 709]
Event: 114.560 Thread 0x0000015eb407eaf0 Exception <a 'java/lang/NoSuchMethodError'{0x0000000613163458}: static Ljava/lang/Object;.<clinit>()V> (0x0000000613163458) 
thrown [s\open\src\hotspot\share\prims\jni.cpp, line 1105]
Event: 114.698 Thread 0x0000015eb407eaf0 Implicit null exception at 0x0000015e91187560 to 0x0000015e91187897
Event: 114.722 Thread 0x0000015ec1c5fea0 Exception <a 'java/lang/NoSuchMethodError'{0x000000060fe2f150}: 'int java.lang.invoke.DirectMethodHandle$Holder.invokeStaticInit(java.lang.Object, java.lang.Object, int)'> (0x000000060fe2f150) 
thrown [s\open\src\hotspot\share\interpreter\linkResolver.cpp, line 773]
Event: 114.833 Thread 0x0000015ec1c5fea0 Exception <a 'java/lang/NoSuchMethodError'{0x000000060fedbc00}: 'int java.lang.invoke.DirectMethodHandle$Holder.invokeStatic(java.lang.Object, java.lang.Object, int, int)'> (0x000000060fedbc00) 
thrown [s\open\src\hotspot\share\interpreter\linkResolver.cpp, line 773]
Event: 114.834 Thread 0x0000015ec1c5e960 Exception <a 'java/lang/NoSuchMethodError'{0x000000060fd88ae8}: 'int java.lang.invoke.DirectMethodHandle$Holder.invokeStatic(java.lang.Object, java.lang.Object, int, int)'> (0x000000060fd88ae8) 
thrown [s\open\src\hotspot\share\interpreter\linkResolver.cpp, line 773]
Event: 114.833 Thread 0x0000015ec1c5b990 Exception <a 'java/lang/NoSuchMethodError'{0x000000060fca5610}: 'int java.lang.invoke.DirectMethodHandle$Holder.invokeStatic(java.lang.Object, java.lang.Object, int, int)'> (0x000000060fca5610) 
thrown [s\open\src\hotspot\share\interpreter\linkResolver.cpp, line 773]
Event: 114.834 Thread 0x0000015ec1c5e410 Exception <a 'java/lang/NoSuchMethodError'{0x000000060f519650}: 'int java.lang.invoke.DirectMethodHandle$Holder.invokeStatic(java.lang.Object, java.lang.Object, int, int)'> (0x000000060f519650) 
thrown [s\open\src\hotspot\share\interpreter\linkResolver.cpp, line 773]
Event: 114.834 Thread 0x0000015ec1c5bee0 Exception <a 'java/lang/NoSuchMethodError'{0x00000006101b70e8}: 'int java.lang.invoke.DirectMethodHandle$Holder.invokeStatic(java.lang.Object, java.lang.Object, int, int)'> (0x00000006101b70e8) 
thrown [s\open\src\hotspot\share\interpreter\linkResolver.cpp, line 773]
Event: 114.834 Thread 0x0000015ec1c579d0 Exception <a 'java/lang/NoSuchMethodError'{0x000000060e8a2988}: 'int java.lang.invoke.DirectMethodHandle$Holder.invokeStatic(java.lang.Object, java.lang.Object, int, int)'> (0x000000060e8a2988) 
thrown [s\open\src\hotspot\share\interpreter\linkResolver.cpp, line 773]
Event: 114.834 Thread 0x0000015ec1c5f950 Exception <a 'java/lang/NoSuchMethodError'{0x000000060f79db78}: 'int java.lang.invoke.DirectMethodHandle$Holder.invokeStatic(java.lang.Object, java.lang.Object, int, int)'> (0x000000060f79db78) 
thrown [s\open\src\hotspot\share\interpreter\linkResolver.cpp, line 773]
Event: 114.834 Thread 0x0000015ec1c58f10 Exception <a 'java/lang/NoSuchMethodError'{0x00000006102d27c8}: 'int java.lang.invoke.DirectMethodHandle$Holder.invokeStatic(java.lang.Object, java.lang.Object, int, int)'> (0x00000006102d27c8) 
thrown [s\open\src\hotspot\share\interpreter\linkResolver.cpp, line 773]
Event: 114.834 Thread 0x0000015ec1c5c430 Exception <a 'java/lang/NoSuchMethodError'{0x000000060e6ed0b0}: 'int java.lang.invoke.DirectMethodHandle$Holder.invokeStatic(java.lang.Object, java.lang.Object, int, int)'> (0x000000060e6ed0b0) 
thrown [s\open\src\hotspot\share\interpreter\linkResolver.cpp, line 773]
Event: 114.834 Thread 0x0000015ec1c5f400 Exception <a 'java/lang/NoSuchMethodError'{0x000000060eefa460}: 'int java.lang.invoke.DirectMethodHandle$Holder.invokeStatic(java.lang.Object, java.lang.Object, int, int)'> (0x000000060eefa460) 
thrown [s\open\src\hotspot\share\interpreter\linkResolver.cpp, line 773]
Event: 115.030 Thread 0x0000015ec1c5b440 Implicit null exception at 0x0000015e90cb5900 to 0x0000015e90cb5d40
Event: 115.122 Thread 0x0000015ec1c579d0 Implicit null exception at 0x0000015e90a8a320 to 0x0000015e90a8a7a4

VM Operations (20 events):
Event: 115.435 Executing VM operation: G1CollectForAllocation
Event: 115.435 Executing VM operation: G1CollectForAllocation done
Event: 115.435 Executing VM operation: G1CollectForAllocation
Event: 115.462 Executing VM operation: G1CollectForAllocation done
Event: 115.651 Executing VM operation: G1PauseRemark
Event: 115.669 Executing VM operation: G1PauseRemark done
Event: 115.758 Executing VM operation: G1PauseCleanup
Event: 115.765 Executing VM operation: G1PauseCleanup done
Event: 115.819 Executing VM operation: G1CollectForAllocation
Event: 115.828 Executing VM operation: G1CollectForAllocation done
Event: 116.126 Executing VM operation: G1CollectForAllocation
Event: 116.127 Executing VM operation: G1CollectForAllocation done
Event: 116.127 Executing VM operation: G1CollectForAllocation
Event: 116.136 Executing VM operation: G1CollectForAllocation done
Event: 116.479 Executing VM operation: G1CollectForAllocation
Event: 116.490 Executing VM operation: G1CollectForAllocation done
Event: 116.714 Executing VM operation: G1PauseRemark
Event: 116.772 Executing VM operation: G1PauseRemark done
Event: 116.861 Executing VM operation: G1PauseCleanup
Event: 116.863 Executing VM operation: G1PauseCleanup done

Events (20 events):
Event: 116.771 Thread 0x0000015efd065fa0 flushing nmethod 0x0000015e905bfb90
Event: 116.771 Thread 0x0000015efd065fa0 flushing nmethod 0x0000015e90382790
Event: 116.771 Thread 0x0000015efd065fa0 flushing nmethod 0x0000015e90410010
Event: 116.771 Thread 0x0000015efd065fa0 flushing nmethod 0x0000015e9052a610
Event: 116.771 Thread 0x0000015efd065fa0 flushing nmethod 0x0000015e90574110
Event: 116.771 Thread 0x0000015efd065fa0 flushing nmethod 0x0000015e90569290
Event: 116.771 Thread 0x0000015efd065fa0 flushing nmethod 0x0000015e904f8a10
Event: 116.771 Thread 0x0000015efd065fa0 flushing nmethod 0x0000015e90489e10
Event: 116.771 Thread 0x0000015efd065fa0 flushing nmethod 0x0000015e904cba10
Event: 116.771 Thread 0x0000015efd065fa0 flushing nmethod 0x0000015e9049ce10
Event: 116.771 Thread 0x0000015efd065fa0 flushing nmethod 0x0000015e9044cd10
Event: 116.771 Thread 0x0000015efd065fa0 flushing nmethod 0x0000015e903e0410
Event: 116.771 Thread 0x0000015efd065fa0 flushing nmethod 0x0000015e903ce790
Event: 116.771 Thread 0x0000015efd065fa0 flushing nmethod 0x0000015e903cdd90
Event: 116.771 Thread 0x0000015efd065fa0 flushing nmethod 0x0000015e90351890
Event: 116.771 Thread 0x0000015efd065fa0 flushing nmethod 0x0000015e90354190
Event: 116.771 Thread 0x0000015efd065fa0 flushing nmethod 0x0000015e90330310
Event: 116.771 Thread 0x0000015efd065fa0 flushing nmethod 0x0000015e90305290
Event: 116.771 Thread 0x0000015efd065fa0 flushing nmethod 0x0000015e902ef710
Event: 116.771 Thread 0x0000015efd065fa0 flushing nmethod 0x0000015e902fb310


Dynamic libraries:
0x00007ff7ee930000 - 0x00007ff7ee940000 	C:\Program Files\Java\jdk-20\bin\java.exe
0x00007ff8470a0000 - 0x00007ff847308000 	C:\WINDOWS\SYSTEM32\ntdll.dll
0x00007ff845800000 - 0x00007ff8458c9000 	C:\WINDOWS\System32\KERNEL32.DLL
0x00007ff843c20000 - 0x00007ff844011000 	C:\WINDOWS\System32\KERNELBASE.dll
0x00007ff844020000 - 0x00007ff84416b000 	C:\WINDOWS\System32\ucrtbase.dll
0x00007ff81b450000 - 0x00007ff81b46b000 	C:\Program Files\Java\jdk-20\bin\VCRUNTIME140.dll
0x00007ff834450000 - 0x00007ff834469000 	C:\Program Files\Java\jdk-20\bin\jli.dll
0x00007ff846bc0000 - 0x00007ff846c74000 	C:\WINDOWS\System32\ADVAPI32.dll
0x00007ff846a50000 - 0x00007ff846af9000 	C:\WINDOWS\System32\msvcrt.dll
0x00007ff846320000 - 0x00007ff8463c6000 	C:\WINDOWS\System32\sechost.dll
0x00007ff846200000 - 0x00007ff846318000 	C:\WINDOWS\System32\RPCRT4.dll
0x00007ff845de0000 - 0x00007ff845fa6000 	C:\WINDOWS\System32\USER32.dll
0x00007ff844200000 - 0x00007ff844227000 	C:\WINDOWS\System32\win32u.dll
0x00007ff830630000 - 0x00007ff8308c3000 	C:\WINDOWS\WinSxS\amd64_microsoft.windows.common-controls_6595b64144ccf1df_6.0.26100.7705_none_3e06597ae3363b04\COMCTL32.dll
0x00007ff845760000 - 0x00007ff84578b000 	C:\WINDOWS\System32\GDI32.dll
0x00007ff843a30000 - 0x00007ff843b5b000 	C:\WINDOWS\System32\gdi32full.dll
0x00007ff844aa0000 - 0x00007ff844b43000 	C:\WINDOWS\System32\msvcp_win.dll
0x00007ff838a00000 - 0x00007ff838a0b000 	C:\WINDOWS\SYSTEM32\VERSION.dll
0x00007ff844e40000 - 0x00007ff844e71000 	C:\WINDOWS\System32\IMM32.DLL
0x00007ff82d470000 - 0x00007ff82d47c000 	C:\Program Files\Java\jdk-20\bin\vcruntime140_1.dll
0x00007ff802ea0000 - 0x00007ff802f2e000 	C:\Program Files\Java\jdk-20\bin\msvcp140.dll
0x00007fff55200000 - 0x00007fff55e97000 	C:\Program Files\Java\jdk-20\bin\server\jvm.dll
0x00007ff81b440000 - 0x00007ff81b44a000 	C:\WINDOWS\SYSTEM32\WSOCK32.dll
0x00007ff832890000 - 0x00007ff8328c5000 	C:\WINDOWS\SYSTEM32\WINMM.dll
0x00007ff845fc0000 - 0x00007ff846034000 	C:\WINDOWS\System32\WS2_32.dll
0x00007ff842730000 - 0x00007ff84274b000 	C:\WINDOWS\SYSTEM32\kernel.appcore.dll
0x00007ff81b410000 - 0x00007ff81b41a000 	C:\Program Files\Java\jdk-20\bin\jimage.dll
0x00007ff830ad0000 - 0x00007ff830d12000 	C:\WINDOWS\SYSTEM32\DBGHELP.DLL
0x00007ff8465c0000 - 0x00007ff846946000 	C:\WINDOWS\System32\combase.dll
0x00007ff8464e0000 - 0x00007ff8465b7000 	C:\WINDOWS\System32\OLEAUT32.dll
0x00007ff82d430000 - 0x00007ff82d46b000 	C:\WINDOWS\SYSTEM32\dbgcore.DLL
0x00007ff843980000 - 0x00007ff843a25000 	C:\WINDOWS\System32\bcryptPrimitives.dll
0x00007ff81b400000 - 0x00007ff81b40e000 	C:\Program Files\Java\jdk-20\bin\instrument.dll
0x00007ff813c70000 - 0x00007ff813c96000 	C:\Program Files\Java\jdk-20\bin\java.dll
0x00007ffffc8f0000 - 0x00007ffffc9c7000 	C:\Program Files\Java\jdk-20\bin\jsvml.dll
0x00007ff844e90000 - 0x00007ff8455e1000 	C:\WINDOWS\System32\SHELL32.dll
0x00007ff844b50000 - 0x00007ff844cba000 	C:\WINDOWS\System32\wintypes.dll
0x00007ff844230000 - 0x00007ff844a92000 	C:\WINDOWS\System32\windows.storage.dll
0x00007ff846f60000 - 0x00007ff847056000 	C:\WINDOWS\System32\SHCORE.dll
0x00007ff846d10000 - 0x00007ff846d77000 	C:\WINDOWS\System32\shlwapi.dll
0x00007ff8438a0000 - 0x00007ff8438c9000 	C:\WINDOWS\SYSTEM32\profapi.dll
0x00007ff81a020000 - 0x00007ff81a038000 	C:\Program Files\Java\jdk-20\bin\zip.dll
0x00007ff819ab0000 - 0x00007ff819ac3000 	C:\Program Files\Java\jdk-20\bin\net.dll
0x00007ff838b90000 - 0x00007ff838cb7000 	C:\WINDOWS\SYSTEM32\WINHTTP.dll
0x00007ff842ca0000 - 0x00007ff842d0b000 	C:\WINDOWS\system32\mswsock.dll
0x00007ff818a20000 - 0x00007ff818a36000 	C:\Program Files\Java\jdk-20\bin\nio.dll
0x00007ff81a5f0000 - 0x00007ff81a600000 	C:\Program Files\Java\jdk-20\bin\verify.dll
0x00007ff8343e0000 - 0x00007ff834407000 	C:\Users\USER\.gradle\native\1def1411415f61bf3af743bc5b6707747c0891f09f0c88961ee8f79bc544acac\windows-amd64\native-platform.dll
0x00007ff81a630000 - 0x00007ff81a6a8000 	C:\Users\USER\.gradle\native\0.2.7\x86_64-windows-gnu\gradle-fileevents.dll
0x00007ff81a510000 - 0x00007ff81a51a000 	C:\Program Files\Java\jdk-20\bin\management.dll
0x00007ff819ef0000 - 0x00007ff819efb000 	C:\Program Files\Java\jdk-20\bin\management_ext.dll
0x00007ff845fb0000 - 0x00007ff845fb8000 	C:\WINDOWS\System32\PSAPI.DLL
0x00007ff842140000 - 0x00007ff842174000 	C:\WINDOWS\SYSTEM32\IPHLPAPI.DLL
0x00007ff8457f0000 - 0x00007ff8457fa000 	C:\WINDOWS\System32\NSI.dll
0x00007ff838b10000 - 0x00007ff838b2e000 	C:\WINDOWS\SYSTEM32\dhcpcsvc6.DLL
0x00007ff838ae0000 - 0x00007ff838b03000 	C:\WINDOWS\SYSTEM32\dhcpcsvc.DLL
0x00007ff8421d0000 - 0x00007ff8422fc000 	C:\WINDOWS\SYSTEM32\DNSAPI.dll
0x00007ff814bd0000 - 0x00007ff814bd7000 	C:\Program Files\Java\jdk-20\bin\extnet.dll
0x00007ff842f60000 - 0x00007ff842f7b000 	C:\WINDOWS\SYSTEM32\CRYPTSP.dll
0x00007ff842690000 - 0x00007ff8426c9000 	C:\WINDOWS\system32\rsaenh.dll
0x00007ff842d50000 - 0x00007ff842d7b000 	C:\WINDOWS\SYSTEM32\USERENV.dll
0x00007ff843870000 - 0x00007ff84389a000 	C:\WINDOWS\SYSTEM32\bcrypt.dll
0x00007ff842f80000 - 0x00007ff842f8c000 	C:\WINDOWS\SYSTEM32\CRYPTBASE.dll
0x00007ff814b10000 - 0x00007ff814b1e000 	C:\Program Files\Java\jdk-20\bin\sunmscapi.dll
0x00007ff844cc0000 - 0x00007ff844e37000 	C:\WINDOWS\System32\CRYPT32.dll
0x00007ff843180000 - 0x00007ff8431b0000 	C:\WINDOWS\SYSTEM32\ncrypt.dll
0x00007ff843130000 - 0x00007ff84316f000 	C:\WINDOWS\SYSTEM32\NTASN1.dll
0x00007ff819340000 - 0x00007ff819348000 	C:\WINDOWS\system32\wshunix.dll
0x00007ff842850000 - 0x00007ff842886000 	C:\WINDOWS\SYSTEM32\ntmarta.dll
0x00007ff838a10000 - 0x00007ff838a1b000 	C:\Windows\System32\rasadhlp.dll
0x00007ff837e60000 - 0x00007ff837ee6000 	C:\WINDOWS\System32\fwpuclnt.dll
0x00007ff827290000 - 0x00007ff8272a8000 	C:\WINDOWS\system32\napinsp.dll
0x00007ff81e8d0000 - 0x00007ff81e8e2000 	C:\WINDOWS\System32\winrnr.dll
0x00007ff81e8a0000 - 0x00007ff81e8c2000 	C:\WINDOWS\system32\nlansp_c.dll
0x00007ff838ec0000 - 0x00007ff838ed6000 	C:\WINDOWS\system32\wshbth.dll

dbghelp: loaded successfully - version: 4.0.5 - missing functions: none
symbol engine: initialized successfully - sym options: 0x614 - pdb path: .;C:\Program Files\Java\jdk-20\bin;C:\WINDOWS\SYSTEM32;C:\WINDOWS\WinSxS\amd64_microsoft.windows.common-controls_6595b64144ccf1df_6.0.26100.7705_none_3e06597ae3363b04;C:\Program Files\Java\jdk-20\bin\server;C:\Users\USER\.gradle\native\1def1411415f61bf3af743bc5b6707747c0891f09f0c88961ee8f79bc544acac\windows-amd64;C:\Users\USER\.gradle\native\0.2.7\x86_64-windows-gnu

VM Arguments:
jvm_args: --add-opens=java.base/java.lang=ALL-UNNAMED --add-opens=java.base/java.lang.invoke=ALL-UNNAMED --add-opens=java.base/java.util=ALL-UNNAMED --add-opens=java.prefs/java.util.prefs=ALL-UNNAMED --add-exports=jdk.compiler/com.sun.tools.javac.api=ALL-UNNAMED --add-exports=jdk.compiler/com.sun.tools.javac.util=ALL-UNNAMED --add-opens=java.base/java.util=ALL-UNNAMED --add-opens=java.prefs/java.util.prefs=ALL-UNNAMED --add-opens=java.base/java.nio.charset=ALL-UNNAMED --add-opens=java.base/java.net=ALL-UNNAMED --add-opens=java.base/java.util.concurrent.atomic=ALL-UNNAMED --add-opens=java.xml/javax.xml.namespace=ALL-UNNAMED -XX:MaxMetaspaceSize=4G -XX:ReservedCodeCacheSize=512m -XX:+HeapDumpOnOutOfMemoryError -Xmx8G -Dfile.encoding=UTF-8 -Duser.country=US -Duser.language=en -Duser.variant -javaagent:C:\Users\USER\.gradle\wrapper\dists\gradle-8.14-all\c2qonpi39x1mddn7hk5gh9iqj\gradle-8.14\lib\agents\gradle-instrumentation-agent-8.14.jar 
java_command: org.gradle.launcher.daemon.bootstrap.GradleDaemon 8.14
java_class_path (initial): C:\Users\USER\.gradle\wrapper\dists\gradle-8.14-all\c2qonpi39x1mddn7hk5gh9iqj\gradle-8.14\lib\gradle-daemon-main-8.14.jar
Launcher Type: SUN_STANDARD

[Global flags]
     intx CICompilerCount                          = 4                                         {product} {ergonomic}
     uint ConcGCThreads                            = 3                                         {product} {ergonomic}
     uint G1ConcRefinementThreads                  = 10                                        {product} {ergonomic}
   size_t G1HeapRegionSize                         = 4194304                                   {product} {ergonomic}
    uintx GCDrainStackTargetSize                   = 64                                        {product} {ergonomic}
     bool HeapDumpOnOutOfMemoryError               = true                                   {manageable} {command line}
   size_t InitialHeapSize                          = 268435456                                 {product} {ergonomic}
   size_t MarkStackSize                            = 4194304                                   {product} {ergonomic}
   size_t MaxHeapSize                              = 8589934592                                {product} {command line}
   size_t MaxMetaspaceSize                         = 4294967296                                {product} {command line}
   size_t MaxNewSize                               = 5150605312                                {product} {ergonomic}
   size_t MinHeapDeltaBytes                        = 4194304                                   {product} {ergonomic}
   size_t MinHeapSize                              = 8388608                                   {product} {ergonomic}
    uintx NonNMethodCodeHeapSize                   = 5839372                                {pd product} {ergonomic}
    uintx NonProfiledCodeHeapSize                  = 265515770                              {pd product} {ergonomic}
    uintx ProfiledCodeHeapSize                     = 265515770                              {pd product} {ergonomic}
    uintx ReservedCodeCacheSize                    = 536870912                              {pd product} {command line}
     bool SegmentedCodeCache                       = true                                      {product} {ergonomic}
   size_t SoftMaxHeapSize                          = 8589934592                             {manageable} {ergonomic}
     bool UseCompressedClassPointers               = true                           {product lp64_product} {ergonomic}
     bool UseCompressedOops                        = true                           {product lp64_product} {ergonomic}
     bool UseG1GC                                  = true                                      {product} {ergonomic}
     bool UseLargePagesIndividualAllocation        = false                                  {pd product} {ergonomic}

Logging:
Log output configuration:
 #0: stdout all=warning uptime,level,tags foldmultilines=false
 #1: stderr all=off uptime,level,tags foldmultilines=false

Environment Variables:
JAVA_HOME=C:\Program Files\Java\jdk-20
PATH=C:\Program Files\Common Files\Oracle\Java\javapath;C:\Program Files (x86)\Common Files\Oracle\Java\java8path;C:\Program Files (x86)\Common Files\Oracle\Java\javapath;C:\Python310\Scripts\;C:\Python310\;C:\WINDOWS\system32;C:\WINDOWS;C:\WINDOWS\System32\Wbem;C:\WINDOWS\System32\WindowsPowerShell\v1.0\;C:\WINDOWS\System32\OpenSSH\;C:\Program Files\NVIDIA Corporation\NVIDIA NvDLISR;C:\WINDOWS\system32;C:\WINDOWS;C:\WINDOWS\System32\Wbem;C:\WINDOWS\System32\WindowsPowerShell\v1.0\;C:\WINDOWS\System32\OpenSSH\;D:\jdk20\bin;C:\Program Files\Java\jdk-20\bin;C:\Program Files\nodejs;C:\Program Files\Java\jdk-21;C:\Program Files\Git\cmd;C:\Program Files\dotnet\;C:\Program Files\nodejs\;D:\Users\USER\allure-2.34.1\bin;D:\Users\USER\maven-mvnd-1.0.2-windows-amd64\bin;D:\sonar-scanner-7.2.0.5079-windows-x64\bin;C:\Program Files\apache-maven-3.9.11\bin;D:\Users\USER\anaconda3\Library\mingw-w64\bin;D:\Users\USER\anaconda3\Library\usr\bin;D:\Users\USER\anaconda3\Library\bin;D:\Users\USER\anaconda3\Scripts;C:\Program Files\MySQL\MySQL Shell 8.0\bin\;C:\Users\USER\AppData\Local\Microsoft\WindowsApps;C:\Users\USER\AppData\Local\GitHubDesktop\bin;C:\Users\USER\AppData\Local\Programs\Microsoft VS Code\bin;D:\Program Files\IntelliJ IDEA Community Edition 2024.2.4\bin;;C:\Users\USER\.dotnet\tools;C:\Users\USER\AppData\Roaming\npm;C:\Program Files (x86)\BrowserStackLocal\;D:\IntelliJ IDEA 2025.3\bin;D:\flutter_windows_3.41.0-0.2.pre-beta\flutter\bin;
USERNAME=USER
OS=Windows_NT
PROCESSOR_IDENTIFIER=Intel64 Family 6 Model 165 Stepping 2, GenuineIntel
TMP=C:\Users\USER\AppData\Local\Temp
TEMP=C:\Users\USER\AppData\Local\Temp




---------------  S Y S T E M  ---------------

OS:
 Windows 11 , 64 bit Build 26100 (10.0.26100.7705)
OS uptime: 0 days 1:04 hours

CPU: total 12 (initial active 12) (6 cores per cpu, 2 threads per core) family 6 model 165 stepping 2 microcode 0xe2, cx8, cmov, fxsr, ht, mmx, 3dnowpref, sse, sse2, sse3, ssse3, sse4.1, sse4.2, popcnt, lzcnt, tsc, tscinvbit, avx, avx2, aes, erms, clmul, bmi1, bmi2, adx, fma, vzeroupper, clflush, clflushopt, rdtscp, f16c, pku

Memory: 4k page, system-wide physical 16205M (1084M free)
TotalPageFile size 20301M (AvailPageFile size 16M)
current process WorkingSet (physical memory assigned to process): 1059M, peak: 1060M
current process commit charge ("private bytes"): 1103M, peak: 1106M

vm_info: Java HotSpot(TM) 64-Bit Server VM (20.0.1+9-29) for windows-amd64 JRE (20.0.1+9-29), built on 2023-03-07T13:56:11Z by "mach5one" with MS VC++ 17.1 (VS2022)

END.
