#
# There is insufficient memory for the Java Runtime Environment to continue.
# Native memory allocation (malloc) failed to allocate 65552 bytes. Error detail: Chunk::new
# Possible reasons:
#   The system is out of physical RAM or swap space
#   This process is running with CompressedOops enabled, and the Java Heap may be blocking the growth of the native heap
# Possible solutions:
#   Reduce memory load on the system
#   Increase physical memory or swap space
#   Check if swap backing store is full
#   Decrease Java heap size (-Xmx/-Xms)
#   Decrease number of Java threads
#   Decrease Java thread stack sizes (-Xss)
#   Set larger code cache with -XX:ReservedCodeCacheSize=
#   JVM is running with Unscaled Compressed Oops mode in which the Java heap is
#     placed in the first 4GB address space. The Java Heap base address is the
#     maximum limit for the native heap growth. Please use -XX:HeapBaseMinAddress
#     to set the Java Heap base and to place the Java Heap above 4GB virtual address.
# This output file may be truncated or incomplete.
#
#  Out of Memory Error (arena.cpp:168), pid=19452, tid=19584
#
# JRE version: OpenJDK Runtime Environment Temurin-21.0.9+10 (21.0.9+10) (build 21.0.9+10-LTS)
# Java VM: OpenJDK 64-Bit Server VM Temurin-21.0.9+10 (21.0.9+10-LTS, mixed mode, sharing, tiered, compressed oops, compressed class ptrs, parallel gc, windows-amd64)
# No core dump will be written. Minidumps are not enabled by default on client versions of Windows
#

---------------  S U M M A R Y ------------

Command Line: --add-modules=ALL-SYSTEM --add-opens=java.base/java.util=ALL-UNNAMED --add-opens=java.base/java.lang=ALL-UNNAMED --add-opens=java.base/sun.nio.fs=ALL-UNNAMED -Declipse.application=org.eclipse.jdt.ls.core.id1 -Dosgi.bundles.defaultStartLevel=4 -Declipse.product=org.eclipse.jdt.ls.core.product -Djava.import.generatesMetadataFilesAtProjectRoot=false -DDetectVMInstallationsJob.disabled=true -Dfile.encoding=utf8 -XX:+UseParallelGC -XX:GCTimeRatio=4 -XX:AdaptiveSizePolicyWeight=90 -Dsun.zip.disableMemoryMapping=true -Xmx2G -Xms100m -Xlog:disable -javaagent:c:\Users\USER\.vscode\extensions\redhat.java-1.52.0-win32-x64\lombok\lombok-1.18.39-4050.jar -XX:+HeapDumpOnOutOfMemoryError -XX:HeapDumpPath=c:\Users\USER\AppData\Roaming\Code\User\workspaceStorage\99c406d687a3e6d1975a5996c0bfbb57\redhat.java -Daether.dependencyCollector.impl=bf c:\Users\USER\.vscode\extensions\redhat.java-1.52.0-win32-x64\server\plugins\org.eclipse.equinox.launcher_1.7.100.v20251111-0406.jar -configuration c:\Users\USER\AppData\Roaming\Code\User\globalStorage\redhat.java\1.52.0\config_win -data c:\Users\USER\AppData\Roaming\Code\User\workspaceStorage\99c406d687a3e6d1975a5996c0bfbb57\redhat.java\jdt_ws --pipe=\\.\pipe\lsp-97058664444dadc1d1029a668e299a8d-sock

Host: Intel(R) Core(TM) i7-10750H CPU @ 2.60GHz, 12 cores, 15G,  Windows 11 , 64 bit Build 26100 (10.0.26100.7705)
Time: Mon Feb  2 22:27:18 2026 Sri Lanka Standard Time elapsed time: 12.335513 seconds (0d 0h 0m 12s)

---------------  T H R E A D  ---------------

Current thread (0x000002362400a0e0):  JavaThread "C2 CompilerThread0" daemon [_thread_in_native, id=19584, stack(0x0000003ec6700000,0x0000003ec6800000) (1024K)]


Current CompileTask:
C2:12335 2923       4       lombok.patcher.PatchScript::classMatches (41 bytes)

Stack: [0x0000003ec6700000,0x0000003ec6800000]
Native frames: (J=compiled Java code, j=interpreted, Vv=VM code, C=native code)
V  [jvm.dll+0x6d6e29]
V  [jvm.dll+0x8b4b76]
V  [jvm.dll+0x8b712e]
V  [jvm.dll+0x8b7813]
V  [jvm.dll+0x283d86]
V  [jvm.dll+0xc66ed]
V  [jvm.dll+0xc6c31]
V  [jvm.dll+0xc6815]
V  [jvm.dll+0x6b1f8c]
V  [jvm.dll+0x610b0c]
V  [jvm.dll+0x60c3ed]
V  [jvm.dll+0x5f3813]
V  [jvm.dll+0x5f7aeb]
V  [jvm.dll+0x5f721d]
V  [jvm.dll+0x5f7100]
V  [jvm.dll+0x5f7280]
V  [jvm.dll+0x5f7100]
V  [jvm.dll+0x5f7280]
V  [jvm.dll+0x5fe602]
V  [jvm.dll+0x255557]
V  [jvm.dll+0x24dc5f]
V  [jvm.dll+0x24b482]
V  [jvm.dll+0x1cb13e]
V  [jvm.dll+0x25b29d]
V  [jvm.dll+0x25982a]
V  [jvm.dll+0x3f7ea6]
V  [jvm.dll+0x85e9ad]
V  [jvm.dll+0x6d565d]
C  [ucrtbase.dll+0x37b0]
C  [KERNEL32.DLL+0x2e8d7]
C  [ntdll.dll+0x8c40c]


---------------  P R O C E S S  ---------------

Threads class SMR info:
_java_thread_list=0x000002367ee74b20, length=19, elements={
0x00000236219cbd40, 0x0000023623ff37e0, 0x0000023623efd7d0, 0x0000023623ff7730,
0x0000023623ff84b0, 0x0000023623ffcfd0, 0x0000023624001d60, 0x000002362400a0e0,
0x000002367ccfda50, 0x000002367cedcc40, 0x000002367cf5c290, 0x000002367e3a7e50,
0x000002367e6e3ca0, 0x000002367e622c10, 0x000002367e653b20, 0x000002367e4f4e80,
0x000002367ec72130, 0x000002367e926880, 0x000002367ee6ae90
}

Java Threads: ( => current thread )
  0x00000236219cbd40 JavaThread "main"                              [_thread_blocked, id=20476, stack(0x0000003ec5d00000,0x0000003ec5e00000) (1024K)]
  0x0000023623ff37e0 JavaThread "Reference Handler"          daemon [_thread_blocked, id=20428, stack(0x0000003ec6100000,0x0000003ec6200000) (1024K)]
  0x0000023623efd7d0 JavaThread "Finalizer"                  daemon [_thread_blocked, id=13004, stack(0x0000003ec6200000,0x0000003ec6300000) (1024K)]
  0x0000023623ff7730 JavaThread "Signal Dispatcher"          daemon [_thread_blocked, id=9960, stack(0x0000003ec6300000,0x0000003ec6400000) (1024K)]
  0x0000023623ff84b0 JavaThread "Attach Listener"            daemon [_thread_blocked, id=19968, stack(0x0000003ec6400000,0x0000003ec6500000) (1024K)]
  0x0000023623ffcfd0 JavaThread "Service Thread"             daemon [_thread_blocked, id=6540, stack(0x0000003ec6500000,0x0000003ec6600000) (1024K)]
  0x0000023624001d60 JavaThread "Monitor Deflation Thread"   daemon [_thread_blocked, id=21356, stack(0x0000003ec6600000,0x0000003ec6700000) (1024K)]
=>0x000002362400a0e0 JavaThread "C2 CompilerThread0"         daemon [_thread_in_native, id=19584, stack(0x0000003ec6700000,0x0000003ec6800000) (1024K)]
  0x000002367ccfda50 JavaThread "C1 CompilerThread0"         daemon [_thread_blocked, id=19644, stack(0x0000003ec6800000,0x0000003ec6900000) (1024K)]
  0x000002367cedcc40 JavaThread "Common-Cleaner"             daemon [_thread_blocked, id=22968, stack(0x0000003ec6900000,0x0000003ec6a00000) (1024K)]
  0x000002367cf5c290 JavaThread "Notification Thread"        daemon [_thread_blocked, id=11104, stack(0x0000003ec6a00000,0x0000003ec6b00000) (1024K)]
  0x000002367e3a7e50 JavaThread "Active Thread: Equinox Container: 09689792-1e08-48f3-9218-161ce3990047"        [_thread_blocked, id=15896, stack(0x0000003ec7300000,0x0000003ec7400000) (1024K)]
  0x000002367e6e3ca0 JavaThread "Refresh Thread: Equinox Container: 09689792-1e08-48f3-9218-161ce3990047" daemon [_thread_blocked, id=20332, stack(0x0000003ec7500000,0x0000003ec7600000) (1024K)]
  0x000002367e622c10 JavaThread "Framework Event Dispatcher: Equinox Container: 09689792-1e08-48f3-9218-161ce3990047" daemon [_thread_blocked, id=22432, stack(0x0000003ec7600000,0x0000003ec7700000) (1024K)]
  0x000002367e653b20 JavaThread "Start Level: Equinox Container: 09689792-1e08-48f3-9218-161ce3990047" daemon [_thread_in_Java, id=20212, stack(0x0000003ec7700000,0x0000003ec7800000) (1024K)]
  0x000002367e4f4e80 JavaThread "Bundle File Closer"         daemon [_thread_blocked, id=12604, stack(0x0000003ec7a00000,0x0000003ec7b00000) (1024K)]
  0x000002367ec72130 JavaThread "SCR Component Actor"        daemon [_thread_blocked, id=23360, stack(0x0000003ec6b00000,0x0000003ec6c00000) (1024K)]
  0x000002367e926880 JavaThread "C2 CompilerThread1"         daemon [_thread_blocked, id=22144, stack(0x0000003ec6c00000,0x0000003ec6d00000) (1024K)]
  0x000002367ee6ae90 JavaThread "Worker-JM"                         [_thread_blocked, id=15352, stack(0x0000003ec7c00000,0x0000003ec7d00000) (1024K)]
Total: 19

Other Threads:
  0x0000023623fee9e0 VMThread "VM Thread"                           [id=15348, stack(0x0000003ec6000000,0x0000003ec6100000) (1024K)]
  0x0000023623ddca00 WatcherThread "VM Periodic Task Thread"        [id=19628, stack(0x0000003ec5f00000,0x0000003ec6000000) (1024K)]
  0x0000023623f6c970 WorkerThread "GC Thread#0"                     [id=2348, stack(0x0000003ec5e00000,0x0000003ec5f00000) (1024K)]
  0x000002367e0b9760 WorkerThread "GC Thread#1"                     [id=20628, stack(0x0000003ec6d00000,0x0000003ec6e00000) (1024K)]
  0x000002367e0b9b00 WorkerThread "GC Thread#2"                     [id=21372, stack(0x0000003ec6e00000,0x0000003ec6f00000) (1024K)]
  0x000002367e4973d0 WorkerThread "GC Thread#3"                     [id=9612, stack(0x0000003ec6f00000,0x0000003ec7000000) (1024K)]
  0x000002367e497770 WorkerThread "GC Thread#4"                     [id=9400, stack(0x0000003ec7000000,0x0000003ec7100000) (1024K)]
  0x000002367e497b10 WorkerThread "GC Thread#5"                     [id=22356, stack(0x0000003ec7100000,0x0000003ec7200000) (1024K)]
  0x000002367cfafcf0 WorkerThread "GC Thread#6"                     [id=11224, stack(0x0000003ec7200000,0x0000003ec7300000) (1024K)]
  0x000002367e7459b0 WorkerThread "GC Thread#7"                     [id=21588, stack(0x0000003ec7400000,0x0000003ec7500000) (1024K)]
  0x000002367e744790 WorkerThread "GC Thread#8"                     [id=16164, stack(0x0000003ec7800000,0x0000003ec7900000) (1024K)]
  0x000002367e744b30 WorkerThread "GC Thread#9"                     [id=7304, stack(0x0000003ec7900000,0x0000003ec7a00000) (1024K)]
Total: 12

Threads with active compile tasks:
C2 CompilerThread0  12353 2923       4       lombok.patcher.PatchScript::classMatches (41 bytes)
Total: 1

VM state: not at safepoint (normal execution)

VM Mutex/Monitor currently owned by a thread: None

Heap address: 0x0000000080000000, size: 2048 MB, Compressed Oops mode: 32-bit

CDS archive(s) mapped at: [0x000002363b000000-0x000002363bba0000-0x000002363bba0000), size 12189696, SharedBaseAddress: 0x000002363b000000, ArchiveRelocationMode: 1.
Compressed class space mapped at: 0x000002363c000000-0x000002367c000000, reserved size: 1073741824
Narrow klass base: 0x000002363b000000, Narrow klass shift: 0, Narrow klass range: 0x100000000

GC Precious Log:
 CardTable entry size: 512
 CPUs: 12 total, 12 available
 Memory: 16205M
 Large Page Support: Disabled
 NUMA Support: Disabled
 Compressed Oops: Enabled (32-bit)
 Alignments: Space 512K, Generation 512K, Heap 2M
 Heap Min Capacity: 100M
 Heap Initial Capacity: 100M
 Heap Max Capacity: 2G
 Pre-touch: Disabled
 Parallel Workers: 10

Heap:
 PSYoungGen      total 29696K, used 27495K [0x00000000d5580000, 0x00000000d7680000, 0x0000000100000000)
  eden space 25600K, 91% used [0x00000000d5580000,0x00000000d6c5ad00,0x00000000d6e80000)
  from space 4096K, 99% used [0x00000000d7280000,0x00000000d767f078,0x00000000d7680000)
  to   space 4096K, 0% used [0x00000000d6e80000,0x00000000d6e80000,0x00000000d7280000)
 ParOldGen       total 68608K, used 6701K [0x0000000080000000, 0x0000000084300000, 0x00000000d5580000)
  object space 68608K, 9% used [0x0000000080000000,0x000000008068b588,0x0000000084300000)
 Metaspace       used 15291K, committed 15808K, reserved 1114112K
  class space    used 1587K, committed 1792K, reserved 1048576K

Card table byte_map: [0x00000236238f0000,0x0000023623d00000] _byte_map_base: 0x00000236234f0000

Marking Bits: (ParMarkBitMap*) 0x00007fff5bda2460
 Begin Bits: [0x0000023636400000, 0x0000023638400000)
 End Bits:   [0x0000023638400000, 0x000002363a400000)

Polling page: 0x0000023621d00000

Metaspace:

Usage:
  Non-class:     13.38 MB used.
      Class:      1.55 MB used.
       Both:     14.93 MB used.

Virtual space:
  Non-class space:       64.00 MB reserved,      13.69 MB ( 21%) committed,  1 nodes.
      Class space:        1.00 GB reserved,       1.75 MB ( <1%) committed,  1 nodes.
             Both:        1.06 GB reserved,      15.44 MB (  1%) committed. 

Chunk freelists:
   Non-Class:  2.25 MB
       Class:  14.25 MB
        Both:  16.50 MB

MaxMetaspaceSize: unlimited
CompressedClassSpaceSize: 1.00 GB
Initial GC threshold: 21.00 MB
Current GC threshold: 21.00 MB
CDS: on
 - commit_granule_bytes: 65536.
 - commit_granule_words: 8192.
 - virtual_space_node_default_size: 8388608.
 - enlarge_chunks_in_place: 1.
 - use_allocation_guard: 0.


Internal statistics:

num_allocs_failed_limit: 0.
num_arena_births: 410.
num_arena_deaths: 0.
num_vsnodes_births: 2.
num_vsnodes_deaths: 0.
num_space_committed: 247.
num_space_uncommitted: 0.
num_chunks_returned_to_freelist: 0.
num_chunks_taken_from_freelist: 927.
num_chunk_merges: 0.
num_chunk_splits: 595.
num_chunks_enlarged: 393.
num_inconsistent_stats: 0.

CodeHeap 'non-profiled nmethods': size=120000Kb used=1358Kb max_used=1358Kb free=118641Kb
 bounds [0x000002362ec20000, 0x000002362ee90000, 0x0000023636150000]
CodeHeap 'profiled nmethods': size=120000Kb used=5911Kb max_used=5911Kb free=114088Kb
 bounds [0x0000023627150000, 0x0000023627720000, 0x000002362e680000]
CodeHeap 'non-nmethods': size=5760Kb used=1258Kb max_used=1284Kb free=4501Kb
 bounds [0x000002362e680000, 0x000002362e8f0000, 0x000002362ec20000]
CodeCache: size=245760Kb, used=8527Kb, max_used=8553Kb, free=237230Kb
 total_blobs=3477, nmethods=2946, adapters=437, full_count=0
Compilation: enabled, stopped_count=0, restarted_count=0

Compilation events (20 events):
Event: 10.302 Thread 0x000002367ccfda50 nmethod 2916 0x0000023627704810 code [0x00000236277049e0, 0x0000023627704bb0]
Event: 10.303 Thread 0x000002367ccfda50 2917       3       java.lang.invoke.LambdaFormEditor$TransformKey::packedBytes (37 bytes)
Event: 10.303 Thread 0x000002367ccfda50 nmethod 2917 0x0000023627704c90 code [0x0000023627704e20, 0x0000023627704f30]
Event: 10.303 Thread 0x000002367ccfda50 2918       3       jdk.internal.reflect.ReflectionFactory::config (28 bytes)
Event: 10.303 Thread 0x000002367ccfda50 nmethod 2918 0x0000023627704f90 code [0x0000023627705120, 0x0000023627705228]
Event: 10.303 Thread 0x000002367ccfda50 2920       3       java.lang.reflect.Field::<init> (50 bytes)
Event: 10.303 Thread 0x000002367ccfda50 nmethod 2920 0x0000023627705290 code [0x0000023627705440, 0x0000023627705698]
Event: 10.303 Thread 0x000002367ccfda50 2914       3       org.eclipse.osgi.storage.bundlefile.ZipBundleEntry::getName (8 bytes)
Event: 10.303 Thread 0x000002367ccfda50 nmethod 2914 0x0000023627705790 code [0x0000023627705940, 0x0000023627705b18]
Event: 10.306 Thread 0x000002367ccfda50 2921   !   3       org.eclipse.osgi.container.Module::start (662 bytes)
Event: 10.309 Thread 0x000002362400a0e0 2923       4       lombok.patcher.PatchScript::classMatches (41 bytes)
Event: 10.310 Thread 0x000002367ccfda50 nmethod 2921 0x0000023627705c10 code [0x00000236277066c0, 0x000002362770bb70]
Event: 10.310 Thread 0x000002367ccfda50 2922       1       java.lang.invoke.MethodHandle::internalForm (5 bytes)
Event: 10.310 Thread 0x000002367ccfda50 nmethod 2922 0x000002362ed70f10 code [0x000002362ed710a0, 0x000002362ed71168]
Event: 10.313 Thread 0x000002367e926880 2924       4       java.lang.invoke.DirectMethodHandle::internalMemberName (8 bytes)
Event: 10.313 Thread 0x000002367e926880 nmethod 2924 0x000002362ed71210 code [0x000002362ed713a0, 0x000002362ed71448]
Event: 10.313 Thread 0x000002367ccfda50 2925       3       java.util.ArrayDeque::addFirst (51 bytes)
Event: 10.314 Thread 0x000002367ccfda50 nmethod 2925 0x000002362770e590 code [0x000002362770e780, 0x000002362770ebf0]
Event: 10.314 Thread 0x000002367ccfda50 2926       3       java.util.ArrayDeque::dec (13 bytes)
Event: 10.314 Thread 0x000002367ccfda50 nmethod 2926 0x000002362770ed90 code [0x000002362770ef20, 0x000002362770f048]

GC Heap History (8 events):
Event: 5.831 GC heap before
{Heap before GC invocations=1 (full 0):
 PSYoungGen      total 29696K, used 25600K [0x00000000d5580000, 0x00000000d7680000, 0x0000000100000000)
  eden space 25600K, 100% used [0x00000000d5580000,0x00000000d6e80000,0x00000000d6e80000)
  from space 4096K, 0% used [0x00000000d7280000,0x00000000d7280000,0x00000000d7680000)
  to   space 4096K, 0% used [0x00000000d6e80000,0x00000000d6e80000,0x00000000d7280000)
 ParOldGen       total 68608K, used 0K [0x0000000080000000, 0x0000000084300000, 0x00000000d5580000)
  object space 68608K, 0% used [0x0000000080000000,0x0000000080000000,0x0000000084300000)
 Metaspace       used 4305K, committed 4544K, reserved 1114112K
  class space    used 472K, committed 576K, reserved 1048576K
}
Event: 5.838 GC heap after
{Heap after GC invocations=1 (full 0):
 PSYoungGen      total 29696K, used 3287K [0x00000000d5580000, 0x00000000d7680000, 0x0000000100000000)
  eden space 25600K, 0% used [0x00000000d5580000,0x00000000d5580000,0x00000000d6e80000)
  from space 4096K, 80% used [0x00000000d6e80000,0x00000000d71b5e88,0x00000000d7280000)
  to   space 4096K, 0% used [0x00000000d7280000,0x00000000d7280000,0x00000000d7680000)
 ParOldGen       total 68608K, used 16K [0x0000000080000000, 0x0000000084300000, 0x00000000d5580000)
  object space 68608K, 0% used [0x0000000080000000,0x0000000080004000,0x0000000084300000)
 Metaspace       used 4305K, committed 4544K, reserved 1114112K
  class space    used 472K, committed 576K, reserved 1048576K
}
Event: 6.276 GC heap before
{Heap before GC invocations=2 (full 0):
 PSYoungGen      total 29696K, used 28887K [0x00000000d5580000, 0x00000000d7680000, 0x0000000100000000)
  eden space 25600K, 100% used [0x00000000d5580000,0x00000000d6e80000,0x00000000d6e80000)
  from space 4096K, 80% used [0x00000000d6e80000,0x00000000d71b5e88,0x00000000d7280000)
  to   space 4096K, 0% used [0x00000000d7280000,0x00000000d7280000,0x00000000d7680000)
 ParOldGen       total 68608K, used 16K [0x0000000080000000, 0x0000000084300000, 0x00000000d5580000)
  object space 68608K, 0% used [0x0000000080000000,0x0000000080004000,0x0000000084300000)
 Metaspace       used 7950K, committed 8192K, reserved 1114112K
  class space    used 828K, committed 960K, reserved 1048576K
}
Event: 6.282 GC heap after
{Heap after GC invocations=2 (full 0):
 PSYoungGen      total 29696K, used 4087K [0x00000000d5580000, 0x00000000d7680000, 0x0000000100000000)
  eden space 25600K, 0% used [0x00000000d5580000,0x00000000d5580000,0x00000000d6e80000)
  from space 4096K, 99% used [0x00000000d7280000,0x00000000d767de88,0x00000000d7680000)
  to   space 4096K, 0% used [0x00000000d6e80000,0x00000000d6e80000,0x00000000d7280000)
 ParOldGen       total 68608K, used 2016K [0x0000000080000000, 0x0000000084300000, 0x00000000d5580000)
  object space 68608K, 2% used [0x0000000080000000,0x00000000801f8248,0x0000000084300000)
 Metaspace       used 7950K, committed 8192K, reserved 1114112K
  class space    used 828K, committed 960K, reserved 1048576K
}
Event: 7.674 GC heap before
{Heap before GC invocations=3 (full 0):
 PSYoungGen      total 29696K, used 29687K [0x00000000d5580000, 0x00000000d7680000, 0x0000000100000000)
  eden space 25600K, 100% used [0x00000000d5580000,0x00000000d6e80000,0x00000000d6e80000)
  from space 4096K, 99% used [0x00000000d7280000,0x00000000d767de88,0x00000000d7680000)
  to   space 4096K, 0% used [0x00000000d6e80000,0x00000000d6e80000,0x00000000d7280000)
 ParOldGen       total 68608K, used 2016K [0x0000000080000000, 0x0000000084300000, 0x00000000d5580000)
  object space 68608K, 2% used [0x0000000080000000,0x00000000801f8248,0x0000000084300000)
 Metaspace       used 9383K, committed 9728K, reserved 1114112K
  class space    used 1002K, committed 1152K, reserved 1048576K
}
Event: 7.678 GC heap after
{Heap after GC invocations=3 (full 0):
 PSYoungGen      total 29696K, used 4094K [0x00000000d5580000, 0x00000000d7680000, 0x0000000100000000)
  eden space 25600K, 0% used [0x00000000d5580000,0x00000000d5580000,0x00000000d6e80000)
  from space 4096K, 99% used [0x00000000d6e80000,0x00000000d727fb40,0x00000000d7280000)
  to   space 4096K, 0% used [0x00000000d7280000,0x00000000d7280000,0x00000000d7680000)
 ParOldGen       total 68608K, used 5370K [0x0000000080000000, 0x0000000084300000, 0x00000000d5580000)
  object space 68608K, 7% used [0x0000000080000000,0x000000008053e890,0x0000000084300000)
 Metaspace       used 9383K, committed 9728K, reserved 1114112K
  class space    used 1002K, committed 1152K, reserved 1048576K
}
Event: 10.042 GC heap before
{Heap before GC invocations=4 (full 0):
 PSYoungGen      total 29696K, used 29669K [0x00000000d5580000, 0x00000000d7680000, 0x0000000100000000)
  eden space 25600K, 99% used [0x00000000d5580000,0x00000000d6e79c20,0x00000000d6e80000)
  from space 4096K, 99% used [0x00000000d6e80000,0x00000000d727fb40,0x00000000d7280000)
  to   space 4096K, 0% used [0x00000000d7280000,0x00000000d7280000,0x00000000d7680000)
 ParOldGen       total 68608K, used 5370K [0x0000000080000000, 0x0000000084300000, 0x00000000d5580000)
  object space 68608K, 7% used [0x0000000080000000,0x000000008053e890,0x0000000084300000)
 Metaspace       used 11717K, committed 12160K, reserved 1114112K
  class space    used 1245K, committed 1472K, reserved 1048576K
}
Event: 10.045 GC heap after
{Heap after GC invocations=4 (full 0):
 PSYoungGen      total 29696K, used 4092K [0x00000000d5580000, 0x00000000d7680000, 0x0000000100000000)
  eden space 25600K, 0% used [0x00000000d5580000,0x00000000d5580000,0x00000000d6e80000)
  from space 4096K, 99% used [0x00000000d7280000,0x00000000d767f078,0x00000000d7680000)
  to   space 4096K, 0% used [0x00000000d6e80000,0x00000000d6e80000,0x00000000d7280000)
 ParOldGen       total 68608K, used 6701K [0x0000000080000000, 0x0000000084300000, 0x00000000d5580000)
  object space 68608K, 9% used [0x0000000080000000,0x000000008068b588,0x0000000084300000)
 Metaspace       used 11717K, committed 12160K, reserved 1114112K
  class space    used 1245K, committed 1472K, reserved 1048576K
}

Dll operation events (9 events):
Event: 0.011 Loaded shared library c:\Users\USER\.vscode\extensions\redhat.java-1.52.0-win32-x64\jre\21.0.9-win32-x86_64\bin\java.dll
Event: 0.119 Loaded shared library c:\Users\USER\.vscode\extensions\redhat.java-1.52.0-win32-x64\jre\21.0.9-win32-x86_64\bin\zip.dll
Event: 0.143 Loaded shared library C:\Users\USER\.vscode\extensions\redhat.java-1.52.0-win32-x64\jre\21.0.9-win32-x86_64\bin\instrument.dll
Event: 0.147 Loaded shared library C:\Users\USER\.vscode\extensions\redhat.java-1.52.0-win32-x64\jre\21.0.9-win32-x86_64\bin\net.dll
Event: 0.149 Loaded shared library C:\Users\USER\.vscode\extensions\redhat.java-1.52.0-win32-x64\jre\21.0.9-win32-x86_64\bin\nio.dll
Event: 0.154 Loaded shared library C:\Users\USER\.vscode\extensions\redhat.java-1.52.0-win32-x64\jre\21.0.9-win32-x86_64\bin\zip.dll
Event: 0.175 Loaded shared library C:\Users\USER\.vscode\extensions\redhat.java-1.52.0-win32-x64\jre\21.0.9-win32-x86_64\bin\jimage.dll
Event: 0.304 Loaded shared library c:\Users\USER\.vscode\extensions\redhat.java-1.52.0-win32-x64\jre\21.0.9-win32-x86_64\bin\verify.dll
Event: 6.295 Loaded shared library C:\Users\USER\AppData\Roaming\Code\User\globalStorage\redhat.java\1.52.0\config_win\org.eclipse.equinox.launcher\org.eclipse.equinox.launcher.win32.win32.x86_64_1.2.1500.v20260121-1430\eclipse_11919.dll

Deoptimization events (20 events):
Event: 10.090 Thread 0x000002367e653b20 DEOPT PACKING pc=0x000002362ed523f8 sp=0x0000003ec77fb9f0
Event: 10.090 Thread 0x000002367e653b20 DEOPT UNPACKING pc=0x000002362e6d3aa2 sp=0x0000003ec77fb958 mode 2
Event: 10.138 Thread 0x000002367e653b20 Uncommon trap: trap_request=0xffffffcc fr.pc=0x000002362ed5a75c relative=0x000000000000021c
Event: 10.138 Thread 0x000002367e653b20 Uncommon trap: reason=intrinsic_or_type_checked_inlining action=make_not_entrant pc=0x000002362ed5a75c method=java.util.Arrays.copyOf([Ljava/lang/Object;ILjava/lang/Class;)[Ljava/lang/Object; @ 35 c2
Event: 10.138 Thread 0x000002367e653b20 DEOPT PACKING pc=0x000002362ed5a75c sp=0x0000003ec77fdf20
Event: 10.138 Thread 0x000002367e653b20 DEOPT UNPACKING pc=0x000002362e6d3aa2 sp=0x0000003ec77fdeb0 mode 2
Event: 10.186 Thread 0x000002367e653b20 Uncommon trap: trap_request=0xffffff45 fr.pc=0x000002362ecd7c10 relative=0x0000000000000070
Event: 10.186 Thread 0x000002367e653b20 Uncommon trap: reason=unstable_if action=reinterpret pc=0x000002362ecd7c10 method=java.util.Objects.equals(Ljava/lang/Object;Ljava/lang/Object;)Z @ 6 c2
Event: 10.186 Thread 0x000002367e653b20 DEOPT PACKING pc=0x000002362ecd7c10 sp=0x0000003ec77f8e00
Event: 10.186 Thread 0x000002367e653b20 DEOPT UNPACKING pc=0x000002362e6d3aa2 sp=0x0000003ec77f8da0 mode 2
Event: 10.218 Thread 0x000002367e653b20 DEOPT PACKING pc=0x0000023627522256 sp=0x0000003ec77f7ac0
Event: 10.218 Thread 0x000002367e653b20 DEOPT UNPACKING pc=0x000002362e6d4242 sp=0x0000003ec77f6fd0 mode 0
Event: 10.256 Thread 0x000002367e653b20 Uncommon trap: trap_request=0xffffff45 fr.pc=0x000002362ec7f78c relative=0x0000000000000fcc
Event: 10.256 Thread 0x000002367e653b20 Uncommon trap: reason=unstable_if action=reinterpret pc=0x000002362ec7f78c method=lombok.patcher.PatchScript.classMatches(Ljava/lang/String;Ljava/util/Collection;)Z @ 25 c2
Event: 10.256 Thread 0x000002367e653b20 DEOPT PACKING pc=0x000002362ec7f78c sp=0x0000003ec77f6f00
Event: 10.256 Thread 0x000002367e653b20 DEOPT UNPACKING pc=0x000002362e6d3aa2 sp=0x0000003ec77f6ec0 mode 2
Event: 10.301 Thread 0x000002367e653b20 Uncommon trap: trap_request=0xffffff45 fr.pc=0x000002362ed250a0 relative=0x0000000000001200
Event: 10.301 Thread 0x000002367e653b20 Uncommon trap: reason=unstable_if action=reinterpret pc=0x000002362ed250a0 method=java.util.Properties.loadConvert([CIILjava/lang/StringBuilder;)Ljava/lang/String; @ 491 c2
Event: 10.301 Thread 0x000002367e653b20 DEOPT PACKING pc=0x000002362ed250a0 sp=0x0000003ec77f7cb0
Event: 10.301 Thread 0x000002367e653b20 DEOPT UNPACKING pc=0x000002362e6d3aa2 sp=0x0000003ec77f7ca0 mode 2

Classes loaded (20 events):
Event: 10.264 Loading class java/io/ObjectStreamConstants done
Event: 10.264 Loading class java/io/ObjectInputStream done
Event: 10.264 Loading class java/io/ObjectOutputStream
Event: 10.264 Loading class java/io/ObjectOutput
Event: 10.264 Loading class java/io/ObjectOutput done
Event: 10.264 Loading class java/io/ObjectOutputStream done
Event: 10.264 Loading class java/lang/constant/ClassDesc
Event: 10.264 Loading class java/lang/constant/ClassDesc done
Event: 10.265 Loading class jdk/internal/vm/annotation/ForceInline
Event: 10.265 Loading class jdk/internal/vm/annotation/ForceInline done
Event: 10.300 Loading class java/lang/IllegalCallerException
Event: 10.300 Loading class java/lang/IllegalCallerException done
Event: 10.302 Loading class java/lang/invoke/DirectMethodHandle$1
Event: 10.302 Loading class java/lang/invoke/DirectMethodHandle$1 done
Event: 10.308 Loading class java/text/MessageFormat
Event: 10.308 Loading class java/text/MessageFormat done
Event: 10.309 Loading class java/text/FieldPosition$Delegate
Event: 10.310 Loading class java/text/FieldPosition$Delegate done
Event: 10.310 Loading class java/text/MessageFormat$Field
Event: 10.310 Loading class java/text/MessageFormat$Field done

Classes unloaded (0 events):
No events

Classes redefined (0 events):
No events

Internal exceptions (20 events):
Event: 6.177 Thread 0x00000236219cbd40 Exception <a 'java/lang/ClassNotFoundException'{0x00000000d6a2e548}: sun/net/www/protocol/plurl/Handler> (0x00000000d6a2e548) 
thrown [s\src\hotspot\share\classfile\systemDictionary.cpp, line 312]
Event: 6.177 Thread 0x00000236219cbd40 Exception <a 'java/lang/ClassNotFoundException'{0x00000000d6a2f3c8}: sun/net/www/protocol/plurl/Handler> (0x00000000d6a2f3c8) 
thrown [s\src\hotspot\share\classfile\systemDictionary.cpp, line 312]
Event: 6.289 Thread 0x00000236219cbd40 Exception <a 'java/lang/UnsatisfiedLinkError'{0x00000000d55c6b70}: 'void org.eclipse.equinox.launcher.JNIBridge._update_splash()'> (0x00000000d55c6b70) 
thrown [s\src\hotspot\share\prims\nativeLookup.cpp, line 415]
Event: 6.323 Thread 0x000002367e6e3ca0 Exception <a 'java/lang/NoSuchMethodError'{0x00000000d5869830}: 'void java.lang.invoke.DirectMethodHandle$Holder.invokeInterface(java.lang.Object, java.lang.Object, java.lang.Object)'> (0x00000000d5869830) 
thrown [s\src\hotspot\share\interpreter\linkResolver.cpp, line 773]
Event: 6.390 Thread 0x000002367e653b20 Exception <a 'java/lang/NoSuchMethodError'{0x00000000d5c30850}: 'java.lang.Object java.lang.invoke.DirectMethodHandle$Holder.newInvokeSpecial(java.lang.Object, java.lang.Object, int, java.lang.Object)'> (0x00000000d5c30850) 
thrown [s\src\hotspot\share\interpreter\linkResolver.cpp, line 773]
Event: 6.390 Thread 0x000002367e653b20 Exception <a 'java/lang/NoSuchMethodError'{0x00000000d5c34680}: 'java.lang.Object java.lang.invoke.DirectMethodHandle$Holder.invokeSpecial(java.lang.Object, java.lang.Object, java.lang.Object, int, java.lang.Object)'> (0x00000000d5c34680) 
thrown [s\src\hotspot\share\interpreter\linkResolver.cpp, line 773]
Event: 6.404 Thread 0x000002367e653b20 Exception <a 'java/lang/NoClassDefFoundError'{0x00000000d5cdb198}: jakarta/servlet/ServletContainerInitializer> (0x00000000d5cdb198) 
thrown [s\src\hotspot\share\classfile\systemDictionary.cpp, line 301]
Event: 6.429 Thread 0x000002367e653b20 Exception <a 'java/lang/ClassNotFoundException'{0x00000000d5e36b48}: sun/util/logging/resources/spi/loggingProvider> (0x00000000d5e36b48) 
thrown [s\src\hotspot\share\classfile\systemDictionary.cpp, line 312]
Event: 9.973 Thread 0x000002367e653b20 Exception <a 'java/lang/NullPointerException'{0x00000000d662eb88}> (0x00000000d662eb88) 
thrown [s\src\hotspot\share\interpreter\linkResolver.cpp, line 1372]
Event: 9.973 Thread 0x000002367e653b20 Exception <a 'java/lang/NullPointerException'{0x00000000d662ee68}> (0x00000000d662ee68) 
thrown [s\src\hotspot\share\interpreter\linkResolver.cpp, line 1372]
Event: 10.059 Thread 0x000002367e653b20 Exception <a 'java/lang/NoSuchMethodError'{0x00000000d56d1318}: 'long java.lang.invoke.DirectMethodHandle$Holder.invokeSpecial(java.lang.Object, java.lang.Object)'> (0x00000000d56d1318) 
thrown [s\src\hotspot\share\interpreter\linkResolver.cpp, line 773]
Event: 10.084 Thread 0x000002367e653b20 Exception <a 'java/io/FileNotFoundException'{0x00000000d5955808}> (0x00000000d5955808) 
thrown [s\src\hotspot\share\prims\jni.cpp, line 520]
Event: 10.168 Thread 0x000002367e653b20 Exception <a 'java/lang/NoSuchMethodError'{0x00000000d5e588f0}: 'java.lang.Object java.lang.invoke.Invokers$Holder.linkToTargetMethod(java.lang.Object, long, java.lang.Object)'> (0x00000000d5e588f0) 
thrown [s\src\hotspot\share\interpreter\linkResolver.cpp, line 773]
Event: 10.220 Thread 0x000002367e653b20 Exception <a 'java/lang/NoSuchMethodError'{0x00000000d63a4da0}: 'void java.lang.invoke.Invokers$Holder.invokeExact_MT(java.lang.Object, java.lang.Object, java.lang.Object)'> (0x00000000d63a4da0) 
thrown [s\src\hotspot\share\interpreter\linkResolver.cpp, line 773]
Event: 10.268 Thread 0x000002367e653b20 Exception <a 'java/lang/NoSuchMethodError'{0x00000000d66aa398}: 'java.lang.Object java.lang.invoke.DirectMethodHandle$Holder.invokeVirtual(java.lang.Object, java.lang.Object, java.lang.Object)'> (0x00000000d66aa398) 
thrown [s\src\hotspot\share\interpreter\linkResolver.cpp, line 773]
Event: 10.269 Thread 0x000002367e653b20 Exception <a 'java/lang/NoSuchMethodError'{0x00000000d66c2730}: 'java.lang.Object java.lang.invoke.DelegatingMethodHandle$Holder.reinvoke_L(java.lang.Object, java.lang.Object, java.lang.Object, java.lang.Object, int, int)'> (0x00000000d66c2730) 
thrown [s\src\hotspot\share\interpreter\linkResolver.cpp, line 773]
Event: 10.271 Thread 0x000002367e653b20 Exception <a 'java/lang/NoSuchMethodError'{0x00000000d66df4a8}: 'java.lang.Object java.lang.invoke.DirectMethodHandle$Holder.newInvokeSpecial(java.lang.Object, java.lang.Object, java.lang.Object, java.lang.Object, java.lang.Object, java.lang.Object)'> (0x00000000d66df4a8) 
thrown [s\src\hotspot\share\interpreter\linkResolver.cpp, line 773]
Event: 10.273 Thread 0x000002367e653b20 Exception <a 'java/lang/NoSuchMethodError'{0x00000000d670b900}: 'void java.lang.invoke.Invokers$Holder.invokeExact_MT(java.lang.Object, java.lang.Object, java.lang.Object, java.lang.Object)'> (0x00000000d670b900) 
thrown [s\src\hotspot\share\interpreter\linkResolver.cpp, line 773]
Event: 10.313 Thread 0x000002367e653b20 Exception <a 'java/io/FileNotFoundException'{0x00000000d69f5498}> (0x00000000d69f5498) 
thrown [s\src\hotspot\share\prims\jni.cpp, line 520]
Event: 10.313 Thread 0x000002367e653b20 Exception <a 'java/io/FileNotFoundException'{0x00000000d69fcf40}> (0x00000000d69fcf40) 
thrown [s\src\hotspot\share\prims\jni.cpp, line 520]

ZGC Phase Switch (0 events):
No events

VM Operations (20 events):
Event: 6.450 Executing VM operation: HandshakeAllThreads (Deoptimize)
Event: 6.450 Executing VM operation: HandshakeAllThreads (Deoptimize) done
Event: 6.458 Executing VM operation: HandshakeAllThreads (Deoptimize)
Event: 6.458 Executing VM operation: HandshakeAllThreads (Deoptimize) done
Event: 7.472 Executing VM operation: Cleanup
Event: 7.473 Executing VM operation: Cleanup done
Event: 7.674 Executing VM operation: ParallelGCFailedAllocation (Allocation Failure)
Event: 7.678 Executing VM operation: ParallelGCFailedAllocation (Allocation Failure) done
Event: 7.723 Executing VM operation: HandshakeAllThreads (Deoptimize)
Event: 7.723 Executing VM operation: HandshakeAllThreads (Deoptimize) done
Event: 8.725 Executing VM operation: Cleanup
Event: 8.867 Executing VM operation: Cleanup done
Event: 9.871 Executing VM operation: Cleanup
Event: 9.871 Executing VM operation: Cleanup done
Event: 10.022 Executing VM operation: HandshakeAllThreads (Deoptimize)
Event: 10.022 Executing VM operation: HandshakeAllThreads (Deoptimize) done
Event: 10.042 Executing VM operation: ParallelGCFailedAllocation (Allocation Failure)
Event: 10.045 Executing VM operation: ParallelGCFailedAllocation (Allocation Failure) done
Event: 11.057 Executing VM operation: Cleanup
Event: 11.057 Executing VM operation: Cleanup done

Memory protections (0 events):
No events

Nmethod flushes (0 events):
No events

Events (20 events):
Event: 0.077 Thread 0x00000236219cbd40 Thread added: 0x0000023623ff84b0
Event: 0.077 Thread 0x00000236219cbd40 Thread added: 0x0000023623ffcfd0
Event: 0.077 Thread 0x00000236219cbd40 Thread added: 0x0000023624001d60
Event: 0.077 Thread 0x00000236219cbd40 Thread added: 0x000002362400a0e0
Event: 0.078 Thread 0x00000236219cbd40 Thread added: 0x000002367ccfda50
Event: 0.145 Thread 0x00000236219cbd40 Thread added: 0x000002367cedcc40
Event: 0.420 Thread 0x00000236219cbd40 Thread added: 0x000002367cf5c290
Event: 0.424 Thread 0x000002367ccfda50 Thread added: 0x000002367dcb55a0
Event: 0.528 Thread 0x000002362400a0e0 Thread added: 0x000002367d0ce070
Event: 6.125 Thread 0x00000236219cbd40 Thread added: 0x000002367e3a7e50
Event: 6.287 Thread 0x00000236219cbd40 Thread added: 0x000002367e6e3ca0
Event: 6.326 Thread 0x000002367e6e3ca0 Thread added: 0x000002367e622c10
Event: 6.329 Thread 0x00000236219cbd40 Thread added: 0x000002367e653b20
Event: 7.718 Thread 0x000002367e653b20 Thread added: 0x000002367e4f4e80
Event: 8.867 Thread 0x000002367d0ce070 Thread exited: 0x000002367d0ce070
Event: 8.867 Thread 0x000002367dcb55a0 Thread exited: 0x000002367dcb55a0
Event: 10.015 Thread 0x000002367e653b20 Thread added: 0x000002367ec72130
Event: 10.062 Thread 0x000002367ccfda50 Thread added: 0x000002367e926880
Event: 10.062 Thread 0x000002367ccfda50 Thread added: 0x000002367ec4d360
Event: 10.202 Thread 0x000002367e653b20 Thread added: 0x000002367ee6ae90


Dynamic libraries:
0x00007ff73e8c0000 - 0x00007ff73e8ce000 	c:\Users\USER\.vscode\extensions\redhat.java-1.52.0-win32-x64\jre\21.0.9-win32-x86_64\bin\java.exe
0x00007ff8470a0000 - 0x00007ff847308000 	C:\WINDOWS\SYSTEM32\ntdll.dll
0x00007ff845800000 - 0x00007ff8458c9000 	C:\WINDOWS\System32\KERNEL32.DLL
0x00007ff843c20000 - 0x00007ff844011000 	C:\WINDOWS\System32\KERNELBASE.dll
0x00007ff844020000 - 0x00007ff84416b000 	C:\WINDOWS\System32\ucrtbase.dll
0x00007ff834510000 - 0x00007ff834528000 	c:\Users\USER\.vscode\extensions\redhat.java-1.52.0-win32-x64\jre\21.0.9-win32-x86_64\bin\jli.dll
0x00007ff8343f0000 - 0x00007ff83440e000 	c:\Users\USER\.vscode\extensions\redhat.java-1.52.0-win32-x64\jre\21.0.9-win32-x86_64\bin\VCRUNTIME140.dll
0x00007ff845de0000 - 0x00007ff845fa6000 	C:\WINDOWS\System32\USER32.dll
0x00007ff844200000 - 0x00007ff844227000 	C:\WINDOWS\System32\win32u.dll
0x00007ff830630000 - 0x00007ff8308c3000 	C:\WINDOWS\WinSxS\amd64_microsoft.windows.common-controls_6595b64144ccf1df_6.0.26100.7705_none_3e06597ae3363b04\COMCTL32.dll
0x00007ff845760000 - 0x00007ff84578b000 	C:\WINDOWS\System32\GDI32.dll
0x00007ff846a50000 - 0x00007ff846af9000 	C:\WINDOWS\System32\msvcrt.dll
0x00007ff843a30000 - 0x00007ff843b5b000 	C:\WINDOWS\System32\gdi32full.dll
0x00007ff844aa0000 - 0x00007ff844b43000 	C:\WINDOWS\System32\msvcp_win.dll
0x00007ff844e40000 - 0x00007ff844e71000 	C:\WINDOWS\System32\IMM32.DLL
0x00007ff83bed0000 - 0x00007ff83bedc000 	c:\Users\USER\.vscode\extensions\redhat.java-1.52.0-win32-x64\jre\21.0.9-win32-x86_64\bin\vcruntime140_1.dll
0x00007ff80d6f0000 - 0x00007ff80d77d000 	c:\Users\USER\.vscode\extensions\redhat.java-1.52.0-win32-x64\jre\21.0.9-win32-x86_64\bin\msvcp140.dll
0x00007fff5b0e0000 - 0x00007fff5be80000 	c:\Users\USER\.vscode\extensions\redhat.java-1.52.0-win32-x64\jre\21.0.9-win32-x86_64\bin\server\jvm.dll
0x00007ff846bc0000 - 0x00007ff846c74000 	C:\WINDOWS\System32\ADVAPI32.dll
0x00007ff846320000 - 0x00007ff8463c6000 	C:\WINDOWS\System32\sechost.dll
0x00007ff846200000 - 0x00007ff846318000 	C:\WINDOWS\System32\RPCRT4.dll
0x00007ff845fc0000 - 0x00007ff846034000 	C:\WINDOWS\System32\WS2_32.dll
0x00007ff8437e0000 - 0x00007ff84383e000 	C:\WINDOWS\SYSTEM32\POWRPROF.dll
0x00007ff832890000 - 0x00007ff8328c5000 	C:\WINDOWS\SYSTEM32\WINMM.dll
0x00007ff838a00000 - 0x00007ff838a0b000 	C:\WINDOWS\SYSTEM32\VERSION.dll
0x00007ff8437c0000 - 0x00007ff8437d4000 	C:\WINDOWS\SYSTEM32\UMPDC.dll
0x00007ff842730000 - 0x00007ff84274b000 	C:\WINDOWS\SYSTEM32\kernel.appcore.dll
0x00007ff837180000 - 0x00007ff83718a000 	c:\Users\USER\.vscode\extensions\redhat.java-1.52.0-win32-x64\jre\21.0.9-win32-x86_64\bin\jimage.dll
0x00007ff830ad0000 - 0x00007ff830d12000 	C:\WINDOWS\SYSTEM32\DBGHELP.DLL
0x00007ff8465c0000 - 0x00007ff846946000 	C:\WINDOWS\System32\combase.dll
0x00007ff8464e0000 - 0x00007ff8465b7000 	C:\WINDOWS\System32\OLEAUT32.dll
0x00007ff82d430000 - 0x00007ff82d46b000 	C:\WINDOWS\SYSTEM32\dbgcore.DLL
0x00007ff843980000 - 0x00007ff843a25000 	C:\WINDOWS\System32\bcryptPrimitives.dll
0x00007ff81b960000 - 0x00007ff81b96f000 	c:\Users\USER\.vscode\extensions\redhat.java-1.52.0-win32-x64\jre\21.0.9-win32-x86_64\bin\instrument.dll
0x00007ff81b500000 - 0x00007ff81b520000 	c:\Users\USER\.vscode\extensions\redhat.java-1.52.0-win32-x64\jre\21.0.9-win32-x86_64\bin\java.dll
0x00007ff844e90000 - 0x00007ff8455e1000 	C:\WINDOWS\System32\SHELL32.dll
0x00007ff844b50000 - 0x00007ff844cba000 	C:\WINDOWS\System32\wintypes.dll
0x00007ff844230000 - 0x00007ff844a92000 	C:\WINDOWS\System32\windows.storage.dll
0x00007ff846f60000 - 0x00007ff847056000 	C:\WINDOWS\System32\SHCORE.dll
0x00007ff846d10000 - 0x00007ff846d77000 	C:\WINDOWS\System32\shlwapi.dll
0x00007ff8438a0000 - 0x00007ff8438c9000 	C:\WINDOWS\SYSTEM32\profapi.dll
0x00007ff81c3f0000 - 0x00007ff81c408000 	c:\Users\USER\.vscode\extensions\redhat.java-1.52.0-win32-x64\jre\21.0.9-win32-x86_64\bin\zip.dll
0x00007ff8343e0000 - 0x00007ff8343f0000 	C:\Users\USER\.vscode\extensions\redhat.java-1.52.0-win32-x64\jre\21.0.9-win32-x86_64\bin\net.dll
0x00007ff838b90000 - 0x00007ff838cb7000 	C:\WINDOWS\SYSTEM32\WINHTTP.dll
0x00007ff842ca0000 - 0x00007ff842d0b000 	C:\WINDOWS\system32\mswsock.dll
0x00007ff81b460000 - 0x00007ff81b476000 	C:\Users\USER\.vscode\extensions\redhat.java-1.52.0-win32-x64\jre\21.0.9-win32-x86_64\bin\nio.dll
0x00007ff81a630000 - 0x00007ff81a640000 	c:\Users\USER\.vscode\extensions\redhat.java-1.52.0-win32-x64\jre\21.0.9-win32-x86_64\bin\verify.dll
0x00007ff814b70000 - 0x00007ff814bb5000 	C:\Users\USER\AppData\Roaming\Code\User\globalStorage\redhat.java\1.52.0\config_win\org.eclipse.equinox.launcher\org.eclipse.equinox.launcher.win32.win32.x86_64_1.2.1500.v20260121-1430\eclipse_11919.dll
0x00007ff846060000 - 0x00007ff8461f7000 	C:\WINDOWS\System32\ole32.dll

JVMTI agents:
c:\Users\USER\.vscode\extensions\redhat.java-1.52.0-win32-x64\lombok\lombok-1.18.39-4050.jar path:c:\Users\USER\.vscode\extensions\redhat.java-1.52.0-win32-x64\jre\21.0.9-win32-x86_64\bin\instrument.dll, loaded, initialized, instrumentlib options:none

dbghelp: loaded successfully - version: 4.0.5 - missing functions: none
symbol engine: initialized successfully - sym options: 0x614 - pdb path: .;c:\Users\USER\.vscode\extensions\redhat.java-1.52.0-win32-x64\jre\21.0.9-win32-x86_64\bin;C:\WINDOWS\SYSTEM32;C:\WINDOWS\WinSxS\amd64_microsoft.windows.common-controls_6595b64144ccf1df_6.0.26100.7705_none_3e06597ae3363b04;c:\Users\USER\.vscode\extensions\redhat.java-1.52.0-win32-x64\jre\21.0.9-win32-x86_64\bin\server;C:\Users\USER\AppData\Roaming\Code\User\globalStorage\redhat.java\1.52.0\config_win\org.eclipse.equinox.launcher\org.eclipse.equinox.launcher.win32.win32.x86_64_1.2.1500.v20260121-1430

VM Arguments:
jvm_args: --add-modules=ALL-SYSTEM --add-opens=java.base/java.util=ALL-UNNAMED --add-opens=java.base/java.lang=ALL-UNNAMED --add-opens=java.base/sun.nio.fs=ALL-UNNAMED -Declipse.application=org.eclipse.jdt.ls.core.id1 -Dosgi.bundles.defaultStartLevel=4 -Declipse.product=org.eclipse.jdt.ls.core.product -Djava.import.generatesMetadataFilesAtProjectRoot=false -DDetectVMInstallationsJob.disabled=true -Dfile.encoding=utf8 -XX:+UseParallelGC -XX:GCTimeRatio=4 -XX:AdaptiveSizePolicyWeight=90 -Dsun.zip.disableMemoryMapping=true -Xmx2G -Xms100m -Xlog:disable -javaagent:c:\Users\USER\.vscode\extensions\redhat.java-1.52.0-win32-x64\lombok\lombok-1.18.39-4050.jar -XX:+HeapDumpOnOutOfMemoryError -XX:HeapDumpPath=c:\Users\USER\AppData\Roaming\Code\User\workspaceStorage\99c406d687a3e6d1975a5996c0bfbb57\redhat.java -Daether.dependencyCollector.impl=bf 
java_command: c:\Users\USER\.vscode\extensions\redhat.java-1.52.0-win32-x64\server\plugins\org.eclipse.equinox.launcher_1.7.100.v20251111-0406.jar -configuration c:\Users\USER\AppData\Roaming\Code\User\globalStorage\redhat.java\1.52.0\config_win -data c:\Users\USER\AppData\Roaming\Code\User\workspaceStorage\99c406d687a3e6d1975a5996c0bfbb57\redhat.java\jdt_ws --pipe=\\.\pipe\lsp-97058664444dadc1d1029a668e299a8d-sock
java_class_path (initial): c:\Users\USER\.vscode\extensions\redhat.java-1.52.0-win32-x64\server\plugins\org.eclipse.equinox.launcher_1.7.100.v20251111-0406.jar
Launcher Type: SUN_STANDARD

[Global flags]
    uintx AdaptiveSizePolicyWeight                 = 90                                        {product} {command line}
     intx CICompilerCount                          = 4                                         {product} {ergonomic}
    uintx GCTimeRatio                              = 4                                         {product} {command line}
     bool HeapDumpOnOutOfMemoryError               = true                                   {manageable} {command line}
    ccstr HeapDumpPath                             = c:\Users\USER\AppData\Roaming\Code\User\workspaceStorage\99c406d687a3e6d1975a5996c0bfbb57\redhat.java         {manageable} {command line}
   size_t InitialHeapSize                          = 104857600                                 {product} {command line}
   size_t MaxHeapSize                              = 2147483648                                {product} {command line}
   size_t MaxNewSize                               = 715653120                                 {product} {ergonomic}
   size_t MinHeapDeltaBytes                        = 524288                                    {product} {ergonomic}
   size_t MinHeapSize                              = 104857600                                 {product} {command line}
   size_t NewSize                                  = 34603008                                  {product} {ergonomic}
    uintx NonNMethodCodeHeapSize                   = 5839372                                {pd product} {ergonomic}
    uintx NonProfiledCodeHeapSize                  = 122909434                              {pd product} {ergonomic}
   size_t OldSize                                  = 70254592                                  {product} {ergonomic}
    uintx ProfiledCodeHeapSize                     = 122909434                              {pd product} {ergonomic}
    uintx ReservedCodeCacheSize                    = 251658240                              {pd product} {ergonomic}
     bool SegmentedCodeCache                       = true                                      {product} {ergonomic}
   size_t SoftMaxHeapSize                          = 2147483648                             {manageable} {ergonomic}
     bool UseCompressedOops                        = true                           {product lp64_product} {ergonomic}
     bool UseLargePagesIndividualAllocation        = false                                  {pd product} {ergonomic}
     bool UseParallelGC                            = true                                      {product} {command line}

Logging:
Log output configuration:
 #0: stdout all=off uptime,level,tags foldmultilines=false
 #1: stderr all=off uptime,level,tags foldmultilines=false

Release file:
JAVA_VERSION="21.0.9" 
MODULES="java.base java.compiler java.datatransfer java.xml java.prefs java.desktop java.instrument java.logging java.management java.security.sasl java.naming java.rmi java.management.rmi java.net.http java.scripting java.security.jgss java.transaction.xa java.sql java.sql.rowset java.xml.crypto java.se java.smartcardio jdk.accessibility jdk.internal.jvmstat jdk.attach jdk.charsets jdk.internal.opt jdk.zipfs jdk.compiler jdk.crypto.ec jdk.crypto.cryptoki jdk.crypto.mscapi jdk.dynalink jdk.internal.ed jdk.editpad jdk.hotspot.agent jdk.httpserver jdk.internal.le jdk.internal.vm.ci jdk.internal.vm.compiler jdk.internal.vm.compiler.management jdk.jartool jdk.javadoc jdk.jcmd jdk.management jdk.management.agent jdk.jconsole jdk.jdeps jdk.jdwp.agent jdk.jdi jdk.jfr jdk.jshell jdk.jsobject jdk.jstatd jdk.localedata jdk.management.jfr jdk.naming.dns jdk.naming.rmi jdk.net jdk.nio.mapmode jdk.random jdk.sctp jdk.security.auth jdk.security.jgss jdk.unsupported jdk.unsupported.desktop jdk.xml.dom" 

Environment Variables:
JAVA_HOME=C:\Program Files\Java\jdk-20
PATH=C:\Program Files\Common Files\Oracle\Java\javapath;C:\Program Files (x86)\Common Files\Oracle\Java\java8path;C:\Program Files (x86)\Common Files\Oracle\Java\javapath;C:\Python310\Scripts\;C:\Python310\;C:\WINDOWS\system32;C:\WINDOWS;C:\WINDOWS\System32\Wbem;C:\WINDOWS\System32\WindowsPowerShell\v1.0\;C:\WINDOWS\System32\OpenSSH\;C:\Program Files\NVIDIA Corporation\NVIDIA NvDLISR;C:\WINDOWS\system32;C:\WINDOWS;C:\WINDOWS\System32\Wbem;C:\WINDOWS\System32\WindowsPowerShell\v1.0\;C:\WINDOWS\System32\OpenSSH\;D:\jdk20\bin;C:\Program Files\Java\jdk-20\bin;C:\Program Files\nodejs;C:\Program Files\Java\jdk-21;C:\Program Files\Git\cmd;C:\Program Files\dotnet\;C:\Program Files\nodejs\;D:\Users\USER\allure-2.34.1\bin;D:\Users\USER\maven-mvnd-1.0.2-windows-amd64\bin;D:\sonar-scanner-7.2.0.5079-windows-x64\bin;C:\Program Files\apache-maven-3.9.11\bin;D:\Users\USER\anaconda3\Library\mingw-w64\bin;D:\Users\USER\anaconda3\Library\usr\bin;D:\Users\USER\anaconda3\Library\bin;D:\Users\USER\anaconda3\Scripts;C:\Program Files\MySQL\MySQL Shell 8.0\bin\;C:\Users\USER\AppData\Local\Microsoft\WindowsApps;C:\Users\USER\AppData\Local\GitHubDesktop\bin;C:\Users\USER\AppData\Local\Programs\Microsoft VS Code\bin;D:\Program Files\IntelliJ IDEA Community Edition 2024.2.4\bin;;C:\Users\USER\.dotnet\tools;C:\Users\USER\AppData\Roaming\npm;C:\Program Files (x86)\BrowserStackLocal\;D:\IntelliJ IDEA 2025.3\bin;D:\flutter_windows_3.41.0-0.2.pre-beta\flutter\bin;
USERNAME=USER
OS=Windows_NT
PROCESSOR_IDENTIFIER=Intel64 Family 6 Model 165 Stepping 2, GenuineIntel
TMP=C:\Users\USER\AppData\Local\Temp
TEMP=C:\Users\USER\AppData\Local\Temp




Periodic native trim disabled

---------------  S Y S T E M  ---------------

OS:
 Windows 11 , 64 bit Build 26100 (10.0.26100.7705)
OS uptime: 0 days 1:27 hours

CPU: total 12 (initial active 12) (6 cores per cpu, 2 threads per core) family 6 model 165 stepping 2 microcode 0xe2, cx8, cmov, fxsr, ht, mmx, 3dnowpref, sse, sse2, sse3, ssse3, sse4.1, sse4.2, popcnt, lzcnt, tsc, tscinvbit, avx, avx2, aes, erms, clmul, bmi1, bmi2, adx, fma, vzeroupper, clflush, clflushopt, rdtscp, f16c, pku
Processor Information for the first 12 processors :
  Max Mhz: 2592, Current Mhz: 2592, Mhz Limit: 2592

Memory: 4k page, system-wide physical 16205M (2065M free)
TotalPageFile size 20301M (AvailPageFile size 112M)
current process WorkingSet (physical memory assigned to process): 119M, peak: 123M
current process commit charge ("private bytes"): 264M, peak: 268M

vm_info: OpenJDK 64-Bit Server VM (21.0.9+10-LTS) for windows-amd64 JRE (21.0.9+10-LTS), built on 2025-10-21T00:00:00Z by "admin" with unknown MS VC++:1942

END.
