#
# There is insufficient memory for the Java Runtime Environment to continue.
# Native memory allocation (mmap) failed to map 25165824 bytes for G1 virtual space
# Possible reasons:
#   The system is out of physical RAM or swap space
#   The process is running with CompressedOops enabled, and the Java Heap may be blocking the growth of the native heap
# Possible solutions:
#   Reduce memory load on the system
#   Increase physical memory or swap space
#   Check if swap backing store is full
#   Decrease Java heap size (-Xmx/-Xms)
#   Decrease number of Java threads
#   Decrease Java thread stack sizes (-Xss)
#   Set larger code cache with -XX:ReservedCodeCacheSize=
#   JVM is running with Unscaled Compressed Oops mode in which the Java heap is
#     placed in the first 4GB address space. The Java Heap base address is the
#     maximum limit for the native heap growth. Please use -XX:HeapBaseMinAddress
#     to set the Java Heap base and to place the Java Heap above 4GB virtual address.
# This output file may be truncated or incomplete.
#
#  Out of Memory Error (os_windows.cpp:3528), pid=20472, tid=7208
#
# JRE version: Java(TM) SE Runtime Environment (20.0.1+9) (build 20.0.1+9-29)
# Java VM: Java HotSpot(TM) 64-Bit Server VM (20.0.1+9-29, mixed mode, sharing, tiered, compressed oops, compressed class ptrs, g1 gc, windows-amd64)
# No core dump will be written. Minidumps are not enabled by default on client versions of Windows
#

---------------  S U M M A R Y ------------

Command Line: --add-opens=java.base/java.lang=ALL-UNNAMED --add-opens=java.base/java.lang.invoke=ALL-UNNAMED --add-opens=java.base/java.util=ALL-UNNAMED --add-opens=java.prefs/java.util.prefs=ALL-UNNAMED --add-exports=jdk.compiler/com.sun.tools.javac.api=ALL-UNNAMED --add-exports=jdk.compiler/com.sun.tools.javac.util=ALL-UNNAMED --add-opens=java.base/java.util=ALL-UNNAMED --add-opens=java.prefs/java.util.prefs=ALL-UNNAMED --add-opens=java.base/java.nio.charset=ALL-UNNAMED --add-opens=java.base/java.net=ALL-UNNAMED --add-opens=java.base/java.util.concurrent.atomic=ALL-UNNAMED --add-opens=java.xml/javax.xml.namespace=ALL-UNNAMED -XX:MaxMetaspaceSize=1G -XX:ReservedCodeCacheSize=128m -XX:+HeapDumpOnOutOfMemoryError -Xmx2G -Dfile.encoding=UTF-8 -Duser.country=US -Duser.language=en -Duser.variant -javaagent:C:\Users\USER\.gradle\wrapper\dists\gradle-8.14-all\c2qonpi39x1mddn7hk5gh9iqj\gradle-8.14\lib\agents\gradle-instrumentation-agent-8.14.jar org.gradle.launcher.daemon.bootstrap.GradleDaemon 8.14

Host: Intel(R) Core(TM) i7-10750H CPU @ 2.60GHz, 12 cores, 15G,  Windows 11 , 64 bit Build 26100 (10.0.26100.7705)
Time: Mon Feb  2 22:13:47 2026 Sri Lanka Standard Time elapsed time: 14.981831 seconds (0d 0h 0m 14s)

---------------  T H R E A D  ---------------

Current thread (0x000001e51773a4a0):  VMThread "VM Thread" [stack: 0x0000007477a00000,0x0000007477b00000] [id=7208]

Stack: [0x0000007477a00000,0x0000007477b00000]
Native frames: (J=compiled Java code, j=interpreted, Vv=VM code, C=native code)
V  [jvm.dll+0x6bb95a]
V  [jvm.dll+0x8485fa]
V  [jvm.dll+0x84a1f5]
V  [jvm.dll+0x84a8f3]
V  [jvm.dll+0x280b0f]
V  [jvm.dll+0x6b86e9]
V  [jvm.dll+0x6ad2da]
V  [jvm.dll+0x35adf5]
V  [jvm.dll+0x363016]
V  [jvm.dll+0x3b3b3e]
V  [jvm.dll+0x3b3dc5]
V  [jvm.dll+0x32b50a]
V  [jvm.dll+0x32b5b7]
V  [jvm.dll+0x373942]
V  [jvm.dll+0x372140]
V  [jvm.dll+0x32ac51]
V  [jvm.dll+0x371836]
V  [jvm.dll+0x85023e]
V  [jvm.dll+0x851351]
V  [jvm.dll+0x851859]
V  [jvm.dll+0x851ad3]
V  [jvm.dll+0x7f4b56]
V  [jvm.dll+0x6ba5cb]
C  [ucrtbase.dll+0x37b0]
C  [KERNEL32.DLL+0x2e8d7]
C  [ntdll.dll+0x8c40c]

VM_Operation (0x000000747d7f5ef0): G1CollectForAllocation, mode: safepoint, requested by thread 0x000001e51d9b6240


---------------  P R O C E S S  ---------------

Threads class SMR info:
_java_thread_list=0x000001e521f359d0, length=126, elements={
0x000001e502057840, 0x000001e51775b550, 0x000001e51775cca0, 0x000001e51776baf0,
0x000001e51776c430, 0x000001e51776da80, 0x000001e51776e170, 0x000001e517773950,
0x000001e51776f4e0, 0x000001e517728190, 0x000001e5181388a0, 0x000001e51e0dc840,
0x000001e51e10b080, 0x000001e51e131ab0, 0x000001e51e2c5250, 0x000001e51e178400,
0x000001e51e176ec0, 0x000001e51e178950, 0x000001e51e178ea0, 0x000001e51e176420,
0x000001e51e177eb0, 0x000001e51e176970, 0x000001e51e1793f0, 0x000001e51e177410,
0x000001e520c4eb50, 0x000001e520c52b10, 0x000001e520c4fb40, 0x000001e520c50090,
0x000001e520c50b30, 0x000001e520c53060, 0x000001e520c4f5f0, 0x000001e520c505e0,
0x000001e520c52070, 0x000001e520c51080, 0x000001e520c55590, 0x000001e520c56030,
0x000001e520c525c0, 0x000001e51c4d3630, 0x000001e51c4d20f0, 0x000001e51c4d1ba0,
0x000001e51c4d4b70, 0x000001e51c4d2b90, 0x000001e51c4d40d0, 0x000001e51c4d3b80,
0x000001e51c4d4620, 0x000001e51c4d1100, 0x000001e51c4d50c0, 0x000001e51c4d1650,
0x000001e51c4d75f0, 0x000001e51c4d5610, 0x000001e51c4d7b40, 0x000001e51c4d5b60,
0x000001e51c4d8090, 0x000001e51c4d60b0, 0x000001e51c4d6600, 0x000001e51c4d6b50,
0x000001e51c4d70a0, 0x000001e5219a2690, 0x000001e5219a2140, 0x000001e5219a06b0,
0x000001e5219a0c00, 0x000001e5219a1150, 0x000001e5219a2be0, 0x000001e5219a16a0,
0x000001e5219a1bf0, 0x000001e52199f170, 0x000001e5219a3130, 0x000001e52199f6c0,
0x000001e5219a3680, 0x000001e52199fc10, 0x000001e5219a3bd0, 0x000001e5219a0160,
0x000001e5219a4670, 0x000001e5219a6100, 0x000001e5219a4120, 0x000001e5219a6650,
0x000001e5219a5110, 0x000001e520c535b0, 0x000001e51d9b3d10, 0x000001e51d9b6240,
0x000001e51d9b5250, 0x000001e51d9b6790, 0x000001e51d9b6ce0, 0x000001e51d9b57a0,
0x000001e51d9b5cf0, 0x000001e51d9b3270, 0x000001e51d9b4260, 0x000001e51d9b47b0,
0x000001e51d9b37c0, 0x000001e51d9b7230, 0x000001e51d9b7cd0, 0x000001e51d9b8220,
0x000001e51d9b4d00, 0x000001e51d9b8cc0, 0x000001e51d9b9210, 0x000001e51d9baca0,
0x000001e51d9b9cb0, 0x000001e51d9b9760, 0x000001e51d9ba200, 0x000001e51d9ba750,
0x000001e51fc6f8d0, 0x000001e51fc71e00, 0x000001e51fc6fe20, 0x000001e51fc6ee30,
0x000001e51fc728a0, 0x000001e51fc70370, 0x000001e51fc72350, 0x000001e51fc718b0,
0x000001e51fc72df0, 0x000001e51fc708c0, 0x000001e51fc70e10, 0x000001e51fc6f380,
0x000001e51fc73de0, 0x000001e51fc74880, 0x000001e51fc73340, 0x000001e51fc73890,
0x000001e51fc74330, 0x000001e51fc74dd0, 0x000001e51fc71360, 0x000001e51fc75870,
0x000001e51fc75320, 0x000001e51fc75dc0, 0x000001e51fc76310, 0x000001e51fc76860,
0x000001e51c49bbc0, 0x000001e51ea66aa0
}

Java Threads: ( => current thread )
  0x000001e502057840 JavaThread "main" [_thread_blocked, id=5420, stack(0x0000007477400000,0x0000007477500000)]
  0x000001e51775b550 JavaThread "Reference Handler" daemon [_thread_blocked, id=8240, stack(0x0000007477b00000,0x0000007477c00000)]
  0x000001e51775cca0 JavaThread "Finalizer" daemon [_thread_blocked, id=20208, stack(0x0000007477c00000,0x0000007477d00000)]
  0x000001e51776baf0 JavaThread "Signal Dispatcher" daemon [_thread_blocked, id=18192, stack(0x0000007477d00000,0x0000007477e00000)]
  0x000001e51776c430 JavaThread "Attach Listener" daemon [_thread_blocked, id=12880, stack(0x0000007477e00000,0x0000007477f00000)]
  0x000001e51776da80 JavaThread "Service Thread" daemon [_thread_blocked, id=18556, stack(0x0000007477f00000,0x0000007478000000)]
  0x000001e51776e170 JavaThread "Monitor Deflation Thread" daemon [_thread_blocked, id=9376, stack(0x0000007478000000,0x0000007478100000)]
  0x000001e517773950 JavaThread "C2 CompilerThread0" daemon [_thread_blocked, id=11340, stack(0x0000007478100000,0x0000007478200000)]
  0x000001e51776f4e0 JavaThread "C1 CompilerThread0" daemon [_thread_blocked, id=15568, stack(0x0000007478200000,0x0000007478300000)]
  0x000001e517728190 JavaThread "Common-Cleaner" daemon [_thread_blocked, id=4860, stack(0x0000007478300000,0x0000007478400000)]
  0x000001e5181388a0 JavaThread "Notification Thread" daemon [_thread_blocked, id=10236, stack(0x0000007478400000,0x0000007478500000)]
  0x000001e51e0dc840 JavaThread "Daemon health stats" [_thread_blocked, id=1496, stack(0x0000007478f00000,0x0000007479000000)]
  0x000001e51e10b080 JavaThread "Incoming local TCP Connector on port 53331" [_thread_in_native, id=12144, stack(0x0000007479000000,0x0000007479100000)]
  0x000001e51e131ab0 JavaThread "Daemon periodic checks" [_thread_blocked, id=21140, stack(0x0000007479100000,0x0000007479200000)]
  0x000001e51e2c5250 JavaThread "Daemon" [_thread_blocked, id=11732, stack(0x0000007479200000,0x0000007479300000)]
  0x000001e51e178400 JavaThread "Handler for socket connection from /127.0.0.1:53331 to /127.0.0.1:53332" [_thread_in_native, id=22248, stack(0x0000007479300000,0x0000007479400000)]
  0x000001e51e176ec0 JavaThread "Cancel handler" [_thread_blocked, id=7804, stack(0x0000007479400000,0x0000007479500000)]
  0x000001e51e178950 JavaThread "Daemon worker" [_thread_blocked, id=1284, stack(0x0000007479500000,0x0000007479600000)]
  0x000001e51e178ea0 JavaThread "Asynchronous log dispatcher for DefaultDaemonConnection: socket connection from /127.0.0.1:53331 to /127.0.0.1:53332" [_thread_blocked, id=20724, stack(0x0000007479600000,0x0000007479700000)]
  0x000001e51e176420 JavaThread "Stdin handler" [_thread_blocked, id=10680, stack(0x0000007479700000,0x0000007479800000)]
  0x000001e51e177eb0 JavaThread "Daemon client event forwarder" [_thread_blocked, id=18560, stack(0x0000007479800000,0x0000007479900000)]
  0x000001e51e176970 JavaThread "Cache worker for journal cache (C:\Users\USER\.gradle\caches\journal-1)" [_thread_blocked, id=3456, stack(0x0000007479900000,0x0000007479a00000)]
  0x000001e51e1793f0 JavaThread "File lock request listener" [_thread_in_native, id=11112, stack(0x0000007479a00000,0x0000007479b00000)]
  0x000001e51e177410 JavaThread "Cache worker for file hash cache (C:\Users\USER\.gradle\caches\8.14\fileHashes)" [_thread_blocked, id=19920, stack(0x0000007479b00000,0x0000007479c00000)]
  0x000001e520c4eb50 JavaThread "Cache worker for file hash cache (C:\Users\USER\Desktop\FYP git\FYP\Frontend\android\.gradle\8.14\fileHashes)" [_thread_blocked, id=11508, stack(0x000000747a000000,0x000000747a100000)]
  0x000001e520c52b10 JavaThread "Cache worker for Build Output Cleanup Cache (C:\Users\USER\Desktop\FYP git\FYP\Frontend\android\.gradle\buildOutputCleanup)" [_thread_blocked, id=16252, stack(0x000000747a100000,0x000000747a200000)]
  0x000001e520c4fb40 JavaThread "File watcher server" daemon [_thread_in_native, id=9608, stack(0x000000747a200000,0x000000747a300000)]
  0x000001e520c50090 JavaThread "File watcher consumer" daemon [_thread_blocked, id=20812, stack(0x000000747a300000,0x000000747a400000)]
  0x000001e520c50b30 JavaThread "jar transforms" [_thread_blocked, id=9740, stack(0x000000747a400000,0x000000747a500000)]
  0x000001e520c53060 JavaThread "jar transforms Thread 2" [_thread_blocked, id=16780, stack(0x000000747a500000,0x000000747a600000)]
  0x000001e520c4f5f0 JavaThread "jar transforms Thread 3" [_thread_blocked, id=12808, stack(0x000000747a600000,0x000000747a700000)]
  0x000001e520c505e0 JavaThread "jar transforms Thread 4" [_thread_blocked, id=23232, stack(0x000000747a700000,0x000000747a800000)]
  0x000001e520c52070 JavaThread "jar transforms Thread 5" [_thread_blocked, id=17896, stack(0x000000747a800000,0x000000747a900000)]
  0x000001e520c51080 JavaThread "Cache worker for checksums cache (C:\Users\USER\Desktop\FYP git\FYP\Frontend\android\.gradle\8.14\checksums)" [_thread_blocked, id=21200, stack(0x000000747a900000,0x000000747aa00000)]
  0x000001e520c55590 JavaThread "Cache worker for file content cache (C:\Users\USER\.gradle\caches\8.14\fileContent)" [_thread_blocked, id=11004, stack(0x000000747aa00000,0x000000747ab00000)]
  0x000001e520c56030 JavaThread "jar transforms Thread 6" [_thread_blocked, id=14368, stack(0x000000747ab00000,0x000000747ac00000)]
  0x000001e520c525c0 JavaThread "jar transforms Thread 7" [_thread_blocked, id=16992, stack(0x000000747ac00000,0x000000747ad00000)]
  0x000001e51c4d3630 JavaThread "jar transforms Thread 8" [_thread_blocked, id=13344, stack(0x000000747ad00000,0x000000747ae00000)]
  0x000001e51c4d20f0 JavaThread "jar transforms Thread 9" [_thread_blocked, id=8980, stack(0x000000747ae00000,0x000000747af00000)]
  0x000001e51c4d1ba0 JavaThread "Cache worker for cache directory md-supplier (C:\Users\USER\.gradle\caches\8.14\md-supplier)" [_thread_blocked, id=10724, stack(0x000000747af00000,0x000000747b000000)]
  0x000001e51c4d4b70 JavaThread "Cache worker for cache directory md-rule (C:\Users\USER\.gradle\caches\8.14\md-rule)" [_thread_blocked, id=22024, stack(0x000000747b000000,0x000000747b100000)]
  0x000001e51c4d2b90 JavaThread "Cache worker for Build Output Cleanup Cache (D:\flutter_windows_3.41.0-0.2.pre-beta\flutter\packages\flutter_tools\gradle\.gradle\buildOutputCleanup)" [_thread_blocked, id=7608, stack(0x000000747b100000,0x000000747b200000)]
  0x000001e51c4d40d0 JavaThread "Unconstrained build operations" [_thread_blocked, id=18512, stack(0x000000747b200000,0x000000747b300000)]
  0x000001e51c4d3b80 JavaThread "Unconstrained build operations Thread 2" [_thread_blocked, id=8904, stack(0x000000747b300000,0x000000747b400000)]
  0x000001e51c4d4620 JavaThread "Unconstrained build operations Thread 3" [_thread_blocked, id=22944, stack(0x000000747b400000,0x000000747b500000)]
  0x000001e51c4d1100 JavaThread "Unconstrained build operations Thread 4" [_thread_blocked, id=10664, stack(0x000000747b500000,0x000000747b600000)]
  0x000001e51c4d50c0 JavaThread "Unconstrained build operations Thread 5" [_thread_blocked, id=19140, stack(0x000000747b600000,0x000000747b700000)]
  0x000001e51c4d1650 JavaThread "Unconstrained build operations Thread 6" [_thread_blocked, id=6264, stack(0x000000747b700000,0x000000747b800000)]
  0x000001e51c4d75f0 JavaThread "Unconstrained build operations Thread 7" [_thread_blocked, id=15272, stack(0x000000747b800000,0x000000747b900000)]
  0x000001e51c4d5610 JavaThread "Unconstrained build operations Thread 8" [_thread_blocked, id=6868, stack(0x000000747b900000,0x000000747ba00000)]
  0x000001e51c4d7b40 JavaThread "Unconstrained build operations Thread 9" [_thread_blocked, id=12220, stack(0x000000747ba00000,0x000000747bb00000)]
  0x000001e51c4d5b60 JavaThread "Unconstrained build operations Thread 10" [_thread_blocked, id=21996, stack(0x000000747bb00000,0x000000747bc00000)]
  0x000001e51c4d8090 JavaThread "Unconstrained build operations Thread 11" [_thread_blocked, id=9252, stack(0x000000747bc00000,0x000000747bd00000)]
  0x000001e51c4d60b0 JavaThread "Unconstrained build operations Thread 12" [_thread_blocked, id=3516, stack(0x000000747bd00000,0x000000747be00000)]
  0x000001e51c4d6600 JavaThread "Unconstrained build operations Thread 13" [_thread_blocked, id=5080, stack(0x000000747be00000,0x000000747bf00000)]
  0x000001e51c4d6b50 JavaThread "Unconstrained build operations Thread 14" [_thread_blocked, id=12244, stack(0x000000747bf00000,0x000000747c000000)]
  0x000001e51c4d70a0 JavaThread "Unconstrained build operations Thread 15" [_thread_blocked, id=23348, stack(0x000000747c000000,0x000000747c100000)]
  0x000001e5219a2690 JavaThread "Unconstrained build operations Thread 16" [_thread_blocked, id=18696, stack(0x000000747c100000,0x000000747c200000)]
  0x000001e5219a2140 JavaThread "Unconstrained build operations Thread 17" [_thread_blocked, id=11596, stack(0x000000747c200000,0x000000747c300000)]
  0x000001e5219a06b0 JavaThread "Unconstrained build operations Thread 18" [_thread_blocked, id=20708, stack(0x000000747c300000,0x000000747c400000)]
  0x000001e5219a0c00 JavaThread "Unconstrained build operations Thread 19" [_thread_blocked, id=19132, stack(0x000000747c400000,0x000000747c500000)]
  0x000001e5219a1150 JavaThread "Unconstrained build operations Thread 20" [_thread_blocked, id=16432, stack(0x000000747c500000,0x000000747c600000)]
  0x000001e5219a2be0 JavaThread "Unconstrained build operations Thread 21" [_thread_blocked, id=18804, stack(0x000000747c600000,0x000000747c700000)]
  0x000001e5219a16a0 JavaThread "Unconstrained build operations Thread 22" [_thread_blocked, id=19176, stack(0x000000747c700000,0x000000747c800000)]
  0x000001e5219a1bf0 JavaThread "Unconstrained build operations Thread 23" [_thread_blocked, id=21112, stack(0x000000747c800000,0x000000747c900000)]
  0x000001e52199f170 JavaThread "Unconstrained build operations Thread 24" [_thread_blocked, id=20748, stack(0x000000747c900000,0x000000747ca00000)]
  0x000001e5219a3130 JavaThread "Unconstrained build operations Thread 25" [_thread_blocked, id=19400, stack(0x000000747ca00000,0x000000747cb00000)]
  0x000001e52199f6c0 JavaThread "Unconstrained build operations Thread 26" [_thread_blocked, id=14748, stack(0x000000747cb00000,0x000000747cc00000)]
  0x000001e5219a3680 JavaThread "Unconstrained build operations Thread 27" [_thread_blocked, id=12292, stack(0x000000747cc00000,0x000000747cd00000)]
  0x000001e52199fc10 JavaThread "Unconstrained build operations Thread 28" [_thread_blocked, id=20564, stack(0x000000747cd00000,0x000000747ce00000)]
  0x000001e5219a3bd0 JavaThread "Unconstrained build operations Thread 29" [_thread_blocked, id=17860, stack(0x000000747ce00000,0x000000747cf00000)]
  0x000001e5219a0160 JavaThread "Unconstrained build operations Thread 30" [_thread_blocked, id=15604, stack(0x000000747cf00000,0x000000747d000000)]
  0x000001e5219a4670 JavaThread "Unconstrained build operations Thread 31" [_thread_blocked, id=20616, stack(0x000000747d000000,0x000000747d100000)]
  0x000001e5219a6100 JavaThread "Unconstrained build operations Thread 32" [_thread_blocked, id=3408, stack(0x000000747d100000,0x000000747d200000)]
  0x000001e5219a4120 JavaThread "Unconstrained build operations Thread 33" [_thread_blocked, id=12460, stack(0x000000747d200000,0x000000747d300000)]
  0x000001e5219a6650 JavaThread "Memory manager" [_thread_blocked, id=9900, stack(0x000000747d300000,0x000000747d400000)]
  0x000001e5219a5110 JavaThread "build event listener" [_thread_blocked, id=8216, stack(0x0000007478700000,0x0000007478800000)]
  0x000001e520c535b0 JavaThread "included builds" [_thread_blocked, id=23196, stack(0x000000747d500000,0x000000747d600000)]
  0x000001e51d9b3d10 JavaThread "Execution worker" [_thread_blocked, id=21580, stack(0x000000747d600000,0x000000747d700000)]
  0x000001e51d9b6240 JavaThread "Execution worker Thread 2" [_thread_blocked, id=3864, stack(0x000000747d700000,0x000000747d800000)]
  0x000001e51d9b5250 JavaThread "Execution worker Thread 3" [_thread_blocked, id=13408, stack(0x000000747d800000,0x000000747d900000)]
  0x000001e51d9b6790 JavaThread "Execution worker Thread 4" [_thread_blocked, id=8156, stack(0x000000747d900000,0x000000747da00000)]
  0x000001e51d9b6ce0 JavaThread "Execution worker Thread 5" [_thread_blocked, id=17736, stack(0x000000747da00000,0x000000747db00000)]
  0x000001e51d9b57a0 JavaThread "Execution worker Thread 6" [_thread_blocked, id=14120, stack(0x000000747db00000,0x000000747dc00000)]
  0x000001e51d9b5cf0 JavaThread "Execution worker Thread 7" [_thread_blocked, id=10820, stack(0x000000747dc00000,0x000000747dd00000)]
  0x000001e51d9b3270 JavaThread "Execution worker Thread 8" [_thread_blocked, id=6580, stack(0x000000747dd00000,0x000000747de00000)]
  0x000001e51d9b4260 JavaThread "Execution worker Thread 9" [_thread_blocked, id=22976, stack(0x000000747de00000,0x000000747df00000)]
  0x000001e51d9b47b0 JavaThread "Execution worker Thread 10" [_thread_blocked, id=3640, stack(0x000000747df00000,0x000000747e000000)]
  0x000001e51d9b37c0 JavaThread "Execution worker Thread 11" [_thread_blocked, id=15288, stack(0x000000747e000000,0x000000747e100000)]
  0x000001e51d9b7230 JavaThread "Cache worker for execution history cache (D:\flutter_windows_3.41.0-0.2.pre-beta\flutter\packages\flutter_tools\gradle\.gradle\8.14\executionHistory)" [_thread_blocked, id=428, stack(0x000000747e100000,0x000000747e200000)]
  0x000001e51d9b7cd0 JavaThread "Unconstrained build operations Thread 34" [_thread_blocked, id=22256, stack(0x000000747d400000,0x000000747d500000)]
  0x000001e51d9b8220 JavaThread "Unconstrained build operations Thread 35" [_thread_blocked, id=19504, stack(0x000000747e200000,0x000000747e300000)]
  0x000001e51d9b4d00 JavaThread "Unconstrained build operations Thread 36" [_thread_blocked, id=19840, stack(0x000000747e300000,0x000000747e400000)]
  0x000001e51d9b8cc0 JavaThread "Unconstrained build operations Thread 37" [_thread_blocked, id=2392, stack(0x000000747e400000,0x000000747e500000)]
  0x000001e51d9b9210 JavaThread "Unconstrained build operations Thread 38" [_thread_blocked, id=244, stack(0x000000747e500000,0x000000747e600000)]
  0x000001e51d9baca0 JavaThread "Unconstrained build operations Thread 39" [_thread_blocked, id=3960, stack(0x000000747e600000,0x000000747e700000)]
  0x000001e51d9b9cb0 JavaThread "Unconstrained build operations Thread 40" [_thread_blocked, id=4664, stack(0x000000747e700000,0x000000747e800000)]
  0x000001e51d9b9760 JavaThread "Unconstrained build operations Thread 41" [_thread_blocked, id=20344, stack(0x000000747e800000,0x000000747e900000)]
  0x000001e51d9ba200 JavaThread "Unconstrained build operations Thread 42" [_thread_blocked, id=2588, stack(0x000000747e900000,0x000000747ea00000)]
  0x000001e51d9ba750 JavaThread "Unconstrained build operations Thread 43" [_thread_blocked, id=8336, stack(0x000000747ea00000,0x000000747eb00000)]
  0x000001e51fc6f8d0 JavaThread "Unconstrained build operations Thread 44" [_thread_blocked, id=22212, stack(0x000000747eb00000,0x000000747ec00000)]
  0x000001e51fc71e00 JavaThread "Unconstrained build operations Thread 45" [_thread_blocked, id=11944, stack(0x000000747ec00000,0x000000747ed00000)]
  0x000001e51fc6fe20 JavaThread "Unconstrained build operations Thread 46" [_thread_blocked, id=23284, stack(0x000000747ed00000,0x000000747ee00000)]
  0x000001e51fc6ee30 JavaThread "Unconstrained build operations Thread 47" [_thread_blocked, id=13732, stack(0x000000747ee00000,0x000000747ef00000)]
  0x000001e51fc728a0 JavaThread "Unconstrained build operations Thread 48" [_thread_blocked, id=21216, stack(0x000000747ef00000,0x000000747f000000)]
  0x000001e51fc70370 JavaThread "Unconstrained build operations Thread 49" [_thread_blocked, id=10988, stack(0x000000747f000000,0x000000747f100000)]
  0x000001e51fc72350 JavaThread "Unconstrained build operations Thread 50" [_thread_blocked, id=11172, stack(0x000000747f100000,0x000000747f200000)]
  0x000001e51fc718b0 JavaThread "Unconstrained build operations Thread 51" [_thread_blocked, id=9956, stack(0x000000747f200000,0x000000747f300000)]
  0x000001e51fc72df0 JavaThread "Unconstrained build operations Thread 52" [_thread_blocked, id=20804, stack(0x000000747f300000,0x000000747f400000)]
  0x000001e51fc708c0 JavaThread "Unconstrained build operations Thread 53" [_thread_blocked, id=13368, stack(0x000000747f400000,0x000000747f500000)]
  0x000001e51fc70e10 JavaThread "Unconstrained build operations Thread 54" [_thread_blocked, id=17788, stack(0x000000747f500000,0x000000747f600000)]
  0x000001e51fc6f380 JavaThread "Unconstrained build operations Thread 55" [_thread_blocked, id=11332, stack(0x000000747f600000,0x000000747f700000)]
  0x000001e51fc73de0 JavaThread "Unconstrained build operations Thread 56" [_thread_blocked, id=18088, stack(0x000000747f700000,0x000000747f800000)]
  0x000001e51fc74880 JavaThread "Unconstrained build operations Thread 57" [_thread_blocked, id=19872, stack(0x000000747f800000,0x000000747f900000)]
  0x000001e51fc73340 JavaThread "Unconstrained build operations Thread 58" [_thread_blocked, id=20256, stack(0x000000747f900000,0x000000747fa00000)]
  0x000001e51fc73890 JavaThread "Unconstrained build operations Thread 59" [_thread_blocked, id=21336, stack(0x000000747fa00000,0x000000747fb00000)]
  0x000001e51fc74330 JavaThread "Unconstrained build operations Thread 60" [_thread_blocked, id=6464, stack(0x000000747fb00000,0x000000747fc00000)]
  0x000001e51fc74dd0 JavaThread "Unconstrained build operations Thread 61" [_thread_blocked, id=14208, stack(0x000000747fc00000,0x000000747fd00000)]
  0x000001e51fc71360 JavaThread "Unconstrained build operations Thread 62" [_thread_blocked, id=16272, stack(0x000000747fd00000,0x000000747fe00000)]
  0x000001e51fc75870 JavaThread "Unconstrained build operations Thread 63" [_thread_blocked, id=8972, stack(0x000000747fe00000,0x000000747ff00000)]
  0x000001e51fc75320 JavaThread "Unconstrained build operations Thread 64" [_thread_blocked, id=1860, stack(0x000000747ff00000,0x0000007480000000)]
  0x000001e51fc75dc0 JavaThread "Unconstrained build operations Thread 65" [_thread_blocked, id=18196, stack(0x0000007400000000,0x0000007400100000)]
  0x000001e51fc76310 JavaThread "Unconstrained build operations Thread 66" [_thread_blocked, id=18388, stack(0x0000007400100000,0x0000007400200000)]
  0x000001e51fc76860 JavaThread "Unconstrained build operations Thread 67" [_thread_blocked, id=17580, stack(0x0000007400300000,0x0000007400400000)]
  0x000001e51c49bbc0 JavaThread "Unconstrained build operations Thread 68" [_thread_blocked, id=15612, stack(0x0000007400400000,0x0000007400500000)]
  0x000001e51ea66aa0 JavaThread "C2 CompilerThread1" daemon [_thread_blocked, id=11872, stack(0x0000007400200000,0x0000007400300000)]

Other Threads:
=>0x000001e51773a4a0 VMThread "VM Thread" [stack: 0x0000007477a00000,0x0000007477b00000] [id=7208]
  0x000001e5180f0030 WatcherThread "VM Periodic Task Thread" [stack: 0x0000007478500000,0x0000007478600000] [id=4184]
  0x000001e5020b6d40 WorkerThread "GC Thread#0" [stack: 0x0000007477500000,0x0000007477600000] [id=21880]
  0x000001e5181c80f0 WorkerThread "GC Thread#1" [stack: 0x0000007478800000,0x0000007478900000] [id=22728]
  0x000001e51c4180a0 WorkerThread "GC Thread#2" [stack: 0x0000007478900000,0x0000007478a00000] [id=2684]
  0x000001e51c419180 WorkerThread "GC Thread#3" [stack: 0x0000007478a00000,0x0000007478b00000] [id=18212]
  0x000001e51c418be0 WorkerThread "GC Thread#4" [stack: 0x0000007478b00000,0x0000007478c00000] [id=18036]
  0x000001e51c419450 WorkerThread "GC Thread#5" [stack: 0x0000007478c00000,0x0000007478d00000] [id=2816]
  0x000001e51d445e10 WorkerThread "GC Thread#6" [stack: 0x0000007478d00000,0x0000007478e00000] [id=10848]
  0x000001e51d4433e0 WorkerThread "GC Thread#7" [stack: 0x0000007478e00000,0x0000007478f00000] [id=11776]
  0x000001e51d444790 WorkerThread "GC Thread#8" [stack: 0x0000007479c00000,0x0000007479d00000] [id=19716]
  0x000001e51d443110 WorkerThread "GC Thread#9" [stack: 0x0000007479d00000,0x0000007479e00000] [id=3932]
  0x000001e5020c89d0 ConcurrentGCThread "G1 Main Marker" [stack: 0x0000007477600000,0x0000007477700000] [id=12064]
  0x000001e5020c9ab0 WorkerThread "G1 Conc#0" [stack: 0x0000007477700000,0x0000007477800000] [id=20528]
  0x000001e51d444a60 WorkerThread "G1 Conc#1" [stack: 0x0000007479e00000,0x0000007479f00000] [id=14892]
  0x000001e51d444d30 WorkerThread "G1 Conc#2" [stack: 0x0000007479f00000,0x000000747a000000] [id=22584]
  0x000001e50210ec70 ConcurrentGCThread "G1 Refine#0" [stack: 0x0000007477800000,0x0000007477900000] [id=23528]
  0x000001e51767f310 ConcurrentGCThread "G1 Service" [stack: 0x0000007477900000,0x0000007477a00000] [id=5660]

Threads with active compile tasks:
C1 CompilerThread0    15005 9596       3       kotlin.reflect.jvm.internal.impl.descriptors.runtime.structure.ReflectClassUtilKt::getClassId (218 bytes)

VM state: at safepoint (normal execution)

VM Mutex/Monitor currently owned by a thread:  ([mutex/lock_event])
[0x000001e502053320] Threads_lock - owner thread: 0x000001e51773a4a0
[0x000001e502053c20] Heap_lock - owner thread: 0x000001e51d9b6240

Heap address: 0x0000000080000000, size: 2048 MB, Compressed Oops mode: 32-bit

CDS archive(s) mapped at: [0x0000000800000000-0x0000000800c60000-0x0000000800c60000), size 12976128, SharedBaseAddress: 0x0000000800000000, ArchiveRelocationMode: 0.
Compressed class space mapped at: 0x0000000801000000-0x0000000834400000, reserved size: 859832320
Narrow klass base: 0x0000000800000000, Narrow klass shift: 0, Narrow klass range: 0x100000000

GC Precious Log:
 CardTable entry size: 512
 Card Set container configuration: InlinePtr #cards 5 size 8 Array Of Cards #cards 12 size 40 Howl #buckets 4 coarsen threshold 1843 Howl Bitmap #cards 512 size 80 coarsen threshold 460 Card regions per heap region 1 cards per card region 2048
 CPUs: 12 total, 12 available
 Memory: 16205M
 Large Page Support: Disabled
 NUMA Support: Disabled
 Compressed Oops: Enabled (32-bit)
 Heap Region Size: 1M
 Heap Min Capacity: 8M
 Heap Initial Capacity: 254M
 Heap Max Capacity: 2G
 Pre-touch: Disabled
 Parallel Workers: 10
 Concurrent Workers: 3
 Concurrent Refinement Workers: 10
 Periodic GC: Disabled

Heap:
 garbage-first heap   total 121856K, used 73085K [0x0000000080000000, 0x0000000100000000)
  region size 1024K, 6 young (6144K), 6 survivors (6144K)
 Metaspace       used 76899K, committed 79104K, reserved 970752K
  class space    used 10982K, committed 12096K, reserved 839680K

Heap Regions: E=young(eden), S=young(survivor), O=old, HS=humongous(starts), HC=humongous(continues), CS=collection set, F=free, OA=open archive, CA=closed archive, TAMS=top-at-mark-start, PB=parsable bottom
|   0|0x0000000080000000, 0x0000000080100000, 0x0000000080100000|100%|HS|  |TAMS 0x0000000080000000| PB 0x0000000080000000| Complete 
|   1|0x0000000080100000, 0x0000000080200000, 0x0000000080200000|100%|HC|  |TAMS 0x0000000080100000| PB 0x0000000080100000| Complete 
|   2|0x0000000080200000, 0x0000000080300000, 0x0000000080300000|100%|HC|  |TAMS 0x0000000080200000| PB 0x0000000080200000| Complete 
|   3|0x0000000080300000, 0x0000000080400000, 0x0000000080400000|100%| O|  |TAMS 0x0000000080300000| PB 0x0000000080300000| Untracked 
|   4|0x0000000080400000, 0x0000000080500000, 0x0000000080500000|100%| O|  |TAMS 0x0000000080400000| PB 0x0000000080400000| Untracked 
|   5|0x0000000080500000, 0x0000000080600000, 0x0000000080600000|100%| O|  |TAMS 0x0000000080500000| PB 0x0000000080500000| Untracked 
|   6|0x0000000080600000, 0x0000000080700000, 0x0000000080700000|100%|HS|  |TAMS 0x0000000080600000| PB 0x0000000080600000| Complete 
|   7|0x0000000080700000, 0x0000000080800000, 0x0000000080800000|100%| O|  |TAMS 0x0000000080700000| PB 0x0000000080700000| Untracked 
|   8|0x0000000080800000, 0x0000000080900000, 0x0000000080900000|100%| O|  |TAMS 0x0000000080800000| PB 0x0000000080800000| Untracked 
|   9|0x0000000080900000, 0x0000000080a00000, 0x0000000080a00000|100%| O|  |TAMS 0x0000000080900000| PB 0x0000000080900000| Untracked 
|  10|0x0000000080a00000, 0x0000000080b00000, 0x0000000080b00000|100%| O|  |TAMS 0x0000000080a00000| PB 0x0000000080a00000| Untracked 
|  11|0x0000000080b00000, 0x0000000080c00000, 0x0000000080c00000|100%| O|  |TAMS 0x0000000080b00000| PB 0x0000000080b00000| Untracked 
|  12|0x0000000080c00000, 0x0000000080d00000, 0x0000000080d00000|100%| O|  |TAMS 0x0000000080c00000| PB 0x0000000080c00000| Untracked 
|  13|0x0000000080d00000, 0x0000000080e00000, 0x0000000080e00000|100%| O|  |TAMS 0x0000000080d00000| PB 0x0000000080d00000| Untracked 
|  14|0x0000000080e00000, 0x0000000080f00000, 0x0000000080f00000|100%| O|  |TAMS 0x0000000080e00000| PB 0x0000000080e00000| Untracked 
|  15|0x0000000080f00000, 0x0000000081000000, 0x0000000081000000|100%| O|  |TAMS 0x0000000080f00000| PB 0x0000000080f00000| Untracked 
|  16|0x0000000081000000, 0x0000000081100000, 0x0000000081100000|100%| O|  |TAMS 0x0000000081000000| PB 0x0000000081000000| Untracked 
|  17|0x0000000081100000, 0x0000000081200000, 0x0000000081200000|100%| O|  |TAMS 0x0000000081100000| PB 0x0000000081100000| Untracked 
|  18|0x0000000081200000, 0x0000000081300000, 0x0000000081300000|100%| O|  |TAMS 0x0000000081200000| PB 0x0000000081200000| Untracked 
|  19|0x0000000081300000, 0x0000000081400000, 0x0000000081400000|100%| O|  |TAMS 0x0000000081300000| PB 0x0000000081300000| Untracked 
|  20|0x0000000081400000, 0x0000000081500000, 0x0000000081500000|100%| O|  |TAMS 0x0000000081400000| PB 0x0000000081400000| Untracked 
|  21|0x0000000081500000, 0x0000000081600000, 0x0000000081600000|100%| O|  |TAMS 0x0000000081500000| PB 0x0000000081500000| Untracked 
|  22|0x0000000081600000, 0x0000000081700000, 0x0000000081700000|100%| O|  |TAMS 0x0000000081600000| PB 0x0000000081600000| Untracked 
|  23|0x0000000081700000, 0x0000000081800000, 0x0000000081800000|100%| O|  |TAMS 0x0000000081700000| PB 0x0000000081700000| Untracked 
|  24|0x0000000081800000, 0x0000000081900000, 0x0000000081900000|100%| O|  |TAMS 0x0000000081800000| PB 0x0000000081800000| Untracked 
|  25|0x0000000081900000, 0x0000000081a00000, 0x0000000081a00000|100%| O|  |TAMS 0x0000000081900000| PB 0x0000000081900000| Untracked 
|  26|0x0000000081a00000, 0x0000000081b00000, 0x0000000081b00000|100%| O|  |TAMS 0x0000000081a00000| PB 0x0000000081a00000| Untracked 
|  27|0x0000000081b00000, 0x0000000081c00000, 0x0000000081c00000|100%| O|  |TAMS 0x0000000081b00000| PB 0x0000000081b00000| Untracked 
|  28|0x0000000081c00000, 0x0000000081d00000, 0x0000000081d00000|100%| O|  |TAMS 0x0000000081c00000| PB 0x0000000081c00000| Untracked 
|  29|0x0000000081d00000, 0x0000000081e00000, 0x0000000081e00000|100%| O|  |TAMS 0x0000000081d00000| PB 0x0000000081d00000| Untracked 
|  30|0x0000000081e00000, 0x0000000081f00000, 0x0000000081f00000|100%| O|  |TAMS 0x0000000081e00000| PB 0x0000000081e00000| Untracked 
|  31|0x0000000081f00000, 0x0000000082000000, 0x0000000082000000|100%| O|  |TAMS 0x0000000081f00000| PB 0x0000000081f00000| Untracked 
|  32|0x0000000082000000, 0x0000000082100000, 0x0000000082100000|100%| O|  |TAMS 0x0000000082000000| PB 0x0000000082000000| Untracked 
|  33|0x0000000082100000, 0x0000000082200000, 0x0000000082200000|100%| O|  |TAMS 0x0000000082100000| PB 0x0000000082100000| Untracked 
|  34|0x0000000082200000, 0x0000000082300000, 0x0000000082300000|100%| O|  |TAMS 0x0000000082200000| PB 0x0000000082200000| Untracked 
|  35|0x0000000082300000, 0x0000000082400000, 0x0000000082400000|100%| O|  |TAMS 0x0000000082300000| PB 0x0000000082300000| Untracked 
|  36|0x0000000082400000, 0x0000000082500000, 0x0000000082500000|100%| O|  |TAMS 0x0000000082400000| PB 0x0000000082400000| Untracked 
|  37|0x0000000082500000, 0x0000000082600000, 0x0000000082600000|100%| O|  |TAMS 0x0000000082500000| PB 0x0000000082500000| Untracked 
|  38|0x0000000082600000, 0x0000000082600000, 0x0000000082700000|  0%| F|  |TAMS 0x0000000082600000| PB 0x0000000082600000| Untracked 
|  39|0x0000000082700000, 0x0000000082800000, 0x0000000082800000|100%| O|  |TAMS 0x0000000082700000| PB 0x0000000082700000| Untracked 
|  40|0x0000000082800000, 0x0000000082900000, 0x0000000082900000|100%| O|  |TAMS 0x0000000082800000| PB 0x0000000082800000| Untracked 
|  41|0x0000000082900000, 0x0000000082a00000, 0x0000000082a00000|100%| O|  |TAMS 0x0000000082900000| PB 0x0000000082900000| Untracked 
|  42|0x0000000082a00000, 0x0000000082b00000, 0x0000000082b00000|100%| O|  |TAMS 0x0000000082a00000| PB 0x0000000082a00000| Untracked 
|  43|0x0000000082b00000, 0x0000000082c00000, 0x0000000082c00000|100%| O|  |TAMS 0x0000000082b00000| PB 0x0000000082b00000| Untracked 
|  44|0x0000000082c00000, 0x0000000082d00000, 0x0000000082d00000|100%| O|  |TAMS 0x0000000082c00000| PB 0x0000000082c00000| Untracked 
|  45|0x0000000082d00000, 0x0000000082e00000, 0x0000000082e00000|100%|HS|  |TAMS 0x0000000082d00000| PB 0x0000000082d00000| Complete 
|  46|0x0000000082e00000, 0x0000000082f00000, 0x0000000082f00000|100%|HC|  |TAMS 0x0000000082e00000| PB 0x0000000082e00000| Complete 
|  47|0x0000000082f00000, 0x0000000083000000, 0x0000000083000000|100%|HS|  |TAMS 0x0000000082f00000| PB 0x0000000082f00000| Complete 
|  48|0x0000000083000000, 0x0000000083100000, 0x0000000083100000|100%|HC|  |TAMS 0x0000000083000000| PB 0x0000000083000000| Complete 
|  49|0x0000000083100000, 0x0000000083200000, 0x0000000083200000|100%|HS|  |TAMS 0x0000000083100000| PB 0x0000000083100000| Complete 
|  50|0x0000000083200000, 0x0000000083300000, 0x0000000083300000|100%|HC|  |TAMS 0x0000000083200000| PB 0x0000000083200000| Complete 
|  51|0x0000000083300000, 0x0000000083400000, 0x0000000083400000|100%|HC|  |TAMS 0x0000000083300000| PB 0x0000000083300000| Complete 
|  52|0x0000000083400000, 0x0000000083500000, 0x0000000083500000|100%| O|  |TAMS 0x0000000083400000| PB 0x0000000083400000| Untracked 
|  53|0x0000000083500000, 0x0000000083600000, 0x0000000083600000|100%| O|  |TAMS 0x0000000083500000| PB 0x0000000083500000| Untracked 
|  54|0x0000000083600000, 0x0000000083700000, 0x0000000083700000|100%| O|  |TAMS 0x0000000083600000| PB 0x0000000083600000| Untracked 
|  55|0x0000000083700000, 0x0000000083800000, 0x0000000083800000|100%|HS|  |TAMS 0x0000000083700000| PB 0x0000000083700000| Complete 
|  56|0x0000000083800000, 0x0000000083900000, 0x0000000083900000|100%|HC|  |TAMS 0x0000000083800000| PB 0x0000000083800000| Complete 
|  57|0x0000000083900000, 0x0000000083a00000, 0x0000000083a00000|100%|HC|  |TAMS 0x0000000083900000| PB 0x0000000083900000| Complete 
|  58|0x0000000083a00000, 0x0000000083b00000, 0x0000000083b00000|100%| O|  |TAMS 0x0000000083a00000| PB 0x0000000083a00000| Untracked 
|  59|0x0000000083b00000, 0x0000000083b00000, 0x0000000083c00000|  0%| F|  |TAMS 0x0000000083b00000| PB 0x0000000083b00000| Untracked 
|  60|0x0000000083c00000, 0x0000000083d00000, 0x0000000083d00000|100%| O|  |TAMS 0x0000000083c00000| PB 0x0000000083c00000| Untracked 
|  61|0x0000000083d00000, 0x0000000083e00000, 0x0000000083e00000|100%| O|  |TAMS 0x0000000083d00000| PB 0x0000000083d00000| Untracked 
|  62|0x0000000083e00000, 0x0000000083f00000, 0x0000000083f00000|100%| O|  |TAMS 0x0000000083e00000| PB 0x0000000083e00000| Untracked 
|  63|0x0000000083f00000, 0x0000000083feca00, 0x0000000084000000| 92%| O|  |TAMS 0x0000000083f00000| PB 0x0000000083f00000| Untracked 
|  64|0x0000000084000000, 0x0000000084000000, 0x0000000084100000|  0%| F|  |TAMS 0x0000000084000000| PB 0x0000000084000000| Untracked 
|  65|0x0000000084100000, 0x0000000084100000, 0x0000000084200000|  0%| F|  |TAMS 0x0000000084100000| PB 0x0000000084100000| Untracked 
|  66|0x0000000084200000, 0x0000000084200000, 0x0000000084300000|  0%| F|  |TAMS 0x0000000084200000| PB 0x0000000084200000| Untracked 
|  67|0x0000000084300000, 0x0000000084372b28, 0x0000000084400000| 44%| S|CS|TAMS 0x0000000084300000| PB 0x0000000084300000| Complete 
|  68|0x0000000084400000, 0x0000000084500000, 0x0000000084500000|100%| O|  |TAMS 0x0000000084400000| PB 0x0000000084400000| Untracked 
|  69|0x0000000084500000, 0x0000000084600000, 0x0000000084600000|100%| S|CS|TAMS 0x0000000084500000| PB 0x0000000084500000| Complete 
|  70|0x0000000084600000, 0x0000000084700000, 0x0000000084700000|100%| S|CS|TAMS 0x0000000084600000| PB 0x0000000084600000| Complete 
|  71|0x0000000084700000, 0x0000000084800000, 0x0000000084800000|100%| S|CS|TAMS 0x0000000084700000| PB 0x0000000084700000| Complete 
|  72|0x0000000084800000, 0x0000000084900000, 0x0000000084900000|100%| S|CS|TAMS 0x0000000084800000| PB 0x0000000084800000| Complete 
|  73|0x0000000084900000, 0x0000000084a00000, 0x0000000084a00000|100%| S|CS|TAMS 0x0000000084900000| PB 0x0000000084900000| Complete 
|  74|0x0000000084a00000, 0x0000000084a00000, 0x0000000084b00000|  0%| F|  |TAMS 0x0000000084a00000| PB 0x0000000084a00000| Untracked 
|  75|0x0000000084b00000, 0x0000000084b00000, 0x0000000084c00000|  0%| F|  |TAMS 0x0000000084b00000| PB 0x0000000084b00000| Untracked 
|  76|0x0000000084c00000, 0x0000000084c00000, 0x0000000084d00000|  0%| F|  |TAMS 0x0000000084c00000| PB 0x0000000084c00000| Untracked 
|  77|0x0000000084d00000, 0x0000000084d00000, 0x0000000084e00000|  0%| F|  |TAMS 0x0000000084d00000| PB 0x0000000084d00000| Untracked 
|  78|0x0000000084e00000, 0x0000000084e00000, 0x0000000084f00000|  0%| F|  |TAMS 0x0000000084e00000| PB 0x0000000084e00000| Untracked 
|  79|0x0000000084f00000, 0x0000000084f00000, 0x0000000085000000|  0%| F|  |TAMS 0x0000000084f00000| PB 0x0000000084f00000| Untracked 
|  80|0x0000000085000000, 0x0000000085000000, 0x0000000085100000|  0%| F|  |TAMS 0x0000000085000000| PB 0x0000000085000000| Untracked 
|  81|0x0000000085100000, 0x0000000085100000, 0x0000000085200000|  0%| F|  |TAMS 0x0000000085100000| PB 0x0000000085100000| Untracked 
|  82|0x0000000085200000, 0x0000000085200000, 0x0000000085300000|  0%| F|  |TAMS 0x0000000085200000| PB 0x0000000085200000| Untracked 
|  83|0x0000000085300000, 0x0000000085300000, 0x0000000085400000|  0%| F|  |TAMS 0x0000000085300000| PB 0x0000000085300000| Untracked 
|  84|0x0000000085400000, 0x0000000085400000, 0x0000000085500000|  0%| F|  |TAMS 0x0000000085400000| PB 0x0000000085400000| Untracked 
|  85|0x0000000085500000, 0x0000000085500000, 0x0000000085600000|  0%| F|  |TAMS 0x0000000085500000| PB 0x0000000085500000| Untracked 
|  86|0x0000000085600000, 0x0000000085600000, 0x0000000085700000|  0%| F|  |TAMS 0x0000000085600000| PB 0x0000000085600000| Untracked 
|  87|0x0000000085700000, 0x0000000085700000, 0x0000000085800000|  0%| F|  |TAMS 0x0000000085700000| PB 0x0000000085700000| Untracked 
|  88|0x0000000085800000, 0x0000000085800000, 0x0000000085900000|  0%| F|  |TAMS 0x0000000085800000| PB 0x0000000085800000| Untracked 
|  89|0x0000000085900000, 0x0000000085900000, 0x0000000085a00000|  0%| F|  |TAMS 0x0000000085900000| PB 0x0000000085900000| Untracked 
|  90|0x0000000085a00000, 0x0000000085a00000, 0x0000000085b00000|  0%| F|  |TAMS 0x0000000085a00000| PB 0x0000000085a00000| Untracked 
|  91|0x0000000085b00000, 0x0000000085b00000, 0x0000000085c00000|  0%| F|  |TAMS 0x0000000085b00000| PB 0x0000000085b00000| Untracked 
|  92|0x0000000085c00000, 0x0000000085c00000, 0x0000000085d00000|  0%| F|  |TAMS 0x0000000085c00000| PB 0x0000000085c00000| Untracked 
|  93|0x0000000085d00000, 0x0000000085d00000, 0x0000000085e00000|  0%| F|  |TAMS 0x0000000085d00000| PB 0x0000000085d00000| Untracked 
|  94|0x0000000085e00000, 0x0000000085e00000, 0x0000000085f00000|  0%| F|  |TAMS 0x0000000085e00000| PB 0x0000000085e00000| Untracked 
|  95|0x0000000085f00000, 0x0000000085f00000, 0x0000000086000000|  0%| F|  |TAMS 0x0000000085f00000| PB 0x0000000085f00000| Untracked 
|  96|0x0000000086000000, 0x0000000086000000, 0x0000000086100000|  0%| F|  |TAMS 0x0000000086000000| PB 0x0000000086000000| Untracked 
|  97|0x0000000086100000, 0x0000000086100000, 0x0000000086200000|  0%| F|  |TAMS 0x0000000086100000| PB 0x0000000086100000| Untracked 
|  98|0x0000000086200000, 0x0000000086200000, 0x0000000086300000|  0%| F|  |TAMS 0x0000000086200000| PB 0x0000000086200000| Untracked 
|  99|0x0000000086300000, 0x0000000086300000, 0x0000000086400000|  0%| F|  |TAMS 0x0000000086300000| PB 0x0000000086300000| Untracked 
| 100|0x0000000086400000, 0x0000000086400000, 0x0000000086500000|  0%| F|  |TAMS 0x0000000086400000| PB 0x0000000086400000| Untracked 
| 101|0x0000000086500000, 0x0000000086500000, 0x0000000086600000|  0%| F|  |TAMS 0x0000000086500000| PB 0x0000000086500000| Untracked 
| 150|0x0000000089600000, 0x0000000089600000, 0x0000000089700000|  0%| F|  |TAMS 0x0000000089600000| PB 0x0000000089600000| Untracked 
| 151|0x0000000089700000, 0x0000000089700000, 0x0000000089800000|  0%| F|  |TAMS 0x0000000089700000| PB 0x0000000089700000| Untracked 
| 152|0x0000000089800000, 0x0000000089800000, 0x0000000089900000|  0%| F|  |TAMS 0x0000000089800000| PB 0x0000000089800000| Untracked 
| 153|0x0000000089900000, 0x0000000089900000, 0x0000000089a00000|  0%| F|  |TAMS 0x0000000089900000| PB 0x0000000089900000| Untracked 
| 154|0x0000000089a00000, 0x0000000089a00000, 0x0000000089b00000|  0%| F|  |TAMS 0x0000000089a00000| PB 0x0000000089a00000| Untracked 
| 155|0x0000000089b00000, 0x0000000089b00000, 0x0000000089c00000|  0%| F|  |TAMS 0x0000000089b00000| PB 0x0000000089b00000| Untracked 
| 156|0x0000000089c00000, 0x0000000089c00000, 0x0000000089d00000|  0%| F|  |TAMS 0x0000000089c00000| PB 0x0000000089c00000| Untracked 
| 157|0x0000000089d00000, 0x0000000089d00000, 0x0000000089e00000|  0%| F|  |TAMS 0x0000000089d00000| PB 0x0000000089d00000| Untracked 
| 158|0x0000000089e00000, 0x0000000089e00000, 0x0000000089f00000|  0%| F|  |TAMS 0x0000000089e00000| PB 0x0000000089e00000| Untracked 
| 159|0x0000000089f00000, 0x0000000089f00000, 0x000000008a000000|  0%| F|  |TAMS 0x0000000089f00000| PB 0x0000000089f00000| Untracked 
| 160|0x000000008a000000, 0x000000008a000000, 0x000000008a100000|  0%| F|  |TAMS 0x000000008a000000| PB 0x000000008a000000| Untracked 
| 161|0x000000008a100000, 0x000000008a100000, 0x000000008a200000|  0%| F|  |TAMS 0x000000008a100000| PB 0x000000008a100000| Untracked 
| 252|0x000000008fc00000, 0x000000008fc00000, 0x000000008fd00000|  0%| F|  |TAMS 0x000000008fc00000| PB 0x000000008fc00000| Untracked 
| 253|0x000000008fd00000, 0x000000008fd00000, 0x000000008fe00000|  0%| F|  |TAMS 0x000000008fd00000| PB 0x000000008fd00000| Untracked 
|2045|0x00000000ffd00000, 0x00000000ffe00000, 0x00000000ffe00000|100%| O|  |TAMS 0x00000000ffd00000| PB 0x00000000ffd00000| Untracked 
|2046|0x00000000ffe00000, 0x00000000fff00000, 0x00000000fff00000|100%| O|  |TAMS 0x00000000ffe00000| PB 0x00000000ffe00000| Untracked 
|2047|0x00000000fff00000, 0x0000000100000000, 0x0000000100000000|100%| O|  |TAMS 0x00000000fff00000| PB 0x00000000fff00000| Untracked 

Card table byte_map: [0x000001e512940000,0x000001e512d40000] _byte_map_base: 0x000001e512540000

Marking Bits: (CMBitMap*) 0x000001e5020b7280
 Bits: [0x000001e513140000, 0x000001e515140000)

Polling page: 0x000001e5003b0000

Metaspace:

Usage:
  Non-class:     64.37 MB used.
      Class:     10.73 MB used.
       Both:     75.10 MB used.

Virtual space:
  Non-class space:      128.00 MB reserved,      65.44 MB ( 51%) committed,  2 nodes.
      Class space:      820.00 MB reserved,      11.81 MB (  1%) committed,  1 nodes.
             Both:      948.00 MB reserved,      77.25 MB (  8%) committed. 

Chunk freelists:
   Non-Class:  2.20 MB
       Class:  144.00 KB
        Both:  2.34 MB

MaxMetaspaceSize: 1.00 GB
CompressedClassSpaceSize: 820.00 MB
Initial GC threshold: 21.00 MB
Current GC threshold: 120.56 MB
CDS: on
MetaspaceReclaimPolicy: balanced
 - commit_granule_bytes: 65536.
 - commit_granule_words: 8192.
 - virtual_space_node_default_size: 8388608.
 - enlarge_chunks_in_place: 1.
 - new_chunks_are_fully_committed: 0.
 - uncommit_free_chunks: 1.
 - use_allocation_guard: 0.


Internal statistics:

num_allocs_failed_limit: 6.
num_arena_births: 3982.
num_arena_deaths: 0.
num_vsnodes_births: 3.
num_vsnodes_deaths: 0.
num_space_committed: 1236.
num_space_uncommitted: 0.
num_chunks_returned_to_freelist: 6.
num_chunks_taken_from_freelist: 7664.
num_chunk_merges: 6.
num_chunk_splits: 4924.
num_chunks_enlarged: 2994.
num_inconsistent_stats: 0.

CodeCache: size=131072Kb used=23699Kb max_used=23701Kb free=107372Kb
 bounds [0x000001e50a100000, 0x000001e50b830000, 0x000001e512100000]
 total_blobs=9222 nmethods=8294 adapters=838
 compilation: enabled
              stopped_count=0, restarted_count=0
 full_count=0

Compilation events (20 events):
Event: 12.924 Thread 0x000001e51776f4e0 9579       3       kotlin.reflect.jvm.internal.impl.metadata.ProtoBuf$Annotation$Argument$Value$Type::valueOf (122 bytes)
Event: 12.925 Thread 0x000001e51776f4e0 nmethod 9579 0x000001e50b820190 code [0x000001e50b8203a0, 0x000001e50b8208d0]
Event: 12.925 Thread 0x000001e51776f4e0 9590       1       kotlin.reflect.jvm.internal.impl.metadata.ProtoBuf$Function::getContextReceiverTypeIdList (5 bytes)
Event: 12.925 Thread 0x000001e51776f4e0 nmethod 9590 0x000001e50b820990 code [0x000001e50b820b00, 0x000001e50b820bc8]
Event: 12.925 Thread 0x000001e51776f4e0 9589       1       kotlin.reflect.jvm.internal.impl.metadata.ProtoBuf$Class::getFqName (5 bytes)
Event: 12.925 Thread 0x000001e51776f4e0 nmethod 9589 0x000001e50b820c90 code [0x000001e50b820e00, 0x000001e50b820ec8]
Event: 12.925 Thread 0x000001e51776f4e0 9583       1       kotlin.reflect.jvm.internal.impl.metadata.ProtoBuf$Class::getTypeTable (5 bytes)
Event: 12.925 Thread 0x000001e51776f4e0 nmethod 9583 0x000001e50b820f90 code [0x000001e50b821100, 0x000001e50b8211d0]
Event: 12.925 Thread 0x000001e51ea66aa0 nmethod 9567 0x000001e50b824e10 code [0x000001e50b824fa0, 0x000001e50b825308]
Event: 12.932 Thread 0x000001e51776f4e0 9591       3       java.lang.invoke.MethodType::appendParameterTypes (10 bytes)
Event: 12.932 Thread 0x000001e51776f4e0 nmethod 9591 0x000001e50b824a10 code [0x000001e50b824ba0, 0x000001e50b824d40]
Event: 12.936 Thread 0x000001e51776f4e0 9592       1       kotlin.Pair::component1 (5 bytes)
Event: 12.936 Thread 0x000001e51776f4e0 nmethod 9592 0x000001e50b824710 code [0x000001e50b824880, 0x000001e50b824948]
Event: 12.936 Thread 0x000001e51776f4e0 9593       1       kotlin.Pair::component2 (5 bytes)
Event: 12.936 Thread 0x000001e51776f4e0 nmethod 9593 0x000001e50b824410 code [0x000001e50b824580, 0x000001e50b824648]
Event: 12.936 Thread 0x000001e51776f4e0 9594       3       kotlin.reflect.jvm.internal.impl.name.FqNameUnsafe::compute (76 bytes)
Event: 12.937 Thread 0x000001e51776f4e0 nmethod 9594 0x000001e50b822510 code [0x000001e50b822860, 0x000001e50b823ce0]
Event: 12.947 Thread 0x000001e51776f4e0 9595   !   3       kotlin.jvm.internal.ArrayIterator::next (48 bytes)
Event: 12.947 Thread 0x000001e51776f4e0 nmethod 9595 0x000001e50b821990 code [0x000001e50b821b40, 0x000001e50b821e50]
Event: 12.948 Thread 0x000001e51776f4e0 9596       3       kotlin.reflect.jvm.internal.impl.descriptors.runtime.structure.ReflectClassUtilKt::getClassId (218 bytes)

GC Heap History (20 events):
Event: 6.981 GC heap after
{Heap after GC invocations=14 (full 0):
 garbage-first heap   total 89088K, used 43028K [0x0000000080000000, 0x0000000100000000)
  region size 1024K, 6 young (6144K), 6 survivors (6144K)
 Metaspace       used 49321K, committed 51136K, reserved 905216K
  class space    used 6905K, committed 7808K, reserved 839680K
}
Event: 7.427 GC heap before
{Heap before GC invocations=14 (full 0):
 garbage-first heap   total 89088K, used 76820K [0x0000000080000000, 0x0000000100000000)
  region size 1024K, 39 young (39936K), 6 survivors (6144K)
 Metaspace       used 52605K, committed 54464K, reserved 905216K
  class space    used 7437K, committed 8320K, reserved 839680K
}
Event: 7.431 GC heap after
{Heap after GC invocations=15 (full 0):
 garbage-first heap   total 89088K, used 44242K [0x0000000080000000, 0x0000000100000000)
  region size 1024K, 4 young (4096K), 4 survivors (4096K)
 Metaspace       used 52605K, committed 54464K, reserved 905216K
  class space    used 7437K, committed 8320K, reserved 839680K
}
Event: 7.801 GC heap before
{Heap before GC invocations=15 (full 0):
 garbage-first heap   total 89088K, used 79058K [0x0000000080000000, 0x0000000100000000)
  region size 1024K, 38 young (38912K), 4 survivors (4096K)
 Metaspace       used 54273K, committed 56192K, reserved 905216K
  class space    used 7701K, committed 8640K, reserved 839680K
}
Event: 7.807 GC heap after
{Heap after GC invocations=16 (full 0):
 garbage-first heap   total 89088K, used 46991K [0x0000000080000000, 0x0000000100000000)
  region size 1024K, 4 young (4096K), 4 survivors (4096K)
 Metaspace       used 54273K, committed 56192K, reserved 905216K
  class space    used 7701K, committed 8640K, reserved 839680K
}
Event: 8.251 GC heap before
{Heap before GC invocations=17 (full 0):
 garbage-first heap   total 89088K, used 79759K [0x0000000080000000, 0x0000000100000000)
  region size 1024K, 36 young (36864K), 4 survivors (4096K)
 Metaspace       used 56971K, committed 59008K, reserved 905216K
  class space    used 8179K, committed 9216K, reserved 839680K
}
Event: 8.255 GC heap after
{Heap after GC invocations=18 (full 0):
 garbage-first heap   total 89088K, used 48315K [0x0000000080000000, 0x0000000100000000)
  region size 1024K, 4 young (4096K), 4 survivors (4096K)
 Metaspace       used 56971K, committed 59008K, reserved 905216K
  class space    used 8179K, committed 9216K, reserved 839680K
}
Event: 8.701 GC heap before
{Heap before GC invocations=18 (full 0):
 garbage-first heap   total 89088K, used 86203K [0x0000000080000000, 0x0000000100000000)
  region size 1024K, 34 young (34816K), 4 survivors (4096K)
 Metaspace       used 59817K, committed 61824K, reserved 905216K
  class space    used 8565K, committed 9600K, reserved 839680K
}
Event: 8.706 GC heap after
{Heap after GC invocations=19 (full 0):
 garbage-first heap   total 113664K, used 57363K [0x0000000080000000, 0x0000000100000000)
  region size 1024K, 4 young (4096K), 4 survivors (4096K)
 Metaspace       used 59817K, committed 61824K, reserved 905216K
  class space    used 8565K, committed 9600K, reserved 839680K
}
Event: 9.192 GC heap before
{Heap before GC invocations=19 (full 0):
 garbage-first heap   total 113664K, used 101395K [0x0000000080000000, 0x0000000100000000)
  region size 1024K, 47 young (48128K), 4 survivors (4096K)
 Metaspace       used 64515K, committed 66560K, reserved 905216K
  class space    used 9168K, committed 10176K, reserved 839680K
}
Event: 9.196 GC heap after
{Heap after GC invocations=20 (full 0):
 garbage-first heap   total 113664K, used 59017K [0x0000000080000000, 0x0000000100000000)
  region size 1024K, 4 young (4096K), 4 survivors (4096K)
 Metaspace       used 64515K, committed 66560K, reserved 905216K
  class space    used 9168K, committed 10176K, reserved 839680K
}
Event: 9.694 GC heap before
{Heap before GC invocations=21 (full 0):
 garbage-first heap   total 113664K, used 105097K [0x0000000080000000, 0x0000000100000000)
  region size 1024K, 46 young (47104K), 4 survivors (4096K)
 Metaspace       used 67287K, committed 69376K, reserved 905216K
  class space    used 9535K, committed 10560K, reserved 839680K
}
Event: 9.698 GC heap after
{Heap after GC invocations=22 (full 0):
 garbage-first heap   total 113664K, used 64107K [0x0000000080000000, 0x0000000100000000)
  region size 1024K, 4 young (4096K), 4 survivors (4096K)
 Metaspace       used 67287K, committed 69376K, reserved 905216K
  class space    used 9535K, committed 10560K, reserved 839680K
}
Event: 10.201 GC heap before
{Heap before GC invocations=22 (full 0):
 garbage-first heap   total 113664K, used 100971K [0x0000000080000000, 0x0000000100000000)
  region size 1024K, 40 young (40960K), 4 survivors (4096K)
 Metaspace       used 69661K, committed 71744K, reserved 905216K
  class space    used 9873K, committed 10880K, reserved 839680K
}
Event: 10.213 GC heap after
{Heap after GC invocations=23 (full 0):
 garbage-first heap   total 113664K, used 64807K [0x0000000080000000, 0x0000000100000000)
  region size 1024K, 4 young (4096K), 4 survivors (4096K)
 Metaspace       used 69661K, committed 71744K, reserved 905216K
  class space    used 9873K, committed 10880K, reserved 839680K
}
Event: 10.968 GC heap before
{Heap before GC invocations=23 (full 0):
 garbage-first heap   total 113664K, used 100647K [0x0000000080000000, 0x0000000100000000)
  region size 1024K, 40 young (40960K), 4 survivors (4096K)
 Metaspace       used 71706K, committed 73920K, reserved 905216K
  class space    used 10148K, committed 11264K, reserved 839680K
}
Event: 10.972 GC heap after
{Heap after GC invocations=24 (full 0):
 garbage-first heap   total 113664K, used 67967K [0x0000000080000000, 0x0000000100000000)
  region size 1024K, 5 young (5120K), 5 survivors (5120K)
 Metaspace       used 71706K, committed 73920K, reserved 905216K
  class space    used 10148K, committed 11264K, reserved 839680K
}
Event: 11.486 GC heap before
{Heap before GC invocations=25 (full 0):
 garbage-first heap   total 121856K, used 99711K [0x0000000080000000, 0x0000000100000000)
  region size 1024K, 36 young (36864K), 5 survivors (5120K)
 Metaspace       used 74099K, committed 76352K, reserved 905216K
  class space    used 10532K, committed 11648K, reserved 839680K
}
Event: 11.491 GC heap after
{Heap after GC invocations=26 (full 0):
 garbage-first heap   total 121856K, used 70000K [0x0000000080000000, 0x0000000100000000)
  region size 1024K, 3 young (3072K), 3 survivors (3072K)
 Metaspace       used 74099K, committed 76352K, reserved 905216K
  class space    used 10532K, committed 11648K, reserved 839680K
}
Event: 12.950 GC heap before
{Heap before GC invocations=26 (full 0):
 garbage-first heap   total 121856K, used 108912K [0x0000000080000000, 0x0000000100000000)
  region size 1024K, 42 young (43008K), 3 survivors (3072K)
 Metaspace       used 76899K, committed 79104K, reserved 970752K
  class space    used 10982K, committed 12096K, reserved 839680K
}

Dll operation events (15 events):
Event: 0.008 Loaded shared library C:\Program Files\Java\jdk-20\bin\java.dll
Event: 0.016 Loaded shared library C:\Program Files\Java\jdk-20\bin\jsvml.dll
Event: 0.073 Loaded shared library C:\Program Files\Java\jdk-20\bin\zip.dll
Event: 0.076 Loaded shared library C:\Program Files\Java\jdk-20\bin\instrument.dll
Event: 0.084 Loaded shared library C:\Program Files\Java\jdk-20\bin\net.dll
Event: 0.086 Loaded shared library C:\Program Files\Java\jdk-20\bin\nio.dll
Event: 0.090 Loaded shared library C:\Program Files\Java\jdk-20\bin\zip.dll
Event: 0.331 Loaded shared library C:\Program Files\Java\jdk-20\bin\jimage.dll
Event: 0.490 Loaded shared library C:\Program Files\Java\jdk-20\bin\verify.dll
Event: 0.569 Loaded shared library C:\Users\USER\.gradle\native\1def1411415f61bf3af743bc5b6707747c0891f09f0c88961ee8f79bc544acac\windows-amd64\native-platform.dll
Event: 0.583 Loaded shared library C:\Users\USER\.gradle\native\0.2.7\x86_64-windows-gnu\gradle-fileevents.dll
Event: 1.560 Loaded shared library C:\Program Files\Java\jdk-20\bin\management.dll
Event: 1.563 Loaded shared library C:\Program Files\Java\jdk-20\bin\management_ext.dll
Event: 1.845 Loaded shared library C:\Program Files\Java\jdk-20\bin\extnet.dll
Event: 2.057 Loaded shared library C:\Program Files\Java\jdk-20\bin\sunmscapi.dll

Deoptimization events (20 events):
Event: 12.217 Thread 0x000001e51fc6f380 Uncommon trap: trap_request=0xffffff45 fr.pc=0x000001e50b68af8c relative=0x000000000000008c
Event: 12.217 Thread 0x000001e51fc6f380 Uncommon trap: reason=unstable_if action=reinterpret pc=0x000001e50b68af8c method=jdk.internal.misc.Unsafe.getAndBitwiseAndInt(Ljava/lang/Object;JI)I @ 21 c2
Event: 12.217 Thread 0x000001e51fc6f380 DEOPT PACKING pc=0x000001e50b68af8c sp=0x000000747f6fd4e0
Event: 12.217 Thread 0x000001e51fc6f380 DEOPT UNPACKING pc=0x000001e50a169d22 sp=0x000000747f6fd3e8 mode 2
Event: 12.294 Thread 0x000001e51d9b6240 Uncommon trap: trap_request=0xffffffc6 fr.pc=0x000001e50b1faba0 relative=0x0000000000000120
Event: 12.294 Thread 0x000001e51d9b6240 Uncommon trap: reason=bimorphic_or_optimized_type_check action=maybe_recompile pc=0x000001e50b1faba0 method=com.google.common.collect.RegularImmutableMap.checkNoConflictInKeyBucket(Ljava/lang/Object;Ljava/lang/Object;Lcom/google/common/collect/ImmutableMa
Event: 12.294 Thread 0x000001e51d9b6240 DEOPT PACKING pc=0x000001e50b1faba0 sp=0x000000747d7fcda0
Event: 12.294 Thread 0x000001e51d9b6240 DEOPT UNPACKING pc=0x000001e50a169d22 sp=0x000000747d7fcd48 mode 2
Event: 12.898 Thread 0x000001e51d9b6240 Uncommon trap: trap_request=0xffffffd6 fr.pc=0x000001e50b7d51b0 relative=0x0000000000000530
Event: 12.898 Thread 0x000001e51d9b6240 Uncommon trap: reason=array_check action=maybe_recompile pc=0x000001e50b7d51b0 method=java.util.LinkedHashMap.keysToArray([Ljava/lang/Object;)[Ljava/lang/Object; @ 25 c2
Event: 12.898 Thread 0x000001e51d9b6240 DEOPT PACKING pc=0x000001e50b7d51b0 sp=0x000000747d7f9320
Event: 12.898 Thread 0x000001e51d9b6240 DEOPT UNPACKING pc=0x000001e50a169d22 sp=0x000000747d7f92c8 mode 2
Event: 12.921 Thread 0x000001e51d9b6240 Uncommon trap: trap_request=0xffffff45 fr.pc=0x000001e50af4a834 relative=0x0000000000000334
Event: 12.921 Thread 0x000001e51d9b6240 Uncommon trap: reason=unstable_if action=reinterpret pc=0x000001e50af4a834 method=java.lang.String.indexOf([BBILjava/lang/String;I)I @ 54 c2
Event: 12.921 Thread 0x000001e51d9b6240 DEOPT PACKING pc=0x000001e50af4a834 sp=0x000000747d7f7a40
Event: 12.921 Thread 0x000001e51d9b6240 DEOPT UNPACKING pc=0x000001e50a169d22 sp=0x000000747d7f7938 mode 2
Event: 12.932 Thread 0x000001e51d9b6240 Uncommon trap: trap_request=0xffffff45 fr.pc=0x000001e50b223774 relative=0x0000000000000074
Event: 12.932 Thread 0x000001e51d9b6240 Uncommon trap: reason=unstable_if action=reinterpret pc=0x000001e50b223774 method=java.lang.invoke.MemberName.isResolved()Z @ 4 c2
Event: 12.932 Thread 0x000001e51d9b6240 DEOPT PACKING pc=0x000001e50b223774 sp=0x000000747d7f82c0
Event: 12.932 Thread 0x000001e51d9b6240 DEOPT UNPACKING pc=0x000001e50a169d22 sp=0x000000747d7f81c0 mode 2

Classes loaded (20 events):
Event: 11.181 Loading class java/util/Comparators$NaturalOrderComparator
Event: 11.182 Loading class java/util/Comparators$NaturalOrderComparator done
Event: 11.376 Loading class java/util/ArrayList$SubList$2
Event: 11.376 Loading class java/util/ArrayList$SubList$2 done
Event: 11.551 Loading class java/util/TreeMap$KeySpliterator
Event: 11.551 Loading class java/util/TreeMap$TreeMapSpliterator
Event: 11.551 Loading class java/util/TreeMap$TreeMapSpliterator done
Event: 11.551 Loading class java/util/TreeMap$KeySpliterator done
Event: 11.808 Loading class java/util/stream/ReferencePipeline$4
Event: 11.808 Loading class java/util/stream/ReferencePipeline$4 done
Event: 11.809 Loading class java/util/stream/ReduceOps$6
Event: 11.809 Loading class java/util/stream/ReduceOps$6 done
Event: 11.809 Loading class java/util/stream/ReduceOps$5ReducingSink
Event: 11.809 Loading class java/util/stream/ReduceOps$5ReducingSink done
Event: 11.809 Loading class java/util/stream/ReferencePipeline$4$1
Event: 11.809 Loading class java/util/stream/ReferencePipeline$4$1 done
Event: 12.030 Loading class java/util/concurrent/LinkedBlockingDeque$Itr
Event: 12.031 Loading class java/util/concurrent/LinkedBlockingDeque$AbstractItr
Event: 12.031 Loading class java/util/concurrent/LinkedBlockingDeque$AbstractItr done
Event: 12.031 Loading class java/util/concurrent/LinkedBlockingDeque$Itr done

Classes unloaded (0 events):
No events

Classes redefined (0 events):
No events

Internal exceptions (20 events):
Event: 11.307 Thread 0x000001e51e178950 Exception <a 'java/lang/NoSuchMethodError'{0x00000000860c40e8}: 'void java.lang.invoke.DirectMethodHandle$Holder.invokeStaticInit(java.lang.Object)'> (0x00000000860c40e8) 
thrown [s\open\src\hotspot\share\interpreter\linkResolver.cpp, line 773]
Event: 11.353 Thread 0x000001e51e178950 Implicit null exception at 0x000001e50a47c2e0 to 0x000001e50a47c304
Event: 11.363 Thread 0x000001e51e178950 Exception <a 'java/lang/NoSuchMethodError'{0x0000000085c94720}: 'java.lang.Object java.lang.invoke.DirectMethodHandle$Holder.newInvokeSpecial(java.lang.Object, java.lang.Object, java.lang.Object, java.lang.Object, java.lang.Object, java.lang.Object, int)'> (0x0000000085c94720) 
thrown [s\open\src\hotspot\share\interpreter\linkResolver.cpp, line 773]
Event: 11.363 Thread 0x000001e51e178950 Exception <a 'java/lang/NoSuchMethodError'{0x0000000085c9a100}: 'java.lang.Object java.lang.invoke.DirectMethodHandle$Holder.invokeSpecial(java.lang.Object, java.lang.Object, java.lang.Object, java.lang.Object, java.lang.Object, java.lang.Object, java.lang.Object, int)'> (0x0000000085c9a100) 
thrown [s\open\src\hotspot\share\interpreter\linkResolver.cpp, line 773]
Event: 11.363 Thread 0x000001e51e178950 Exception <a 'java/lang/NoSuchMethodError'{0x0000000085c9f4b8}: 'java.lang.Object java.lang.invoke.Invokers$Holder.linkToTargetMethod(java.lang.Object, java.lang.Object, java.lang.Object, java.lang.Object, java.lang.Object, int, java.lang.Object)'> (0x0000000085c9f4b8) 
thrown [s\open\src\hotspot\share\interpreter\linkResolver.cpp, line 773]
Event: 11.478 Thread 0x000001e520c535b0 Exception <a 'java/lang/NoSuchMethodError'{0x00000000856be4e0}: 'java.lang.Object java.lang.invoke.DirectMethodHandle$Holder.newInvokeSpecial(java.lang.Object, java.lang.Object, int, java.lang.Object, java.lang.Object)'> (0x00000000856be4e0) 
thrown [s\open\src\hotspot\share\interpreter\linkResolver.cpp, line 773]
Event: 11.543 Thread 0x000001e520c535b0 Exception <a 'java/lang/NoSuchMethodError'{0x000000008a19a768}: 'java.lang.Object java.lang.invoke.DirectMethodHandle$Holder.invokeVirtual(java.lang.Object, java.lang.Object, java.lang.Object, java.lang.Object, java.lang.Object, java.lang.Object, java.lang.Object, java.lang.Object, java.lang.Object, java.lang.Object, java.lang.Object, java.lang.Object, java.lang.Object, java.lang.Object, java.lang.Object, java.lang.Object, java.lang.Object, java.lang.Object, java.lang.Object)'> (0x000000008a19a768) 
thrown
Event: 11.556 Thread 0x000001e51e177eb0 Exception <a 'java/lang/NoSuchMethodError'{0x000000008a079f38}: static Lorg/gradle/internal/build/event/types/DefaultTaskStartedProgressEvent;.<clinit>()V> (0x000000008a079f38) 
thrown [s\open\src\hotspot\share\prims\jni.cpp, line 1105]
Event: 11.556 Thread 0x000001e51e177eb0 Exception <a 'java/lang/NoSuchMethodError'{0x000000008a090910}: static Lorg/gradle/internal/build/event/types/DefaultTaskDescriptor;.<clinit>()V> (0x000000008a090910) 
thrown [s\open\src\hotspot\share\prims\jni.cpp, line 1105]
Event: 11.563 Thread 0x000001e51e177eb0 Exception <a 'java/lang/NoSuchMethodError'{0x000000008a0d3e80}: static Lorg/gradle/internal/build/event/types/DefaultTaskFinishedProgressEvent;.<clinit>()V> (0x000000008a0d3e80) 
thrown [s\open\src\hotspot\share\prims\jni.cpp, line 1105]
Event: 11.564 Thread 0x000001e51e177eb0 Exception <a 'java/lang/NoSuchMethodError'{0x000000008a0fa458}: static Lorg/gradle/internal/build/event/types/DefaultTaskSkippedResult;.<clinit>()V> (0x000000008a0fa458) 
thrown [s\open\src\hotspot\share\prims\jni.cpp, line 1105]
Event: 11.564 Thread 0x000001e51e177eb0 Exception <a 'java/lang/NoSuchMethodError'{0x000000008a0fb558}: static Lorg/gradle/internal/build/event/types/AbstractTaskResult;.<clinit>()V> (0x000000008a0fb558) 
thrown [s\open\src\hotspot\share\prims\jni.cpp, line 1105]
Event: 11.566 Thread 0x000001e520c535b0 Exception <a 'java/lang/NoSuchMethodError'{0x0000000089f11bc8}: 'void java.lang.invoke.DirectMethodHandle$Holder.invokeSpecial(java.lang.Object, java.lang.Object, java.lang.Object, java.lang.Object, int, java.lang.Object, java.lang.Object)'> (0x0000000089f11bc8) 
thrown [s\open\src\hotspot\share\interpreter\linkResolver.cpp, line 773]
Event: 11.585 Thread 0x000001e5219a5110 Exception <a 'java/lang/NoSuchMethodError'{0x0000000089e8b0e8}: static Ljava/lang/Object;.<clinit>()V> (0x0000000089e8b0e8) 
thrown [s\open\src\hotspot\share\prims\jni.cpp, line 1105]
Event: 11.586 Thread 0x000001e5219a5110 Exception <a 'java/lang/NoSuchMethodError'{0x0000000089e97440}: static Lorg/jetbrains/kotlin/gradle/plugin/statistics/MetricContainer;.<clinit>()V> (0x0000000089e97440) 
thrown [s\open\src\hotspot\share\prims\jni.cpp, line 1105]
Event: 11.826 Thread 0x000001e51d9b6240 Exception <a 'java/lang/NoSuchMethodError'{0x0000000089c97520}: 'int java.lang.invoke.DirectMethodHandle$Holder.invokeSpecial(java.lang.Object, java.lang.Object, java.lang.Object, java.lang.Object, java.lang.Object)'> (0x0000000089c97520) 
thrown [s\open\src\hotspot\share\interpreter\linkResolver.cpp, line 773]
Event: 12.081 Thread 0x000001e51d9b6240 Exception <a 'java/lang/IncompatibleClassChangeError'{0x0000000089aeacf0}: Found class java.lang.Object, but interface was expected> (0x0000000089aeacf0) 
thrown [s\open\src\hotspot\share\interpreter\linkResolver.cpp, line 840]
Event: 12.225 Thread 0x000001e51d9b6240 Exception <a 'java/lang/NoSuchMethodError'{0x0000000086243010}: static Ljava/lang/Object;.<clinit>()V> (0x0000000086243010) 
thrown [s\open\src\hotspot\share\prims\jni.cpp, line 1105]
Event: 12.303 Thread 0x000001e51d9b6240 Exception <a 'java/lang/NoSuchMethodError'{0x0000000085965478}: 'int java.lang.invoke.DirectMethodHandle$Holder.invokeStaticInit(java.lang.Object, java.lang.Object, java.lang.Object, java.lang.Object, java.lang.Object)'> (0x0000000085965478) 
thrown [s\open\src\hotspot\share\interpreter\linkResolver.cpp, line 773]
Event: 12.932 Thread 0x000001e51d9b6240 Exception <a 'java/lang/NoSuchMethodError'{0x0000000084b83cb8}: method resolution failed> (0x0000000084b83cb8) 
thrown [s\open\src\hotspot\share\prims\methodHandles.cpp, line 1260]

VM Operations (20 events):
Event: 11.491 Executing VM operation: G1CollectForAllocation done
Event: 11.555 Executing VM operation: HandshakeAllThreads
Event: 11.555 Executing VM operation: HandshakeAllThreads done
Event: 11.562 Executing VM operation: HandshakeAllThreads
Event: 11.562 Executing VM operation: HandshakeAllThreads done
Event: 11.574 Executing VM operation: HandshakeAllThreads
Event: 11.574 Executing VM operation: HandshakeAllThreads done
Event: 11.813 Executing VM operation: HandshakeAllThreads
Event: 11.814 Executing VM operation: HandshakeAllThreads done
Event: 11.815 Executing VM operation: HandshakeAllThreads
Event: 11.815 Executing VM operation: HandshakeAllThreads done
Event: 11.827 Executing VM operation: HandshakeAllThreads
Event: 11.827 Executing VM operation: HandshakeAllThreads done
Event: 12.039 Executing VM operation: HandshakeAllThreads
Event: 12.039 Executing VM operation: HandshakeAllThreads done
Event: 12.108 Executing VM operation: ICBufferFull
Event: 12.108 Executing VM operation: ICBufferFull done
Event: 12.278 Executing VM operation: ICBufferFull
Event: 12.278 Executing VM operation: ICBufferFull done
Event: 12.950 Executing VM operation: G1CollectForAllocation

Events (20 events):
Event: 12.209 Thread 0x000001e51fc708c0 Thread added: 0x000001e51fc708c0
Event: 12.209 Thread 0x000001e51fc70e10 Thread added: 0x000001e51fc70e10
Event: 12.210 Thread 0x000001e51fc6f380 Thread added: 0x000001e51fc6f380
Event: 12.235 Thread 0x000001e51fc73de0 Thread added: 0x000001e51fc73de0
Event: 12.236 Thread 0x000001e51fc74880 Thread added: 0x000001e51fc74880
Event: 12.236 Thread 0x000001e51fc73340 Thread added: 0x000001e51fc73340
Event: 12.237 Thread 0x000001e51fc73890 Thread added: 0x000001e51fc73890
Event: 12.237 Thread 0x000001e51fc74330 Thread added: 0x000001e51fc74330
Event: 12.237 Thread 0x000001e51fc74dd0 Thread added: 0x000001e51fc74dd0
Event: 12.238 Thread 0x000001e51fc71360 Thread added: 0x000001e51fc71360
Event: 12.238 Thread 0x000001e51fc75870 Thread added: 0x000001e51fc75870
Event: 12.239 Thread 0x000001e51fc75320 Thread added: 0x000001e51fc75320
Event: 12.239 Thread 0x000001e51fc75dc0 Thread added: 0x000001e51fc75dc0
Event: 12.239 Thread 0x000001e51fc76310 Thread added: 0x000001e51fc76310
Event: 12.241 Thread 0x000001e51ea67030 Thread added: 0x000001e51ea67030
Event: 12.277 Thread 0x000001e51fc76860 Thread added: 0x000001e51fc76860
Event: 12.277 Thread 0x000001e51c49bbc0 Thread added: 0x000001e51c49bbc0
Event: 12.604 Thread 0x000001e51ea67030 Thread exited: 0x000001e51ea67030
Event: 12.745 Thread 0x000001e51ea66aa0 Thread exited: 0x000001e51ea66aa0
Event: 12.917 Thread 0x000001e51ea66aa0 Thread added: 0x000001e51ea66aa0


Dynamic libraries:
0x00007ff672f50000 - 0x00007ff672f60000 	C:\Program Files\Java\jdk-20\bin\java.exe
0x00007ff8470a0000 - 0x00007ff847308000 	C:\WINDOWS\SYSTEM32\ntdll.dll
0x00007ff845800000 - 0x00007ff8458c9000 	C:\WINDOWS\System32\KERNEL32.DLL
0x00007ff843c20000 - 0x00007ff844011000 	C:\WINDOWS\System32\KERNELBASE.dll
0x00007ff844020000 - 0x00007ff84416b000 	C:\WINDOWS\System32\ucrtbase.dll
0x00007ff8341a0000 - 0x00007ff8341b9000 	C:\Program Files\Java\jdk-20\bin\jli.dll
0x00007ff82dc30000 - 0x00007ff82dc4b000 	C:\Program Files\Java\jdk-20\bin\VCRUNTIME140.dll
0x00007ff846bc0000 - 0x00007ff846c74000 	C:\WINDOWS\System32\ADVAPI32.dll
0x00007ff846a50000 - 0x00007ff846af9000 	C:\WINDOWS\System32\msvcrt.dll
0x00007ff846320000 - 0x00007ff8463c6000 	C:\WINDOWS\System32\sechost.dll
0x00007ff846200000 - 0x00007ff846318000 	C:\WINDOWS\System32\RPCRT4.dll
0x00007ff845de0000 - 0x00007ff845fa6000 	C:\WINDOWS\System32\USER32.dll
0x00007ff844200000 - 0x00007ff844227000 	C:\WINDOWS\System32\win32u.dll
0x00007ff830630000 - 0x00007ff8308c3000 	C:\WINDOWS\WinSxS\amd64_microsoft.windows.common-controls_6595b64144ccf1df_6.0.26100.7705_none_3e06597ae3363b04\COMCTL32.dll
0x00007ff845760000 - 0x00007ff84578b000 	C:\WINDOWS\System32\GDI32.dll
0x00007ff843a30000 - 0x00007ff843b5b000 	C:\WINDOWS\System32\gdi32full.dll
0x00007ff844aa0000 - 0x00007ff844b43000 	C:\WINDOWS\System32\msvcp_win.dll
0x00007ff838a00000 - 0x00007ff838a0b000 	C:\WINDOWS\SYSTEM32\VERSION.dll
0x00007ff844e40000 - 0x00007ff844e71000 	C:\WINDOWS\System32\IMM32.DLL
0x00007ff834570000 - 0x00007ff83457c000 	C:\Program Files\Java\jdk-20\bin\vcruntime140_1.dll
0x00007ff81bce0000 - 0x00007ff81bd6e000 	C:\Program Files\Java\jdk-20\bin\msvcp140.dll
0x00007fff55850000 - 0x00007fff564e7000 	C:\Program Files\Java\jdk-20\bin\server\jvm.dll
0x00007ff832890000 - 0x00007ff8328c5000 	C:\WINDOWS\SYSTEM32\WINMM.dll
0x00007ff82dc20000 - 0x00007ff82dc2a000 	C:\WINDOWS\SYSTEM32\WSOCK32.dll
0x00007ff845fc0000 - 0x00007ff846034000 	C:\WINDOWS\System32\WS2_32.dll
0x00007ff842730000 - 0x00007ff84274b000 	C:\WINDOWS\SYSTEM32\kernel.appcore.dll
0x00007ff82d590000 - 0x00007ff82d59a000 	C:\Program Files\Java\jdk-20\bin\jimage.dll
0x00007ff830ad0000 - 0x00007ff830d12000 	C:\WINDOWS\SYSTEM32\DBGHELP.DLL
0x00007ff8465c0000 - 0x00007ff846946000 	C:\WINDOWS\System32\combase.dll
0x00007ff8464e0000 - 0x00007ff8465b7000 	C:\WINDOWS\System32\OLEAUT32.dll
0x00007ff82d430000 - 0x00007ff82d46b000 	C:\WINDOWS\SYSTEM32\dbgcore.DLL
0x00007ff843980000 - 0x00007ff843a25000 	C:\WINDOWS\System32\bcryptPrimitives.dll
0x00007ff82d580000 - 0x00007ff82d58e000 	C:\Program Files\Java\jdk-20\bin\instrument.dll
0x00007ff82d550000 - 0x00007ff82d576000 	C:\Program Files\Java\jdk-20\bin\java.dll
0x00007ff818bb0000 - 0x00007ff818c87000 	C:\Program Files\Java\jdk-20\bin\jsvml.dll
0x00007ff844e90000 - 0x00007ff8455e1000 	C:\WINDOWS\System32\SHELL32.dll
0x00007ff844b50000 - 0x00007ff844cba000 	C:\WINDOWS\System32\wintypes.dll
0x00007ff844230000 - 0x00007ff844a92000 	C:\WINDOWS\System32\windows.storage.dll
0x00007ff846f60000 - 0x00007ff847056000 	C:\WINDOWS\System32\SHCORE.dll
0x00007ff846d10000 - 0x00007ff846d77000 	C:\WINDOWS\System32\shlwapi.dll
0x00007ff8438a0000 - 0x00007ff8438c9000 	C:\WINDOWS\SYSTEM32\profapi.dll
0x00007ff82d470000 - 0x00007ff82d488000 	C:\Program Files\Java\jdk-20\bin\zip.dll
0x00007ff81b490000 - 0x00007ff81b4a3000 	C:\Program Files\Java\jdk-20\bin\net.dll
0x00007ff838b90000 - 0x00007ff838cb7000 	C:\WINDOWS\SYSTEM32\WINHTTP.dll
0x00007ff842ca0000 - 0x00007ff842d0b000 	C:\WINDOWS\system32\mswsock.dll
0x00007ff81b470000 - 0x00007ff81b486000 	C:\Program Files\Java\jdk-20\bin\nio.dll
0x00007ff81b460000 - 0x00007ff81b470000 	C:\Program Files\Java\jdk-20\bin\verify.dll
0x00007ff8343e0000 - 0x00007ff834407000 	C:\Users\USER\.gradle\native\1def1411415f61bf3af743bc5b6707747c0891f09f0c88961ee8f79bc544acac\windows-amd64\native-platform.dll
0x00007ff82d490000 - 0x00007ff82d508000 	C:\Users\USER\.gradle\native\0.2.7\x86_64-windows-gnu\gradle-fileevents.dll
0x00007ff834270000 - 0x00007ff83427a000 	C:\Program Files\Java\jdk-20\bin\management.dll
0x00007ff834260000 - 0x00007ff83426b000 	C:\Program Files\Java\jdk-20\bin\management_ext.dll
0x00007ff845fb0000 - 0x00007ff845fb8000 	C:\WINDOWS\System32\PSAPI.DLL
0x00007ff842140000 - 0x00007ff842174000 	C:\WINDOWS\SYSTEM32\IPHLPAPI.DLL
0x00007ff8457f0000 - 0x00007ff8457fa000 	C:\WINDOWS\System32\NSI.dll
0x00007ff838b10000 - 0x00007ff838b2e000 	C:\WINDOWS\SYSTEM32\dhcpcsvc6.DLL
0x00007ff838ae0000 - 0x00007ff838b03000 	C:\WINDOWS\SYSTEM32\dhcpcsvc.DLL
0x00007ff8421d0000 - 0x00007ff8422fc000 	C:\WINDOWS\SYSTEM32\DNSAPI.dll
0x00007ff834250000 - 0x00007ff834257000 	C:\Program Files\Java\jdk-20\bin\extnet.dll
0x00007ff842f60000 - 0x00007ff842f7b000 	C:\WINDOWS\SYSTEM32\CRYPTSP.dll
0x00007ff842690000 - 0x00007ff8426c9000 	C:\WINDOWS\system32\rsaenh.dll
0x00007ff842d50000 - 0x00007ff842d7b000 	C:\WINDOWS\SYSTEM32\USERENV.dll
0x00007ff843870000 - 0x00007ff84389a000 	C:\WINDOWS\SYSTEM32\bcrypt.dll
0x00007ff842f80000 - 0x00007ff842f8c000 	C:\WINDOWS\SYSTEM32\CRYPTBASE.dll
0x00007ff834240000 - 0x00007ff83424e000 	C:\Program Files\Java\jdk-20\bin\sunmscapi.dll
0x00007ff844cc0000 - 0x00007ff844e37000 	C:\WINDOWS\System32\CRYPT32.dll
0x00007ff843180000 - 0x00007ff8431b0000 	C:\WINDOWS\SYSTEM32\ncrypt.dll
0x00007ff843130000 - 0x00007ff84316f000 	C:\WINDOWS\SYSTEM32\NTASN1.dll
0x00007ff819340000 - 0x00007ff819348000 	C:\WINDOWS\system32\wshunix.dll
0x00007ff827290000 - 0x00007ff8272a8000 	C:\WINDOWS\system32\napinsp.dll
0x00007ff81e8d0000 - 0x00007ff81e8e2000 	C:\WINDOWS\System32\winrnr.dll
0x00007ff81e8a0000 - 0x00007ff81e8c2000 	C:\WINDOWS\system32\nlansp_c.dll
0x00007ff838ec0000 - 0x00007ff838ed6000 	C:\WINDOWS\system32\wshbth.dll
0x00007ff838a10000 - 0x00007ff838a1b000 	C:\Windows\System32\rasadhlp.dll
0x00007ff837e60000 - 0x00007ff837ee6000 	C:\WINDOWS\System32\fwpuclnt.dll

dbghelp: loaded successfully - version: 4.0.5 - missing functions: none
symbol engine: initialized successfully - sym options: 0x614 - pdb path: .;C:\Program Files\Java\jdk-20\bin;C:\WINDOWS\SYSTEM32;C:\WINDOWS\WinSxS\amd64_microsoft.windows.common-controls_6595b64144ccf1df_6.0.26100.7705_none_3e06597ae3363b04;C:\Program Files\Java\jdk-20\bin\server;C:\Users\USER\.gradle\native\1def1411415f61bf3af743bc5b6707747c0891f09f0c88961ee8f79bc544acac\windows-amd64;C:\Users\USER\.gradle\native\0.2.7\x86_64-windows-gnu

VM Arguments:
jvm_args: --add-opens=java.base/java.lang=ALL-UNNAMED --add-opens=java.base/java.lang.invoke=ALL-UNNAMED --add-opens=java.base/java.util=ALL-UNNAMED --add-opens=java.prefs/java.util.prefs=ALL-UNNAMED --add-exports=jdk.compiler/com.sun.tools.javac.api=ALL-UNNAMED --add-exports=jdk.compiler/com.sun.tools.javac.util=ALL-UNNAMED --add-opens=java.base/java.util=ALL-UNNAMED --add-opens=java.prefs/java.util.prefs=ALL-UNNAMED --add-opens=java.base/java.nio.charset=ALL-UNNAMED --add-opens=java.base/java.net=ALL-UNNAMED --add-opens=java.base/java.util.concurrent.atomic=ALL-UNNAMED --add-opens=java.xml/javax.xml.namespace=ALL-UNNAMED -XX:MaxMetaspaceSize=1G -XX:ReservedCodeCacheSize=128m -XX:+HeapDumpOnOutOfMemoryError -Xmx2G -Dfile.encoding=UTF-8 -Duser.country=US -Duser.language=en -Duser.variant -javaagent:C:\Users\USER\.gradle\wrapper\dists\gradle-8.14-all\c2qonpi39x1mddn7hk5gh9iqj\gradle-8.14\lib\agents\gradle-instrumentation-agent-8.14.jar 
java_command: org.gradle.launcher.daemon.bootstrap.GradleDaemon 8.14
java_class_path (initial): C:\Users\USER\.gradle\wrapper\dists\gradle-8.14-all\c2qonpi39x1mddn7hk5gh9iqj\gradle-8.14\lib\gradle-daemon-main-8.14.jar
Launcher Type: SUN_STANDARD

[Global flags]
     intx CICompilerCount                          = 4                                         {product} {ergonomic}
   size_t CompressedClassSpaceSize                 = 859832320                                 {product} {ergonomic}
     uint ConcGCThreads                            = 3                                         {product} {ergonomic}
     uint G1ConcRefinementThreads                  = 10                                        {product} {ergonomic}
   size_t G1HeapRegionSize                         = 1048576                                   {product} {ergonomic}
    uintx GCDrainStackTargetSize                   = 64                                        {product} {ergonomic}
     bool HeapDumpOnOutOfMemoryError               = true                                   {manageable} {command line}
   size_t InitialHeapSize                          = 266338304                                 {product} {ergonomic}
   size_t MarkStackSize                            = 4194304                                   {product} {ergonomic}
   size_t MaxHeapSize                              = 2147483648                                {product} {command line}
   size_t MaxMetaspaceSize                         = 1073741824                                {product} {command line}
   size_t MaxNewSize                               = 1287651328                                {product} {ergonomic}
   size_t MinHeapDeltaBytes                        = 1048576                                   {product} {ergonomic}
   size_t MinHeapSize                              = 8388608                                   {product} {ergonomic}
    uintx NonProfiledCodeHeapSize                  = 0                                      {pd product} {ergonomic}
    uintx ProfiledCodeHeapSize                     = 0                                      {pd product} {ergonomic}
    uintx ReservedCodeCacheSize                    = 134217728                              {pd product} {command line}
   size_t SoftMaxHeapSize                          = 2147483648                             {manageable} {ergonomic}
     bool UseCompressedClassPointers               = true                           {product lp64_product} {ergonomic}
     bool UseCompressedOops                        = true                           {product lp64_product} {ergonomic}
     bool UseG1GC                                  = true                                      {product} {ergonomic}
     bool UseLargePagesIndividualAllocation        = false                                  {pd product} {ergonomic}

Logging:
Log output configuration:
 #0: stdout all=warning uptime,level,tags foldmultilines=false
 #1: stderr all=off uptime,level,tags foldmultilines=false

Environment Variables:
JAVA_HOME=C:\Program Files\Java\jdk-20
PATH=C:\Program Files\Common Files\Oracle\Java\javapath;C:\Program Files (x86)\Common Files\Oracle\Java\java8path;C:\Program Files (x86)\Common Files\Oracle\Java\javapath;C:\Python310\Scripts\;C:\Python310\;C:\WINDOWS\system32;C:\WINDOWS;C:\WINDOWS\System32\Wbem;C:\WINDOWS\System32\WindowsPowerShell\v1.0\;C:\WINDOWS\System32\OpenSSH\;C:\Program Files\NVIDIA Corporation\NVIDIA NvDLISR;C:\WINDOWS\system32;C:\WINDOWS;C:\WINDOWS\System32\Wbem;C:\WINDOWS\System32\WindowsPowerShell\v1.0\;C:\WINDOWS\System32\OpenSSH\;D:\jdk20\bin;C:\Program Files\Java\jdk-20\bin;C:\Program Files\nodejs;C:\Program Files\Java\jdk-21;C:\Program Files\Git\cmd;C:\Program Files\dotnet\;C:\Program Files\nodejs\;D:\Users\USER\allure-2.34.1\bin;D:\Users\USER\maven-mvnd-1.0.2-windows-amd64\bin;D:\sonar-scanner-7.2.0.5079-windows-x64\bin;C:\Program Files\apache-maven-3.9.11\bin;D:\Users\USER\anaconda3\Library\mingw-w64\bin;D:\Users\USER\anaconda3\Library\usr\bin;D:\Users\USER\anaconda3\Library\bin;D:\Users\USER\anaconda3\Scripts;C:\Program Files\MySQL\MySQL Shell 8.0\bin\;C:\Users\USER\AppData\Local\Microsoft\WindowsApps;C:\Users\USER\AppData\Local\GitHubDesktop\bin;C:\Users\USER\AppData\Local\Programs\Microsoft VS Code\bin;D:\Program Files\IntelliJ IDEA Community Edition 2024.2.4\bin;;C:\Users\USER\.dotnet\tools;C:\Users\USER\AppData\Roaming\npm;C:\Program Files (x86)\BrowserStackLocal\;D:\IntelliJ IDEA 2025.3\bin;D:\flutter_windows_3.41.0-0.2.pre-beta\flutter\bin;
USERNAME=USER
OS=Windows_NT
PROCESSOR_IDENTIFIER=Intel64 Family 6 Model 165 Stepping 2, GenuineIntel
TMP=C:\Users\USER\AppData\Local\Temp
TEMP=C:\Users\USER\AppData\Local\Temp




---------------  S Y S T E M  ---------------

OS:
 Windows 11 , 64 bit Build 26100 (10.0.26100.7705)
OS uptime: 0 days 1:13 hours

CPU: total 12 (initial active 12) (6 cores per cpu, 2 threads per core) family 6 model 165 stepping 2 microcode 0xe2, cx8, cmov, fxsr, ht, mmx, 3dnowpref, sse, sse2, sse3, ssse3, sse4.1, sse4.2, popcnt, lzcnt, tsc, tscinvbit, avx, avx2, aes, erms, clmul, bmi1, bmi2, adx, fma, vzeroupper, clflush, clflushopt, rdtscp, f16c, pku

Memory: 4k page, system-wide physical 16205M (2118M free)
TotalPageFile size 20301M (AvailPageFile size 0M)
current process WorkingSet (physical memory assigned to process): 371M, peak: 372M
current process commit charge ("private bytes"): 415M, peak: 447M

vm_info: Java HotSpot(TM) 64-Bit Server VM (20.0.1+9-29) for windows-amd64 JRE (20.0.1+9-29), built on 2023-03-07T13:56:11Z by "mach5one" with MS VC++ 17.1 (VS2022)

END.
